[0.028s] Invoking command in '/home/darudecookie/Documents/V2-Robot-Arm/software/ros2/src/build/v2_robot_arm_interfaces': CMAKE_PREFIX_PATH=${CMAKE_PREFIX_PATH}:/home/darudecookie/Documents/V2-Robot-Arm/software/ros2/src/install/movement_controllers:/home/darudecookie/Documents/V2-Robot-Arm/software/ros2/src/install/hardware_interface:/home/darudecookie/Documents/V2-Robot-Arm/software/ros2/src/install/ros_controller_interface:/opt/ros/rolling DEBUGINFOD_URLS=https://debuginfod.ubuntu.com /usr/bin/cmake --build /home/darudecookie/Documents/V2-Robot-Arm/software/ros2/src/build/v2_robot_arm_interfaces -- -j4 -l4
[0.395s] -- Found ament_cmake: 2.6.0 (/opt/ros/rolling/share/ament_cmake/cmake)
[0.395s] -- Found Python3: /usr/bin/python3 (found version "3.12.3") found components: Interpreter 
[0.395s] -- Found std_msgs: 5.4.0 (/opt/ros/rolling/share/std_msgs/cmake)
[0.395s] -- Found rosidl_generator_c: 4.7.0 (/opt/ros/rolling/share/rosidl_generator_c/cmake)
[0.395s] -- Found rosidl_generator_cpp: 4.7.0 (/opt/ros/rolling/share/rosidl_generator_cpp/cmake)
[0.396s] -- Using all available rosidl_typesupport_c: rosidl_typesupport_fastrtps_c;rosidl_typesupport_introspection_c
[0.396s] -- Using all available rosidl_typesupport_cpp: rosidl_typesupport_fastrtps_cpp;rosidl_typesupport_introspection_cpp
[0.428s] -- Found rosidl_default_generators: 1.7.0 (/opt/ros/rolling/share/rosidl_default_generators/cmake)
[0.449s] -- Found rosidl_adapter: 4.7.0 (/opt/ros/rolling/share/rosidl_adapter/cmake)
[1.084s] -- Found ament_cmake_ros: 0.13.0 (/opt/ros/rolling/share/ament_cmake_ros/cmake)
[1.572s] -- Using all available rosidl_typesupport_c: rosidl_typesupport_fastrtps_c;rosidl_typesupport_introspection_c
[1.724s] -- Using all available rosidl_typesupport_cpp: rosidl_typesupport_fastrtps_cpp;rosidl_typesupport_introspection_cpp
[1.726s] -- Found python_cmake_module: 0.12.0 (/opt/ros/rolling/share/python_cmake_module/cmake)
[2.113s] -- Found Python3: /usr/bin/python3 (found version "3.12.3") found components: Interpreter Development NumPy Development.Module Development.Embed 
[2.157s] -- Found ament_lint_auto: 0.18.0 (/opt/ros/rolling/share/ament_lint_auto/cmake)
[2.181s] -- Added test 'cppcheck' to perform static code analysis on C / C++ code
[2.182s] -- Configured cppcheck include dirs: 
[2.182s] -- Configured cppcheck exclude dirs and/or files: 
[2.187s] -- Added test 'lint_cmake' to check CMake code style
[2.202s] -- Added test 'uncrustify' to check C / C++ code style
[2.203s] -- Configured uncrustify additional arguments: 
[2.205s] -- Added test 'xmllint' to check XML markup files
[2.208s] -- Configuring done (2.1s)
[2.327s] -- Generating done (0.1s)
[2.334s] -- Build files have been written to: /home/darudecookie/Documents/V2-Robot-Arm/software/ros2/src/build/v2_robot_arm_interfaces
[2.404s] [  0%] Built target v2_robot_arm_interfaces__rosidl_generator_type_description
[2.435s] [  0%] Built target ament_cmake_python_copy_v2_robot_arm_interfaces
[2.470s] [  0%] Built target v2_robot_arm_interfaces__cpp
[2.527s] [ 26%] Built target v2_robot_arm_interfaces__rosidl_generator_c
[2.628s] [ 36%] Built target v2_robot_arm_interfaces__rosidl_typesupport_fastrtps_cpp
[2.701s] [ 46%] Built target v2_robot_arm_interfaces__rosidl_typesupport_cpp
[2.721s] [ 56%] Built target v2_robot_arm_interfaces__rosidl_typesupport_introspection_c
[2.726s] [ 65%] Built target v2_robot_arm_interfaces__rosidl_typesupport_fastrtps_c
[2.767s] [ 75%] Built target v2_robot_arm_interfaces__rosidl_typesupport_c
[2.797s] [ 85%] Built target v2_robot_arm_interfaces__rosidl_typesupport_introspection_cpp
[2.825s] [ 85%] Built target v2_robot_arm_interfaces
[2.855s] [ 86%] Built target v2_robot_arm_interfaces__py
[2.922s] [ 96%] Built target v2_robot_arm_interfaces__rosidl_generator_py
[2.959s] running egg_info
[2.975s] [ 98%] Built target v2_robot_arm_interfaces_s__rosidl_typesupport_introspection_c
[2.981s] [ 99%] Built target v2_robot_arm_interfaces_s__rosidl_typesupport_fastrtps_c
[2.989s] [100%] Built target v2_robot_arm_interfaces_s__rosidl_typesupport_c
[3.003s] writing v2_robot_arm_interfaces.egg-info/PKG-INFO
[3.003s] writing dependency_links to v2_robot_arm_interfaces.egg-info/dependency_links.txt
[3.004s] writing top-level names to v2_robot_arm_interfaces.egg-info/top_level.txt
[3.105s] reading manifest file 'v2_robot_arm_interfaces.egg-info/SOURCES.txt'
[3.106s] writing manifest file 'v2_robot_arm_interfaces.egg-info/SOURCES.txt'
[3.147s] [100%] Built target ament_cmake_python_build_v2_robot_arm_interfaces_egg
[3.166s] Invoked command in '/home/darudecookie/Documents/V2-Robot-Arm/software/ros2/src/build/v2_robot_arm_interfaces' returned '0': CMAKE_PREFIX_PATH=${CMAKE_PREFIX_PATH}:/home/darudecookie/Documents/V2-Robot-Arm/software/ros2/src/install/movement_controllers:/home/darudecookie/Documents/V2-Robot-Arm/software/ros2/src/install/hardware_interface:/home/darudecookie/Documents/V2-Robot-Arm/software/ros2/src/install/ros_controller_interface:/opt/ros/rolling DEBUGINFOD_URLS=https://debuginfod.ubuntu.com /usr/bin/cmake --build /home/darudecookie/Documents/V2-Robot-Arm/software/ros2/src/build/v2_robot_arm_interfaces -- -j4 -l4
[3.622s] Invoking command in '/home/darudecookie/Documents/V2-Robot-Arm/software/ros2/src/build/v2_robot_arm_interfaces': CMAKE_PREFIX_PATH=${CMAKE_PREFIX_PATH}:/home/darudecookie/Documents/V2-Robot-Arm/software/ros2/src/install/movement_controllers:/home/darudecookie/Documents/V2-Robot-Arm/software/ros2/src/install/hardware_interface:/home/darudecookie/Documents/V2-Robot-Arm/software/ros2/src/install/ros_controller_interface:/opt/ros/rolling DEBUGINFOD_URLS=https://debuginfod.ubuntu.com /usr/bin/cmake --install /home/darudecookie/Documents/V2-Robot-Arm/software/ros2/src/build/v2_robot_arm_interfaces
[3.637s] -- Install configuration: ""
[3.638s] -- Up-to-date: /home/darudecookie/Documents/V2-Robot-Arm/software/ros2/src/install/v2_robot_arm_interfaces/share/ament_index/resource_index/rosidl_interfaces/v2_robot_arm_interfaces
[3.638s] -- Up-to-date: /home/darudecookie/Documents/V2-Robot-Arm/software/ros2/src/install/v2_robot_arm_interfaces/share/v2_robot_arm_interfaces/action/ParametricTrajectoryInfo.json
[3.638s] -- Up-to-date: /home/darudecookie/Documents/V2-Robot-Arm/software/ros2/src/install/v2_robot_arm_interfaces/share/v2_robot_arm_interfaces/msg/ControlStatus.json
[3.639s] -- Up-to-date: /home/darudecookie/Documents/V2-Robot-Arm/software/ros2/src/install/v2_robot_arm_interfaces/share/v2_robot_arm_interfaces/msg/CurrentEEInfo.json
[3.639s] -- Up-to-date: /home/darudecookie/Documents/V2-Robot-Arm/software/ros2/src/install/v2_robot_arm_interfaces/share/v2_robot_arm_interfaces/msg/CurrentJointInfo.json
[3.640s] -- Up-to-date: /home/darudecookie/Documents/V2-Robot-Arm/software/ros2/src/install/v2_robot_arm_interfaces/share/v2_robot_arm_interfaces/msg/CurrentCartesian.json
[3.640s] -- Up-to-date: /home/darudecookie/Documents/V2-Robot-Arm/software/ros2/src/install/v2_robot_arm_interfaces/share/v2_robot_arm_interfaces/msg/PeripheralSpeed.json
[3.640s] -- Up-to-date: /home/darudecookie/Documents/V2-Robot-Arm/software/ros2/src/install/v2_robot_arm_interfaces/share/v2_robot_arm_interfaces/msg/SystemDiagnosticInfo.json
[3.641s] -- Up-to-date: /home/darudecookie/Documents/V2-Robot-Arm/software/ros2/src/install/v2_robot_arm_interfaces/share/v2_robot_arm_interfaces/msg/TargetCartesian.json
[3.641s] -- Up-to-date: /home/darudecookie/Documents/V2-Robot-Arm/software/ros2/src/install/v2_robot_arm_interfaces/share/v2_robot_arm_interfaces/msg/TargetEEInfo.json
[3.642s] -- Up-to-date: /home/darudecookie/Documents/V2-Robot-Arm/software/ros2/src/install/v2_robot_arm_interfaces/share/v2_robot_arm_interfaces/msg/TargetJointInfo.json
[3.643s] -- Up-to-date: /home/darudecookie/Documents/V2-Robot-Arm/software/ros2/src/install/v2_robot_arm_interfaces/share/v2_robot_arm_interfaces/srv/MicrocontrollerParameterDump.json
[3.643s] -- Up-to-date: /home/darudecookie/Documents/V2-Robot-Arm/software/ros2/src/install/v2_robot_arm_interfaces/share/v2_robot_arm_interfaces/srv/SystemStatus.json
[3.644s] -- Up-to-date: /home/darudecookie/Documents/V2-Robot-Arm/software/ros2/src/install/v2_robot_arm_interfaces/share/v2_robot_arm_interfaces/srv/TargetEEState.json
[3.644s] -- Up-to-date: /home/darudecookie/Documents/V2-Robot-Arm/software/ros2/src/install/v2_robot_arm_interfaces/include/v2_robot_arm_interfaces/v2_robot_arm_interfaces
[3.645s] -- Up-to-date: /home/darudecookie/Documents/V2-Robot-Arm/software/ros2/src/install/v2_robot_arm_interfaces/include/v2_robot_arm_interfaces/v2_robot_arm_interfaces/action
[3.646s] -- Up-to-date: /home/darudecookie/Documents/V2-Robot-Arm/software/ros2/src/install/v2_robot_arm_interfaces/include/v2_robot_arm_interfaces/v2_robot_arm_interfaces/action/detail
[3.647s] -- Up-to-date: /home/darudecookie/Documents/V2-Robot-Arm/software/ros2/src/install/v2_robot_arm_interfaces/include/v2_robot_arm_interfaces/v2_robot_arm_interfaces/action/detail/parametric_trajectory_info__functions.h
[3.647s] -- Installing: /home/darudecookie/Documents/V2-Robot-Arm/software/ros2/src/install/v2_robot_arm_interfaces/include/v2_robot_arm_interfaces/v2_robot_arm_interfaces/action/detail/parametric_trajectory_info__type_support.c
[3.647s] -- Up-to-date: /home/darudecookie/Documents/V2-Robot-Arm/software/ros2/src/install/v2_robot_arm_interfaces/include/v2_robot_arm_interfaces/v2_robot_arm_interfaces/action/detail/parametric_trajectory_info__functions.c
[3.648s] -- Up-to-date: /home/darudecookie/Documents/V2-Robot-Arm/software/ros2/src/install/v2_robot_arm_interfaces/include/v2_robot_arm_interfaces/v2_robot_arm_interfaces/action/detail/parametric_trajectory_info__type_support.h
[3.648s] -- Up-to-date: /home/darudecookie/Documents/V2-Robot-Arm/software/ros2/src/install/v2_robot_arm_interfaces/include/v2_robot_arm_interfaces/v2_robot_arm_interfaces/action/detail/parametric_trajectory_info__description.c
[3.648s] -- Up-to-date: /home/darudecookie/Documents/V2-Robot-Arm/software/ros2/src/install/v2_robot_arm_interfaces/include/v2_robot_arm_interfaces/v2_robot_arm_interfaces/action/detail/parametric_trajectory_info__struct.h
[3.649s] -- Up-to-date: /home/darudecookie/Documents/V2-Robot-Arm/software/ros2/src/install/v2_robot_arm_interfaces/include/v2_robot_arm_interfaces/v2_robot_arm_interfaces/action/parametric_trajectory_info.h
[3.650s] -- Up-to-date: /home/darudecookie/Documents/V2-Robot-Arm/software/ros2/src/install/v2_robot_arm_interfaces/include/v2_robot_arm_interfaces/v2_robot_arm_interfaces/msg
[3.651s] -- Up-to-date: /home/darudecookie/Documents/V2-Robot-Arm/software/ros2/src/install/v2_robot_arm_interfaces/include/v2_robot_arm_interfaces/v2_robot_arm_interfaces/msg/rosidl_generator_c__visibility_control.h
[3.651s] -- Up-to-date: /home/darudecookie/Documents/V2-Robot-Arm/software/ros2/src/install/v2_robot_arm_interfaces/include/v2_robot_arm_interfaces/v2_robot_arm_interfaces/msg/current_ee_info.h
[3.652s] -- Up-to-date: /home/darudecookie/Documents/V2-Robot-Arm/software/ros2/src/install/v2_robot_arm_interfaces/include/v2_robot_arm_interfaces/v2_robot_arm_interfaces/msg/target_ee_info.h
[3.652s] -- Up-to-date: /home/darudecookie/Documents/V2-Robot-Arm/software/ros2/src/install/v2_robot_arm_interfaces/include/v2_robot_arm_interfaces/v2_robot_arm_interfaces/msg/current_cartesian.h
[3.652s] -- Up-to-date: /home/darudecookie/Documents/V2-Robot-Arm/software/ros2/src/install/v2_robot_arm_interfaces/include/v2_robot_arm_interfaces/v2_robot_arm_interfaces/msg/current_joint_info.h
[3.653s] -- Up-to-date: /home/darudecookie/Documents/V2-Robot-Arm/software/ros2/src/install/v2_robot_arm_interfaces/include/v2_robot_arm_interfaces/v2_robot_arm_interfaces/msg/detail
[3.653s] -- Installing: /home/darudecookie/Documents/V2-Robot-Arm/software/ros2/src/install/v2_robot_arm_interfaces/include/v2_robot_arm_interfaces/v2_robot_arm_interfaces/msg/detail/target_cartesian__type_support.c
[3.653s] -- Installing: /home/darudecookie/Documents/V2-Robot-Arm/software/ros2/src/install/v2_robot_arm_interfaces/include/v2_robot_arm_interfaces/v2_robot_arm_interfaces/msg/detail/current_joint_info__type_support.c
[3.653s] -- Up-to-date: /home/darudecookie/Documents/V2-Robot-Arm/software/ros2/src/install/v2_robot_arm_interfaces/include/v2_robot_arm_interfaces/v2_robot_arm_interfaces/msg/detail/current_joint_info__functions.c
[3.654s] -- Installing: /home/darudecookie/Documents/V2-Robot-Arm/software/ros2/src/install/v2_robot_arm_interfaces/include/v2_robot_arm_interfaces/v2_robot_arm_interfaces/msg/detail/system_diagnostic_info__type_support.c
[3.655s] -- Up-to-date: /home/darudecookie/Documents/V2-Robot-Arm/software/ros2/src/install/v2_robot_arm_interfaces/include/v2_robot_arm_interfaces/v2_robot_arm_interfaces/msg/detail/current_cartesian__type_support.h
[3.655s] -- Up-to-date: /home/darudecookie/Documents/V2-Robot-Arm/software/ros2/src/install/v2_robot_arm_interfaces/include/v2_robot_arm_interfaces/v2_robot_arm_interfaces/msg/detail/system_diagnostic_info__functions.h
[3.655s] -- Up-to-date: /home/darudecookie/Documents/V2-Robot-Arm/software/ros2/src/install/v2_robot_arm_interfaces/include/v2_robot_arm_interfaces/v2_robot_arm_interfaces/msg/detail/current_joint_info__struct.h
[3.655s] -- Up-to-date: /home/darudecookie/Documents/V2-Robot-Arm/software/ros2/src/install/v2_robot_arm_interfaces/include/v2_robot_arm_interfaces/v2_robot_arm_interfaces/msg/detail/current_cartesian__description.c
[3.655s] -- Up-to-date: /home/darudecookie/Documents/V2-Robot-Arm/software/ros2/src/install/v2_robot_arm_interfaces/include/v2_robot_arm_interfaces/v2_robot_arm_interfaces/msg/detail/system_diagnostic_info__functions.c
[3.656s] -- Up-to-date: /home/darudecookie/Documents/V2-Robot-Arm/software/ros2/src/install/v2_robot_arm_interfaces/include/v2_robot_arm_interfaces/v2_robot_arm_interfaces/msg/detail/current_cartesian__struct.h
[3.656s] -- Up-to-date: /home/darudecookie/Documents/V2-Robot-Arm/software/ros2/src/install/v2_robot_arm_interfaces/include/v2_robot_arm_interfaces/v2_robot_arm_interfaces/msg/detail/control_status__type_support.h
[3.656s] -- Up-to-date: /home/darudecookie/Documents/V2-Robot-Arm/software/ros2/src/install/v2_robot_arm_interfaces/include/v2_robot_arm_interfaces/v2_robot_arm_interfaces/msg/detail/current_ee_info__description.c
[3.656s] -- Up-to-date: /home/darudecookie/Documents/V2-Robot-Arm/software/ros2/src/install/v2_robot_arm_interfaces/include/v2_robot_arm_interfaces/v2_robot_arm_interfaces/msg/detail/target_joint_info__struct.h
[3.656s] -- Up-to-date: /home/darudecookie/Documents/V2-Robot-Arm/software/ros2/src/install/v2_robot_arm_interfaces/include/v2_robot_arm_interfaces/v2_robot_arm_interfaces/msg/detail/target_joint_info__functions.c
[3.656s] -- Up-to-date: /home/darudecookie/Documents/V2-Robot-Arm/software/ros2/src/install/v2_robot_arm_interfaces/include/v2_robot_arm_interfaces/v2_robot_arm_interfaces/msg/detail/system_diagnostic_info__description.c
[3.656s] -- Up-to-date: /home/darudecookie/Documents/V2-Robot-Arm/software/ros2/src/install/v2_robot_arm_interfaces/include/v2_robot_arm_interfaces/v2_robot_arm_interfaces/msg/detail/current_ee_info__type_support.h
[3.657s] -- Up-to-date: /home/darudecookie/Documents/V2-Robot-Arm/software/ros2/src/install/v2_robot_arm_interfaces/include/v2_robot_arm_interfaces/v2_robot_arm_interfaces/msg/detail/target_cartesian__type_support.h
[3.657s] -- Up-to-date: /home/darudecookie/Documents/V2-Robot-Arm/software/ros2/src/install/v2_robot_arm_interfaces/include/v2_robot_arm_interfaces/v2_robot_arm_interfaces/msg/detail/current_joint_info__functions.h
[3.657s] -- Installing: /home/darudecookie/Documents/V2-Robot-Arm/software/ros2/src/install/v2_robot_arm_interfaces/include/v2_robot_arm_interfaces/v2_robot_arm_interfaces/msg/detail/control_status__type_support.c
[3.657s] -- Up-to-date: /home/darudecookie/Documents/V2-Robot-Arm/software/ros2/src/install/v2_robot_arm_interfaces/include/v2_robot_arm_interfaces/v2_robot_arm_interfaces/msg/detail/peripheral_speed__struct.h
[3.658s] -- Up-to-date: /home/darudecookie/Documents/V2-Robot-Arm/software/ros2/src/install/v2_robot_arm_interfaces/include/v2_robot_arm_interfaces/v2_robot_arm_interfaces/msg/detail/target_ee_info__type_support.h
[3.658s] -- Up-to-date: /home/darudecookie/Documents/V2-Robot-Arm/software/ros2/src/install/v2_robot_arm_interfaces/include/v2_robot_arm_interfaces/v2_robot_arm_interfaces/msg/detail/control_status__functions.h
[3.658s] -- Installing: /home/darudecookie/Documents/V2-Robot-Arm/software/ros2/src/install/v2_robot_arm_interfaces/include/v2_robot_arm_interfaces/v2_robot_arm_interfaces/msg/detail/peripheral_speed__type_support.c
[3.659s] -- Up-to-date: /home/darudecookie/Documents/V2-Robot-Arm/software/ros2/src/install/v2_robot_arm_interfaces/include/v2_robot_arm_interfaces/v2_robot_arm_interfaces/msg/detail/current_cartesian__functions.h
[3.659s] -- Installing: /home/darudecookie/Documents/V2-Robot-Arm/software/ros2/src/install/v2_robot_arm_interfaces/include/v2_robot_arm_interfaces/v2_robot_arm_interfaces/msg/detail/target_joint_info__type_support.c
[3.659s] -- Up-to-date: /home/darudecookie/Documents/V2-Robot-Arm/software/ros2/src/install/v2_robot_arm_interfaces/include/v2_robot_arm_interfaces/v2_robot_arm_interfaces/msg/detail/current_joint_info__type_support.h
[3.660s] -- Installing: /home/darudecookie/Documents/V2-Robot-Arm/software/ros2/src/install/v2_robot_arm_interfaces/include/v2_robot_arm_interfaces/v2_robot_arm_interfaces/msg/detail/current_ee_info__type_support.c
[3.661s] -- Up-to-date: /home/darudecookie/Documents/V2-Robot-Arm/software/ros2/src/install/v2_robot_arm_interfaces/include/v2_robot_arm_interfaces/v2_robot_arm_interfaces/msg/detail/system_diagnostic_info__type_support.h
[3.662s] -- Up-to-date: /home/darudecookie/Documents/V2-Robot-Arm/software/ros2/src/install/v2_robot_arm_interfaces/include/v2_robot_arm_interfaces/v2_robot_arm_interfaces/msg/detail/peripheral_speed__functions.h
[3.662s] -- Up-to-date: /home/darudecookie/Documents/V2-Robot-Arm/software/ros2/src/install/v2_robot_arm_interfaces/include/v2_robot_arm_interfaces/v2_robot_arm_interfaces/msg/detail/target_joint_info__functions.h
[3.662s] -- Up-to-date: /home/darudecookie/Documents/V2-Robot-Arm/software/ros2/src/install/v2_robot_arm_interfaces/include/v2_robot_arm_interfaces/v2_robot_arm_interfaces/msg/detail/peripheral_speed__functions.c
[3.662s] -- Up-to-date: /home/darudecookie/Documents/V2-Robot-Arm/software/ros2/src/install/v2_robot_arm_interfaces/include/v2_robot_arm_interfaces/v2_robot_arm_interfaces/msg/detail/target_cartesian__description.c
[3.663s] -- Up-to-date: /home/darudecookie/Documents/V2-Robot-Arm/software/ros2/src/install/v2_robot_arm_interfaces/include/v2_robot_arm_interfaces/v2_robot_arm_interfaces/msg/detail/peripheral_speed__type_support.h
[3.663s] -- Up-to-date: /home/darudecookie/Documents/V2-Robot-Arm/software/ros2/src/install/v2_robot_arm_interfaces/include/v2_robot_arm_interfaces/v2_robot_arm_interfaces/msg/detail/target_ee_info__description.c
[3.663s] -- Up-to-date: /home/darudecookie/Documents/V2-Robot-Arm/software/ros2/src/install/v2_robot_arm_interfaces/include/v2_robot_arm_interfaces/v2_robot_arm_interfaces/msg/detail/current_cartesian__functions.c
[3.663s] -- Up-to-date: /home/darudecookie/Documents/V2-Robot-Arm/software/ros2/src/install/v2_robot_arm_interfaces/include/v2_robot_arm_interfaces/v2_robot_arm_interfaces/msg/detail/current_joint_info__description.c
[3.663s] -- Up-to-date: /home/darudecookie/Documents/V2-Robot-Arm/software/ros2/src/install/v2_robot_arm_interfaces/include/v2_robot_arm_interfaces/v2_robot_arm_interfaces/msg/detail/current_ee_info__struct.h
[3.663s] -- Up-to-date: /home/darudecookie/Documents/V2-Robot-Arm/software/ros2/src/install/v2_robot_arm_interfaces/include/v2_robot_arm_interfaces/v2_robot_arm_interfaces/msg/detail/target_cartesian__struct.h
[3.663s] -- Up-to-date: /home/darudecookie/Documents/V2-Robot-Arm/software/ros2/src/install/v2_robot_arm_interfaces/include/v2_robot_arm_interfaces/v2_robot_arm_interfaces/msg/detail/current_ee_info__functions.h
[3.664s] -- Up-to-date: /home/darudecookie/Documents/V2-Robot-Arm/software/ros2/src/install/v2_robot_arm_interfaces/include/v2_robot_arm_interfaces/v2_robot_arm_interfaces/msg/detail/control_status__description.c
[3.664s] -- Up-to-date: /home/darudecookie/Documents/V2-Robot-Arm/software/ros2/src/install/v2_robot_arm_interfaces/include/v2_robot_arm_interfaces/v2_robot_arm_interfaces/msg/detail/current_ee_info__functions.c
[3.665s] -- Up-to-date: /home/darudecookie/Documents/V2-Robot-Arm/software/ros2/src/install/v2_robot_arm_interfaces/include/v2_robot_arm_interfaces/v2_robot_arm_interfaces/msg/detail/control_status__functions.c
[3.665s] -- Up-to-date: /home/darudecookie/Documents/V2-Robot-Arm/software/ros2/src/install/v2_robot_arm_interfaces/include/v2_robot_arm_interfaces/v2_robot_arm_interfaces/msg/detail/target_joint_info__description.c
[3.665s] -- Up-to-date: /home/darudecookie/Documents/V2-Robot-Arm/software/ros2/src/install/v2_robot_arm_interfaces/include/v2_robot_arm_interfaces/v2_robot_arm_interfaces/msg/detail/target_joint_info__type_support.h
[3.665s] -- Installing: /home/darudecookie/Documents/V2-Robot-Arm/software/ros2/src/install/v2_robot_arm_interfaces/include/v2_robot_arm_interfaces/v2_robot_arm_interfaces/msg/detail/current_cartesian__type_support.c
[3.666s] -- Up-to-date: /home/darudecookie/Documents/V2-Robot-Arm/software/ros2/src/install/v2_robot_arm_interfaces/include/v2_robot_arm_interfaces/v2_robot_arm_interfaces/msg/detail/target_ee_info__functions.h
[3.666s] -- Up-to-date: /home/darudecookie/Documents/V2-Robot-Arm/software/ros2/src/install/v2_robot_arm_interfaces/include/v2_robot_arm_interfaces/v2_robot_arm_interfaces/msg/detail/control_status__struct.h
[3.666s] -- Up-to-date: /home/darudecookie/Documents/V2-Robot-Arm/software/ros2/src/install/v2_robot_arm_interfaces/include/v2_robot_arm_interfaces/v2_robot_arm_interfaces/msg/detail/target_cartesian__functions.h
[3.666s] -- Up-to-date: /home/darudecookie/Documents/V2-Robot-Arm/software/ros2/src/install/v2_robot_arm_interfaces/include/v2_robot_arm_interfaces/v2_robot_arm_interfaces/msg/detail/system_diagnostic_info__struct.h
[3.666s] -- Up-to-date: /home/darudecookie/Documents/V2-Robot-Arm/software/ros2/src/install/v2_robot_arm_interfaces/include/v2_robot_arm_interfaces/v2_robot_arm_interfaces/msg/detail/target_ee_info__struct.h
[3.667s] -- Up-to-date: /home/darudecookie/Documents/V2-Robot-Arm/software/ros2/src/install/v2_robot_arm_interfaces/include/v2_robot_arm_interfaces/v2_robot_arm_interfaces/msg/detail/target_ee_info__functions.c
[3.667s] -- Up-to-date: /home/darudecookie/Documents/V2-Robot-Arm/software/ros2/src/install/v2_robot_arm_interfaces/include/v2_robot_arm_interfaces/v2_robot_arm_interfaces/msg/detail/peripheral_speed__description.c
[3.667s] -- Installing: /home/darudecookie/Documents/V2-Robot-Arm/software/ros2/src/install/v2_robot_arm_interfaces/include/v2_robot_arm_interfaces/v2_robot_arm_interfaces/msg/detail/target_ee_info__type_support.c
[3.667s] -- Up-to-date: /home/darudecookie/Documents/V2-Robot-Arm/software/ros2/src/install/v2_robot_arm_interfaces/include/v2_robot_arm_interfaces/v2_robot_arm_interfaces/msg/detail/target_cartesian__functions.c
[3.667s] -- Up-to-date: /home/darudecookie/Documents/V2-Robot-Arm/software/ros2/src/install/v2_robot_arm_interfaces/include/v2_robot_arm_interfaces/v2_robot_arm_interfaces/msg/target_cartesian.h
[3.668s] -- Up-to-date: /home/darudecookie/Documents/V2-Robot-Arm/software/ros2/src/install/v2_robot_arm_interfaces/include/v2_robot_arm_interfaces/v2_robot_arm_interfaces/msg/peripheral_speed.h
[3.668s] -- Up-to-date: /home/darudecookie/Documents/V2-Robot-Arm/software/ros2/src/install/v2_robot_arm_interfaces/include/v2_robot_arm_interfaces/v2_robot_arm_interfaces/msg/target_joint_info.h
[3.668s] -- Up-to-date: /home/darudecookie/Documents/V2-Robot-Arm/software/ros2/src/install/v2_robot_arm_interfaces/include/v2_robot_arm_interfaces/v2_robot_arm_interfaces/msg/system_diagnostic_info.h
[3.668s] -- Up-to-date: /home/darudecookie/Documents/V2-Robot-Arm/software/ros2/src/install/v2_robot_arm_interfaces/include/v2_robot_arm_interfaces/v2_robot_arm_interfaces/msg/control_status.h
[3.669s] -- Up-to-date: /home/darudecookie/Documents/V2-Robot-Arm/software/ros2/src/install/v2_robot_arm_interfaces/include/v2_robot_arm_interfaces/v2_robot_arm_interfaces/srv
[3.669s] -- Up-to-date: /home/darudecookie/Documents/V2-Robot-Arm/software/ros2/src/install/v2_robot_arm_interfaces/include/v2_robot_arm_interfaces/v2_robot_arm_interfaces/srv/microcontroller_parameter_dump.h
[3.669s] -- Up-to-date: /home/darudecookie/Documents/V2-Robot-Arm/software/ros2/src/install/v2_robot_arm_interfaces/include/v2_robot_arm_interfaces/v2_robot_arm_interfaces/srv/target_ee_state.h
[3.669s] -- Up-to-date: /home/darudecookie/Documents/V2-Robot-Arm/software/ros2/src/install/v2_robot_arm_interfaces/include/v2_robot_arm_interfaces/v2_robot_arm_interfaces/srv/detail
[3.669s] -- Up-to-date: /home/darudecookie/Documents/V2-Robot-Arm/software/ros2/src/install/v2_robot_arm_interfaces/include/v2_robot_arm_interfaces/v2_robot_arm_interfaces/srv/detail/target_ee_state__functions.h
[3.670s] -- Up-to-date: /home/darudecookie/Documents/V2-Robot-Arm/software/ros2/src/install/v2_robot_arm_interfaces/include/v2_robot_arm_interfaces/v2_robot_arm_interfaces/srv/detail/microcontroller_parameter_dump__functions.h
[3.670s] -- Installing: /home/darudecookie/Documents/V2-Robot-Arm/software/ros2/src/install/v2_robot_arm_interfaces/include/v2_robot_arm_interfaces/v2_robot_arm_interfaces/srv/detail/microcontroller_parameter_dump__type_support.c
[3.670s] -- Up-to-date: /home/darudecookie/Documents/V2-Robot-Arm/software/ros2/src/install/v2_robot_arm_interfaces/include/v2_robot_arm_interfaces/v2_robot_arm_interfaces/srv/detail/target_ee_state__type_support.h
[3.670s] -- Installing: /home/darudecookie/Documents/V2-Robot-Arm/software/ros2/src/install/v2_robot_arm_interfaces/include/v2_robot_arm_interfaces/v2_robot_arm_interfaces/srv/detail/system_status__type_support.c
[3.671s] -- Up-to-date: /home/darudecookie/Documents/V2-Robot-Arm/software/ros2/src/install/v2_robot_arm_interfaces/include/v2_robot_arm_interfaces/v2_robot_arm_interfaces/srv/detail/system_status__functions.c
[3.671s] -- Up-to-date: /home/darudecookie/Documents/V2-Robot-Arm/software/ros2/src/install/v2_robot_arm_interfaces/include/v2_robot_arm_interfaces/v2_robot_arm_interfaces/srv/detail/microcontroller_parameter_dump__type_support.h
[3.671s] -- Up-to-date: /home/darudecookie/Documents/V2-Robot-Arm/software/ros2/src/install/v2_robot_arm_interfaces/include/v2_robot_arm_interfaces/v2_robot_arm_interfaces/srv/detail/system_status__description.c
[3.671s] -- Up-to-date: /home/darudecookie/Documents/V2-Robot-Arm/software/ros2/src/install/v2_robot_arm_interfaces/include/v2_robot_arm_interfaces/v2_robot_arm_interfaces/srv/detail/target_ee_state__functions.c
[3.671s] -- Up-to-date: /home/darudecookie/Documents/V2-Robot-Arm/software/ros2/src/install/v2_robot_arm_interfaces/include/v2_robot_arm_interfaces/v2_robot_arm_interfaces/srv/detail/system_status__functions.h
[3.671s] -- Installing: /home/darudecookie/Documents/V2-Robot-Arm/software/ros2/src/install/v2_robot_arm_interfaces/include/v2_robot_arm_interfaces/v2_robot_arm_interfaces/srv/detail/target_ee_state__type_support.c
[3.671s] -- Up-to-date: /home/darudecookie/Documents/V2-Robot-Arm/software/ros2/src/install/v2_robot_arm_interfaces/include/v2_robot_arm_interfaces/v2_robot_arm_interfaces/srv/detail/system_status__type_support.h
[3.672s] -- Up-to-date: /home/darudecookie/Documents/V2-Robot-Arm/software/ros2/src/install/v2_robot_arm_interfaces/include/v2_robot_arm_interfaces/v2_robot_arm_interfaces/srv/detail/system_status__struct.h
[3.672s] -- Up-to-date: /home/darudecookie/Documents/V2-Robot-Arm/software/ros2/src/install/v2_robot_arm_interfaces/include/v2_robot_arm_interfaces/v2_robot_arm_interfaces/srv/detail/target_ee_state__struct.h
[3.672s] -- Up-to-date: /home/darudecookie/Documents/V2-Robot-Arm/software/ros2/src/install/v2_robot_arm_interfaces/include/v2_robot_arm_interfaces/v2_robot_arm_interfaces/srv/detail/target_ee_state__description.c
[3.672s] -- Up-to-date: /home/darudecookie/Documents/V2-Robot-Arm/software/ros2/src/install/v2_robot_arm_interfaces/include/v2_robot_arm_interfaces/v2_robot_arm_interfaces/srv/detail/microcontroller_parameter_dump__description.c
[3.672s] -- Up-to-date: /home/darudecookie/Documents/V2-Robot-Arm/software/ros2/src/install/v2_robot_arm_interfaces/include/v2_robot_arm_interfaces/v2_robot_arm_interfaces/srv/detail/microcontroller_parameter_dump__struct.h
[3.673s] -- Up-to-date: /home/darudecookie/Documents/V2-Robot-Arm/software/ros2/src/install/v2_robot_arm_interfaces/include/v2_robot_arm_interfaces/v2_robot_arm_interfaces/srv/detail/microcontroller_parameter_dump__functions.c
[3.673s] -- Up-to-date: /home/darudecookie/Documents/V2-Robot-Arm/software/ros2/src/install/v2_robot_arm_interfaces/include/v2_robot_arm_interfaces/v2_robot_arm_interfaces/srv/system_status.h
[3.674s] -- Up-to-date: /home/darudecookie/Documents/V2-Robot-Arm/software/ros2/src/install/v2_robot_arm_interfaces/share/v2_robot_arm_interfaces/environment/library_path.sh
[3.674s] -- Up-to-date: /home/darudecookie/Documents/V2-Robot-Arm/software/ros2/src/install/v2_robot_arm_interfaces/share/v2_robot_arm_interfaces/environment/library_path.dsv
[3.675s] -- Up-to-date: /home/darudecookie/Documents/V2-Robot-Arm/software/ros2/src/install/v2_robot_arm_interfaces/lib/libv2_robot_arm_interfaces__rosidl_generator_c.so
[3.675s] -- Up-to-date: /home/darudecookie/Documents/V2-Robot-Arm/software/ros2/src/install/v2_robot_arm_interfaces/include/v2_robot_arm_interfaces/v2_robot_arm_interfaces
[3.675s] -- Up-to-date: /home/darudecookie/Documents/V2-Robot-Arm/software/ros2/src/install/v2_robot_arm_interfaces/include/v2_robot_arm_interfaces/v2_robot_arm_interfaces/action
[3.675s] -- Up-to-date: /home/darudecookie/Documents/V2-Robot-Arm/software/ros2/src/install/v2_robot_arm_interfaces/include/v2_robot_arm_interfaces/v2_robot_arm_interfaces/action/detail
[3.676s] -- Up-to-date: /home/darudecookie/Documents/V2-Robot-Arm/software/ros2/src/install/v2_robot_arm_interfaces/include/v2_robot_arm_interfaces/v2_robot_arm_interfaces/action/detail/parametric_trajectory_info__rosidl_typesupport_fastrtps_c.h
[3.676s] -- Up-to-date: /home/darudecookie/Documents/V2-Robot-Arm/software/ros2/src/install/v2_robot_arm_interfaces/include/v2_robot_arm_interfaces/v2_robot_arm_interfaces/msg
[3.676s] -- Up-to-date: /home/darudecookie/Documents/V2-Robot-Arm/software/ros2/src/install/v2_robot_arm_interfaces/include/v2_robot_arm_interfaces/v2_robot_arm_interfaces/msg/detail
[3.676s] -- Up-to-date: /home/darudecookie/Documents/V2-Robot-Arm/software/ros2/src/install/v2_robot_arm_interfaces/include/v2_robot_arm_interfaces/v2_robot_arm_interfaces/msg/detail/current_joint_info__rosidl_typesupport_fastrtps_c.h
[3.676s] -- Up-to-date: /home/darudecookie/Documents/V2-Robot-Arm/software/ros2/src/install/v2_robot_arm_interfaces/include/v2_robot_arm_interfaces/v2_robot_arm_interfaces/msg/detail/target_cartesian__rosidl_typesupport_fastrtps_c.h
[3.677s] -- Up-to-date: /home/darudecookie/Documents/V2-Robot-Arm/software/ros2/src/install/v2_robot_arm_interfaces/include/v2_robot_arm_interfaces/v2_robot_arm_interfaces/msg/detail/peripheral_speed__rosidl_typesupport_fastrtps_c.h
[3.677s] -- Up-to-date: /home/darudecookie/Documents/V2-Robot-Arm/software/ros2/src/install/v2_robot_arm_interfaces/include/v2_robot_arm_interfaces/v2_robot_arm_interfaces/msg/detail/current_cartesian__rosidl_typesupport_fastrtps_c.h
[3.677s] -- Up-to-date: /home/darudecookie/Documents/V2-Robot-Arm/software/ros2/src/install/v2_robot_arm_interfaces/include/v2_robot_arm_interfaces/v2_robot_arm_interfaces/msg/detail/target_joint_info__rosidl_typesupport_fastrtps_c.h
[3.677s] -- Up-to-date: /home/darudecookie/Documents/V2-Robot-Arm/software/ros2/src/install/v2_robot_arm_interfaces/include/v2_robot_arm_interfaces/v2_robot_arm_interfaces/msg/detail/system_diagnostic_info__rosidl_typesupport_fastrtps_c.h
[3.677s] -- Up-to-date: /home/darudecookie/Documents/V2-Robot-Arm/software/ros2/src/install/v2_robot_arm_interfaces/include/v2_robot_arm_interfaces/v2_robot_arm_interfaces/msg/detail/control_status__rosidl_typesupport_fastrtps_c.h
[3.677s] -- Up-to-date: /home/darudecookie/Documents/V2-Robot-Arm/software/ros2/src/install/v2_robot_arm_interfaces/include/v2_robot_arm_interfaces/v2_robot_arm_interfaces/msg/detail/current_ee_info__rosidl_typesupport_fastrtps_c.h
[3.678s] -- Up-to-date: /home/darudecookie/Documents/V2-Robot-Arm/software/ros2/src/install/v2_robot_arm_interfaces/include/v2_robot_arm_interfaces/v2_robot_arm_interfaces/msg/detail/target_ee_info__rosidl_typesupport_fastrtps_c.h
[3.678s] -- Up-to-date: /home/darudecookie/Documents/V2-Robot-Arm/software/ros2/src/install/v2_robot_arm_interfaces/include/v2_robot_arm_interfaces/v2_robot_arm_interfaces/msg/rosidl_typesupport_fastrtps_c__visibility_control.h
[3.678s] -- Up-to-date: /home/darudecookie/Documents/V2-Robot-Arm/software/ros2/src/install/v2_robot_arm_interfaces/include/v2_robot_arm_interfaces/v2_robot_arm_interfaces/srv
[3.678s] -- Up-to-date: /home/darudecookie/Documents/V2-Robot-Arm/software/ros2/src/install/v2_robot_arm_interfaces/include/v2_robot_arm_interfaces/v2_robot_arm_interfaces/srv/detail
[3.678s] -- Up-to-date: /home/darudecookie/Documents/V2-Robot-Arm/software/ros2/src/install/v2_robot_arm_interfaces/include/v2_robot_arm_interfaces/v2_robot_arm_interfaces/srv/detail/target_ee_state__rosidl_typesupport_fastrtps_c.h
[3.679s] -- Up-to-date: /home/darudecookie/Documents/V2-Robot-Arm/software/ros2/src/install/v2_robot_arm_interfaces/include/v2_robot_arm_interfaces/v2_robot_arm_interfaces/srv/detail/microcontroller_parameter_dump__rosidl_typesupport_fastrtps_c.h
[3.679s] -- Up-to-date: /home/darudecookie/Documents/V2-Robot-Arm/software/ros2/src/install/v2_robot_arm_interfaces/include/v2_robot_arm_interfaces/v2_robot_arm_interfaces/srv/detail/system_status__rosidl_typesupport_fastrtps_c.h
[3.679s] -- Up-to-date: /home/darudecookie/Documents/V2-Robot-Arm/software/ros2/src/install/v2_robot_arm_interfaces/lib/libv2_robot_arm_interfaces__rosidl_typesupport_fastrtps_c.so
[3.679s] -- Up-to-date: /home/darudecookie/Documents/V2-Robot-Arm/software/ros2/src/install/v2_robot_arm_interfaces/include/v2_robot_arm_interfaces/v2_robot_arm_interfaces
[3.679s] -- Up-to-date: /home/darudecookie/Documents/V2-Robot-Arm/software/ros2/src/install/v2_robot_arm_interfaces/include/v2_robot_arm_interfaces/v2_robot_arm_interfaces/action
[3.679s] -- Up-to-date: /home/darudecookie/Documents/V2-Robot-Arm/software/ros2/src/install/v2_robot_arm_interfaces/include/v2_robot_arm_interfaces/v2_robot_arm_interfaces/action/detail
[3.680s] -- Up-to-date: /home/darudecookie/Documents/V2-Robot-Arm/software/ros2/src/install/v2_robot_arm_interfaces/include/v2_robot_arm_interfaces/v2_robot_arm_interfaces/action/detail/parametric_trajectory_info__type_support.hpp
[3.680s] -- Up-to-date: /home/darudecookie/Documents/V2-Robot-Arm/software/ros2/src/install/v2_robot_arm_interfaces/include/v2_robot_arm_interfaces/v2_robot_arm_interfaces/action/detail/parametric_trajectory_info__traits.hpp
[3.680s] -- Up-to-date: /home/darudecookie/Documents/V2-Robot-Arm/software/ros2/src/install/v2_robot_arm_interfaces/include/v2_robot_arm_interfaces/v2_robot_arm_interfaces/action/detail/parametric_trajectory_info__struct.hpp
[3.681s] -- Up-to-date: /home/darudecookie/Documents/V2-Robot-Arm/software/ros2/src/install/v2_robot_arm_interfaces/include/v2_robot_arm_interfaces/v2_robot_arm_interfaces/action/detail/parametric_trajectory_info__builder.hpp
[3.681s] -- Up-to-date: /home/darudecookie/Documents/V2-Robot-Arm/software/ros2/src/install/v2_robot_arm_interfaces/include/v2_robot_arm_interfaces/v2_robot_arm_interfaces/action/parametric_trajectory_info.hpp
[3.681s] -- Up-to-date: /home/darudecookie/Documents/V2-Robot-Arm/software/ros2/src/install/v2_robot_arm_interfaces/include/v2_robot_arm_interfaces/v2_robot_arm_interfaces/msg
[3.681s] -- Up-to-date: /home/darudecookie/Documents/V2-Robot-Arm/software/ros2/src/install/v2_robot_arm_interfaces/include/v2_robot_arm_interfaces/v2_robot_arm_interfaces/msg/control_status.hpp
[3.681s] -- Up-to-date: /home/darudecookie/Documents/V2-Robot-Arm/software/ros2/src/install/v2_robot_arm_interfaces/include/v2_robot_arm_interfaces/v2_robot_arm_interfaces/msg/peripheral_speed.hpp
[3.681s] -- Up-to-date: /home/darudecookie/Documents/V2-Robot-Arm/software/ros2/src/install/v2_robot_arm_interfaces/include/v2_robot_arm_interfaces/v2_robot_arm_interfaces/msg/detail
[3.682s] -- Up-to-date: /home/darudecookie/Documents/V2-Robot-Arm/software/ros2/src/install/v2_robot_arm_interfaces/include/v2_robot_arm_interfaces/v2_robot_arm_interfaces/msg/detail/current_cartesian__struct.hpp
[3.682s] -- Up-to-date: /home/darudecookie/Documents/V2-Robot-Arm/software/ros2/src/install/v2_robot_arm_interfaces/include/v2_robot_arm_interfaces/v2_robot_arm_interfaces/msg/detail/target_joint_info__traits.hpp
[3.682s] -- Up-to-date: /home/darudecookie/Documents/V2-Robot-Arm/software/ros2/src/install/v2_robot_arm_interfaces/include/v2_robot_arm_interfaces/v2_robot_arm_interfaces/msg/detail/peripheral_speed__struct.hpp
[3.682s] -- Up-to-date: /home/darudecookie/Documents/V2-Robot-Arm/software/ros2/src/install/v2_robot_arm_interfaces/include/v2_robot_arm_interfaces/v2_robot_arm_interfaces/msg/detail/current_cartesian__builder.hpp
[3.683s] -- Up-to-date: /home/darudecookie/Documents/V2-Robot-Arm/software/ros2/src/install/v2_robot_arm_interfaces/include/v2_robot_arm_interfaces/v2_robot_arm_interfaces/msg/detail/target_cartesian__traits.hpp
[3.683s] -- Up-to-date: /home/darudecookie/Documents/V2-Robot-Arm/software/ros2/src/install/v2_robot_arm_interfaces/include/v2_robot_arm_interfaces/v2_robot_arm_interfaces/msg/detail/target_joint_info__type_support.hpp
[3.683s] -- Up-to-date: /home/darudecookie/Documents/V2-Robot-Arm/software/ros2/src/install/v2_robot_arm_interfaces/include/v2_robot_arm_interfaces/v2_robot_arm_interfaces/msg/detail/peripheral_speed__traits.hpp
[3.683s] -- Up-to-date: /home/darudecookie/Documents/V2-Robot-Arm/software/ros2/src/install/v2_robot_arm_interfaces/include/v2_robot_arm_interfaces/v2_robot_arm_interfaces/msg/detail/current_ee_info__type_support.hpp
[3.683s] -- Up-to-date: /home/darudecookie/Documents/V2-Robot-Arm/software/ros2/src/install/v2_robot_arm_interfaces/include/v2_robot_arm_interfaces/v2_robot_arm_interfaces/msg/detail/current_joint_info__builder.hpp
[3.684s] -- Up-to-date: /home/darudecookie/Documents/V2-Robot-Arm/software/ros2/src/install/v2_robot_arm_interfaces/include/v2_robot_arm_interfaces/v2_robot_arm_interfaces/msg/detail/system_diagnostic_info__traits.hpp
[3.684s] -- Up-to-date: /home/darudecookie/Documents/V2-Robot-Arm/software/ros2/src/install/v2_robot_arm_interfaces/include/v2_robot_arm_interfaces/v2_robot_arm_interfaces/msg/detail/peripheral_speed__type_support.hpp
[3.684s] -- Up-to-date: /home/darudecookie/Documents/V2-Robot-Arm/software/ros2/src/install/v2_robot_arm_interfaces/include/v2_robot_arm_interfaces/v2_robot_arm_interfaces/msg/detail/target_ee_info__traits.hpp
[3.684s] -- Up-to-date: /home/darudecookie/Documents/V2-Robot-Arm/software/ros2/src/install/v2_robot_arm_interfaces/include/v2_robot_arm_interfaces/v2_robot_arm_interfaces/msg/detail/control_status__builder.hpp
[3.684s] -- Up-to-date: /home/darudecookie/Documents/V2-Robot-Arm/software/ros2/src/install/v2_robot_arm_interfaces/include/v2_robot_arm_interfaces/v2_robot_arm_interfaces/msg/detail/current_cartesian__traits.hpp
[3.684s] -- Up-to-date: /home/darudecookie/Documents/V2-Robot-Arm/software/ros2/src/install/v2_robot_arm_interfaces/include/v2_robot_arm_interfaces/v2_robot_arm_interfaces/msg/detail/control_status__struct.hpp
[3.685s] -- Up-to-date: /home/darudecookie/Documents/V2-Robot-Arm/software/ros2/src/install/v2_robot_arm_interfaces/include/v2_robot_arm_interfaces/v2_robot_arm_interfaces/msg/detail/system_diagnostic_info__type_support.hpp
[3.685s] -- Up-to-date: /home/darudecookie/Documents/V2-Robot-Arm/software/ros2/src/install/v2_robot_arm_interfaces/include/v2_robot_arm_interfaces/v2_robot_arm_interfaces/msg/detail/target_joint_info__struct.hpp
[3.685s] -- Up-to-date: /home/darudecookie/Documents/V2-Robot-Arm/software/ros2/src/install/v2_robot_arm_interfaces/include/v2_robot_arm_interfaces/v2_robot_arm_interfaces/msg/detail/target_cartesian__type_support.hpp
[3.685s] -- Up-to-date: /home/darudecookie/Documents/V2-Robot-Arm/software/ros2/src/install/v2_robot_arm_interfaces/include/v2_robot_arm_interfaces/v2_robot_arm_interfaces/msg/detail/current_joint_info__struct.hpp
[3.685s] -- Up-to-date: /home/darudecookie/Documents/V2-Robot-Arm/software/ros2/src/install/v2_robot_arm_interfaces/include/v2_robot_arm_interfaces/v2_robot_arm_interfaces/msg/detail/target_joint_info__builder.hpp
[3.685s] -- Up-to-date: /home/darudecookie/Documents/V2-Robot-Arm/software/ros2/src/install/v2_robot_arm_interfaces/include/v2_robot_arm_interfaces/v2_robot_arm_interfaces/msg/detail/target_ee_info__builder.hpp
[3.685s] -- Up-to-date: /home/darudecookie/Documents/V2-Robot-Arm/software/ros2/src/install/v2_robot_arm_interfaces/include/v2_robot_arm_interfaces/v2_robot_arm_interfaces/msg/detail/control_status__type_support.hpp
[3.686s] -- Up-to-date: /home/darudecookie/Documents/V2-Robot-Arm/software/ros2/src/install/v2_robot_arm_interfaces/include/v2_robot_arm_interfaces/v2_robot_arm_interfaces/msg/detail/control_status__traits.hpp
[3.686s] -- Up-to-date: /home/darudecookie/Documents/V2-Robot-Arm/software/ros2/src/install/v2_robot_arm_interfaces/include/v2_robot_arm_interfaces/v2_robot_arm_interfaces/msg/detail/target_cartesian__struct.hpp
[3.686s] -- Up-to-date: /home/darudecookie/Documents/V2-Robot-Arm/software/ros2/src/install/v2_robot_arm_interfaces/include/v2_robot_arm_interfaces/v2_robot_arm_interfaces/msg/detail/current_ee_info__struct.hpp
[3.686s] -- Up-to-date: /home/darudecookie/Documents/V2-Robot-Arm/software/ros2/src/install/v2_robot_arm_interfaces/include/v2_robot_arm_interfaces/v2_robot_arm_interfaces/msg/detail/system_diagnostic_info__builder.hpp
[3.686s] -- Up-to-date: /home/darudecookie/Documents/V2-Robot-Arm/software/ros2/src/install/v2_robot_arm_interfaces/include/v2_robot_arm_interfaces/v2_robot_arm_interfaces/msg/detail/target_cartesian__builder.hpp
[3.686s] -- Up-to-date: /home/darudecookie/Documents/V2-Robot-Arm/software/ros2/src/install/v2_robot_arm_interfaces/include/v2_robot_arm_interfaces/v2_robot_arm_interfaces/msg/detail/current_joint_info__type_support.hpp
[3.686s] -- Up-to-date: /home/darudecookie/Documents/V2-Robot-Arm/software/ros2/src/install/v2_robot_arm_interfaces/include/v2_robot_arm_interfaces/v2_robot_arm_interfaces/msg/detail/current_ee_info__traits.hpp
[3.687s] -- Up-to-date: /home/darudecookie/Documents/V2-Robot-Arm/software/ros2/src/install/v2_robot_arm_interfaces/include/v2_robot_arm_interfaces/v2_robot_arm_interfaces/msg/detail/current_joint_info__traits.hpp
[3.687s] -- Up-to-date: /home/darudecookie/Documents/V2-Robot-Arm/software/ros2/src/install/v2_robot_arm_interfaces/include/v2_robot_arm_interfaces/v2_robot_arm_interfaces/msg/detail/current_ee_info__builder.hpp
[3.687s] -- Up-to-date: /home/darudecookie/Documents/V2-Robot-Arm/software/ros2/src/install/v2_robot_arm_interfaces/include/v2_robot_arm_interfaces/v2_robot_arm_interfaces/msg/detail/peripheral_speed__builder.hpp
[3.687s] -- Up-to-date: /home/darudecookie/Documents/V2-Robot-Arm/software/ros2/src/install/v2_robot_arm_interfaces/include/v2_robot_arm_interfaces/v2_robot_arm_interfaces/msg/detail/target_ee_info__type_support.hpp
[3.687s] -- Up-to-date: /home/darudecookie/Documents/V2-Robot-Arm/software/ros2/src/install/v2_robot_arm_interfaces/include/v2_robot_arm_interfaces/v2_robot_arm_interfaces/msg/detail/system_diagnostic_info__struct.hpp
[3.688s] -- Up-to-date: /home/darudecookie/Documents/V2-Robot-Arm/software/ros2/src/install/v2_robot_arm_interfaces/include/v2_robot_arm_interfaces/v2_robot_arm_interfaces/msg/detail/target_ee_info__struct.hpp
[3.688s] -- Up-to-date: /home/darudecookie/Documents/V2-Robot-Arm/software/ros2/src/install/v2_robot_arm_interfaces/include/v2_robot_arm_interfaces/v2_robot_arm_interfaces/msg/detail/current_cartesian__type_support.hpp
[3.688s] -- Up-to-date: /home/darudecookie/Documents/V2-Robot-Arm/software/ros2/src/install/v2_robot_arm_interfaces/include/v2_robot_arm_interfaces/v2_robot_arm_interfaces/msg/target_joint_info.hpp
[3.688s] -- Up-to-date: /home/darudecookie/Documents/V2-Robot-Arm/software/ros2/src/install/v2_robot_arm_interfaces/include/v2_robot_arm_interfaces/v2_robot_arm_interfaces/msg/target_cartesian.hpp
[3.688s] -- Up-to-date: /home/darudecookie/Documents/V2-Robot-Arm/software/ros2/src/install/v2_robot_arm_interfaces/include/v2_robot_arm_interfaces/v2_robot_arm_interfaces/msg/rosidl_generator_cpp__visibility_control.hpp
[3.688s] -- Up-to-date: /home/darudecookie/Documents/V2-Robot-Arm/software/ros2/src/install/v2_robot_arm_interfaces/include/v2_robot_arm_interfaces/v2_robot_arm_interfaces/msg/system_diagnostic_info.hpp
[3.688s] -- Up-to-date: /home/darudecookie/Documents/V2-Robot-Arm/software/ros2/src/install/v2_robot_arm_interfaces/include/v2_robot_arm_interfaces/v2_robot_arm_interfaces/msg/current_joint_info.hpp
[3.689s] -- Up-to-date: /home/darudecookie/Documents/V2-Robot-Arm/software/ros2/src/install/v2_robot_arm_interfaces/include/v2_robot_arm_interfaces/v2_robot_arm_interfaces/msg/current_ee_info.hpp
[3.689s] -- Up-to-date: /home/darudecookie/Documents/V2-Robot-Arm/software/ros2/src/install/v2_robot_arm_interfaces/include/v2_robot_arm_interfaces/v2_robot_arm_interfaces/msg/target_ee_info.hpp
[3.689s] -- Up-to-date: /home/darudecookie/Documents/V2-Robot-Arm/software/ros2/src/install/v2_robot_arm_interfaces/include/v2_robot_arm_interfaces/v2_robot_arm_interfaces/msg/current_cartesian.hpp
[3.689s] -- Up-to-date: /home/darudecookie/Documents/V2-Robot-Arm/software/ros2/src/install/v2_robot_arm_interfaces/include/v2_robot_arm_interfaces/v2_robot_arm_interfaces/srv
[3.689s] -- Up-to-date: /home/darudecookie/Documents/V2-Robot-Arm/software/ros2/src/install/v2_robot_arm_interfaces/include/v2_robot_arm_interfaces/v2_robot_arm_interfaces/srv/detail
[3.690s] -- Up-to-date: /home/darudecookie/Documents/V2-Robot-Arm/software/ros2/src/install/v2_robot_arm_interfaces/include/v2_robot_arm_interfaces/v2_robot_arm_interfaces/srv/detail/microcontroller_parameter_dump__struct.hpp
[3.690s] -- Up-to-date: /home/darudecookie/Documents/V2-Robot-Arm/software/ros2/src/install/v2_robot_arm_interfaces/include/v2_robot_arm_interfaces/v2_robot_arm_interfaces/srv/detail/target_ee_state__struct.hpp
[3.690s] -- Up-to-date: /home/darudecookie/Documents/V2-Robot-Arm/software/ros2/src/install/v2_robot_arm_interfaces/include/v2_robot_arm_interfaces/v2_robot_arm_interfaces/srv/detail/microcontroller_parameter_dump__traits.hpp
[3.690s] -- Up-to-date: /home/darudecookie/Documents/V2-Robot-Arm/software/ros2/src/install/v2_robot_arm_interfaces/include/v2_robot_arm_interfaces/v2_robot_arm_interfaces/srv/detail/microcontroller_parameter_dump__type_support.hpp
[3.690s] -- Up-to-date: /home/darudecookie/Documents/V2-Robot-Arm/software/ros2/src/install/v2_robot_arm_interfaces/include/v2_robot_arm_interfaces/v2_robot_arm_interfaces/srv/detail/target_ee_state__type_support.hpp
[3.690s] -- Up-to-date: /home/darudecookie/Documents/V2-Robot-Arm/software/ros2/src/install/v2_robot_arm_interfaces/include/v2_robot_arm_interfaces/v2_robot_arm_interfaces/srv/detail/system_status__type_support.hpp
[3.691s] -- Up-to-date: /home/darudecookie/Documents/V2-Robot-Arm/software/ros2/src/install/v2_robot_arm_interfaces/include/v2_robot_arm_interfaces/v2_robot_arm_interfaces/srv/detail/target_ee_state__builder.hpp
[3.691s] -- Up-to-date: /home/darudecookie/Documents/V2-Robot-Arm/software/ros2/src/install/v2_robot_arm_interfaces/include/v2_robot_arm_interfaces/v2_robot_arm_interfaces/srv/detail/system_status__builder.hpp
[3.691s] -- Up-to-date: /home/darudecookie/Documents/V2-Robot-Arm/software/ros2/src/install/v2_robot_arm_interfaces/include/v2_robot_arm_interfaces/v2_robot_arm_interfaces/srv/detail/system_status__traits.hpp
[3.691s] -- Up-to-date: /home/darudecookie/Documents/V2-Robot-Arm/software/ros2/src/install/v2_robot_arm_interfaces/include/v2_robot_arm_interfaces/v2_robot_arm_interfaces/srv/detail/target_ee_state__traits.hpp
[3.691s] -- Up-to-date: /home/darudecookie/Documents/V2-Robot-Arm/software/ros2/src/install/v2_robot_arm_interfaces/include/v2_robot_arm_interfaces/v2_robot_arm_interfaces/srv/detail/system_status__struct.hpp
[3.691s] -- Up-to-date: /home/darudecookie/Documents/V2-Robot-Arm/software/ros2/src/install/v2_robot_arm_interfaces/include/v2_robot_arm_interfaces/v2_robot_arm_interfaces/srv/detail/microcontroller_parameter_dump__builder.hpp
[3.692s] -- Up-to-date: /home/darudecookie/Documents/V2-Robot-Arm/software/ros2/src/install/v2_robot_arm_interfaces/include/v2_robot_arm_interfaces/v2_robot_arm_interfaces/srv/target_ee_state.hpp
[3.692s] -- Up-to-date: /home/darudecookie/Documents/V2-Robot-Arm/software/ros2/src/install/v2_robot_arm_interfaces/include/v2_robot_arm_interfaces/v2_robot_arm_interfaces/srv/system_status.hpp
[3.692s] -- Up-to-date: /home/darudecookie/Documents/V2-Robot-Arm/software/ros2/src/install/v2_robot_arm_interfaces/include/v2_robot_arm_interfaces/v2_robot_arm_interfaces/srv/microcontroller_parameter_dump.hpp
[3.692s] -- Up-to-date: /home/darudecookie/Documents/V2-Robot-Arm/software/ros2/src/install/v2_robot_arm_interfaces/include/v2_robot_arm_interfaces/v2_robot_arm_interfaces
[3.692s] -- Up-to-date: /home/darudecookie/Documents/V2-Robot-Arm/software/ros2/src/install/v2_robot_arm_interfaces/include/v2_robot_arm_interfaces/v2_robot_arm_interfaces/action
[3.692s] -- Up-to-date: /home/darudecookie/Documents/V2-Robot-Arm/software/ros2/src/install/v2_robot_arm_interfaces/include/v2_robot_arm_interfaces/v2_robot_arm_interfaces/action/detail
[3.692s] -- Up-to-date: /home/darudecookie/Documents/V2-Robot-Arm/software/ros2/src/install/v2_robot_arm_interfaces/include/v2_robot_arm_interfaces/v2_robot_arm_interfaces/action/detail/dds_fastrtps
[3.693s] -- Up-to-date: /home/darudecookie/Documents/V2-Robot-Arm/software/ros2/src/install/v2_robot_arm_interfaces/include/v2_robot_arm_interfaces/v2_robot_arm_interfaces/action/detail/parametric_trajectory_info__rosidl_typesupport_fastrtps_cpp.hpp
[3.693s] -- Up-to-date: /home/darudecookie/Documents/V2-Robot-Arm/software/ros2/src/install/v2_robot_arm_interfaces/include/v2_robot_arm_interfaces/v2_robot_arm_interfaces/msg
[3.693s] -- Up-to-date: /home/darudecookie/Documents/V2-Robot-Arm/software/ros2/src/install/v2_robot_arm_interfaces/include/v2_robot_arm_interfaces/v2_robot_arm_interfaces/msg/detail
[3.693s] -- Up-to-date: /home/darudecookie/Documents/V2-Robot-Arm/software/ros2/src/install/v2_robot_arm_interfaces/include/v2_robot_arm_interfaces/v2_robot_arm_interfaces/msg/detail/target_ee_info__rosidl_typesupport_fastrtps_cpp.hpp
[3.693s] -- Up-to-date: /home/darudecookie/Documents/V2-Robot-Arm/software/ros2/src/install/v2_robot_arm_interfaces/include/v2_robot_arm_interfaces/v2_robot_arm_interfaces/msg/detail/dds_fastrtps
[3.693s] -- Up-to-date: /home/darudecookie/Documents/V2-Robot-Arm/software/ros2/src/install/v2_robot_arm_interfaces/include/v2_robot_arm_interfaces/v2_robot_arm_interfaces/msg/detail/target_cartesian__rosidl_typesupport_fastrtps_cpp.hpp
[3.693s] -- Up-to-date: /home/darudecookie/Documents/V2-Robot-Arm/software/ros2/src/install/v2_robot_arm_interfaces/include/v2_robot_arm_interfaces/v2_robot_arm_interfaces/msg/detail/control_status__rosidl_typesupport_fastrtps_cpp.hpp
[3.694s] -- Up-to-date: /home/darudecookie/Documents/V2-Robot-Arm/software/ros2/src/install/v2_robot_arm_interfaces/include/v2_robot_arm_interfaces/v2_robot_arm_interfaces/msg/detail/current_joint_info__rosidl_typesupport_fastrtps_cpp.hpp
[3.694s] -- Up-to-date: /home/darudecookie/Documents/V2-Robot-Arm/software/ros2/src/install/v2_robot_arm_interfaces/include/v2_robot_arm_interfaces/v2_robot_arm_interfaces/msg/detail/target_joint_info__rosidl_typesupport_fastrtps_cpp.hpp
[3.694s] -- Up-to-date: /home/darudecookie/Documents/V2-Robot-Arm/software/ros2/src/install/v2_robot_arm_interfaces/include/v2_robot_arm_interfaces/v2_robot_arm_interfaces/msg/detail/peripheral_speed__rosidl_typesupport_fastrtps_cpp.hpp
[3.694s] -- Up-to-date: /home/darudecookie/Documents/V2-Robot-Arm/software/ros2/src/install/v2_robot_arm_interfaces/include/v2_robot_arm_interfaces/v2_robot_arm_interfaces/msg/detail/current_ee_info__rosidl_typesupport_fastrtps_cpp.hpp
[3.694s] -- Up-to-date: /home/darudecookie/Documents/V2-Robot-Arm/software/ros2/src/install/v2_robot_arm_interfaces/include/v2_robot_arm_interfaces/v2_robot_arm_interfaces/msg/detail/system_diagnostic_info__rosidl_typesupport_fastrtps_cpp.hpp
[3.694s] -- Up-to-date: /home/darudecookie/Documents/V2-Robot-Arm/software/ros2/src/install/v2_robot_arm_interfaces/include/v2_robot_arm_interfaces/v2_robot_arm_interfaces/msg/detail/current_cartesian__rosidl_typesupport_fastrtps_cpp.hpp
[3.694s] -- Up-to-date: /home/darudecookie/Documents/V2-Robot-Arm/software/ros2/src/install/v2_robot_arm_interfaces/include/v2_robot_arm_interfaces/v2_robot_arm_interfaces/msg/rosidl_typesupport_fastrtps_cpp__visibility_control.h
[3.695s] -- Up-to-date: /home/darudecookie/Documents/V2-Robot-Arm/software/ros2/src/install/v2_robot_arm_interfaces/include/v2_robot_arm_interfaces/v2_robot_arm_interfaces/srv
[3.695s] -- Up-to-date: /home/darudecookie/Documents/V2-Robot-Arm/software/ros2/src/install/v2_robot_arm_interfaces/include/v2_robot_arm_interfaces/v2_robot_arm_interfaces/srv/detail
[3.695s] -- Up-to-date: /home/darudecookie/Documents/V2-Robot-Arm/software/ros2/src/install/v2_robot_arm_interfaces/include/v2_robot_arm_interfaces/v2_robot_arm_interfaces/srv/detail/dds_fastrtps
[3.695s] -- Up-to-date: /home/darudecookie/Documents/V2-Robot-Arm/software/ros2/src/install/v2_robot_arm_interfaces/include/v2_robot_arm_interfaces/v2_robot_arm_interfaces/srv/detail/system_status__rosidl_typesupport_fastrtps_cpp.hpp
[3.695s] -- Up-to-date: /home/darudecookie/Documents/V2-Robot-Arm/software/ros2/src/install/v2_robot_arm_interfaces/include/v2_robot_arm_interfaces/v2_robot_arm_interfaces/srv/detail/microcontroller_parameter_dump__rosidl_typesupport_fastrtps_cpp.hpp
[3.695s] -- Up-to-date: /home/darudecookie/Documents/V2-Robot-Arm/software/ros2/src/install/v2_robot_arm_interfaces/include/v2_robot_arm_interfaces/v2_robot_arm_interfaces/srv/detail/target_ee_state__rosidl_typesupport_fastrtps_cpp.hpp
[3.696s] -- Up-to-date: /home/darudecookie/Documents/V2-Robot-Arm/software/ros2/src/install/v2_robot_arm_interfaces/lib/libv2_robot_arm_interfaces__rosidl_typesupport_fastrtps_cpp.so
[3.696s] -- Up-to-date: /home/darudecookie/Documents/V2-Robot-Arm/software/ros2/src/install/v2_robot_arm_interfaces/include/v2_robot_arm_interfaces/v2_robot_arm_interfaces
[3.696s] -- Up-to-date: /home/darudecookie/Documents/V2-Robot-Arm/software/ros2/src/install/v2_robot_arm_interfaces/include/v2_robot_arm_interfaces/v2_robot_arm_interfaces/action
[3.696s] -- Up-to-date: /home/darudecookie/Documents/V2-Robot-Arm/software/ros2/src/install/v2_robot_arm_interfaces/include/v2_robot_arm_interfaces/v2_robot_arm_interfaces/action/detail
[3.696s] -- Up-to-date: /home/darudecookie/Documents/V2-Robot-Arm/software/ros2/src/install/v2_robot_arm_interfaces/include/v2_robot_arm_interfaces/v2_robot_arm_interfaces/action/detail/parametric_trajectory_info__rosidl_typesupport_introspection_c.h
[3.696s] -- Installing: /home/darudecookie/Documents/V2-Robot-Arm/software/ros2/src/install/v2_robot_arm_interfaces/include/v2_robot_arm_interfaces/v2_robot_arm_interfaces/action/detail/parametric_trajectory_info__type_support.c
[3.697s] -- Up-to-date: /home/darudecookie/Documents/V2-Robot-Arm/software/ros2/src/install/v2_robot_arm_interfaces/include/v2_robot_arm_interfaces/v2_robot_arm_interfaces/msg
[3.697s] -- Up-to-date: /home/darudecookie/Documents/V2-Robot-Arm/software/ros2/src/install/v2_robot_arm_interfaces/include/v2_robot_arm_interfaces/v2_robot_arm_interfaces/msg/detail
[3.697s] -- Installing: /home/darudecookie/Documents/V2-Robot-Arm/software/ros2/src/install/v2_robot_arm_interfaces/include/v2_robot_arm_interfaces/v2_robot_arm_interfaces/msg/detail/target_cartesian__type_support.c
[3.697s] -- Installing: /home/darudecookie/Documents/V2-Robot-Arm/software/ros2/src/install/v2_robot_arm_interfaces/include/v2_robot_arm_interfaces/v2_robot_arm_interfaces/msg/detail/current_joint_info__type_support.c
[3.697s] -- Installing: /home/darudecookie/Documents/V2-Robot-Arm/software/ros2/src/install/v2_robot_arm_interfaces/include/v2_robot_arm_interfaces/v2_robot_arm_interfaces/msg/detail/system_diagnostic_info__type_support.c
[3.697s] -- Up-to-date: /home/darudecookie/Documents/V2-Robot-Arm/software/ros2/src/install/v2_robot_arm_interfaces/include/v2_robot_arm_interfaces/v2_robot_arm_interfaces/msg/detail/current_joint_info__rosidl_typesupport_introspection_c.h
[3.697s] -- Up-to-date: /home/darudecookie/Documents/V2-Robot-Arm/software/ros2/src/install/v2_robot_arm_interfaces/include/v2_robot_arm_interfaces/v2_robot_arm_interfaces/msg/detail/peripheral_speed__rosidl_typesupport_introspection_c.h
[3.698s] -- Installing: /home/darudecookie/Documents/V2-Robot-Arm/software/ros2/src/install/v2_robot_arm_interfaces/include/v2_robot_arm_interfaces/v2_robot_arm_interfaces/msg/detail/control_status__type_support.c
[3.698s] -- Installing: /home/darudecookie/Documents/V2-Robot-Arm/software/ros2/src/install/v2_robot_arm_interfaces/include/v2_robot_arm_interfaces/v2_robot_arm_interfaces/msg/detail/peripheral_speed__type_support.c
[3.698s] -- Installing: /home/darudecookie/Documents/V2-Robot-Arm/software/ros2/src/install/v2_robot_arm_interfaces/include/v2_robot_arm_interfaces/v2_robot_arm_interfaces/msg/detail/target_joint_info__type_support.c
[3.698s] -- Installing: /home/darudecookie/Documents/V2-Robot-Arm/software/ros2/src/install/v2_robot_arm_interfaces/include/v2_robot_arm_interfaces/v2_robot_arm_interfaces/msg/detail/current_ee_info__type_support.c
[3.698s] -- Up-to-date: /home/darudecookie/Documents/V2-Robot-Arm/software/ros2/src/install/v2_robot_arm_interfaces/include/v2_robot_arm_interfaces/v2_robot_arm_interfaces/msg/detail/target_joint_info__rosidl_typesupport_introspection_c.h
[3.698s] -- Up-to-date: /home/darudecookie/Documents/V2-Robot-Arm/software/ros2/src/install/v2_robot_arm_interfaces/include/v2_robot_arm_interfaces/v2_robot_arm_interfaces/msg/detail/current_ee_info__rosidl_typesupport_introspection_c.h
[3.699s] -- Up-to-date: /home/darudecookie/Documents/V2-Robot-Arm/software/ros2/src/install/v2_robot_arm_interfaces/include/v2_robot_arm_interfaces/v2_robot_arm_interfaces/msg/detail/target_ee_info__rosidl_typesupport_introspection_c.h
[3.699s] -- Up-to-date: /home/darudecookie/Documents/V2-Robot-Arm/software/ros2/src/install/v2_robot_arm_interfaces/include/v2_robot_arm_interfaces/v2_robot_arm_interfaces/msg/detail/current_cartesian__rosidl_typesupport_introspection_c.h
[3.699s] -- Installing: /home/darudecookie/Documents/V2-Robot-Arm/software/ros2/src/install/v2_robot_arm_interfaces/include/v2_robot_arm_interfaces/v2_robot_arm_interfaces/msg/detail/current_cartesian__type_support.c
[3.699s] -- Up-to-date: /home/darudecookie/Documents/V2-Robot-Arm/software/ros2/src/install/v2_robot_arm_interfaces/include/v2_robot_arm_interfaces/v2_robot_arm_interfaces/msg/detail/control_status__rosidl_typesupport_introspection_c.h
[3.699s] -- Up-to-date: /home/darudecookie/Documents/V2-Robot-Arm/software/ros2/src/install/v2_robot_arm_interfaces/include/v2_robot_arm_interfaces/v2_robot_arm_interfaces/msg/detail/target_cartesian__rosidl_typesupport_introspection_c.h
[3.699s] -- Up-to-date: /home/darudecookie/Documents/V2-Robot-Arm/software/ros2/src/install/v2_robot_arm_interfaces/include/v2_robot_arm_interfaces/v2_robot_arm_interfaces/msg/detail/system_diagnostic_info__rosidl_typesupport_introspection_c.h
[3.699s] -- Installing: /home/darudecookie/Documents/V2-Robot-Arm/software/ros2/src/install/v2_robot_arm_interfaces/include/v2_robot_arm_interfaces/v2_robot_arm_interfaces/msg/detail/target_ee_info__type_support.c
[3.700s] -- Up-to-date: /home/darudecookie/Documents/V2-Robot-Arm/software/ros2/src/install/v2_robot_arm_interfaces/include/v2_robot_arm_interfaces/v2_robot_arm_interfaces/msg/rosidl_typesupport_introspection_c__visibility_control.h
[3.700s] -- Up-to-date: /home/darudecookie/Documents/V2-Robot-Arm/software/ros2/src/install/v2_robot_arm_interfaces/include/v2_robot_arm_interfaces/v2_robot_arm_interfaces/srv
[3.700s] -- Up-to-date: /home/darudecookie/Documents/V2-Robot-Arm/software/ros2/src/install/v2_robot_arm_interfaces/include/v2_robot_arm_interfaces/v2_robot_arm_interfaces/srv/detail
[3.700s] -- Up-to-date: /home/darudecookie/Documents/V2-Robot-Arm/software/ros2/src/install/v2_robot_arm_interfaces/include/v2_robot_arm_interfaces/v2_robot_arm_interfaces/srv/detail/system_status__rosidl_typesupport_introspection_c.h
[3.700s] -- Installing: /home/darudecookie/Documents/V2-Robot-Arm/software/ros2/src/install/v2_robot_arm_interfaces/include/v2_robot_arm_interfaces/v2_robot_arm_interfaces/srv/detail/microcontroller_parameter_dump__type_support.c
[3.700s] -- Up-to-date: /home/darudecookie/Documents/V2-Robot-Arm/software/ros2/src/install/v2_robot_arm_interfaces/include/v2_robot_arm_interfaces/v2_robot_arm_interfaces/srv/detail/target_ee_state__rosidl_typesupport_introspection_c.h
[3.701s] -- Installing: /home/darudecookie/Documents/V2-Robot-Arm/software/ros2/src/install/v2_robot_arm_interfaces/include/v2_robot_arm_interfaces/v2_robot_arm_interfaces/srv/detail/system_status__type_support.c
[3.701s] -- Installing: /home/darudecookie/Documents/V2-Robot-Arm/software/ros2/src/install/v2_robot_arm_interfaces/include/v2_robot_arm_interfaces/v2_robot_arm_interfaces/srv/detail/target_ee_state__type_support.c
[3.701s] -- Up-to-date: /home/darudecookie/Documents/V2-Robot-Arm/software/ros2/src/install/v2_robot_arm_interfaces/include/v2_robot_arm_interfaces/v2_robot_arm_interfaces/srv/detail/microcontroller_parameter_dump__rosidl_typesupport_introspection_c.h
[3.701s] -- Up-to-date: /home/darudecookie/Documents/V2-Robot-Arm/software/ros2/src/install/v2_robot_arm_interfaces/lib/libv2_robot_arm_interfaces__rosidl_typesupport_introspection_c.so
[3.701s] -- Up-to-date: /home/darudecookie/Documents/V2-Robot-Arm/software/ros2/src/install/v2_robot_arm_interfaces/lib/libv2_robot_arm_interfaces__rosidl_typesupport_c.so
[3.701s] -- Up-to-date: /home/darudecookie/Documents/V2-Robot-Arm/software/ros2/src/install/v2_robot_arm_interfaces/include/v2_robot_arm_interfaces/v2_robot_arm_interfaces
[3.701s] -- Up-to-date: /home/darudecookie/Documents/V2-Robot-Arm/software/ros2/src/install/v2_robot_arm_interfaces/include/v2_robot_arm_interfaces/v2_robot_arm_interfaces/action
[3.702s] -- Up-to-date: /home/darudecookie/Documents/V2-Robot-Arm/software/ros2/src/install/v2_robot_arm_interfaces/include/v2_robot_arm_interfaces/v2_robot_arm_interfaces/action/detail
[3.702s] -- Up-to-date: /home/darudecookie/Documents/V2-Robot-Arm/software/ros2/src/install/v2_robot_arm_interfaces/include/v2_robot_arm_interfaces/v2_robot_arm_interfaces/action/detail/parametric_trajectory_info__rosidl_typesupport_introspection_cpp.hpp
[3.702s] -- Up-to-date: /home/darudecookie/Documents/V2-Robot-Arm/software/ros2/src/install/v2_robot_arm_interfaces/include/v2_robot_arm_interfaces/v2_robot_arm_interfaces/action/detail/parametric_trajectory_info__type_support.cpp
[3.702s] -- Up-to-date: /home/darudecookie/Documents/V2-Robot-Arm/software/ros2/src/install/v2_robot_arm_interfaces/include/v2_robot_arm_interfaces/v2_robot_arm_interfaces/msg
[3.702s] -- Up-to-date: /home/darudecookie/Documents/V2-Robot-Arm/software/ros2/src/install/v2_robot_arm_interfaces/include/v2_robot_arm_interfaces/v2_robot_arm_interfaces/msg/detail
[3.703s] -- Up-to-date: /home/darudecookie/Documents/V2-Robot-Arm/software/ros2/src/install/v2_robot_arm_interfaces/include/v2_robot_arm_interfaces/v2_robot_arm_interfaces/msg/detail/system_diagnostic_info__rosidl_typesupport_introspection_cpp.hpp
[3.703s] -- Up-to-date: /home/darudecookie/Documents/V2-Robot-Arm/software/ros2/src/install/v2_robot_arm_interfaces/include/v2_robot_arm_interfaces/v2_robot_arm_interfaces/msg/detail/current_cartesian__type_support.cpp
[3.703s] -- Up-to-date: /home/darudecookie/Documents/V2-Robot-Arm/software/ros2/src/install/v2_robot_arm_interfaces/include/v2_robot_arm_interfaces/v2_robot_arm_interfaces/msg/detail/current_ee_info__rosidl_typesupport_introspection_cpp.hpp
[3.703s] -- Up-to-date: /home/darudecookie/Documents/V2-Robot-Arm/software/ros2/src/install/v2_robot_arm_interfaces/include/v2_robot_arm_interfaces/v2_robot_arm_interfaces/msg/detail/peripheral_speed__type_support.cpp
[3.703s] -- Up-to-date: /home/darudecookie/Documents/V2-Robot-Arm/software/ros2/src/install/v2_robot_arm_interfaces/include/v2_robot_arm_interfaces/v2_robot_arm_interfaces/msg/detail/system_diagnostic_info__type_support.cpp
[3.703s] -- Up-to-date: /home/darudecookie/Documents/V2-Robot-Arm/software/ros2/src/install/v2_robot_arm_interfaces/include/v2_robot_arm_interfaces/v2_robot_arm_interfaces/msg/detail/peripheral_speed__rosidl_typesupport_introspection_cpp.hpp
[3.704s] -- Up-to-date: /home/darudecookie/Documents/V2-Robot-Arm/software/ros2/src/install/v2_robot_arm_interfaces/include/v2_robot_arm_interfaces/v2_robot_arm_interfaces/msg/detail/target_ee_info__rosidl_typesupport_introspection_cpp.hpp
[3.704s] -- Up-to-date: /home/darudecookie/Documents/V2-Robot-Arm/software/ros2/src/install/v2_robot_arm_interfaces/include/v2_robot_arm_interfaces/v2_robot_arm_interfaces/msg/detail/target_joint_info__type_support.cpp
[3.704s] -- Up-to-date: /home/darudecookie/Documents/V2-Robot-Arm/software/ros2/src/install/v2_robot_arm_interfaces/include/v2_robot_arm_interfaces/v2_robot_arm_interfaces/msg/detail/control_status__rosidl_typesupport_introspection_cpp.hpp
[3.704s] -- Up-to-date: /home/darudecookie/Documents/V2-Robot-Arm/software/ros2/src/install/v2_robot_arm_interfaces/include/v2_robot_arm_interfaces/v2_robot_arm_interfaces/msg/detail/target_joint_info__rosidl_typesupport_introspection_cpp.hpp
[3.704s] -- Up-to-date: /home/darudecookie/Documents/V2-Robot-Arm/software/ros2/src/install/v2_robot_arm_interfaces/include/v2_robot_arm_interfaces/v2_robot_arm_interfaces/msg/detail/target_cartesian__rosidl_typesupport_introspection_cpp.hpp
[3.704s] -- Up-to-date: /home/darudecookie/Documents/V2-Robot-Arm/software/ros2/src/install/v2_robot_arm_interfaces/include/v2_robot_arm_interfaces/v2_robot_arm_interfaces/msg/detail/current_joint_info__rosidl_typesupport_introspection_cpp.hpp
[3.704s] -- Up-to-date: /home/darudecookie/Documents/V2-Robot-Arm/software/ros2/src/install/v2_robot_arm_interfaces/include/v2_robot_arm_interfaces/v2_robot_arm_interfaces/msg/detail/target_cartesian__type_support.cpp
[3.705s] -- Up-to-date: /home/darudecookie/Documents/V2-Robot-Arm/software/ros2/src/install/v2_robot_arm_interfaces/include/v2_robot_arm_interfaces/v2_robot_arm_interfaces/msg/detail/current_cartesian__rosidl_typesupport_introspection_cpp.hpp
[3.705s] -- Up-to-date: /home/darudecookie/Documents/V2-Robot-Arm/software/ros2/src/install/v2_robot_arm_interfaces/include/v2_robot_arm_interfaces/v2_robot_arm_interfaces/msg/detail/target_ee_info__type_support.cpp
[3.705s] -- Up-to-date: /home/darudecookie/Documents/V2-Robot-Arm/software/ros2/src/install/v2_robot_arm_interfaces/include/v2_robot_arm_interfaces/v2_robot_arm_interfaces/msg/detail/control_status__type_support.cpp
[3.705s] -- Up-to-date: /home/darudecookie/Documents/V2-Robot-Arm/software/ros2/src/install/v2_robot_arm_interfaces/include/v2_robot_arm_interfaces/v2_robot_arm_interfaces/msg/detail/current_ee_info__type_support.cpp
[3.705s] -- Up-to-date: /home/darudecookie/Documents/V2-Robot-Arm/software/ros2/src/install/v2_robot_arm_interfaces/include/v2_robot_arm_interfaces/v2_robot_arm_interfaces/msg/detail/current_joint_info__type_support.cpp
[3.705s] -- Up-to-date: /home/darudecookie/Documents/V2-Robot-Arm/software/ros2/src/install/v2_robot_arm_interfaces/include/v2_robot_arm_interfaces/v2_robot_arm_interfaces/srv
[3.706s] -- Up-to-date: /home/darudecookie/Documents/V2-Robot-Arm/software/ros2/src/install/v2_robot_arm_interfaces/include/v2_robot_arm_interfaces/v2_robot_arm_interfaces/srv/detail
[3.706s] -- Up-to-date: /home/darudecookie/Documents/V2-Robot-Arm/software/ros2/src/install/v2_robot_arm_interfaces/include/v2_robot_arm_interfaces/v2_robot_arm_interfaces/srv/detail/system_status__rosidl_typesupport_introspection_cpp.hpp
[3.706s] -- Up-to-date: /home/darudecookie/Documents/V2-Robot-Arm/software/ros2/src/install/v2_robot_arm_interfaces/include/v2_robot_arm_interfaces/v2_robot_arm_interfaces/srv/detail/microcontroller_parameter_dump__type_support.cpp
[3.706s] -- Up-to-date: /home/darudecookie/Documents/V2-Robot-Arm/software/ros2/src/install/v2_robot_arm_interfaces/include/v2_robot_arm_interfaces/v2_robot_arm_interfaces/srv/detail/system_status__type_support.cpp
[3.706s] -- Up-to-date: /home/darudecookie/Documents/V2-Robot-Arm/software/ros2/src/install/v2_robot_arm_interfaces/include/v2_robot_arm_interfaces/v2_robot_arm_interfaces/srv/detail/target_ee_state__type_support.cpp
[3.706s] -- Up-to-date: /home/darudecookie/Documents/V2-Robot-Arm/software/ros2/src/install/v2_robot_arm_interfaces/include/v2_robot_arm_interfaces/v2_robot_arm_interfaces/srv/detail/target_ee_state__rosidl_typesupport_introspection_cpp.hpp
[3.707s] -- Up-to-date: /home/darudecookie/Documents/V2-Robot-Arm/software/ros2/src/install/v2_robot_arm_interfaces/include/v2_robot_arm_interfaces/v2_robot_arm_interfaces/srv/detail/microcontroller_parameter_dump__rosidl_typesupport_introspection_cpp.hpp
[3.707s] -- Up-to-date: /home/darudecookie/Documents/V2-Robot-Arm/software/ros2/src/install/v2_robot_arm_interfaces/lib/libv2_robot_arm_interfaces__rosidl_typesupport_introspection_cpp.so
[3.709s] -- Up-to-date: /home/darudecookie/Documents/V2-Robot-Arm/software/ros2/src/install/v2_robot_arm_interfaces/lib/libv2_robot_arm_interfaces__rosidl_typesupport_cpp.so
[3.710s] -- Up-to-date: /home/darudecookie/Documents/V2-Robot-Arm/software/ros2/src/install/v2_robot_arm_interfaces/share/v2_robot_arm_interfaces/environment/pythonpath.sh
[3.710s] -- Up-to-date: /home/darudecookie/Documents/V2-Robot-Arm/software/ros2/src/install/v2_robot_arm_interfaces/share/v2_robot_arm_interfaces/environment/pythonpath.dsv
[3.710s] -- Up-to-date: /home/darudecookie/Documents/V2-Robot-Arm/software/ros2/src/install/v2_robot_arm_interfaces/lib/python3.12/site-packages/v2_robot_arm_interfaces-0.0.1-py3.12.egg-info
[3.710s] -- Installing: /home/darudecookie/Documents/V2-Robot-Arm/software/ros2/src/install/v2_robot_arm_interfaces/lib/python3.12/site-packages/v2_robot_arm_interfaces-0.0.1-py3.12.egg-info/SOURCES.txt
[3.710s] -- Installing: /home/darudecookie/Documents/V2-Robot-Arm/software/ros2/src/install/v2_robot_arm_interfaces/lib/python3.12/site-packages/v2_robot_arm_interfaces-0.0.1-py3.12.egg-info/dependency_links.txt
[3.710s] -- Installing: /home/darudecookie/Documents/V2-Robot-Arm/software/ros2/src/install/v2_robot_arm_interfaces/lib/python3.12/site-packages/v2_robot_arm_interfaces-0.0.1-py3.12.egg-info/top_level.txt
[3.711s] -- Installing: /home/darudecookie/Documents/V2-Robot-Arm/software/ros2/src/install/v2_robot_arm_interfaces/lib/python3.12/site-packages/v2_robot_arm_interfaces-0.0.1-py3.12.egg-info/PKG-INFO
[3.711s] -- Up-to-date: /home/darudecookie/Documents/V2-Robot-Arm/software/ros2/src/install/v2_robot_arm_interfaces/lib/python3.12/site-packages/v2_robot_arm_interfaces
[3.711s] -- Up-to-date: /home/darudecookie/Documents/V2-Robot-Arm/software/ros2/src/install/v2_robot_arm_interfaces/lib/python3.12/site-packages/v2_robot_arm_interfaces/v2_robot_arm_interfaces_s__rosidl_typesupport_fastrtps_c.so
[3.711s] -- Up-to-date: /home/darudecookie/Documents/V2-Robot-Arm/software/ros2/src/install/v2_robot_arm_interfaces/lib/python3.12/site-packages/v2_robot_arm_interfaces/action
[3.711s] -- Up-to-date: /home/darudecookie/Documents/V2-Robot-Arm/software/ros2/src/install/v2_robot_arm_interfaces/lib/python3.12/site-packages/v2_robot_arm_interfaces/action/__init__.py
[3.711s] -- Up-to-date: /home/darudecookie/Documents/V2-Robot-Arm/software/ros2/src/install/v2_robot_arm_interfaces/lib/python3.12/site-packages/v2_robot_arm_interfaces/action/_parametric_trajectory_info_s.c
[3.714s] -- Up-to-date: /home/darudecookie/Documents/V2-Robot-Arm/software/ros2/src/install/v2_robot_arm_interfaces/lib/python3.12/site-packages/v2_robot_arm_interfaces/action/_parametric_trajectory_info.py
[3.714s] -- Installing: /home/darudecookie/Documents/V2-Robot-Arm/software/ros2/src/install/v2_robot_arm_interfaces/lib/python3.12/site-packages/v2_robot_arm_interfaces/__init__.py
[3.714s] -- Up-to-date: /home/darudecookie/Documents/V2-Robot-Arm/software/ros2/src/install/v2_robot_arm_interfaces/lib/python3.12/site-packages/v2_robot_arm_interfaces/_v2_robot_arm_interfaces_s.ep.rosidl_typesupport_fastrtps_c.c
[3.715s] -- Up-to-date: /home/darudecookie/Documents/V2-Robot-Arm/software/ros2/src/install/v2_robot_arm_interfaces/lib/python3.12/site-packages/v2_robot_arm_interfaces/v2_robot_arm_interfaces_s__rosidl_typesupport_introspection_c.so
[3.715s] -- Up-to-date: /home/darudecookie/Documents/V2-Robot-Arm/software/ros2/src/install/v2_robot_arm_interfaces/lib/python3.12/site-packages/v2_robot_arm_interfaces/_v2_robot_arm_interfaces_s.ep.rosidl_typesupport_introspection_c.c
[3.715s] -- Up-to-date: /home/darudecookie/Documents/V2-Robot-Arm/software/ros2/src/install/v2_robot_arm_interfaces/lib/python3.12/site-packages/v2_robot_arm_interfaces/_v2_robot_arm_interfaces_s.ep.rosidl_typesupport_c.c
[3.715s] -- Up-to-date: /home/darudecookie/Documents/V2-Robot-Arm/software/ros2/src/install/v2_robot_arm_interfaces/lib/python3.12/site-packages/v2_robot_arm_interfaces/v2_robot_arm_interfaces_s__rosidl_typesupport_c.so
[3.715s] -- Up-to-date: /home/darudecookie/Documents/V2-Robot-Arm/software/ros2/src/install/v2_robot_arm_interfaces/lib/python3.12/site-packages/v2_robot_arm_interfaces/msg
[3.715s] -- Up-to-date: /home/darudecookie/Documents/V2-Robot-Arm/software/ros2/src/install/v2_robot_arm_interfaces/lib/python3.12/site-packages/v2_robot_arm_interfaces/msg/_peripheral_speed.py
[3.715s] -- Up-to-date: /home/darudecookie/Documents/V2-Robot-Arm/software/ros2/src/install/v2_robot_arm_interfaces/lib/python3.12/site-packages/v2_robot_arm_interfaces/msg/_target_joint_info_s.c
[3.716s] -- Up-to-date: /home/darudecookie/Documents/V2-Robot-Arm/software/ros2/src/install/v2_robot_arm_interfaces/lib/python3.12/site-packages/v2_robot_arm_interfaces/msg/_system_diagnostic_info_s.c
[3.716s] -- Up-to-date: /home/darudecookie/Documents/V2-Robot-Arm/software/ros2/src/install/v2_robot_arm_interfaces/lib/python3.12/site-packages/v2_robot_arm_interfaces/msg/_peripheral_speed_s.c
[3.716s] -- Up-to-date: /home/darudecookie/Documents/V2-Robot-Arm/software/ros2/src/install/v2_robot_arm_interfaces/lib/python3.12/site-packages/v2_robot_arm_interfaces/msg/_target_ee_info_s.c
[3.716s] -- Up-to-date: /home/darudecookie/Documents/V2-Robot-Arm/software/ros2/src/install/v2_robot_arm_interfaces/lib/python3.12/site-packages/v2_robot_arm_interfaces/msg/_current_cartesian_s.c
[3.716s] -- Up-to-date: /home/darudecookie/Documents/V2-Robot-Arm/software/ros2/src/install/v2_robot_arm_interfaces/lib/python3.12/site-packages/v2_robot_arm_interfaces/msg/_target_cartesian.py
[3.716s] -- Up-to-date: /home/darudecookie/Documents/V2-Robot-Arm/software/ros2/src/install/v2_robot_arm_interfaces/lib/python3.12/site-packages/v2_robot_arm_interfaces/msg/__init__.py
[3.717s] -- Up-to-date: /home/darudecookie/Documents/V2-Robot-Arm/software/ros2/src/install/v2_robot_arm_interfaces/lib/python3.12/site-packages/v2_robot_arm_interfaces/msg/_current_joint_info.py
[3.717s] -- Up-to-date: /home/darudecookie/Documents/V2-Robot-Arm/software/ros2/src/install/v2_robot_arm_interfaces/lib/python3.12/site-packages/v2_robot_arm_interfaces/msg/_control_status_s.c
[3.717s] -- Up-to-date: /home/darudecookie/Documents/V2-Robot-Arm/software/ros2/src/install/v2_robot_arm_interfaces/lib/python3.12/site-packages/v2_robot_arm_interfaces/msg/_system_diagnostic_info.py
[3.717s] -- Up-to-date: /home/darudecookie/Documents/V2-Robot-Arm/software/ros2/src/install/v2_robot_arm_interfaces/lib/python3.12/site-packages/v2_robot_arm_interfaces/msg/_current_ee_info.py
[3.717s] -- Up-to-date: /home/darudecookie/Documents/V2-Robot-Arm/software/ros2/src/install/v2_robot_arm_interfaces/lib/python3.12/site-packages/v2_robot_arm_interfaces/msg/_current_cartesian.py
[3.717s] -- Up-to-date: /home/darudecookie/Documents/V2-Robot-Arm/software/ros2/src/install/v2_robot_arm_interfaces/lib/python3.12/site-packages/v2_robot_arm_interfaces/msg/_current_joint_info_s.c
[3.718s] -- Up-to-date: /home/darudecookie/Documents/V2-Robot-Arm/software/ros2/src/install/v2_robot_arm_interfaces/lib/python3.12/site-packages/v2_robot_arm_interfaces/msg/_target_cartesian_s.c
[3.718s] -- Up-to-date: /home/darudecookie/Documents/V2-Robot-Arm/software/ros2/src/install/v2_robot_arm_interfaces/lib/python3.12/site-packages/v2_robot_arm_interfaces/msg/_target_ee_info.py
[3.718s] -- Up-to-date: /home/darudecookie/Documents/V2-Robot-Arm/software/ros2/src/install/v2_robot_arm_interfaces/lib/python3.12/site-packages/v2_robot_arm_interfaces/msg/_control_status.py
[3.719s] -- Up-to-date: /home/darudecookie/Documents/V2-Robot-Arm/software/ros2/src/install/v2_robot_arm_interfaces/lib/python3.12/site-packages/v2_robot_arm_interfaces/msg/_current_ee_info_s.c
[3.719s] -- Up-to-date: /home/darudecookie/Documents/V2-Robot-Arm/software/ros2/src/install/v2_robot_arm_interfaces/lib/python3.12/site-packages/v2_robot_arm_interfaces/msg/_target_joint_info.py
[3.719s] -- Up-to-date: /home/darudecookie/Documents/V2-Robot-Arm/software/ros2/src/install/v2_robot_arm_interfaces/lib/python3.12/site-packages/v2_robot_arm_interfaces/srv
[3.719s] -- Up-to-date: /home/darudecookie/Documents/V2-Robot-Arm/software/ros2/src/install/v2_robot_arm_interfaces/lib/python3.12/site-packages/v2_robot_arm_interfaces/srv/_microcontroller_parameter_dump_s.c
[3.720s] -- Up-to-date: /home/darudecookie/Documents/V2-Robot-Arm/software/ros2/src/install/v2_robot_arm_interfaces/lib/python3.12/site-packages/v2_robot_arm_interfaces/srv/_target_ee_state_s.c
[3.720s] -- Up-to-date: /home/darudecookie/Documents/V2-Robot-Arm/software/ros2/src/install/v2_robot_arm_interfaces/lib/python3.12/site-packages/v2_robot_arm_interfaces/srv/_system_status_s.c
[3.720s] -- Up-to-date: /home/darudecookie/Documents/V2-Robot-Arm/software/ros2/src/install/v2_robot_arm_interfaces/lib/python3.12/site-packages/v2_robot_arm_interfaces/srv/__init__.py
[3.720s] -- Up-to-date: /home/darudecookie/Documents/V2-Robot-Arm/software/ros2/src/install/v2_robot_arm_interfaces/lib/python3.12/site-packages/v2_robot_arm_interfaces/srv/_microcontroller_parameter_dump.py
[3.720s] -- Up-to-date: /home/darudecookie/Documents/V2-Robot-Arm/software/ros2/src/install/v2_robot_arm_interfaces/lib/python3.12/site-packages/v2_robot_arm_interfaces/srv/_system_status.py
[3.720s] -- Up-to-date: /home/darudecookie/Documents/V2-Robot-Arm/software/ros2/src/install/v2_robot_arm_interfaces/lib/python3.12/site-packages/v2_robot_arm_interfaces/srv/_target_ee_state.py
[3.764s] Listing '/home/darudecookie/Documents/V2-Robot-Arm/software/ros2/src/install/v2_robot_arm_interfaces/lib/python3.12/site-packages/v2_robot_arm_interfaces'...
[3.764s] Compiling '/home/darudecookie/Documents/V2-Robot-Arm/software/ros2/src/install/v2_robot_arm_interfaces/lib/python3.12/site-packages/v2_robot_arm_interfaces/__init__.py'...
[3.764s] Listing '/home/darudecookie/Documents/V2-Robot-Arm/software/ros2/src/install/v2_robot_arm_interfaces/lib/python3.12/site-packages/v2_robot_arm_interfaces/action'...
[3.764s] Listing '/home/darudecookie/Documents/V2-Robot-Arm/software/ros2/src/install/v2_robot_arm_interfaces/lib/python3.12/site-packages/v2_robot_arm_interfaces/msg'...
[3.765s] Listing '/home/darudecookie/Documents/V2-Robot-Arm/software/ros2/src/install/v2_robot_arm_interfaces/lib/python3.12/site-packages/v2_robot_arm_interfaces/srv'...
[3.775s] -- Up-to-date: /home/darudecookie/Documents/V2-Robot-Arm/software/ros2/src/install/v2_robot_arm_interfaces/lib/python3.12/site-packages/v2_robot_arm_interfaces/v2_robot_arm_interfaces_s__rosidl_typesupport_fastrtps_c.so
[3.777s] -- Up-to-date: /home/darudecookie/Documents/V2-Robot-Arm/software/ros2/src/install/v2_robot_arm_interfaces/lib/python3.12/site-packages/v2_robot_arm_interfaces/v2_robot_arm_interfaces_s__rosidl_typesupport_introspection_c.so
[3.777s] -- Up-to-date: /home/darudecookie/Documents/V2-Robot-Arm/software/ros2/src/install/v2_robot_arm_interfaces/lib/python3.12/site-packages/v2_robot_arm_interfaces/v2_robot_arm_interfaces_s__rosidl_typesupport_c.so
[3.778s] -- Up-to-date: /home/darudecookie/Documents/V2-Robot-Arm/software/ros2/src/install/v2_robot_arm_interfaces/lib/libv2_robot_arm_interfaces__rosidl_generator_py.so
[3.778s] -- Up-to-date: /home/darudecookie/Documents/V2-Robot-Arm/software/ros2/src/install/v2_robot_arm_interfaces/share/v2_robot_arm_interfaces/action/ParametricTrajectoryInfo.idl
[3.779s] -- Up-to-date: /home/darudecookie/Documents/V2-Robot-Arm/software/ros2/src/install/v2_robot_arm_interfaces/share/v2_robot_arm_interfaces/msg/ControlStatus.idl
[3.779s] -- Up-to-date: /home/darudecookie/Documents/V2-Robot-Arm/software/ros2/src/install/v2_robot_arm_interfaces/share/v2_robot_arm_interfaces/msg/CurrentEEInfo.idl
[3.779s] -- Up-to-date: /home/darudecookie/Documents/V2-Robot-Arm/software/ros2/src/install/v2_robot_arm_interfaces/share/v2_robot_arm_interfaces/msg/CurrentJointInfo.idl
[3.779s] -- Up-to-date: /home/darudecookie/Documents/V2-Robot-Arm/software/ros2/src/install/v2_robot_arm_interfaces/share/v2_robot_arm_interfaces/msg/CurrentCartesian.idl
[3.780s] -- Up-to-date: /home/darudecookie/Documents/V2-Robot-Arm/software/ros2/src/install/v2_robot_arm_interfaces/share/v2_robot_arm_interfaces/msg/PeripheralSpeed.idl
[3.780s] -- Up-to-date: /home/darudecookie/Documents/V2-Robot-Arm/software/ros2/src/install/v2_robot_arm_interfaces/share/v2_robot_arm_interfaces/msg/SystemDiagnosticInfo.idl
[3.780s] -- Up-to-date: /home/darudecookie/Documents/V2-Robot-Arm/software/ros2/src/install/v2_robot_arm_interfaces/share/v2_robot_arm_interfaces/msg/TargetCartesian.idl
[3.781s] -- Up-to-date: /home/darudecookie/Documents/V2-Robot-Arm/software/ros2/src/install/v2_robot_arm_interfaces/share/v2_robot_arm_interfaces/msg/TargetEEInfo.idl
[3.782s] -- Up-to-date: /home/darudecookie/Documents/V2-Robot-Arm/software/ros2/src/install/v2_robot_arm_interfaces/share/v2_robot_arm_interfaces/msg/TargetJointInfo.idl
[3.785s] -- Up-to-date: /home/darudecookie/Documents/V2-Robot-Arm/software/ros2/src/install/v2_robot_arm_interfaces/share/v2_robot_arm_interfaces/srv/MicrocontrollerParameterDump.idl
[3.785s] -- Up-to-date: /home/darudecookie/Documents/V2-Robot-Arm/software/ros2/src/install/v2_robot_arm_interfaces/share/v2_robot_arm_interfaces/srv/SystemStatus.idl
[3.785s] -- Up-to-date: /home/darudecookie/Documents/V2-Robot-Arm/software/ros2/src/install/v2_robot_arm_interfaces/share/v2_robot_arm_interfaces/srv/TargetEEState.idl
[3.785s] -- Up-to-date: /home/darudecookie/Documents/V2-Robot-Arm/software/ros2/src/install/v2_robot_arm_interfaces/share/v2_robot_arm_interfaces/action/ParametricTrajectoryInfo.action
[3.786s] -- Up-to-date: /home/darudecookie/Documents/V2-Robot-Arm/software/ros2/src/install/v2_robot_arm_interfaces/share/v2_robot_arm_interfaces/msg/ControlStatus.msg
[3.786s] -- Up-to-date: /home/darudecookie/Documents/V2-Robot-Arm/software/ros2/src/install/v2_robot_arm_interfaces/share/v2_robot_arm_interfaces/msg/CurrentEEInfo.msg
[3.786s] -- Up-to-date: /home/darudecookie/Documents/V2-Robot-Arm/software/ros2/src/install/v2_robot_arm_interfaces/share/v2_robot_arm_interfaces/msg/CurrentJointInfo.msg
[3.786s] -- Up-to-date: /home/darudecookie/Documents/V2-Robot-Arm/software/ros2/src/install/v2_robot_arm_interfaces/share/v2_robot_arm_interfaces/msg/CurrentCartesian.msg
[3.786s] -- Up-to-date: /home/darudecookie/Documents/V2-Robot-Arm/software/ros2/src/install/v2_robot_arm_interfaces/share/v2_robot_arm_interfaces/msg/PeripheralSpeed.msg
[3.787s] -- Installing: /home/darudecookie/Documents/V2-Robot-Arm/software/ros2/src/install/v2_robot_arm_interfaces/share/v2_robot_arm_interfaces/msg/SystemDiagnosticInfo.msg
[3.787s] -- Up-to-date: /home/darudecookie/Documents/V2-Robot-Arm/software/ros2/src/install/v2_robot_arm_interfaces/share/v2_robot_arm_interfaces/msg/TargetCartesian.msg
[3.787s] -- Up-to-date: /home/darudecookie/Documents/V2-Robot-Arm/software/ros2/src/install/v2_robot_arm_interfaces/share/v2_robot_arm_interfaces/msg/TargetEEInfo.msg
[3.787s] -- Up-to-date: /home/darudecookie/Documents/V2-Robot-Arm/software/ros2/src/install/v2_robot_arm_interfaces/share/v2_robot_arm_interfaces/msg/TargetJointInfo.msg
[3.788s] -- Up-to-date: /home/darudecookie/Documents/V2-Robot-Arm/software/ros2/src/install/v2_robot_arm_interfaces/share/v2_robot_arm_interfaces/srv/MicrocontrollerParameterDump.srv
[3.788s] -- Up-to-date: /home/darudecookie/Documents/V2-Robot-Arm/software/ros2/src/install/v2_robot_arm_interfaces/share/v2_robot_arm_interfaces/srv/SystemStatus.srv
[3.788s] -- Up-to-date: /home/darudecookie/Documents/V2-Robot-Arm/software/ros2/src/install/v2_robot_arm_interfaces/share/v2_robot_arm_interfaces/srv/TargetEEState.srv
[3.788s] -- Up-to-date: /home/darudecookie/Documents/V2-Robot-Arm/software/ros2/src/install/v2_robot_arm_interfaces/share/ament_index/resource_index/package_run_dependencies/v2_robot_arm_interfaces
[3.788s] -- Up-to-date: /home/darudecookie/Documents/V2-Robot-Arm/software/ros2/src/install/v2_robot_arm_interfaces/share/ament_index/resource_index/parent_prefix_path/v2_robot_arm_interfaces
[3.789s] -- Up-to-date: /home/darudecookie/Documents/V2-Robot-Arm/software/ros2/src/install/v2_robot_arm_interfaces/share/v2_robot_arm_interfaces/environment/ament_prefix_path.sh
[3.789s] -- Up-to-date: /home/darudecookie/Documents/V2-Robot-Arm/software/ros2/src/install/v2_robot_arm_interfaces/share/v2_robot_arm_interfaces/environment/ament_prefix_path.dsv
[3.789s] -- Up-to-date: /home/darudecookie/Documents/V2-Robot-Arm/software/ros2/src/install/v2_robot_arm_interfaces/share/v2_robot_arm_interfaces/environment/path.sh
[3.789s] -- Up-to-date: /home/darudecookie/Documents/V2-Robot-Arm/software/ros2/src/install/v2_robot_arm_interfaces/share/v2_robot_arm_interfaces/environment/path.dsv
[3.790s] -- Up-to-date: /home/darudecookie/Documents/V2-Robot-Arm/software/ros2/src/install/v2_robot_arm_interfaces/share/v2_robot_arm_interfaces/local_setup.bash
[3.790s] -- Up-to-date: /home/darudecookie/Documents/V2-Robot-Arm/software/ros2/src/install/v2_robot_arm_interfaces/share/v2_robot_arm_interfaces/local_setup.sh
[3.790s] -- Up-to-date: /home/darudecookie/Documents/V2-Robot-Arm/software/ros2/src/install/v2_robot_arm_interfaces/share/v2_robot_arm_interfaces/local_setup.zsh
[3.790s] -- Up-to-date: /home/darudecookie/Documents/V2-Robot-Arm/software/ros2/src/install/v2_robot_arm_interfaces/share/v2_robot_arm_interfaces/local_setup.dsv
[3.790s] -- Installing: /home/darudecookie/Documents/V2-Robot-Arm/software/ros2/src/install/v2_robot_arm_interfaces/share/v2_robot_arm_interfaces/package.dsv
[3.791s] -- Up-to-date: /home/darudecookie/Documents/V2-Robot-Arm/software/ros2/src/install/v2_robot_arm_interfaces/share/ament_index/resource_index/packages/v2_robot_arm_interfaces
[3.791s] -- Up-to-date: /home/darudecookie/Documents/V2-Robot-Arm/software/ros2/src/install/v2_robot_arm_interfaces/share/v2_robot_arm_interfaces/cmake/export_v2_robot_arm_interfaces__rosidl_generator_cExport.cmake
[3.791s] -- Up-to-date: /home/darudecookie/Documents/V2-Robot-Arm/software/ros2/src/install/v2_robot_arm_interfaces/share/v2_robot_arm_interfaces/cmake/export_v2_robot_arm_interfaces__rosidl_generator_cExport-noconfig.cmake
[3.791s] -- Up-to-date: /home/darudecookie/Documents/V2-Robot-Arm/software/ros2/src/install/v2_robot_arm_interfaces/share/v2_robot_arm_interfaces/cmake/export_v2_robot_arm_interfaces__rosidl_typesupport_fastrtps_cExport.cmake
[3.791s] -- Up-to-date: /home/darudecookie/Documents/V2-Robot-Arm/software/ros2/src/install/v2_robot_arm_interfaces/share/v2_robot_arm_interfaces/cmake/export_v2_robot_arm_interfaces__rosidl_typesupport_fastrtps_cExport-noconfig.cmake
[3.792s] -- Up-to-date: /home/darudecookie/Documents/V2-Robot-Arm/software/ros2/src/install/v2_robot_arm_interfaces/share/v2_robot_arm_interfaces/cmake/export_v2_robot_arm_interfaces__rosidl_generator_cppExport.cmake
[3.792s] -- Up-to-date: /home/darudecookie/Documents/V2-Robot-Arm/software/ros2/src/install/v2_robot_arm_interfaces/share/v2_robot_arm_interfaces/cmake/export_v2_robot_arm_interfaces__rosidl_typesupport_fastrtps_cppExport.cmake
[3.792s] -- Up-to-date: /home/darudecookie/Documents/V2-Robot-Arm/software/ros2/src/install/v2_robot_arm_interfaces/share/v2_robot_arm_interfaces/cmake/export_v2_robot_arm_interfaces__rosidl_typesupport_fastrtps_cppExport-noconfig.cmake
[3.792s] -- Up-to-date: /home/darudecookie/Documents/V2-Robot-Arm/software/ros2/src/install/v2_robot_arm_interfaces/share/v2_robot_arm_interfaces/cmake/v2_robot_arm_interfaces__rosidl_typesupport_introspection_cExport.cmake
[3.792s] -- Up-to-date: /home/darudecookie/Documents/V2-Robot-Arm/software/ros2/src/install/v2_robot_arm_interfaces/share/v2_robot_arm_interfaces/cmake/v2_robot_arm_interfaces__rosidl_typesupport_introspection_cExport-noconfig.cmake
[3.793s] -- Up-to-date: /home/darudecookie/Documents/V2-Robot-Arm/software/ros2/src/install/v2_robot_arm_interfaces/share/v2_robot_arm_interfaces/cmake/v2_robot_arm_interfaces__rosidl_typesupport_cExport.cmake
[3.793s] -- Up-to-date: /home/darudecookie/Documents/V2-Robot-Arm/software/ros2/src/install/v2_robot_arm_interfaces/share/v2_robot_arm_interfaces/cmake/v2_robot_arm_interfaces__rosidl_typesupport_cExport-noconfig.cmake
[3.793s] -- Up-to-date: /home/darudecookie/Documents/V2-Robot-Arm/software/ros2/src/install/v2_robot_arm_interfaces/share/v2_robot_arm_interfaces/cmake/v2_robot_arm_interfaces__rosidl_typesupport_introspection_cppExport.cmake
[3.793s] -- Up-to-date: /home/darudecookie/Documents/V2-Robot-Arm/software/ros2/src/install/v2_robot_arm_interfaces/share/v2_robot_arm_interfaces/cmake/v2_robot_arm_interfaces__rosidl_typesupport_introspection_cppExport-noconfig.cmake
[3.793s] -- Up-to-date: /home/darudecookie/Documents/V2-Robot-Arm/software/ros2/src/install/v2_robot_arm_interfaces/share/v2_robot_arm_interfaces/cmake/v2_robot_arm_interfaces__rosidl_typesupport_cppExport.cmake
[3.794s] -- Up-to-date: /home/darudecookie/Documents/V2-Robot-Arm/software/ros2/src/install/v2_robot_arm_interfaces/share/v2_robot_arm_interfaces/cmake/v2_robot_arm_interfaces__rosidl_typesupport_cppExport-noconfig.cmake
[3.794s] -- Up-to-date: /home/darudecookie/Documents/V2-Robot-Arm/software/ros2/src/install/v2_robot_arm_interfaces/share/v2_robot_arm_interfaces/cmake/export_v2_robot_arm_interfaces__rosidl_generator_pyExport.cmake
[3.794s] -- Up-to-date: /home/darudecookie/Documents/V2-Robot-Arm/software/ros2/src/install/v2_robot_arm_interfaces/share/v2_robot_arm_interfaces/cmake/export_v2_robot_arm_interfaces__rosidl_generator_pyExport-noconfig.cmake
[3.794s] -- Up-to-date: /home/darudecookie/Documents/V2-Robot-Arm/software/ros2/src/install/v2_robot_arm_interfaces/share/v2_robot_arm_interfaces/cmake/rosidl_cmake-extras.cmake
[3.795s] -- Up-to-date: /home/darudecookie/Documents/V2-Robot-Arm/software/ros2/src/install/v2_robot_arm_interfaces/share/v2_robot_arm_interfaces/cmake/ament_cmake_export_dependencies-extras.cmake
[3.795s] -- Up-to-date: /home/darudecookie/Documents/V2-Robot-Arm/software/ros2/src/install/v2_robot_arm_interfaces/share/v2_robot_arm_interfaces/cmake/ament_cmake_export_include_directories-extras.cmake
[3.795s] -- Up-to-date: /home/darudecookie/Documents/V2-Robot-Arm/software/ros2/src/install/v2_robot_arm_interfaces/share/v2_robot_arm_interfaces/cmake/ament_cmake_export_libraries-extras.cmake
[3.795s] -- Up-to-date: /home/darudecookie/Documents/V2-Robot-Arm/software/ros2/src/install/v2_robot_arm_interfaces/share/v2_robot_arm_interfaces/cmake/ament_cmake_export_targets-extras.cmake
[3.795s] -- Up-to-date: /home/darudecookie/Documents/V2-Robot-Arm/software/ros2/src/install/v2_robot_arm_interfaces/share/v2_robot_arm_interfaces/cmake/rosidl_cmake_export_typesupport_targets-extras.cmake
[3.796s] -- Up-to-date: /home/darudecookie/Documents/V2-Robot-Arm/software/ros2/src/install/v2_robot_arm_interfaces/share/v2_robot_arm_interfaces/cmake/rosidl_cmake_export_typesupport_libraries-extras.cmake
[3.796s] -- Up-to-date: /home/darudecookie/Documents/V2-Robot-Arm/software/ros2/src/install/v2_robot_arm_interfaces/share/v2_robot_arm_interfaces/cmake/v2_robot_arm_interfacesConfig.cmake
[3.796s] -- Up-to-date: /home/darudecookie/Documents/V2-Robot-Arm/software/ros2/src/install/v2_robot_arm_interfaces/share/v2_robot_arm_interfaces/cmake/v2_robot_arm_interfacesConfig-version.cmake
[3.796s] -- Up-to-date: /home/darudecookie/Documents/V2-Robot-Arm/software/ros2/src/install/v2_robot_arm_interfaces/share/v2_robot_arm_interfaces/package.xml
[3.800s] Invoked command in '/home/darudecookie/Documents/V2-Robot-Arm/software/ros2/src/build/v2_robot_arm_interfaces' returned '0': CMAKE_PREFIX_PATH=${CMAKE_PREFIX_PATH}:/home/darudecookie/Documents/V2-Robot-Arm/software/ros2/src/install/movement_controllers:/home/darudecookie/Documents/V2-Robot-Arm/software/ros2/src/install/hardware_interface:/home/darudecookie/Documents/V2-Robot-Arm/software/ros2/src/install/ros_controller_interface:/opt/ros/rolling DEBUGINFOD_URLS=https://debuginfod.ubuntu.com /usr/bin/cmake --install /home/darudecookie/Documents/V2-Robot-Arm/software/ros2/src/build/v2_robot_arm_interfaces
