[3.480s] Invoking command in '/home/darudecookie/Documents/V2-Robot-Arm/software/ros2/src/hardware_interface': DEBUGINFOD_URLS=https://debuginfod.ubuntu.com PYTHONPATH=/home/darudecookie/Documents/V2-Robot-Arm/software/ros2/src/build/hardware_interface/prefix_override:/home/darudecookie/Documents/V2-Robot-Arm/software/ros2/src/install/hardware_interface/lib/python3.12/site-packages:/home/darudecookie/Documents/V2-Robot-Arm/software/ros2/src/install/v2_robot_arm_interfaces/lib/python3.12/site-packages:/home/darudecookie/Documents/V2-Robot-Arm/software/ros2/src/install/movement_controllers/lib/python3.12/site-packages:/home/darudecookie/Documents/V2-Robot-Arm/software/ros2/src/install/hardware_interface/lib/python3.12/site-packages:/home/darudecookie/Documents/V2-Robot-Arm/software/ros2/src/install/ros_controller_interface/lib/python3.12/site-packages:/opt/ros/rolling/lib/python3.12/site-packages /usr/bin/python3 -W ignore:setup.py install is deprecated setup.py egg_info --egg-base ../build/hardware_interface build --build-base /home/darudecookie/Documents/V2-Robot-Arm/software/ros2/src/build/hardware_interface/build install --record /home/darudecookie/Documents/V2-Robot-Arm/software/ros2/src/build/hardware_interface/install.log --single-version-externally-managed install_data
[4.764s] running egg_info
[4.855s] writing ../build/hardware_interface/hardware_interface.egg-info/PKG-INFO
[4.856s] writing dependency_links to ../build/hardware_interface/hardware_interface.egg-info/dependency_links.txt
[4.857s] writing entry points to ../build/hardware_interface/hardware_interface.egg-info/entry_points.txt
[4.858s] writing requirements to ../build/hardware_interface/hardware_interface.egg-info/requires.txt
[4.858s] writing top-level names to ../build/hardware_interface/hardware_interface.egg-info/top_level.txt
[5.005s] reading manifest file '../build/hardware_interface/hardware_interface.egg-info/SOURCES.txt'
[5.014s] writing manifest file '../build/hardware_interface/hardware_interface.egg-info/SOURCES.txt'
[5.014s] running build
[5.014s] running build_py
[5.015s] running install
[5.050s] running install_lib
[5.134s] running install_data
[5.136s] running install_egg_info
[5.247s] removing '/home/darudecookie/Documents/V2-Robot-Arm/software/ros2/src/install/hardware_interface/lib/python3.12/site-packages/hardware_interface-0.0.1-py3.12.egg-info' (and everything under it)
[5.248s] Copying ../build/hardware_interface/hardware_interface.egg-info to /home/darudecookie/Documents/V2-Robot-Arm/software/ros2/src/install/hardware_interface/lib/python3.12/site-packages/hardware_interface-0.0.1-py3.12.egg-info
[5.253s] running install_scripts
[5.947s] Installing End_Effector_Controller_Node script to /home/darudecookie/Documents/V2-Robot-Arm/software/ros2/src/install/hardware_interface/lib/hardware_interface
[5.949s] Installing Microcontroller_Interface_Node script to /home/darudecookie/Documents/V2-Robot-Arm/software/ros2/src/install/hardware_interface/lib/hardware_interface
[5.950s] writing list of installed files to '/home/darudecookie/Documents/V2-Robot-Arm/software/ros2/src/build/hardware_interface/install.log'
[6.041s] Invoked command in '/home/darudecookie/Documents/V2-Robot-Arm/software/ros2/src/hardware_interface' returned '0': DEBUGINFOD_URLS=https://debuginfod.ubuntu.com PYTHONPATH=/home/darudecookie/Documents/V2-Robot-Arm/software/ros2/src/build/hardware_interface/prefix_override:/home/darudecookie/Documents/V2-Robot-Arm/software/ros2/src/install/hardware_interface/lib/python3.12/site-packages:/home/darudecookie/Documents/V2-Robot-Arm/software/ros2/src/install/v2_robot_arm_interfaces/lib/python3.12/site-packages:/home/darudecookie/Documents/V2-Robot-Arm/software/ros2/src/install/movement_controllers/lib/python3.12/site-packages:/home/darudecookie/Documents/V2-Robot-Arm/software/ros2/src/install/hardware_interface/lib/python3.12/site-packages:/home/darudecookie/Documents/V2-Robot-Arm/software/ros2/src/install/ros_controller_interface/lib/python3.12/site-packages:/opt/ros/rolling/lib/python3.12/site-packages /usr/bin/python3 -W ignore:setup.py install is deprecated setup.py egg_info --egg-base ../build/hardware_interface build --build-base /home/darudecookie/Documents/V2-Robot-Arm/software/ros2/src/build/hardware_interface/build install --record /home/darudecookie/Documents/V2-Robot-Arm/software/ros2/src/build/hardware_interface/install.log --single-version-externally-managed install_data
