running egg_info
creating ../../build/movement_controllers/movement_controllers.egg-info
writing ../../build/movement_controllers/movement_controllers.egg-info/PKG-INFO
writing dependency_links to ../../build/movement_controllers/movement_controllers.egg-info/dependency_links.txt
writing entry points to ../../build/movement_controllers/movement_controllers.egg-info/entry_points.txt
writing requirements to ../../build/movement_controllers/movement_controllers.egg-info/requires.txt
writing top-level names to ../../build/movement_controllers/movement_controllers.egg-info/top_level.txt
writing manifest file '../../build/movement_controllers/movement_controllers.egg-info/SOURCES.txt'
reading manifest file '../../build/movement_controllers/movement_controllers.egg-info/SOURCES.txt'
writing manifest file '../../build/movement_controllers/movement_controllers.egg-info/SOURCES.txt'
running build
running build_py
creating /home/darudecookie/Documents/V2-Robot-Arm/software/ros2/build/movement_controllers/build
creating /home/darudecookie/Documents/V2-Robot-Arm/software/ros2/build/movement_controllers/build/lib
creating /home/darudecookie/Documents/V2-Robot-Arm/software/ros2/build/movement_controllers/build/lib/movement_controllers
copying movement_controllers/Peripheral_Interface_Node.py -> /home/darudecookie/Documents/V2-Robot-Arm/software/ros2/build/movement_controllers/build/lib/movement_controllers
copying movement_controllers/__init__.py -> /home/darudecookie/Documents/V2-Robot-Arm/software/ros2/build/movement_controllers/build/lib/movement_controllers
copying movement_controllers/IK_Solver_Node.py -> /home/darudecookie/Documents/V2-Robot-Arm/software/ros2/build/movement_controllers/build/lib/movement_controllers
copying movement_controllers/Trajectory_Controller_Node.py -> /home/darudecookie/Documents/V2-Robot-Arm/software/ros2/build/movement_controllers/build/lib/movement_controllers
running install
running install_lib
creating /home/darudecookie/Documents/V2-Robot-Arm/software/ros2/install/movement_controllers/lib/python3.12/site-packages/movement_controllers
copying /home/darudecookie/Documents/V2-Robot-Arm/software/ros2/build/movement_controllers/build/lib/movement_controllers/Peripheral_Interface_Node.py -> /home/darudecookie/Documents/V2-Robot-Arm/software/ros2/install/movement_controllers/lib/python3.12/site-packages/movement_controllers
copying /home/darudecookie/Documents/V2-Robot-Arm/software/ros2/build/movement_controllers/build/lib/movement_controllers/__init__.py -> /home/darudecookie/Documents/V2-Robot-Arm/software/ros2/install/movement_controllers/lib/python3.12/site-packages/movement_controllers
copying /home/darudecookie/Documents/V2-Robot-Arm/software/ros2/build/movement_controllers/build/lib/movement_controllers/IK_Solver_Node.py -> /home/darudecookie/Documents/V2-Robot-Arm/software/ros2/install/movement_controllers/lib/python3.12/site-packages/movement_controllers
copying /home/darudecookie/Documents/V2-Robot-Arm/software/ros2/build/movement_controllers/build/lib/movement_controllers/Trajectory_Controller_Node.py -> /home/darudecookie/Documents/V2-Robot-Arm/software/ros2/install/movement_controllers/lib/python3.12/site-packages/movement_controllers
byte-compiling /home/darudecookie/Documents/V2-Robot-Arm/software/ros2/install/movement_controllers/lib/python3.12/site-packages/movement_controllers/Peripheral_Interface_Node.py to Peripheral_Interface_Node.cpython-312.pyc
byte-compiling /home/darudecookie/Documents/V2-Robot-Arm/software/ros2/install/movement_controllers/lib/python3.12/site-packages/movement_controllers/__init__.py to __init__.cpython-312.pyc
byte-compiling /home/darudecookie/Documents/V2-Robot-Arm/software/ros2/install/movement_controllers/lib/python3.12/site-packages/movement_controllers/IK_Solver_Node.py to IK_Solver_Node.cpython-312.pyc
byte-compiling /home/darudecookie/Documents/V2-Robot-Arm/software/ros2/install/movement_controllers/lib/python3.12/site-packages/movement_controllers/Trajectory_Controller_Node.py to Trajectory_Controller_Node.cpython-312.pyc
running install_data
creating /home/darudecookie/Documents/V2-Robot-Arm/software/ros2/install/movement_controllers/share/ament_index
creating /home/darudecookie/Documents/V2-Robot-Arm/software/ros2/install/movement_controllers/share/ament_index/resource_index
creating /home/darudecookie/Documents/V2-Robot-Arm/software/ros2/install/movement_controllers/share/ament_index/resource_index/packages
copying resource/movement_controllers -> /home/darudecookie/Documents/V2-Robot-Arm/software/ros2/install/movement_controllers/share/ament_index/resource_index/packages
copying package.xml -> /home/darudecookie/Documents/V2-Robot-Arm/software/ros2/install/movement_controllers/share/movement_controllers
running install_egg_info
Copying ../../build/movement_controllers/movement_controllers.egg-info to /home/darudecookie/Documents/V2-Robot-Arm/software/ros2/install/movement_controllers/lib/python3.12/site-packages/movement_controllers-0.0.1-py3.12.egg-info
running install_scripts
Installing Peripheral_Intreface_Node script to /home/darudecookie/Documents/V2-Robot-Arm/software/ros2/install/movement_controllers/lib/movement_controllers
writing list of installed files to '/home/darudecookie/Documents/V2-Robot-Arm/software/ros2/build/movement_controllers/install.log'
