[1.618s] Invoking command in '/home/darudecookie/Documents/V2-Robot-Arm/software/ros2/src/movement_controllers': DEBUGINFOD_URLS=https://debuginfod.ubuntu.com PYTHONPATH=/home/darudecookie/Documents/V2-Robot-Arm/software/ros2/build/movement_controllers/prefix_override:/home/darudecookie/Documents/V2-Robot-Arm/software/ros2/install/movement_controllers/lib/python3.12/site-packages:${PYTHONPATH} /usr/bin/python3 -W ignore:setup.py install is deprecated setup.py egg_info --egg-base ../../build/movement_controllers build --build-base /home/darudecookie/Documents/V2-Robot-Arm/software/ros2/build/movement_controllers/build install --record /home/darudecookie/Documents/V2-Robot-Arm/software/ros2/build/movement_controllers/install.log --single-version-externally-managed install_data
[2.048s] running egg_info
[2.048s] creating ../../build/movement_controllers/movement_controllers.egg-info
[2.071s] writing ../../build/movement_controllers/movement_controllers.egg-info/PKG-INFO
[2.074s] writing dependency_links to ../../build/movement_controllers/movement_controllers.egg-info/dependency_links.txt
[2.074s] writing entry points to ../../build/movement_controllers/movement_controllers.egg-info/entry_points.txt
[2.074s] writing requirements to ../../build/movement_controllers/movement_controllers.egg-info/requires.txt
[2.074s] writing top-level names to ../../build/movement_controllers/movement_controllers.egg-info/top_level.txt
[2.074s] writing manifest file '../../build/movement_controllers/movement_controllers.egg-info/SOURCES.txt'
[2.149s] reading manifest file '../../build/movement_controllers/movement_controllers.egg-info/SOURCES.txt'
[2.150s] writing manifest file '../../build/movement_controllers/movement_controllers.egg-info/SOURCES.txt'
[2.150s] running build
[2.150s] running build_py
[2.150s] creating /home/darudecookie/Documents/V2-Robot-Arm/software/ros2/build/movement_controllers/build
[2.150s] creating /home/darudecookie/Documents/V2-Robot-Arm/software/ros2/build/movement_controllers/build/lib
[2.151s] creating /home/darudecookie/Documents/V2-Robot-Arm/software/ros2/build/movement_controllers/build/lib/movement_controllers
[2.151s] copying movement_controllers/Peripheral_Interface_Node.py -> /home/darudecookie/Documents/V2-Robot-Arm/software/ros2/build/movement_controllers/build/lib/movement_controllers
[2.151s] copying movement_controllers/__init__.py -> /home/darudecookie/Documents/V2-Robot-Arm/software/ros2/build/movement_controllers/build/lib/movement_controllers
[2.151s] copying movement_controllers/IK_Solver_Node.py -> /home/darudecookie/Documents/V2-Robot-Arm/software/ros2/build/movement_controllers/build/lib/movement_controllers
[2.151s] copying movement_controllers/Trajectory_Controller_Node.py -> /home/darudecookie/Documents/V2-Robot-Arm/software/ros2/build/movement_controllers/build/lib/movement_controllers
[2.151s] running install
[2.158s] running install_lib
[2.182s] creating /home/darudecookie/Documents/V2-Robot-Arm/software/ros2/install/movement_controllers/lib/python3.12/site-packages/movement_controllers
[2.183s] copying /home/darudecookie/Documents/V2-Robot-Arm/software/ros2/build/movement_controllers/build/lib/movement_controllers/Peripheral_Interface_Node.py -> /home/darudecookie/Documents/V2-Robot-Arm/software/ros2/install/movement_controllers/lib/python3.12/site-packages/movement_controllers
[2.183s] copying /home/darudecookie/Documents/V2-Robot-Arm/software/ros2/build/movement_controllers/build/lib/movement_controllers/__init__.py -> /home/darudecookie/Documents/V2-Robot-Arm/software/ros2/install/movement_controllers/lib/python3.12/site-packages/movement_controllers
[2.183s] copying /home/darudecookie/Documents/V2-Robot-Arm/software/ros2/build/movement_controllers/build/lib/movement_controllers/IK_Solver_Node.py -> /home/darudecookie/Documents/V2-Robot-Arm/software/ros2/install/movement_controllers/lib/python3.12/site-packages/movement_controllers
[2.183s] copying /home/darudecookie/Documents/V2-Robot-Arm/software/ros2/build/movement_controllers/build/lib/movement_controllers/Trajectory_Controller_Node.py -> /home/darudecookie/Documents/V2-Robot-Arm/software/ros2/install/movement_controllers/lib/python3.12/site-packages/movement_controllers
[2.184s] byte-compiling /home/darudecookie/Documents/V2-Robot-Arm/software/ros2/install/movement_controllers/lib/python3.12/site-packages/movement_controllers/Peripheral_Interface_Node.py to Peripheral_Interface_Node.cpython-312.pyc
[2.184s] byte-compiling /home/darudecookie/Documents/V2-Robot-Arm/software/ros2/install/movement_controllers/lib/python3.12/site-packages/movement_controllers/__init__.py to __init__.cpython-312.pyc
[2.184s] byte-compiling /home/darudecookie/Documents/V2-Robot-Arm/software/ros2/install/movement_controllers/lib/python3.12/site-packages/movement_controllers/IK_Solver_Node.py to IK_Solver_Node.cpython-312.pyc
[2.185s] byte-compiling /home/darudecookie/Documents/V2-Robot-Arm/software/ros2/install/movement_controllers/lib/python3.12/site-packages/movement_controllers/Trajectory_Controller_Node.py to Trajectory_Controller_Node.cpython-312.pyc
[2.185s] running install_data
[2.185s] creating /home/darudecookie/Documents/V2-Robot-Arm/software/ros2/install/movement_controllers/share/ament_index
[2.185s] creating /home/darudecookie/Documents/V2-Robot-Arm/software/ros2/install/movement_controllers/share/ament_index/resource_index
[2.186s] creating /home/darudecookie/Documents/V2-Robot-Arm/software/ros2/install/movement_controllers/share/ament_index/resource_index/packages
[2.186s] copying resource/movement_controllers -> /home/darudecookie/Documents/V2-Robot-Arm/software/ros2/install/movement_controllers/share/ament_index/resource_index/packages
[2.186s] copying package.xml -> /home/darudecookie/Documents/V2-Robot-Arm/software/ros2/install/movement_controllers/share/movement_controllers
[2.186s] running install_egg_info
[2.217s] Copying ../../build/movement_controllers/movement_controllers.egg-info to /home/darudecookie/Documents/V2-Robot-Arm/software/ros2/install/movement_controllers/lib/python3.12/site-packages/movement_controllers-0.0.1-py3.12.egg-info
[2.219s] running install_scripts
[2.432s] Installing Peripheral_Intreface_Node script to /home/darudecookie/Documents/V2-Robot-Arm/software/ros2/install/movement_controllers/lib/movement_controllers
[2.433s] writing list of installed files to '/home/darudecookie/Documents/V2-Robot-Arm/software/ros2/build/movement_controllers/install.log'
[2.475s] Invoked command in '/home/darudecookie/Documents/V2-Robot-Arm/software/ros2/src/movement_controllers' returned '0': DEBUGINFOD_URLS=https://debuginfod.ubuntu.com PYTHONPATH=/home/darudecookie/Documents/V2-Robot-Arm/software/ros2/build/movement_controllers/prefix_override:/home/darudecookie/Documents/V2-Robot-Arm/software/ros2/install/movement_controllers/lib/python3.12/site-packages:${PYTHONPATH} /usr/bin/python3 -W ignore:setup.py install is deprecated setup.py egg_info --egg-base ../../build/movement_controllers build --build-base /home/darudecookie/Documents/V2-Robot-Arm/software/ros2/build/movement_controllers/build install --record /home/darudecookie/Documents/V2-Robot-Arm/software/ros2/build/movement_controllers/install.log --single-version-externally-managed install_data
