[0.168s] DEBUG:colcon:Command line arguments: ['/usr/bin/colcon', 'build']
[0.169s] DEBUG:colcon:Parsed command line arguments: Namespace(log_base=None, log_level=None, verb_name='build', build_base='build', install_base='install', merge_install=False, symlink_install=False, test_result_base=None, continue_on_error=False, executor='parallel', parallel_workers=4, event_handlers=None, ignore_user_meta=False, metas=['./colcon.meta'], base_paths=['.'], packages_ignore=None, packages_ignore_regex=None, paths=None, packages_up_to=None, packages_up_to_regex=None, packages_above=None, packages_above_and_dependencies=None, packages_above_depth=None, packages_select_by_dep=None, packages_skip_by_dep=None, packages_skip_up_to=None, packages_select_build_failed=False, packages_skip_build_finished=False, packages_select_test_failures=False, packages_skip_test_passed=False, packages_select=None, packages_skip=None, packages_select_regex=None, packages_skip_regex=None, packages_start=None, packages_end=None, allow_overriding=[], cmake_args=None, cmake_target=None, cmake_target_skip_unavailable=False, cmake_clean_cache=False, cmake_clean_first=False, cmake_force_configure=False, ament_cmake_args=None, catkin_cmake_args=None, catkin_skip_building_tests=False, mixin_files=None, mixin=None, verb_parser=<colcon_mixin.mixin.mixin_argument.MixinArgumentDecorator object at 0x76c53f4a62d0>, verb_extension=<colcon_core.verb.build.BuildVerb object at 0x76c53f41f5f0>, main=<bound method BuildVerb.main of <colcon_core.verb.build.BuildVerb object at 0x76c53f41f5f0>>, mixin_verb=('build',))
[0.216s] Level 1:colcon.colcon_core.package_discovery:discover_packages(colcon_meta) check parameters
[0.216s] Level 1:colcon.colcon_core.package_discovery:discover_packages(recursive) check parameters
[0.216s] Level 1:colcon.colcon_core.package_discovery:discover_packages(ignore) check parameters
[0.216s] Level 1:colcon.colcon_core.package_discovery:discover_packages(path) check parameters
[0.216s] Level 1:colcon.colcon_core.package_discovery:discover_packages(colcon_meta) discover
[0.217s] Level 1:colcon.colcon_core.package_discovery:discover_packages(recursive) discover
[0.217s] INFO:colcon.colcon_core.package_discovery:Crawling recursively for packages in '/home/darudecookie/Documents/V2-Robot-Arm/software/ros2/src'
[0.217s] Level 1:colcon.colcon_core.package_identification:_identify(.) by extensions ['ignore', 'ignore_ament_install']
[0.217s] Level 1:colcon.colcon_core.package_identification:_identify(.) by extension 'ignore'
[0.217s] Level 1:colcon.colcon_core.package_identification:_identify(.) by extension 'ignore_ament_install'
[0.217s] Level 1:colcon.colcon_core.package_identification:_identify(.) by extensions ['colcon_pkg']
[0.217s] Level 1:colcon.colcon_core.package_identification:_identify(.) by extension 'colcon_pkg'
[0.217s] Level 1:colcon.colcon_core.package_identification:_identify(.) by extensions ['colcon_meta']
[0.217s] Level 1:colcon.colcon_core.package_identification:_identify(.) by extension 'colcon_meta'
[0.218s] Level 1:colcon.colcon_core.package_identification:_identify(.) by extensions ['ros']
[0.218s] Level 1:colcon.colcon_core.package_identification:_identify(.) by extension 'ros'
[0.251s] Level 1:colcon.colcon_core.package_identification:_identify(.) by extensions ['cmake', 'python']
[0.252s] Level 1:colcon.colcon_core.package_identification:_identify(.) by extension 'cmake'
[0.252s] Level 1:colcon.colcon_core.package_identification:_identify(.) by extension 'python'
[0.252s] Level 1:colcon.colcon_core.package_identification:_identify(.) by extensions ['python_setup_py']
[0.252s] Level 1:colcon.colcon_core.package_identification:_identify(.) by extension 'python_setup_py'
[0.252s] Level 1:colcon.colcon_core.package_identification:_identify(build) by extensions ['ignore', 'ignore_ament_install']
[0.252s] Level 1:colcon.colcon_core.package_identification:_identify(build) by extension 'ignore'
[0.252s] Level 1:colcon.colcon_core.package_identification:_identify(build) ignored
[0.252s] Level 1:colcon.colcon_core.package_identification:_identify(hardware_interface) by extensions ['ignore', 'ignore_ament_install']
[0.253s] Level 1:colcon.colcon_core.package_identification:_identify(hardware_interface) by extension 'ignore'
[0.253s] Level 1:colcon.colcon_core.package_identification:_identify(hardware_interface) by extension 'ignore_ament_install'
[0.253s] Level 1:colcon.colcon_core.package_identification:_identify(hardware_interface) by extensions ['colcon_pkg']
[0.253s] Level 1:colcon.colcon_core.package_identification:_identify(hardware_interface) by extension 'colcon_pkg'
[0.253s] Level 1:colcon.colcon_core.package_identification:_identify(hardware_interface) by extensions ['colcon_meta']
[0.253s] Level 1:colcon.colcon_core.package_identification:_identify(hardware_interface) by extension 'colcon_meta'
[0.253s] Level 1:colcon.colcon_core.package_identification:_identify(hardware_interface) by extensions ['ros']
[0.253s] Level 1:colcon.colcon_core.package_identification:_identify(hardware_interface) by extension 'ros'
[0.256s] DEBUG:colcon.colcon_core.package_identification:Package 'hardware_interface' with type 'ros.ament_python' and name 'hardware_interface'
[0.256s] Level 1:colcon.colcon_core.package_identification:_identify(install) by extensions ['ignore', 'ignore_ament_install']
[0.256s] Level 1:colcon.colcon_core.package_identification:_identify(install) by extension 'ignore'
[0.257s] Level 1:colcon.colcon_core.package_identification:_identify(install) ignored
[0.257s] Level 1:colcon.colcon_core.package_identification:_identify(log) by extensions ['ignore', 'ignore_ament_install']
[0.257s] Level 1:colcon.colcon_core.package_identification:_identify(log) by extension 'ignore'
[0.257s] Level 1:colcon.colcon_core.package_identification:_identify(log) ignored
[0.257s] Level 1:colcon.colcon_core.package_identification:_identify(movement_controllers) by extensions ['ignore', 'ignore_ament_install']
[0.257s] Level 1:colcon.colcon_core.package_identification:_identify(movement_controllers) by extension 'ignore'
[0.258s] Level 1:colcon.colcon_core.package_identification:_identify(movement_controllers) by extension 'ignore_ament_install'
[0.258s] Level 1:colcon.colcon_core.package_identification:_identify(movement_controllers) by extensions ['colcon_pkg']
[0.258s] Level 1:colcon.colcon_core.package_identification:_identify(movement_controllers) by extension 'colcon_pkg'
[0.258s] Level 1:colcon.colcon_core.package_identification:_identify(movement_controllers) by extensions ['colcon_meta']
[0.258s] Level 1:colcon.colcon_core.package_identification:_identify(movement_controllers) by extension 'colcon_meta'
[0.258s] Level 1:colcon.colcon_core.package_identification:_identify(movement_controllers) by extensions ['ros']
[0.258s] Level 1:colcon.colcon_core.package_identification:_identify(movement_controllers) by extension 'ros'
[0.259s] DEBUG:colcon.colcon_core.package_identification:Package 'movement_controllers' with type 'ros.ament_python' and name 'movement_controllers'
[0.259s] Level 1:colcon.colcon_core.package_identification:_identify(ros_controller_interface) by extensions ['ignore', 'ignore_ament_install']
[0.259s] Level 1:colcon.colcon_core.package_identification:_identify(ros_controller_interface) by extension 'ignore'
[0.259s] Level 1:colcon.colcon_core.package_identification:_identify(ros_controller_interface) by extension 'ignore_ament_install'
[0.259s] Level 1:colcon.colcon_core.package_identification:_identify(ros_controller_interface) by extensions ['colcon_pkg']
[0.259s] Level 1:colcon.colcon_core.package_identification:_identify(ros_controller_interface) by extension 'colcon_pkg'
[0.259s] Level 1:colcon.colcon_core.package_identification:_identify(ros_controller_interface) by extensions ['colcon_meta']
[0.260s] Level 1:colcon.colcon_core.package_identification:_identify(ros_controller_interface) by extension 'colcon_meta'
[0.260s] Level 1:colcon.colcon_core.package_identification:_identify(ros_controller_interface) by extensions ['ros']
[0.260s] Level 1:colcon.colcon_core.package_identification:_identify(ros_controller_interface) by extension 'ros'
[0.260s] DEBUG:colcon.colcon_core.package_identification:Package 'ros_controller_interface' with type 'ros.ament_python' and name 'ros_controller_interface'
[0.260s] Level 1:colcon.colcon_core.package_identification:_identify(v2_robot_arm_interfaces) by extensions ['ignore', 'ignore_ament_install']
[0.260s] Level 1:colcon.colcon_core.package_identification:_identify(v2_robot_arm_interfaces) by extension 'ignore'
[0.261s] Level 1:colcon.colcon_core.package_identification:_identify(v2_robot_arm_interfaces) by extension 'ignore_ament_install'
[0.261s] Level 1:colcon.colcon_core.package_identification:_identify(v2_robot_arm_interfaces) by extensions ['colcon_pkg']
[0.261s] Level 1:colcon.colcon_core.package_identification:_identify(v2_robot_arm_interfaces) by extension 'colcon_pkg'
[0.261s] Level 1:colcon.colcon_core.package_identification:_identify(v2_robot_arm_interfaces) by extensions ['colcon_meta']
[0.261s] Level 1:colcon.colcon_core.package_identification:_identify(v2_robot_arm_interfaces) by extension 'colcon_meta'
[0.261s] Level 1:colcon.colcon_core.package_identification:_identify(v2_robot_arm_interfaces) by extensions ['ros']
[0.261s] Level 1:colcon.colcon_core.package_identification:_identify(v2_robot_arm_interfaces) by extension 'ros'
[0.262s] DEBUG:colcon.colcon_core.package_identification:Package 'v2_robot_arm_interfaces' with type 'ros.ament_cmake' and name 'v2_robot_arm_interfaces'
[0.262s] Level 1:colcon.colcon_core.package_discovery:discover_packages(recursive) using defaults
[0.262s] Level 1:colcon.colcon_core.package_discovery:discover_packages(ignore) discover
[0.262s] Level 1:colcon.colcon_core.package_discovery:discover_packages(ignore) using defaults
[0.262s] Level 1:colcon.colcon_core.package_discovery:discover_packages(path) discover
[0.262s] Level 1:colcon.colcon_core.package_discovery:discover_packages(path) using defaults
[0.287s] Level 1:colcon.colcon_core.package_discovery:discover_packages(prefix_path) check parameters
[0.287s] Level 1:colcon.colcon_core.package_discovery:discover_packages(prefix_path) discover
[0.290s] DEBUG:colcon.colcon_installed_package_information.package_discovery:Found 5 installed packages in /home/darudecookie/Documents/V2-Robot-Arm/software/ros2/src/install
[0.292s] DEBUG:colcon.colcon_installed_package_information.package_discovery:Found 285 installed packages in /opt/ros/rolling
[0.294s] Level 1:colcon.colcon_core.package_discovery:discover_packages(prefix_path) using defaults
[0.353s] Level 5:colcon.colcon_core.verb:set package 'ros_controller_interface' build argument 'cmake_args' from command line to 'None'
[0.353s] Level 5:colcon.colcon_core.verb:set package 'ros_controller_interface' build argument 'cmake_target' from command line to 'None'
[0.353s] Level 5:colcon.colcon_core.verb:set package 'ros_controller_interface' build argument 'cmake_target_skip_unavailable' from command line to 'False'
[0.353s] Level 5:colcon.colcon_core.verb:set package 'ros_controller_interface' build argument 'cmake_clean_cache' from command line to 'False'
[0.353s] Level 5:colcon.colcon_core.verb:set package 'ros_controller_interface' build argument 'cmake_clean_first' from command line to 'False'
[0.353s] Level 5:colcon.colcon_core.verb:set package 'ros_controller_interface' build argument 'cmake_force_configure' from command line to 'False'
[0.353s] Level 5:colcon.colcon_core.verb:set package 'ros_controller_interface' build argument 'ament_cmake_args' from command line to 'None'
[0.354s] Level 5:colcon.colcon_core.verb:set package 'ros_controller_interface' build argument 'catkin_cmake_args' from command line to 'None'
[0.354s] Level 5:colcon.colcon_core.verb:set package 'ros_controller_interface' build argument 'catkin_skip_building_tests' from command line to 'False'
[0.354s] DEBUG:colcon.colcon_core.verb:Building package 'ros_controller_interface' with the following arguments: {'ament_cmake_args': None, 'build_base': '/home/darudecookie/Documents/V2-Robot-Arm/software/ros2/src/build/ros_controller_interface', 'catkin_cmake_args': None, 'catkin_skip_building_tests': False, 'cmake_args': None, 'cmake_clean_cache': False, 'cmake_clean_first': False, 'cmake_force_configure': False, 'cmake_target': None, 'cmake_target_skip_unavailable': False, 'install_base': '/home/darudecookie/Documents/V2-Robot-Arm/software/ros2/src/install/ros_controller_interface', 'merge_install': False, 'path': '/home/darudecookie/Documents/V2-Robot-Arm/software/ros2/src/ros_controller_interface', 'symlink_install': False, 'test_result_base': None}
[0.354s] Level 5:colcon.colcon_core.verb:set package 'v2_robot_arm_interfaces' build argument 'cmake_args' from command line to 'None'
[0.354s] Level 5:colcon.colcon_core.verb:set package 'v2_robot_arm_interfaces' build argument 'cmake_target' from command line to 'None'
[0.354s] Level 5:colcon.colcon_core.verb:set package 'v2_robot_arm_interfaces' build argument 'cmake_target_skip_unavailable' from command line to 'False'
[0.354s] Level 5:colcon.colcon_core.verb:set package 'v2_robot_arm_interfaces' build argument 'cmake_clean_cache' from command line to 'False'
[0.354s] Level 5:colcon.colcon_core.verb:set package 'v2_robot_arm_interfaces' build argument 'cmake_clean_first' from command line to 'False'
[0.354s] Level 5:colcon.colcon_core.verb:set package 'v2_robot_arm_interfaces' build argument 'cmake_force_configure' from command line to 'False'
[0.354s] Level 5:colcon.colcon_core.verb:set package 'v2_robot_arm_interfaces' build argument 'ament_cmake_args' from command line to 'None'
[0.355s] Level 5:colcon.colcon_core.verb:set package 'v2_robot_arm_interfaces' build argument 'catkin_cmake_args' from command line to 'None'
[0.355s] Level 5:colcon.colcon_core.verb:set package 'v2_robot_arm_interfaces' build argument 'catkin_skip_building_tests' from command line to 'False'
[0.355s] DEBUG:colcon.colcon_core.verb:Building package 'v2_robot_arm_interfaces' with the following arguments: {'ament_cmake_args': None, 'build_base': '/home/darudecookie/Documents/V2-Robot-Arm/software/ros2/src/build/v2_robot_arm_interfaces', 'catkin_cmake_args': None, 'catkin_skip_building_tests': False, 'cmake_args': None, 'cmake_clean_cache': False, 'cmake_clean_first': False, 'cmake_force_configure': False, 'cmake_target': None, 'cmake_target_skip_unavailable': False, 'install_base': '/home/darudecookie/Documents/V2-Robot-Arm/software/ros2/src/install/v2_robot_arm_interfaces', 'merge_install': False, 'path': '/home/darudecookie/Documents/V2-Robot-Arm/software/ros2/src/v2_robot_arm_interfaces', 'symlink_install': False, 'test_result_base': None}
[0.355s] Level 5:colcon.colcon_core.verb:set package 'hardware_interface' build argument 'cmake_args' from command line to 'None'
[0.355s] Level 5:colcon.colcon_core.verb:set package 'hardware_interface' build argument 'cmake_target' from command line to 'None'
[0.355s] Level 5:colcon.colcon_core.verb:set package 'hardware_interface' build argument 'cmake_target_skip_unavailable' from command line to 'False'
[0.355s] Level 5:colcon.colcon_core.verb:set package 'hardware_interface' build argument 'cmake_clean_cache' from command line to 'False'
[0.355s] Level 5:colcon.colcon_core.verb:set package 'hardware_interface' build argument 'cmake_clean_first' from command line to 'False'
[0.355s] Level 5:colcon.colcon_core.verb:set package 'hardware_interface' build argument 'cmake_force_configure' from command line to 'False'
[0.355s] Level 5:colcon.colcon_core.verb:set package 'hardware_interface' build argument 'ament_cmake_args' from command line to 'None'
[0.356s] Level 5:colcon.colcon_core.verb:set package 'hardware_interface' build argument 'catkin_cmake_args' from command line to 'None'
[0.356s] Level 5:colcon.colcon_core.verb:set package 'hardware_interface' build argument 'catkin_skip_building_tests' from command line to 'False'
[0.356s] DEBUG:colcon.colcon_core.verb:Building package 'hardware_interface' with the following arguments: {'ament_cmake_args': None, 'build_base': '/home/darudecookie/Documents/V2-Robot-Arm/software/ros2/src/build/hardware_interface', 'catkin_cmake_args': None, 'catkin_skip_building_tests': False, 'cmake_args': None, 'cmake_clean_cache': False, 'cmake_clean_first': False, 'cmake_force_configure': False, 'cmake_target': None, 'cmake_target_skip_unavailable': False, 'install_base': '/home/darudecookie/Documents/V2-Robot-Arm/software/ros2/src/install/hardware_interface', 'merge_install': False, 'path': '/home/darudecookie/Documents/V2-Robot-Arm/software/ros2/src/hardware_interface', 'symlink_install': False, 'test_result_base': None}
[0.356s] Level 5:colcon.colcon_core.verb:set package 'movement_controllers' build argument 'cmake_args' from command line to 'None'
[0.356s] Level 5:colcon.colcon_core.verb:set package 'movement_controllers' build argument 'cmake_target' from command line to 'None'
[0.356s] Level 5:colcon.colcon_core.verb:set package 'movement_controllers' build argument 'cmake_target_skip_unavailable' from command line to 'False'
[0.356s] Level 5:colcon.colcon_core.verb:set package 'movement_controllers' build argument 'cmake_clean_cache' from command line to 'False'
[0.356s] Level 5:colcon.colcon_core.verb:set package 'movement_controllers' build argument 'cmake_clean_first' from command line to 'False'
[0.356s] Level 5:colcon.colcon_core.verb:set package 'movement_controllers' build argument 'cmake_force_configure' from command line to 'False'
[0.356s] Level 5:colcon.colcon_core.verb:set package 'movement_controllers' build argument 'ament_cmake_args' from command line to 'None'
[0.356s] Level 5:colcon.colcon_core.verb:set package 'movement_controllers' build argument 'catkin_cmake_args' from command line to 'None'
[0.357s] Level 5:colcon.colcon_core.verb:set package 'movement_controllers' build argument 'catkin_skip_building_tests' from command line to 'False'
[0.357s] DEBUG:colcon.colcon_core.verb:Building package 'movement_controllers' with the following arguments: {'ament_cmake_args': None, 'build_base': '/home/darudecookie/Documents/V2-Robot-Arm/software/ros2/src/build/movement_controllers', 'catkin_cmake_args': None, 'catkin_skip_building_tests': False, 'cmake_args': None, 'cmake_clean_cache': False, 'cmake_clean_first': False, 'cmake_force_configure': False, 'cmake_target': None, 'cmake_target_skip_unavailable': False, 'install_base': '/home/darudecookie/Documents/V2-Robot-Arm/software/ros2/src/install/movement_controllers', 'merge_install': False, 'path': '/home/darudecookie/Documents/V2-Robot-Arm/software/ros2/src/movement_controllers', 'symlink_install': False, 'test_result_base': None}
[0.357s] INFO:colcon.colcon_core.executor:Executing jobs using 'parallel' executor
[0.358s] DEBUG:colcon.colcon_parallel_executor.executor.parallel:run_until_complete
[0.358s] INFO:colcon.colcon_ros.task.ament_cmake.build:Building ROS package in '/home/darudecookie/Documents/V2-Robot-Arm/software/ros2/src/v2_robot_arm_interfaces' with build type 'ament_cmake'
[0.359s] INFO:colcon.colcon_cmake.task.cmake.build:Building CMake package in '/home/darudecookie/Documents/V2-Robot-Arm/software/ros2/src/v2_robot_arm_interfaces'
[0.361s] INFO:colcon.colcon_core.plugin_system:Skipping extension 'colcon_core.shell.bat': Not used on non-Windows systems
[0.362s] INFO:colcon.colcon_core.shell:Skip shell extension 'powershell' for command environment: Not usable outside of PowerShell
[0.362s] DEBUG:colcon.colcon_core.shell:Skip shell extension 'dsv' for command environment
[0.367s] INFO:colcon.colcon_ros.task.ament_python.build:Building ROS package in '/home/darudecookie/Documents/V2-Robot-Arm/software/ros2/src/ros_controller_interface' with build type 'ament_python'
[0.368s] Level 1:colcon.colcon_core.shell:create_environment_hook('ros_controller_interface', 'ament_prefix_path')
[0.368s] INFO:colcon.colcon_core.shell:Creating environment hook '/home/darudecookie/Documents/V2-Robot-Arm/software/ros2/src/install/ros_controller_interface/share/ros_controller_interface/hook/ament_prefix_path.ps1'
[0.369s] INFO:colcon.colcon_core.shell:Creating environment descriptor '/home/darudecookie/Documents/V2-Robot-Arm/software/ros2/src/install/ros_controller_interface/share/ros_controller_interface/hook/ament_prefix_path.dsv'
[0.370s] INFO:colcon.colcon_core.shell:Creating environment hook '/home/darudecookie/Documents/V2-Robot-Arm/software/ros2/src/install/ros_controller_interface/share/ros_controller_interface/hook/ament_prefix_path.sh'
[0.371s] INFO:colcon.colcon_core.shell:Skip shell extension 'powershell' for command environment: Not usable outside of PowerShell
[0.371s] DEBUG:colcon.colcon_core.shell:Skip shell extension 'dsv' for command environment
[0.387s] DEBUG:colcon.colcon_core.event_handler.log_command:Invoking command in '/home/darudecookie/Documents/V2-Robot-Arm/software/ros2/src/build/v2_robot_arm_interfaces': CMAKE_PREFIX_PATH=${CMAKE_PREFIX_PATH}:/home/darudecookie/Documents/V2-Robot-Arm/software/ros2/src/install/movement_controllers:/home/darudecookie/Documents/V2-Robot-Arm/software/ros2/src/install/hardware_interface:/home/darudecookie/Documents/V2-Robot-Arm/software/ros2/src/install/ros_controller_interface:/opt/ros/rolling DEBUGINFOD_URLS=https://debuginfod.ubuntu.com /usr/bin/cmake --build /home/darudecookie/Documents/V2-Robot-Arm/software/ros2/src/build/v2_robot_arm_interfaces -- -j4 -l4
[1.343s] INFO:colcon.colcon_core.task.python.build:Building Python package in '/home/darudecookie/Documents/V2-Robot-Arm/software/ros2/src/ros_controller_interface'
[1.343s] INFO:colcon.colcon_core.shell:Skip shell extension 'powershell' for command environment: Not usable outside of PowerShell
[1.343s] DEBUG:colcon.colcon_core.shell:Skip shell extension 'dsv' for command environment
[1.967s] DEBUG:colcon.colcon_core.event_handler.log_command:Invoked command in '/home/darudecookie/Documents/V2-Robot-Arm/software/ros2/src/build/v2_robot_arm_interfaces' returned '0': CMAKE_PREFIX_PATH=${CMAKE_PREFIX_PATH}:/home/darudecookie/Documents/V2-Robot-Arm/software/ros2/src/install/movement_controllers:/home/darudecookie/Documents/V2-Robot-Arm/software/ros2/src/install/hardware_interface:/home/darudecookie/Documents/V2-Robot-Arm/software/ros2/src/install/ros_controller_interface:/opt/ros/rolling DEBUGINFOD_URLS=https://debuginfod.ubuntu.com /usr/bin/cmake --build /home/darudecookie/Documents/V2-Robot-Arm/software/ros2/src/build/v2_robot_arm_interfaces -- -j4 -l4
[2.769s] DEBUG:colcon.colcon_core.event_handler.log_command:Invoking command in '/home/darudecookie/Documents/V2-Robot-Arm/software/ros2/src/build/v2_robot_arm_interfaces': CMAKE_PREFIX_PATH=${CMAKE_PREFIX_PATH}:/home/darudecookie/Documents/V2-Robot-Arm/software/ros2/src/install/movement_controllers:/home/darudecookie/Documents/V2-Robot-Arm/software/ros2/src/install/hardware_interface:/home/darudecookie/Documents/V2-Robot-Arm/software/ros2/src/install/ros_controller_interface:/opt/ros/rolling DEBUGINFOD_URLS=https://debuginfod.ubuntu.com /usr/bin/cmake --install /home/darudecookie/Documents/V2-Robot-Arm/software/ros2/src/build/v2_robot_arm_interfaces
[3.050s] Level 1:colcon.colcon_core.environment:create_environment_scripts_only(v2_robot_arm_interfaces)
[3.054s] DEBUG:colcon.colcon_core.event_handler.log_command:Invoked command in '/home/darudecookie/Documents/V2-Robot-Arm/software/ros2/src/build/v2_robot_arm_interfaces' returned '0': CMAKE_PREFIX_PATH=${CMAKE_PREFIX_PATH}:/home/darudecookie/Documents/V2-Robot-Arm/software/ros2/src/install/movement_controllers:/home/darudecookie/Documents/V2-Robot-Arm/software/ros2/src/install/hardware_interface:/home/darudecookie/Documents/V2-Robot-Arm/software/ros2/src/install/ros_controller_interface:/opt/ros/rolling DEBUGINFOD_URLS=https://debuginfod.ubuntu.com /usr/bin/cmake --install /home/darudecookie/Documents/V2-Robot-Arm/software/ros2/src/build/v2_robot_arm_interfaces
[3.057s] Level 1:colcon.colcon_core.environment:checking '/home/darudecookie/Documents/V2-Robot-Arm/software/ros2/src/install/v2_robot_arm_interfaces' for CMake module files
[3.061s] Level 1:colcon.colcon_core.environment:checking '/home/darudecookie/Documents/V2-Robot-Arm/software/ros2/src/install/v2_robot_arm_interfaces' for CMake config files
[3.062s] Level 1:colcon.colcon_core.shell:create_environment_hook('v2_robot_arm_interfaces', 'cmake_prefix_path')
[3.062s] INFO:colcon.colcon_core.shell:Creating environment hook '/home/darudecookie/Documents/V2-Robot-Arm/software/ros2/src/install/v2_robot_arm_interfaces/share/v2_robot_arm_interfaces/hook/cmake_prefix_path.ps1'
[3.063s] INFO:colcon.colcon_core.shell:Creating environment descriptor '/home/darudecookie/Documents/V2-Robot-Arm/software/ros2/src/install/v2_robot_arm_interfaces/share/v2_robot_arm_interfaces/hook/cmake_prefix_path.dsv'
[3.064s] INFO:colcon.colcon_core.shell:Creating environment hook '/home/darudecookie/Documents/V2-Robot-Arm/software/ros2/src/install/v2_robot_arm_interfaces/share/v2_robot_arm_interfaces/hook/cmake_prefix_path.sh'
[3.065s] Level 1:colcon.colcon_core.environment:checking '/home/darudecookie/Documents/V2-Robot-Arm/software/ros2/src/install/v2_robot_arm_interfaces/lib'
[3.065s] Level 1:colcon.colcon_core.shell:create_environment_hook('v2_robot_arm_interfaces', 'ld_library_path_lib')
[3.066s] INFO:colcon.colcon_core.shell:Creating environment hook '/home/darudecookie/Documents/V2-Robot-Arm/software/ros2/src/install/v2_robot_arm_interfaces/share/v2_robot_arm_interfaces/hook/ld_library_path_lib.ps1'
[3.066s] INFO:colcon.colcon_core.shell:Creating environment descriptor '/home/darudecookie/Documents/V2-Robot-Arm/software/ros2/src/install/v2_robot_arm_interfaces/share/v2_robot_arm_interfaces/hook/ld_library_path_lib.dsv'
[3.067s] INFO:colcon.colcon_core.shell:Creating environment hook '/home/darudecookie/Documents/V2-Robot-Arm/software/ros2/src/install/v2_robot_arm_interfaces/share/v2_robot_arm_interfaces/hook/ld_library_path_lib.sh'
[3.068s] Level 1:colcon.colcon_core.environment:checking '/home/darudecookie/Documents/V2-Robot-Arm/software/ros2/src/install/v2_robot_arm_interfaces/bin'
[3.068s] Level 1:colcon.colcon_core.environment:checking '/home/darudecookie/Documents/V2-Robot-Arm/software/ros2/src/install/v2_robot_arm_interfaces/lib/pkgconfig/v2_robot_arm_interfaces.pc'
[3.068s] Level 1:colcon.colcon_core.environment:checking '/home/darudecookie/Documents/V2-Robot-Arm/software/ros2/src/install/v2_robot_arm_interfaces/lib/python3.12/site-packages'
[3.069s] Level 1:colcon.colcon_core.shell:create_environment_hook('v2_robot_arm_interfaces', 'pythonpath')
[3.069s] INFO:colcon.colcon_core.shell:Creating environment hook '/home/darudecookie/Documents/V2-Robot-Arm/software/ros2/src/install/v2_robot_arm_interfaces/share/v2_robot_arm_interfaces/hook/pythonpath.ps1'
[3.070s] INFO:colcon.colcon_core.shell:Creating environment descriptor '/home/darudecookie/Documents/V2-Robot-Arm/software/ros2/src/install/v2_robot_arm_interfaces/share/v2_robot_arm_interfaces/hook/pythonpath.dsv'
[3.070s] INFO:colcon.colcon_core.shell:Creating environment hook '/home/darudecookie/Documents/V2-Robot-Arm/software/ros2/src/install/v2_robot_arm_interfaces/share/v2_robot_arm_interfaces/hook/pythonpath.sh'
[3.072s] Level 1:colcon.colcon_core.environment:checking '/home/darudecookie/Documents/V2-Robot-Arm/software/ros2/src/install/v2_robot_arm_interfaces/bin'
[3.072s] INFO:colcon.colcon_core.shell:Creating package script '/home/darudecookie/Documents/V2-Robot-Arm/software/ros2/src/install/v2_robot_arm_interfaces/share/v2_robot_arm_interfaces/package.ps1'
[3.074s] INFO:colcon.colcon_core.shell:Creating package descriptor '/home/darudecookie/Documents/V2-Robot-Arm/software/ros2/src/install/v2_robot_arm_interfaces/share/v2_robot_arm_interfaces/package.dsv'
[3.075s] INFO:colcon.colcon_core.shell:Creating package script '/home/darudecookie/Documents/V2-Robot-Arm/software/ros2/src/install/v2_robot_arm_interfaces/share/v2_robot_arm_interfaces/package.sh'
[3.077s] INFO:colcon.colcon_core.shell:Creating package script '/home/darudecookie/Documents/V2-Robot-Arm/software/ros2/src/install/v2_robot_arm_interfaces/share/v2_robot_arm_interfaces/package.bash'
[3.078s] INFO:colcon.colcon_core.shell:Creating package script '/home/darudecookie/Documents/V2-Robot-Arm/software/ros2/src/install/v2_robot_arm_interfaces/share/v2_robot_arm_interfaces/package.zsh'
[3.080s] Level 1:colcon.colcon_core.environment:create_file_with_runtime_dependencies(/home/darudecookie/Documents/V2-Robot-Arm/software/ros2/src/install/v2_robot_arm_interfaces/share/colcon-core/packages/v2_robot_arm_interfaces)
[3.261s] DEBUG:colcon.colcon_core.event_handler.log_command:Invoking command in '/home/darudecookie/Documents/V2-Robot-Arm/software/ros2/src/ros_controller_interface': DEBUGINFOD_URLS=https://debuginfod.ubuntu.com PYTHONPATH=/home/darudecookie/Documents/V2-Robot-Arm/software/ros2/src/build/ros_controller_interface/prefix_override:/home/darudecookie/Documents/V2-Robot-Arm/software/ros2/src/install/ros_controller_interface/lib/python3.12/site-packages:${PYTHONPATH} /usr/bin/python3 -W ignore:setup.py install is deprecated setup.py egg_info --egg-base ../build/ros_controller_interface build --build-base /home/darudecookie/Documents/V2-Robot-Arm/software/ros2/src/build/ros_controller_interface/build install --record /home/darudecookie/Documents/V2-Robot-Arm/software/ros2/src/build/ros_controller_interface/install.log --single-version-externally-managed install_data
[3.747s] Level 1:colcon.colcon_core.environment:create_environment_scripts_only(v2_robot_arm_interfaces)
[3.747s] Level 1:colcon.colcon_core.environment:checking '/home/darudecookie/Documents/V2-Robot-Arm/software/ros2/src/install/v2_robot_arm_interfaces' for CMake module files
[3.748s] Level 1:colcon.colcon_core.environment:checking '/home/darudecookie/Documents/V2-Robot-Arm/software/ros2/src/install/v2_robot_arm_interfaces' for CMake config files
[3.749s] Level 1:colcon.colcon_core.shell:create_environment_hook('v2_robot_arm_interfaces', 'cmake_prefix_path')
[3.749s] INFO:colcon.colcon_core.shell:Creating environment hook '/home/darudecookie/Documents/V2-Robot-Arm/software/ros2/src/install/v2_robot_arm_interfaces/share/v2_robot_arm_interfaces/hook/cmake_prefix_path.ps1'
[3.750s] INFO:colcon.colcon_core.shell:Creating environment descriptor '/home/darudecookie/Documents/V2-Robot-Arm/software/ros2/src/install/v2_robot_arm_interfaces/share/v2_robot_arm_interfaces/hook/cmake_prefix_path.dsv'
[3.750s] INFO:colcon.colcon_core.shell:Creating environment hook '/home/darudecookie/Documents/V2-Robot-Arm/software/ros2/src/install/v2_robot_arm_interfaces/share/v2_robot_arm_interfaces/hook/cmake_prefix_path.sh'
[3.751s] Level 1:colcon.colcon_core.environment:checking '/home/darudecookie/Documents/V2-Robot-Arm/software/ros2/src/install/v2_robot_arm_interfaces/lib'
[3.751s] Level 1:colcon.colcon_core.shell:create_environment_hook('v2_robot_arm_interfaces', 'ld_library_path_lib')
[3.752s] INFO:colcon.colcon_core.shell:Creating environment hook '/home/darudecookie/Documents/V2-Robot-Arm/software/ros2/src/install/v2_robot_arm_interfaces/share/v2_robot_arm_interfaces/hook/ld_library_path_lib.ps1'
[3.752s] INFO:colcon.colcon_core.shell:Creating environment descriptor '/home/darudecookie/Documents/V2-Robot-Arm/software/ros2/src/install/v2_robot_arm_interfaces/share/v2_robot_arm_interfaces/hook/ld_library_path_lib.dsv'
[3.753s] INFO:colcon.colcon_core.shell:Creating environment hook '/home/darudecookie/Documents/V2-Robot-Arm/software/ros2/src/install/v2_robot_arm_interfaces/share/v2_robot_arm_interfaces/hook/ld_library_path_lib.sh'
[3.754s] Level 1:colcon.colcon_core.environment:checking '/home/darudecookie/Documents/V2-Robot-Arm/software/ros2/src/install/v2_robot_arm_interfaces/bin'
[3.754s] Level 1:colcon.colcon_core.environment:checking '/home/darudecookie/Documents/V2-Robot-Arm/software/ros2/src/install/v2_robot_arm_interfaces/lib/pkgconfig/v2_robot_arm_interfaces.pc'
[3.755s] Level 1:colcon.colcon_core.environment:checking '/home/darudecookie/Documents/V2-Robot-Arm/software/ros2/src/install/v2_robot_arm_interfaces/lib/python3.12/site-packages'
[3.755s] Level 1:colcon.colcon_core.shell:create_environment_hook('v2_robot_arm_interfaces', 'pythonpath')
[3.755s] INFO:colcon.colcon_core.shell:Creating environment hook '/home/darudecookie/Documents/V2-Robot-Arm/software/ros2/src/install/v2_robot_arm_interfaces/share/v2_robot_arm_interfaces/hook/pythonpath.ps1'
[3.756s] INFO:colcon.colcon_core.shell:Creating environment descriptor '/home/darudecookie/Documents/V2-Robot-Arm/software/ros2/src/install/v2_robot_arm_interfaces/share/v2_robot_arm_interfaces/hook/pythonpath.dsv'
[3.757s] INFO:colcon.colcon_core.shell:Creating environment hook '/home/darudecookie/Documents/V2-Robot-Arm/software/ros2/src/install/v2_robot_arm_interfaces/share/v2_robot_arm_interfaces/hook/pythonpath.sh'
[3.758s] Level 1:colcon.colcon_core.environment:checking '/home/darudecookie/Documents/V2-Robot-Arm/software/ros2/src/install/v2_robot_arm_interfaces/bin'
[3.759s] INFO:colcon.colcon_core.shell:Creating package script '/home/darudecookie/Documents/V2-Robot-Arm/software/ros2/src/install/v2_robot_arm_interfaces/share/v2_robot_arm_interfaces/package.ps1'
[3.760s] INFO:colcon.colcon_core.shell:Creating package descriptor '/home/darudecookie/Documents/V2-Robot-Arm/software/ros2/src/install/v2_robot_arm_interfaces/share/v2_robot_arm_interfaces/package.dsv'
[3.761s] INFO:colcon.colcon_core.shell:Creating package script '/home/darudecookie/Documents/V2-Robot-Arm/software/ros2/src/install/v2_robot_arm_interfaces/share/v2_robot_arm_interfaces/package.sh'
[3.761s] INFO:colcon.colcon_core.shell:Creating package script '/home/darudecookie/Documents/V2-Robot-Arm/software/ros2/src/install/v2_robot_arm_interfaces/share/v2_robot_arm_interfaces/package.bash'
[3.762s] INFO:colcon.colcon_core.shell:Creating package script '/home/darudecookie/Documents/V2-Robot-Arm/software/ros2/src/install/v2_robot_arm_interfaces/share/v2_robot_arm_interfaces/package.zsh'
[3.763s] Level 1:colcon.colcon_core.environment:create_file_with_runtime_dependencies(/home/darudecookie/Documents/V2-Robot-Arm/software/ros2/src/install/v2_robot_arm_interfaces/share/colcon-core/packages/v2_robot_arm_interfaces)
[3.763s] INFO:colcon.colcon_ros.task.ament_python.build:Building ROS package in '/home/darudecookie/Documents/V2-Robot-Arm/software/ros2/src/hardware_interface' with build type 'ament_python'
[3.764s] Level 1:colcon.colcon_core.shell:create_environment_hook('hardware_interface', 'ament_prefix_path')
[3.764s] INFO:colcon.colcon_core.shell:Creating environment hook '/home/darudecookie/Documents/V2-Robot-Arm/software/ros2/src/install/hardware_interface/share/hardware_interface/hook/ament_prefix_path.ps1'
[3.766s] INFO:colcon.colcon_core.shell:Creating environment descriptor '/home/darudecookie/Documents/V2-Robot-Arm/software/ros2/src/install/hardware_interface/share/hardware_interface/hook/ament_prefix_path.dsv'
[3.767s] INFO:colcon.colcon_core.shell:Creating environment hook '/home/darudecookie/Documents/V2-Robot-Arm/software/ros2/src/install/hardware_interface/share/hardware_interface/hook/ament_prefix_path.sh'
[3.768s] INFO:colcon.colcon_core.shell:Skip shell extension 'powershell' for command environment: Not usable outside of PowerShell
[3.768s] DEBUG:colcon.colcon_core.shell:Skip shell extension 'dsv' for command environment
[3.774s] INFO:colcon.colcon_ros.task.ament_python.build:Building ROS package in '/home/darudecookie/Documents/V2-Robot-Arm/software/ros2/src/movement_controllers' with build type 'ament_python'
[3.774s] Level 1:colcon.colcon_core.shell:create_environment_hook('movement_controllers', 'ament_prefix_path')
[3.774s] INFO:colcon.colcon_core.shell:Creating environment hook '/home/darudecookie/Documents/V2-Robot-Arm/software/ros2/src/install/movement_controllers/share/movement_controllers/hook/ament_prefix_path.ps1'
[3.776s] INFO:colcon.colcon_core.shell:Creating environment descriptor '/home/darudecookie/Documents/V2-Robot-Arm/software/ros2/src/install/movement_controllers/share/movement_controllers/hook/ament_prefix_path.dsv'
[3.778s] INFO:colcon.colcon_core.shell:Creating environment hook '/home/darudecookie/Documents/V2-Robot-Arm/software/ros2/src/install/movement_controllers/share/movement_controllers/hook/ament_prefix_path.sh'
[3.779s] INFO:colcon.colcon_core.shell:Skip shell extension 'powershell' for command environment: Not usable outside of PowerShell
[3.780s] DEBUG:colcon.colcon_core.shell:Skip shell extension 'dsv' for command environment
[4.267s] INFO:colcon.colcon_core.task.python.build:Building Python package in '/home/darudecookie/Documents/V2-Robot-Arm/software/ros2/src/hardware_interface'
[4.267s] INFO:colcon.colcon_core.shell:Skip shell extension 'powershell' for command environment: Not usable outside of PowerShell
[4.267s] DEBUG:colcon.colcon_core.shell:Skip shell extension 'dsv' for command environment
[4.609s] INFO:colcon.colcon_core.task.python.build:Building Python package in '/home/darudecookie/Documents/V2-Robot-Arm/software/ros2/src/movement_controllers'
[4.609s] INFO:colcon.colcon_core.shell:Skip shell extension 'powershell' for command environment: Not usable outside of PowerShell
[4.609s] DEBUG:colcon.colcon_core.shell:Skip shell extension 'dsv' for command environment
[4.619s] Level 1:colcon.colcon_core.environment:checking '/home/darudecookie/Documents/V2-Robot-Arm/software/ros2/src/install/ros_controller_interface' for CMake module files
[4.620s] DEBUG:colcon.colcon_core.event_handler.log_command:Invoked command in '/home/darudecookie/Documents/V2-Robot-Arm/software/ros2/src/ros_controller_interface' returned '0': DEBUGINFOD_URLS=https://debuginfod.ubuntu.com PYTHONPATH=/home/darudecookie/Documents/V2-Robot-Arm/software/ros2/src/build/ros_controller_interface/prefix_override:/home/darudecookie/Documents/V2-Robot-Arm/software/ros2/src/install/ros_controller_interface/lib/python3.12/site-packages:${PYTHONPATH} /usr/bin/python3 -W ignore:setup.py install is deprecated setup.py egg_info --egg-base ../build/ros_controller_interface build --build-base /home/darudecookie/Documents/V2-Robot-Arm/software/ros2/src/build/ros_controller_interface/build install --record /home/darudecookie/Documents/V2-Robot-Arm/software/ros2/src/build/ros_controller_interface/install.log --single-version-externally-managed install_data
[4.622s] Level 1:colcon.colcon_core.environment:checking '/home/darudecookie/Documents/V2-Robot-Arm/software/ros2/src/install/ros_controller_interface' for CMake config files
[4.623s] Level 1:colcon.colcon_core.environment:checking '/home/darudecookie/Documents/V2-Robot-Arm/software/ros2/src/install/ros_controller_interface/lib'
[4.624s] Level 1:colcon.colcon_core.environment:checking '/home/darudecookie/Documents/V2-Robot-Arm/software/ros2/src/install/ros_controller_interface/bin'
[4.624s] Level 1:colcon.colcon_core.environment:checking '/home/darudecookie/Documents/V2-Robot-Arm/software/ros2/src/install/ros_controller_interface/lib/pkgconfig/ros_controller_interface.pc'
[4.624s] Level 1:colcon.colcon_core.environment:checking '/home/darudecookie/Documents/V2-Robot-Arm/software/ros2/src/install/ros_controller_interface/lib/python3.12/site-packages'
[4.624s] Level 1:colcon.colcon_core.shell:create_environment_hook('ros_controller_interface', 'pythonpath')
[4.625s] INFO:colcon.colcon_core.shell:Creating environment hook '/home/darudecookie/Documents/V2-Robot-Arm/software/ros2/src/install/ros_controller_interface/share/ros_controller_interface/hook/pythonpath.ps1'
[4.625s] INFO:colcon.colcon_core.shell:Creating environment descriptor '/home/darudecookie/Documents/V2-Robot-Arm/software/ros2/src/install/ros_controller_interface/share/ros_controller_interface/hook/pythonpath.dsv'
[4.626s] INFO:colcon.colcon_core.shell:Creating environment hook '/home/darudecookie/Documents/V2-Robot-Arm/software/ros2/src/install/ros_controller_interface/share/ros_controller_interface/hook/pythonpath.sh'
[4.627s] Level 1:colcon.colcon_core.environment:checking '/home/darudecookie/Documents/V2-Robot-Arm/software/ros2/src/install/ros_controller_interface/bin'
[4.627s] Level 1:colcon.colcon_core.environment:create_environment_scripts_only(ros_controller_interface)
[4.628s] INFO:colcon.colcon_core.shell:Creating package script '/home/darudecookie/Documents/V2-Robot-Arm/software/ros2/src/install/ros_controller_interface/share/ros_controller_interface/package.ps1'
[4.629s] INFO:colcon.colcon_core.shell:Creating package descriptor '/home/darudecookie/Documents/V2-Robot-Arm/software/ros2/src/install/ros_controller_interface/share/ros_controller_interface/package.dsv'
[4.630s] INFO:colcon.colcon_core.shell:Creating package script '/home/darudecookie/Documents/V2-Robot-Arm/software/ros2/src/install/ros_controller_interface/share/ros_controller_interface/package.sh'
[4.630s] INFO:colcon.colcon_core.shell:Creating package script '/home/darudecookie/Documents/V2-Robot-Arm/software/ros2/src/install/ros_controller_interface/share/ros_controller_interface/package.bash'
[4.631s] INFO:colcon.colcon_core.shell:Creating package script '/home/darudecookie/Documents/V2-Robot-Arm/software/ros2/src/install/ros_controller_interface/share/ros_controller_interface/package.zsh'
[4.631s] Level 1:colcon.colcon_core.environment:create_file_with_runtime_dependencies(/home/darudecookie/Documents/V2-Robot-Arm/software/ros2/src/install/ros_controller_interface/share/colcon-core/packages/ros_controller_interface)
[5.601s] DEBUG:colcon.colcon_core.event_handler.log_command:Invoking command in '/home/darudecookie/Documents/V2-Robot-Arm/software/ros2/src/hardware_interface': DEBUGINFOD_URLS=https://debuginfod.ubuntu.com PYTHONPATH=/home/darudecookie/Documents/V2-Robot-Arm/software/ros2/src/build/hardware_interface/prefix_override:/home/darudecookie/Documents/V2-Robot-Arm/software/ros2/src/install/hardware_interface/lib/python3.12/site-packages:/home/darudecookie/Documents/V2-Robot-Arm/software/ros2/src/install/v2_robot_arm_interfaces/lib/python3.12/site-packages:/home/darudecookie/Documents/V2-Robot-Arm/software/ros2/src/install/movement_controllers/lib/python3.12/site-packages:/home/darudecookie/Documents/V2-Robot-Arm/software/ros2/src/install/hardware_interface/lib/python3.12/site-packages:/home/darudecookie/Documents/V2-Robot-Arm/software/ros2/src/install/ros_controller_interface/lib/python3.12/site-packages:/opt/ros/rolling/lib/python3.12/site-packages /usr/bin/python3 -W ignore:setup.py install is deprecated setup.py egg_info --egg-base ../build/hardware_interface build --build-base /home/darudecookie/Documents/V2-Robot-Arm/software/ros2/src/build/hardware_interface/build install --record /home/darudecookie/Documents/V2-Robot-Arm/software/ros2/src/build/hardware_interface/install.log --single-version-externally-managed install_data
[5.607s] DEBUG:colcon.colcon_core.event_handler.log_command:Invoking command in '/home/darudecookie/Documents/V2-Robot-Arm/software/ros2/src/movement_controllers': DEBUGINFOD_URLS=https://debuginfod.ubuntu.com PYTHONPATH=/home/darudecookie/Documents/V2-Robot-Arm/software/ros2/src/build/movement_controllers/prefix_override:/home/darudecookie/Documents/V2-Robot-Arm/software/ros2/src/install/movement_controllers/lib/python3.12/site-packages:/home/darudecookie/Documents/V2-Robot-Arm/software/ros2/src/install/v2_robot_arm_interfaces/lib/python3.12/site-packages:/home/darudecookie/Documents/V2-Robot-Arm/software/ros2/src/install/movement_controllers/lib/python3.12/site-packages:/home/darudecookie/Documents/V2-Robot-Arm/software/ros2/src/install/hardware_interface/lib/python3.12/site-packages:/home/darudecookie/Documents/V2-Robot-Arm/software/ros2/src/install/ros_controller_interface/lib/python3.12/site-packages:/opt/ros/rolling/lib/python3.12/site-packages /usr/bin/python3 -W ignore:setup.py install is deprecated setup.py egg_info --egg-base ../build/movement_controllers build --build-base /home/darudecookie/Documents/V2-Robot-Arm/software/ros2/src/build/movement_controllers/build install --record /home/darudecookie/Documents/V2-Robot-Arm/software/ros2/src/build/movement_controllers/install.log --single-version-externally-managed install_data
[6.509s] Level 1:colcon.colcon_core.environment:checking '/home/darudecookie/Documents/V2-Robot-Arm/software/ros2/src/install/hardware_interface' for CMake module files
[6.510s] DEBUG:colcon.colcon_core.event_handler.log_command:Invoked command in '/home/darudecookie/Documents/V2-Robot-Arm/software/ros2/src/hardware_interface' returned '0': DEBUGINFOD_URLS=https://debuginfod.ubuntu.com PYTHONPATH=/home/darudecookie/Documents/V2-Robot-Arm/software/ros2/src/build/hardware_interface/prefix_override:/home/darudecookie/Documents/V2-Robot-Arm/software/ros2/src/install/hardware_interface/lib/python3.12/site-packages:/home/darudecookie/Documents/V2-Robot-Arm/software/ros2/src/install/v2_robot_arm_interfaces/lib/python3.12/site-packages:/home/darudecookie/Documents/V2-Robot-Arm/software/ros2/src/install/movement_controllers/lib/python3.12/site-packages:/home/darudecookie/Documents/V2-Robot-Arm/software/ros2/src/install/hardware_interface/lib/python3.12/site-packages:/home/darudecookie/Documents/V2-Robot-Arm/software/ros2/src/install/ros_controller_interface/lib/python3.12/site-packages:/opt/ros/rolling/lib/python3.12/site-packages /usr/bin/python3 -W ignore:setup.py install is deprecated setup.py egg_info --egg-base ../build/hardware_interface build --build-base /home/darudecookie/Documents/V2-Robot-Arm/software/ros2/src/build/hardware_interface/build install --record /home/darudecookie/Documents/V2-Robot-Arm/software/ros2/src/build/hardware_interface/install.log --single-version-externally-managed install_data
[6.511s] Level 1:colcon.colcon_core.environment:checking '/home/darudecookie/Documents/V2-Robot-Arm/software/ros2/src/install/hardware_interface' for CMake config files
[6.512s] Level 1:colcon.colcon_core.environment:checking '/home/darudecookie/Documents/V2-Robot-Arm/software/ros2/src/install/hardware_interface/lib'
[6.512s] Level 1:colcon.colcon_core.environment:checking '/home/darudecookie/Documents/V2-Robot-Arm/software/ros2/src/install/hardware_interface/bin'
[6.512s] Level 1:colcon.colcon_core.environment:checking '/home/darudecookie/Documents/V2-Robot-Arm/software/ros2/src/install/hardware_interface/lib/pkgconfig/hardware_interface.pc'
[6.513s] Level 1:colcon.colcon_core.environment:checking '/home/darudecookie/Documents/V2-Robot-Arm/software/ros2/src/install/hardware_interface/lib/python3.12/site-packages'
[6.513s] Level 1:colcon.colcon_core.shell:create_environment_hook('hardware_interface', 'pythonpath')
[6.513s] INFO:colcon.colcon_core.shell:Creating environment hook '/home/darudecookie/Documents/V2-Robot-Arm/software/ros2/src/install/hardware_interface/share/hardware_interface/hook/pythonpath.ps1'
[6.514s] INFO:colcon.colcon_core.shell:Creating environment descriptor '/home/darudecookie/Documents/V2-Robot-Arm/software/ros2/src/install/hardware_interface/share/hardware_interface/hook/pythonpath.dsv'
[6.514s] INFO:colcon.colcon_core.shell:Creating environment hook '/home/darudecookie/Documents/V2-Robot-Arm/software/ros2/src/install/hardware_interface/share/hardware_interface/hook/pythonpath.sh'
[6.515s] Level 1:colcon.colcon_core.environment:checking '/home/darudecookie/Documents/V2-Robot-Arm/software/ros2/src/install/hardware_interface/bin'
[6.515s] Level 1:colcon.colcon_core.environment:create_environment_scripts_only(hardware_interface)
[6.516s] INFO:colcon.colcon_core.shell:Creating package script '/home/darudecookie/Documents/V2-Robot-Arm/software/ros2/src/install/hardware_interface/share/hardware_interface/package.ps1'
[6.517s] INFO:colcon.colcon_core.shell:Creating package descriptor '/home/darudecookie/Documents/V2-Robot-Arm/software/ros2/src/install/hardware_interface/share/hardware_interface/package.dsv'
[6.517s] INFO:colcon.colcon_core.shell:Creating package script '/home/darudecookie/Documents/V2-Robot-Arm/software/ros2/src/install/hardware_interface/share/hardware_interface/package.sh'
[6.518s] INFO:colcon.colcon_core.shell:Creating package script '/home/darudecookie/Documents/V2-Robot-Arm/software/ros2/src/install/hardware_interface/share/hardware_interface/package.bash'
[6.519s] INFO:colcon.colcon_core.shell:Creating package script '/home/darudecookie/Documents/V2-Robot-Arm/software/ros2/src/install/hardware_interface/share/hardware_interface/package.zsh'
[6.519s] Level 1:colcon.colcon_core.environment:create_file_with_runtime_dependencies(/home/darudecookie/Documents/V2-Robot-Arm/software/ros2/src/install/hardware_interface/share/colcon-core/packages/hardware_interface)
[6.521s] Level 1:colcon.colcon_core.environment:checking '/home/darudecookie/Documents/V2-Robot-Arm/software/ros2/src/install/movement_controllers' for CMake module files
[6.522s] DEBUG:colcon.colcon_core.event_handler.log_command:Invoked command in '/home/darudecookie/Documents/V2-Robot-Arm/software/ros2/src/movement_controllers' returned '0': DEBUGINFOD_URLS=https://debuginfod.ubuntu.com PYTHONPATH=/home/darudecookie/Documents/V2-Robot-Arm/software/ros2/src/build/movement_controllers/prefix_override:/home/darudecookie/Documents/V2-Robot-Arm/software/ros2/src/install/movement_controllers/lib/python3.12/site-packages:/home/darudecookie/Documents/V2-Robot-Arm/software/ros2/src/install/v2_robot_arm_interfaces/lib/python3.12/site-packages:/home/darudecookie/Documents/V2-Robot-Arm/software/ros2/src/install/movement_controllers/lib/python3.12/site-packages:/home/darudecookie/Documents/V2-Robot-Arm/software/ros2/src/install/hardware_interface/lib/python3.12/site-packages:/home/darudecookie/Documents/V2-Robot-Arm/software/ros2/src/install/ros_controller_interface/lib/python3.12/site-packages:/opt/ros/rolling/lib/python3.12/site-packages /usr/bin/python3 -W ignore:setup.py install is deprecated setup.py egg_info --egg-base ../build/movement_controllers build --build-base /home/darudecookie/Documents/V2-Robot-Arm/software/ros2/src/build/movement_controllers/build install --record /home/darudecookie/Documents/V2-Robot-Arm/software/ros2/src/build/movement_controllers/install.log --single-version-externally-managed install_data
[6.523s] Level 1:colcon.colcon_core.environment:checking '/home/darudecookie/Documents/V2-Robot-Arm/software/ros2/src/install/movement_controllers' for CMake config files
[6.523s] Level 1:colcon.colcon_core.environment:checking '/home/darudecookie/Documents/V2-Robot-Arm/software/ros2/src/install/movement_controllers/lib'
[6.523s] Level 1:colcon.colcon_core.environment:checking '/home/darudecookie/Documents/V2-Robot-Arm/software/ros2/src/install/movement_controllers/bin'
[6.524s] Level 1:colcon.colcon_core.environment:checking '/home/darudecookie/Documents/V2-Robot-Arm/software/ros2/src/install/movement_controllers/lib/pkgconfig/movement_controllers.pc'
[6.524s] Level 1:colcon.colcon_core.environment:checking '/home/darudecookie/Documents/V2-Robot-Arm/software/ros2/src/install/movement_controllers/lib/python3.12/site-packages'
[6.524s] Level 1:colcon.colcon_core.shell:create_environment_hook('movement_controllers', 'pythonpath')
[6.524s] INFO:colcon.colcon_core.shell:Creating environment hook '/home/darudecookie/Documents/V2-Robot-Arm/software/ros2/src/install/movement_controllers/share/movement_controllers/hook/pythonpath.ps1'
[6.525s] INFO:colcon.colcon_core.shell:Creating environment descriptor '/home/darudecookie/Documents/V2-Robot-Arm/software/ros2/src/install/movement_controllers/share/movement_controllers/hook/pythonpath.dsv'
[6.525s] INFO:colcon.colcon_core.shell:Creating environment hook '/home/darudecookie/Documents/V2-Robot-Arm/software/ros2/src/install/movement_controllers/share/movement_controllers/hook/pythonpath.sh'
[6.526s] Level 1:colcon.colcon_core.environment:checking '/home/darudecookie/Documents/V2-Robot-Arm/software/ros2/src/install/movement_controllers/bin'
[6.526s] Level 1:colcon.colcon_core.environment:create_environment_scripts_only(movement_controllers)
[6.526s] INFO:colcon.colcon_core.shell:Creating package script '/home/darudecookie/Documents/V2-Robot-Arm/software/ros2/src/install/movement_controllers/share/movement_controllers/package.ps1'
[6.527s] INFO:colcon.colcon_core.shell:Creating package descriptor '/home/darudecookie/Documents/V2-Robot-Arm/software/ros2/src/install/movement_controllers/share/movement_controllers/package.dsv'
[6.528s] INFO:colcon.colcon_core.shell:Creating package script '/home/darudecookie/Documents/V2-Robot-Arm/software/ros2/src/install/movement_controllers/share/movement_controllers/package.sh'
[6.528s] INFO:colcon.colcon_core.shell:Creating package script '/home/darudecookie/Documents/V2-Robot-Arm/software/ros2/src/install/movement_controllers/share/movement_controllers/package.bash'
[6.529s] INFO:colcon.colcon_core.shell:Creating package script '/home/darudecookie/Documents/V2-Robot-Arm/software/ros2/src/install/movement_controllers/share/movement_controllers/package.zsh'
[6.529s] Level 1:colcon.colcon_core.environment:create_file_with_runtime_dependencies(/home/darudecookie/Documents/V2-Robot-Arm/software/ros2/src/install/movement_controllers/share/colcon-core/packages/movement_controllers)
[6.530s] DEBUG:colcon.colcon_parallel_executor.executor.parallel:closing loop
[6.530s] DEBUG:colcon.colcon_parallel_executor.executor.parallel:loop closed
[6.530s] DEBUG:colcon.colcon_parallel_executor.executor.parallel:run_until_complete finished with '0'
[6.530s] DEBUG:colcon.colcon_core.event_reactor:joining thread
[6.540s] INFO:colcon.colcon_core.plugin_system:Skipping extension 'colcon_notification.desktop_notification.terminal_notifier': Not used on non-Darwin systems
[6.541s] INFO:colcon.colcon_core.plugin_system:Skipping extension 'colcon_notification.desktop_notification.win32': Not used on non-Windows systems
[6.541s] INFO:colcon.colcon_notification.desktop_notification:Sending desktop notification using 'notify2'
[6.562s] DEBUG:colcon.colcon_core.event_reactor:joined thread
[6.562s] INFO:colcon.colcon_core.shell:Creating prefix script '/home/darudecookie/Documents/V2-Robot-Arm/software/ros2/src/install/local_setup.ps1'
[6.564s] INFO:colcon.colcon_core.shell:Creating prefix util module '/home/darudecookie/Documents/V2-Robot-Arm/software/ros2/src/install/_local_setup_util_ps1.py'
[6.566s] INFO:colcon.colcon_core.shell:Creating prefix chain script '/home/darudecookie/Documents/V2-Robot-Arm/software/ros2/src/install/setup.ps1'
[6.568s] INFO:colcon.colcon_core.shell:Creating prefix script '/home/darudecookie/Documents/V2-Robot-Arm/software/ros2/src/install/local_setup.sh'
[6.570s] INFO:colcon.colcon_core.shell:Creating prefix util module '/home/darudecookie/Documents/V2-Robot-Arm/software/ros2/src/install/_local_setup_util_sh.py'
[6.571s] INFO:colcon.colcon_core.shell:Creating prefix chain script '/home/darudecookie/Documents/V2-Robot-Arm/software/ros2/src/install/setup.sh'
[6.573s] INFO:colcon.colcon_core.shell:Creating prefix script '/home/darudecookie/Documents/V2-Robot-Arm/software/ros2/src/install/local_setup.bash'
[6.574s] INFO:colcon.colcon_core.shell:Creating prefix chain script '/home/darudecookie/Documents/V2-Robot-Arm/software/ros2/src/install/setup.bash'
[6.575s] INFO:colcon.colcon_core.shell:Creating prefix script '/home/darudecookie/Documents/V2-Robot-Arm/software/ros2/src/install/local_setup.zsh'
[6.575s] INFO:colcon.colcon_core.shell:Creating prefix chain script '/home/darudecookie/Documents/V2-Robot-Arm/software/ros2/src/install/setup.zsh'
