[4.548s] Invoking command in '/home/darudecookie/Documents/V2-Robot-Arm/software/ros2/src/ros_controller_interface': DEBUGINFOD_URLS=https://debuginfod.ubuntu.com PYTHONPATH=/home/darudecookie/Documents/V2-Robot-Arm/software/ros2/src/build/ros_controller_interface/prefix_override:/home/darudecookie/Documents/V2-Robot-Arm/software/ros2/src/install/ros_controller_interface/lib/python3.12/site-packages:${PYTHONPATH} /usr/bin/python3 -W ignore:setup.py install is deprecated setup.py egg_info --egg-base ../build/ros_controller_interface build --build-base /home/darudecookie/Documents/V2-Robot-Arm/software/ros2/src/build/ros_controller_interface/build install --record /home/darudecookie/Documents/V2-Robot-Arm/software/ros2/src/build/ros_controller_interface/install.log --single-version-externally-managed install_data
[5.638s] running egg_info
[5.706s] writing ../build/ros_controller_interface/ros_controller_interface.egg-info/PKG-INFO
[5.709s] writing dependency_links to ../build/ros_controller_interface/ros_controller_interface.egg-info/dependency_links.txt
[5.709s] writing entry points to ../build/ros_controller_interface/ros_controller_interface.egg-info/entry_points.txt
[5.709s] writing requirements to ../build/ros_controller_interface/ros_controller_interface.egg-info/requires.txt
[5.710s] writing top-level names to ../build/ros_controller_interface/ros_controller_interface.egg-info/top_level.txt
[5.868s] reading manifest file '../build/ros_controller_interface/ros_controller_interface.egg-info/SOURCES.txt'
[5.868s] writing manifest file '../build/ros_controller_interface/ros_controller_interface.egg-info/SOURCES.txt'
[5.868s] running build
[5.869s] running build_py
[5.869s] running install
[5.893s] running install_lib
[5.964s] running install_data
[5.968s] running install_egg_info
[6.051s] removing '/home/darudecookie/Documents/V2-Robot-Arm/software/ros2/src/install/ros_controller_interface/lib/python3.12/site-packages/ros_controller_interface-0.0.1-py3.12.egg-info' (and everything under it)
[6.051s] Copying ../build/ros_controller_interface/ros_controller_interface.egg-info to /home/darudecookie/Documents/V2-Robot-Arm/software/ros2/src/install/ros_controller_interface/lib/python3.12/site-packages/ros_controller_interface-0.0.1-py3.12.egg-info
[6.051s] running install_scripts
[6.465s] Installing ROS_Controller_Node script to /home/darudecookie/Documents/V2-Robot-Arm/software/ros2/src/install/ros_controller_interface/lib/ros_controller_interface
[6.465s] writing list of installed files to '/home/darudecookie/Documents/V2-Robot-Arm/software/ros2/src/build/ros_controller_interface/install.log'
[7.388s] Invoked command in '/home/darudecookie/Documents/V2-Robot-Arm/software/ros2/src/ros_controller_interface' returned '0': DEBUGINFOD_URLS=https://debuginfod.ubuntu.com PYTHONPATH=/home/darudecookie/Documents/V2-Robot-Arm/software/ros2/src/build/ros_controller_interface/prefix_override:/home/darudecookie/Documents/V2-Robot-Arm/software/ros2/src/install/ros_controller_interface/lib/python3.12/site-packages:${PYTHONPATH} /usr/bin/python3 -W ignore:setup.py install is deprecated setup.py egg_info --egg-base ../build/ros_controller_interface build --build-base /home/darudecookie/Documents/V2-Robot-Arm/software/ros2/src/build/ros_controller_interface/build install --record /home/darudecookie/Documents/V2-Robot-Arm/software/ros2/src/build/ros_controller_interface/install.log --single-version-externally-managed install_data
