[3.590s] Invoking command in '/home/darudecookie/Documents/V2-Robot-Arm/software/ros2/src/movement_controllers': DEBUGINFOD_URLS=https://debuginfod.ubuntu.com PYTHONPATH=/home/darudecookie/Documents/V2-Robot-Arm/software/ros2/src/build/movement_controllers/prefix_override:/home/darudecookie/Documents/V2-Robot-Arm/software/ros2/src/install/movement_controllers/lib/python3.12/site-packages:/home/darudecookie/Documents/V2-Robot-Arm/software/ros2/src/install/v2_robot_arm_interfaces/lib/python3.12/site-packages:/home/darudecookie/Documents/V2-Robot-Arm/software/ros2/src/install/movement_controllers/lib/python3.12/site-packages:/home/darudecookie/Documents/V2-Robot-Arm/software/ros2/src/install/hardware_interface/lib/python3.12/site-packages:/home/darudecookie/Documents/V2-Robot-Arm/software/ros2/src/install/ros_controller_interface/lib/python3.12/site-packages:/opt/ros/rolling/lib/python3.12/site-packages /usr/bin/python3 -W ignore:setup.py install is deprecated setup.py egg_info --egg-base ../build/movement_controllers build --build-base /home/darudecookie/Documents/V2-Robot-Arm/software/ros2/src/build/movement_controllers/build install --record /home/darudecookie/Documents/V2-Robot-Arm/software/ros2/src/build/movement_controllers/install.log --single-version-externally-managed install_data
[4.502s] running egg_info
[4.566s] writing ../build/movement_controllers/movement_controllers.egg-info/PKG-INFO
[4.566s] writing dependency_links to ../build/movement_controllers/movement_controllers.egg-info/dependency_links.txt
[4.572s] writing entry points to ../build/movement_controllers/movement_controllers.egg-info/entry_points.txt
[4.572s] writing requirements to ../build/movement_controllers/movement_controllers.egg-info/requires.txt
[4.572s] writing top-level names to ../build/movement_controllers/movement_controllers.egg-info/top_level.txt
[4.778s] reading manifest file '../build/movement_controllers/movement_controllers.egg-info/SOURCES.txt'
[4.783s] writing manifest file '../build/movement_controllers/movement_controllers.egg-info/SOURCES.txt'
[4.785s] running build
[4.786s] running build_py
[4.791s] running install
[4.834s] running install_lib
[4.917s] running install_data
[4.920s] running install_egg_info
[4.987s] removing '/home/darudecookie/Documents/V2-Robot-Arm/software/ros2/src/install/movement_controllers/lib/python3.12/site-packages/movement_controllers-0.0.1-py3.12.egg-info' (and everything under it)
[4.990s] Copying ../build/movement_controllers/movement_controllers.egg-info to /home/darudecookie/Documents/V2-Robot-Arm/software/ros2/src/install/movement_controllers/lib/python3.12/site-packages/movement_controllers-0.0.1-py3.12.egg-info
[4.994s] running install_scripts
[5.433s] Installing IK_Solver_Node script to /home/darudecookie/Documents/V2-Robot-Arm/software/ros2/src/install/movement_controllers/lib/movement_controllers
[5.436s] Installing Peripheral_Interface_Node script to /home/darudecookie/Documents/V2-Robot-Arm/software/ros2/src/install/movement_controllers/lib/movement_controllers
[5.443s] Installing Trajectory_Controller_Node script to /home/darudecookie/Documents/V2-Robot-Arm/software/ros2/src/install/movement_controllers/lib/movement_controllers
[5.443s] writing list of installed files to '/home/darudecookie/Documents/V2-Robot-Arm/software/ros2/src/build/movement_controllers/install.log'
[5.545s] Invoked command in '/home/darudecookie/Documents/V2-Robot-Arm/software/ros2/src/movement_controllers' returned '0': DEBUGINFOD_URLS=https://debuginfod.ubuntu.com PYTHONPATH=/home/darudecookie/Documents/V2-Robot-Arm/software/ros2/src/build/movement_controllers/prefix_override:/home/darudecookie/Documents/V2-Robot-Arm/software/ros2/src/install/movement_controllers/lib/python3.12/site-packages:/home/darudecookie/Documents/V2-Robot-Arm/software/ros2/src/install/v2_robot_arm_interfaces/lib/python3.12/site-packages:/home/darudecookie/Documents/V2-Robot-Arm/software/ros2/src/install/movement_controllers/lib/python3.12/site-packages:/home/darudecookie/Documents/V2-Robot-Arm/software/ros2/src/install/hardware_interface/lib/python3.12/site-packages:/home/darudecookie/Documents/V2-Robot-Arm/software/ros2/src/install/ros_controller_interface/lib/python3.12/site-packages:/opt/ros/rolling/lib/python3.12/site-packages /usr/bin/python3 -W ignore:setup.py install is deprecated setup.py egg_info --egg-base ../build/movement_controllers build --build-base /home/darudecookie/Documents/V2-Robot-Arm/software/ros2/src/build/movement_controllers/build install --record /home/darudecookie/Documents/V2-Robot-Arm/software/ros2/src/build/movement_controllers/install.log --single-version-externally-managed install_data
