[0.459s] DEBUG:colcon:Command line arguments: ['/usr/bin/colcon', 'build']
[0.460s] DEBUG:colcon:Parsed command line arguments: Namespace(log_base=None, log_level=None, verb_name='build', build_base='build', install_base='install', merge_install=False, symlink_install=False, test_result_base=None, continue_on_error=False, executor='parallel', parallel_workers=4, event_handlers=None, ignore_user_meta=False, metas=['./colcon.meta'], base_paths=['.'], packages_ignore=None, packages_ignore_regex=None, paths=None, packages_up_to=None, packages_up_to_regex=None, packages_above=None, packages_above_and_dependencies=None, packages_above_depth=None, packages_select_by_dep=None, packages_skip_by_dep=None, packages_skip_up_to=None, packages_select_build_failed=False, packages_skip_build_finished=False, packages_select_test_failures=False, packages_skip_test_passed=False, packages_select=None, packages_skip=None, packages_select_regex=None, packages_skip_regex=None, packages_start=None, packages_end=None, allow_overriding=[], cmake_args=None, cmake_target=None, cmake_target_skip_unavailable=False, cmake_clean_cache=False, cmake_clean_first=False, cmake_force_configure=False, ament_cmake_args=None, catkin_cmake_args=None, catkin_skip_building_tests=False, mixin_files=None, mixin=None, verb_parser=<colcon_mixin.mixin.mixin_argument.MixinArgumentDecorator object at 0x7be986f9e1b0>, verb_extension=<colcon_core.verb.build.BuildVerb object at 0x7be986f17470>, main=<bound method BuildVerb.main of <colcon_core.verb.build.BuildVerb object at 0x7be986f17470>>, mixin_verb=('build',))
[0.557s] Level 1:colcon.colcon_core.package_discovery:discover_packages(colcon_meta) check parameters
[0.557s] Level 1:colcon.colcon_core.package_discovery:discover_packages(recursive) check parameters
[0.557s] Level 1:colcon.colcon_core.package_discovery:discover_packages(ignore) check parameters
[0.557s] Level 1:colcon.colcon_core.package_discovery:discover_packages(path) check parameters
[0.558s] Level 1:colcon.colcon_core.package_discovery:discover_packages(colcon_meta) discover
[0.558s] Level 1:colcon.colcon_core.package_discovery:discover_packages(recursive) discover
[0.558s] INFO:colcon.colcon_core.package_discovery:Crawling recursively for packages in '/home/darudecookie/Documents/V2-Robot-Arm/software/ros2/src'
[0.558s] Level 1:colcon.colcon_core.package_identification:_identify(.) by extensions ['ignore', 'ignore_ament_install']
[0.558s] Level 1:colcon.colcon_core.package_identification:_identify(.) by extension 'ignore'
[0.558s] Level 1:colcon.colcon_core.package_identification:_identify(.) by extension 'ignore_ament_install'
[0.558s] Level 1:colcon.colcon_core.package_identification:_identify(.) by extensions ['colcon_pkg']
[0.558s] Level 1:colcon.colcon_core.package_identification:_identify(.) by extension 'colcon_pkg'
[0.558s] Level 1:colcon.colcon_core.package_identification:_identify(.) by extensions ['colcon_meta']
[0.559s] Level 1:colcon.colcon_core.package_identification:_identify(.) by extension 'colcon_meta'
[0.559s] Level 1:colcon.colcon_core.package_identification:_identify(.) by extensions ['ros']
[0.559s] Level 1:colcon.colcon_core.package_identification:_identify(.) by extension 'ros'
[0.594s] Level 1:colcon.colcon_core.package_identification:_identify(.) by extensions ['cmake', 'python']
[0.594s] Level 1:colcon.colcon_core.package_identification:_identify(.) by extension 'cmake'
[0.594s] Level 1:colcon.colcon_core.package_identification:_identify(.) by extension 'python'
[0.594s] Level 1:colcon.colcon_core.package_identification:_identify(.) by extensions ['python_setup_py']
[0.594s] Level 1:colcon.colcon_core.package_identification:_identify(.) by extension 'python_setup_py'
[0.595s] Level 1:colcon.colcon_core.package_identification:_identify(build) by extensions ['ignore', 'ignore_ament_install']
[0.595s] Level 1:colcon.colcon_core.package_identification:_identify(build) by extension 'ignore'
[0.595s] Level 1:colcon.colcon_core.package_identification:_identify(build) ignored
[0.595s] Level 1:colcon.colcon_core.package_identification:_identify(hardware_interface) by extensions ['ignore', 'ignore_ament_install']
[0.595s] Level 1:colcon.colcon_core.package_identification:_identify(hardware_interface) by extension 'ignore'
[0.595s] Level 1:colcon.colcon_core.package_identification:_identify(hardware_interface) by extension 'ignore_ament_install'
[0.596s] Level 1:colcon.colcon_core.package_identification:_identify(hardware_interface) by extensions ['colcon_pkg']
[0.596s] Level 1:colcon.colcon_core.package_identification:_identify(hardware_interface) by extension 'colcon_pkg'
[0.596s] Level 1:colcon.colcon_core.package_identification:_identify(hardware_interface) by extensions ['colcon_meta']
[0.596s] Level 1:colcon.colcon_core.package_identification:_identify(hardware_interface) by extension 'colcon_meta'
[0.596s] Level 1:colcon.colcon_core.package_identification:_identify(hardware_interface) by extensions ['ros']
[0.596s] Level 1:colcon.colcon_core.package_identification:_identify(hardware_interface) by extension 'ros'
[0.599s] DEBUG:colcon.colcon_core.package_identification:Package 'hardware_interface' with type 'ros.ament_python' and name 'hardware_interface'
[0.599s] Level 1:colcon.colcon_core.package_identification:_identify(install) by extensions ['ignore', 'ignore_ament_install']
[0.599s] Level 1:colcon.colcon_core.package_identification:_identify(install) by extension 'ignore'
[0.599s] Level 1:colcon.colcon_core.package_identification:_identify(install) ignored
[0.600s] Level 1:colcon.colcon_core.package_identification:_identify(log) by extensions ['ignore', 'ignore_ament_install']
[0.600s] Level 1:colcon.colcon_core.package_identification:_identify(log) by extension 'ignore'
[0.600s] Level 1:colcon.colcon_core.package_identification:_identify(log) ignored
[0.600s] Level 1:colcon.colcon_core.package_identification:_identify(movement_controllers) by extensions ['ignore', 'ignore_ament_install']
[0.600s] Level 1:colcon.colcon_core.package_identification:_identify(movement_controllers) by extension 'ignore'
[0.600s] Level 1:colcon.colcon_core.package_identification:_identify(movement_controllers) by extension 'ignore_ament_install'
[0.601s] Level 1:colcon.colcon_core.package_identification:_identify(movement_controllers) by extensions ['colcon_pkg']
[0.601s] Level 1:colcon.colcon_core.package_identification:_identify(movement_controllers) by extension 'colcon_pkg'
[0.601s] Level 1:colcon.colcon_core.package_identification:_identify(movement_controllers) by extensions ['colcon_meta']
[0.601s] Level 1:colcon.colcon_core.package_identification:_identify(movement_controllers) by extension 'colcon_meta'
[0.601s] Level 1:colcon.colcon_core.package_identification:_identify(movement_controllers) by extensions ['ros']
[0.601s] Level 1:colcon.colcon_core.package_identification:_identify(movement_controllers) by extension 'ros'
[0.602s] DEBUG:colcon.colcon_core.package_identification:Package 'movement_controllers' with type 'ros.ament_python' and name 'movement_controllers'
[0.602s] Level 1:colcon.colcon_core.package_identification:_identify(ros_controller_interface) by extensions ['ignore', 'ignore_ament_install']
[0.602s] Level 1:colcon.colcon_core.package_identification:_identify(ros_controller_interface) by extension 'ignore'
[0.602s] Level 1:colcon.colcon_core.package_identification:_identify(ros_controller_interface) by extension 'ignore_ament_install'
[0.602s] Level 1:colcon.colcon_core.package_identification:_identify(ros_controller_interface) by extensions ['colcon_pkg']
[0.602s] Level 1:colcon.colcon_core.package_identification:_identify(ros_controller_interface) by extension 'colcon_pkg'
[0.602s] Level 1:colcon.colcon_core.package_identification:_identify(ros_controller_interface) by extensions ['colcon_meta']
[0.602s] Level 1:colcon.colcon_core.package_identification:_identify(ros_controller_interface) by extension 'colcon_meta'
[0.603s] Level 1:colcon.colcon_core.package_identification:_identify(ros_controller_interface) by extensions ['ros']
[0.603s] Level 1:colcon.colcon_core.package_identification:_identify(ros_controller_interface) by extension 'ros'
[0.603s] DEBUG:colcon.colcon_core.package_identification:Package 'ros_controller_interface' with type 'ros.ament_python' and name 'ros_controller_interface'
[0.604s] Level 1:colcon.colcon_core.package_identification:_identify(v2_robot_arm_interfaces) by extensions ['ignore', 'ignore_ament_install']
[0.604s] Level 1:colcon.colcon_core.package_identification:_identify(v2_robot_arm_interfaces) by extension 'ignore'
[0.604s] Level 1:colcon.colcon_core.package_identification:_identify(v2_robot_arm_interfaces) by extension 'ignore_ament_install'
[0.604s] Level 1:colcon.colcon_core.package_identification:_identify(v2_robot_arm_interfaces) by extensions ['colcon_pkg']
[0.604s] Level 1:colcon.colcon_core.package_identification:_identify(v2_robot_arm_interfaces) by extension 'colcon_pkg'
[0.604s] Level 1:colcon.colcon_core.package_identification:_identify(v2_robot_arm_interfaces) by extensions ['colcon_meta']
[0.604s] Level 1:colcon.colcon_core.package_identification:_identify(v2_robot_arm_interfaces) by extension 'colcon_meta'
[0.604s] Level 1:colcon.colcon_core.package_identification:_identify(v2_robot_arm_interfaces) by extensions ['ros']
[0.604s] Level 1:colcon.colcon_core.package_identification:_identify(v2_robot_arm_interfaces) by extension 'ros'
[0.605s] DEBUG:colcon.colcon_core.package_identification:Package 'v2_robot_arm_interfaces' with type 'ros.ament_cmake' and name 'v2_robot_arm_interfaces'
[0.605s] Level 1:colcon.colcon_core.package_discovery:discover_packages(recursive) using defaults
[0.605s] Level 1:colcon.colcon_core.package_discovery:discover_packages(ignore) discover
[0.606s] Level 1:colcon.colcon_core.package_discovery:discover_packages(ignore) using defaults
[0.606s] Level 1:colcon.colcon_core.package_discovery:discover_packages(path) discover
[0.606s] Level 1:colcon.colcon_core.package_discovery:discover_packages(path) using defaults
[0.630s] Level 1:colcon.colcon_core.package_discovery:discover_packages(prefix_path) check parameters
[0.630s] Level 1:colcon.colcon_core.package_discovery:discover_packages(prefix_path) discover
[0.633s] DEBUG:colcon.colcon_installed_package_information.package_discovery:Found 5 installed packages in /home/darudecookie/Documents/V2-Robot-Arm/software/ros2/src/install
[0.635s] DEBUG:colcon.colcon_installed_package_information.package_discovery:Found 285 installed packages in /opt/ros/rolling
[0.637s] Level 1:colcon.colcon_core.package_discovery:discover_packages(prefix_path) using defaults
[0.716s] Level 5:colcon.colcon_core.verb:set package 'ros_controller_interface' build argument 'cmake_args' from command line to 'None'
[0.716s] Level 5:colcon.colcon_core.verb:set package 'ros_controller_interface' build argument 'cmake_target' from command line to 'None'
[0.716s] Level 5:colcon.colcon_core.verb:set package 'ros_controller_interface' build argument 'cmake_target_skip_unavailable' from command line to 'False'
[0.716s] Level 5:colcon.colcon_core.verb:set package 'ros_controller_interface' build argument 'cmake_clean_cache' from command line to 'False'
[0.716s] Level 5:colcon.colcon_core.verb:set package 'ros_controller_interface' build argument 'cmake_clean_first' from command line to 'False'
[0.716s] Level 5:colcon.colcon_core.verb:set package 'ros_controller_interface' build argument 'cmake_force_configure' from command line to 'False'
[0.716s] Level 5:colcon.colcon_core.verb:set package 'ros_controller_interface' build argument 'ament_cmake_args' from command line to 'None'
[0.717s] Level 5:colcon.colcon_core.verb:set package 'ros_controller_interface' build argument 'catkin_cmake_args' from command line to 'None'
[0.717s] Level 5:colcon.colcon_core.verb:set package 'ros_controller_interface' build argument 'catkin_skip_building_tests' from command line to 'False'
[0.717s] DEBUG:colcon.colcon_core.verb:Building package 'ros_controller_interface' with the following arguments: {'ament_cmake_args': None, 'build_base': '/home/darudecookie/Documents/V2-Robot-Arm/software/ros2/src/build/ros_controller_interface', 'catkin_cmake_args': None, 'catkin_skip_building_tests': False, 'cmake_args': None, 'cmake_clean_cache': False, 'cmake_clean_first': False, 'cmake_force_configure': False, 'cmake_target': None, 'cmake_target_skip_unavailable': False, 'install_base': '/home/darudecookie/Documents/V2-Robot-Arm/software/ros2/src/install/ros_controller_interface', 'merge_install': False, 'path': '/home/darudecookie/Documents/V2-Robot-Arm/software/ros2/src/ros_controller_interface', 'symlink_install': False, 'test_result_base': None}
[0.717s] Level 5:colcon.colcon_core.verb:set package 'v2_robot_arm_interfaces' build argument 'cmake_args' from command line to 'None'
[0.717s] Level 5:colcon.colcon_core.verb:set package 'v2_robot_arm_interfaces' build argument 'cmake_target' from command line to 'None'
[0.717s] Level 5:colcon.colcon_core.verb:set package 'v2_robot_arm_interfaces' build argument 'cmake_target_skip_unavailable' from command line to 'False'
[0.717s] Level 5:colcon.colcon_core.verb:set package 'v2_robot_arm_interfaces' build argument 'cmake_clean_cache' from command line to 'False'
[0.718s] Level 5:colcon.colcon_core.verb:set package 'v2_robot_arm_interfaces' build argument 'cmake_clean_first' from command line to 'False'
[0.718s] Level 5:colcon.colcon_core.verb:set package 'v2_robot_arm_interfaces' build argument 'cmake_force_configure' from command line to 'False'
[0.718s] Level 5:colcon.colcon_core.verb:set package 'v2_robot_arm_interfaces' build argument 'ament_cmake_args' from command line to 'None'
[0.718s] Level 5:colcon.colcon_core.verb:set package 'v2_robot_arm_interfaces' build argument 'catkin_cmake_args' from command line to 'None'
[0.718s] Level 5:colcon.colcon_core.verb:set package 'v2_robot_arm_interfaces' build argument 'catkin_skip_building_tests' from command line to 'False'
[0.718s] DEBUG:colcon.colcon_core.verb:Building package 'v2_robot_arm_interfaces' with the following arguments: {'ament_cmake_args': None, 'build_base': '/home/darudecookie/Documents/V2-Robot-Arm/software/ros2/src/build/v2_robot_arm_interfaces', 'catkin_cmake_args': None, 'catkin_skip_building_tests': False, 'cmake_args': None, 'cmake_clean_cache': False, 'cmake_clean_first': False, 'cmake_force_configure': False, 'cmake_target': None, 'cmake_target_skip_unavailable': False, 'install_base': '/home/darudecookie/Documents/V2-Robot-Arm/software/ros2/src/install/v2_robot_arm_interfaces', 'merge_install': False, 'path': '/home/darudecookie/Documents/V2-Robot-Arm/software/ros2/src/v2_robot_arm_interfaces', 'symlink_install': False, 'test_result_base': None}
[0.718s] Level 5:colcon.colcon_core.verb:set package 'hardware_interface' build argument 'cmake_args' from command line to 'None'
[0.718s] Level 5:colcon.colcon_core.verb:set package 'hardware_interface' build argument 'cmake_target' from command line to 'None'
[0.718s] Level 5:colcon.colcon_core.verb:set package 'hardware_interface' build argument 'cmake_target_skip_unavailable' from command line to 'False'
[0.719s] Level 5:colcon.colcon_core.verb:set package 'hardware_interface' build argument 'cmake_clean_cache' from command line to 'False'
[0.719s] Level 5:colcon.colcon_core.verb:set package 'hardware_interface' build argument 'cmake_clean_first' from command line to 'False'
[0.719s] Level 5:colcon.colcon_core.verb:set package 'hardware_interface' build argument 'cmake_force_configure' from command line to 'False'
[0.719s] Level 5:colcon.colcon_core.verb:set package 'hardware_interface' build argument 'ament_cmake_args' from command line to 'None'
[0.719s] Level 5:colcon.colcon_core.verb:set package 'hardware_interface' build argument 'catkin_cmake_args' from command line to 'None'
[0.719s] Level 5:colcon.colcon_core.verb:set package 'hardware_interface' build argument 'catkin_skip_building_tests' from command line to 'False'
[0.719s] DEBUG:colcon.colcon_core.verb:Building package 'hardware_interface' with the following arguments: {'ament_cmake_args': None, 'build_base': '/home/darudecookie/Documents/V2-Robot-Arm/software/ros2/src/build/hardware_interface', 'catkin_cmake_args': None, 'catkin_skip_building_tests': False, 'cmake_args': None, 'cmake_clean_cache': False, 'cmake_clean_first': False, 'cmake_force_configure': False, 'cmake_target': None, 'cmake_target_skip_unavailable': False, 'install_base': '/home/darudecookie/Documents/V2-Robot-Arm/software/ros2/src/install/hardware_interface', 'merge_install': False, 'path': '/home/darudecookie/Documents/V2-Robot-Arm/software/ros2/src/hardware_interface', 'symlink_install': False, 'test_result_base': None}
[0.719s] Level 5:colcon.colcon_core.verb:set package 'movement_controllers' build argument 'cmake_args' from command line to 'None'
[0.719s] Level 5:colcon.colcon_core.verb:set package 'movement_controllers' build argument 'cmake_target' from command line to 'None'
[0.719s] Level 5:colcon.colcon_core.verb:set package 'movement_controllers' build argument 'cmake_target_skip_unavailable' from command line to 'False'
[0.720s] Level 5:colcon.colcon_core.verb:set package 'movement_controllers' build argument 'cmake_clean_cache' from command line to 'False'
[0.720s] Level 5:colcon.colcon_core.verb:set package 'movement_controllers' build argument 'cmake_clean_first' from command line to 'False'
[0.720s] Level 5:colcon.colcon_core.verb:set package 'movement_controllers' build argument 'cmake_force_configure' from command line to 'False'
[0.720s] Level 5:colcon.colcon_core.verb:set package 'movement_controllers' build argument 'ament_cmake_args' from command line to 'None'
[0.720s] Level 5:colcon.colcon_core.verb:set package 'movement_controllers' build argument 'catkin_cmake_args' from command line to 'None'
[0.720s] Level 5:colcon.colcon_core.verb:set package 'movement_controllers' build argument 'catkin_skip_building_tests' from command line to 'False'
[0.720s] DEBUG:colcon.colcon_core.verb:Building package 'movement_controllers' with the following arguments: {'ament_cmake_args': None, 'build_base': '/home/darudecookie/Documents/V2-Robot-Arm/software/ros2/src/build/movement_controllers', 'catkin_cmake_args': None, 'catkin_skip_building_tests': False, 'cmake_args': None, 'cmake_clean_cache': False, 'cmake_clean_first': False, 'cmake_force_configure': False, 'cmake_target': None, 'cmake_target_skip_unavailable': False, 'install_base': '/home/darudecookie/Documents/V2-Robot-Arm/software/ros2/src/install/movement_controllers', 'merge_install': False, 'path': '/home/darudecookie/Documents/V2-Robot-Arm/software/ros2/src/movement_controllers', 'symlink_install': False, 'test_result_base': None}
[0.720s] INFO:colcon.colcon_core.executor:Executing jobs using 'parallel' executor
[0.721s] DEBUG:colcon.colcon_parallel_executor.executor.parallel:run_until_complete
[0.722s] INFO:colcon.colcon_ros.task.ament_cmake.build:Building ROS package in '/home/darudecookie/Documents/V2-Robot-Arm/software/ros2/src/v2_robot_arm_interfaces' with build type 'ament_cmake'
[0.723s] INFO:colcon.colcon_cmake.task.cmake.build:Building CMake package in '/home/darudecookie/Documents/V2-Robot-Arm/software/ros2/src/v2_robot_arm_interfaces'
[0.726s] INFO:colcon.colcon_core.plugin_system:Skipping extension 'colcon_core.shell.bat': Not used on non-Windows systems
[0.726s] INFO:colcon.colcon_core.shell:Skip shell extension 'powershell' for command environment: Not usable outside of PowerShell
[0.726s] DEBUG:colcon.colcon_core.shell:Skip shell extension 'dsv' for command environment
[0.736s] INFO:colcon.colcon_ros.task.ament_python.build:Building ROS package in '/home/darudecookie/Documents/V2-Robot-Arm/software/ros2/src/ros_controller_interface' with build type 'ament_python'
[0.736s] Level 1:colcon.colcon_core.shell:create_environment_hook('ros_controller_interface', 'ament_prefix_path')
[0.736s] INFO:colcon.colcon_core.shell:Creating environment hook '/home/darudecookie/Documents/V2-Robot-Arm/software/ros2/src/install/ros_controller_interface/share/ros_controller_interface/hook/ament_prefix_path.ps1'
[0.739s] INFO:colcon.colcon_core.shell:Creating environment descriptor '/home/darudecookie/Documents/V2-Robot-Arm/software/ros2/src/install/ros_controller_interface/share/ros_controller_interface/hook/ament_prefix_path.dsv'
[0.739s] INFO:colcon.colcon_core.shell:Creating environment hook '/home/darudecookie/Documents/V2-Robot-Arm/software/ros2/src/install/ros_controller_interface/share/ros_controller_interface/hook/ament_prefix_path.sh'
[0.741s] INFO:colcon.colcon_core.shell:Skip shell extension 'powershell' for command environment: Not usable outside of PowerShell
[0.741s] DEBUG:colcon.colcon_core.shell:Skip shell extension 'dsv' for command environment
[0.761s] DEBUG:colcon.colcon_core.event_handler.log_command:Invoking command in '/home/darudecookie/Documents/V2-Robot-Arm/software/ros2/src/build/v2_robot_arm_interfaces': CMAKE_PREFIX_PATH=${CMAKE_PREFIX_PATH}:/home/darudecookie/Documents/V2-Robot-Arm/software/ros2/src/install/movement_controllers:/home/darudecookie/Documents/V2-Robot-Arm/software/ros2/src/install/hardware_interface:/home/darudecookie/Documents/V2-Robot-Arm/software/ros2/src/install/ros_controller_interface:/opt/ros/rolling DEBUGINFOD_URLS=https://debuginfod.ubuntu.com /usr/bin/cmake --build /home/darudecookie/Documents/V2-Robot-Arm/software/ros2/src/build/v2_robot_arm_interfaces -- -j4 -l4
[2.226s] INFO:colcon.colcon_core.task.python.build:Building Python package in '/home/darudecookie/Documents/V2-Robot-Arm/software/ros2/src/ros_controller_interface'
[2.227s] INFO:colcon.colcon_core.shell:Skip shell extension 'powershell' for command environment: Not usable outside of PowerShell
[2.227s] DEBUG:colcon.colcon_core.shell:Skip shell extension 'dsv' for command environment
[5.179s] DEBUG:colcon.colcon_core.event_handler.log_command:Invoking command in '/home/darudecookie/Documents/V2-Robot-Arm/software/ros2/src/ros_controller_interface': DEBUGINFOD_URLS=https://debuginfod.ubuntu.com PYTHONPATH=/home/darudecookie/Documents/V2-Robot-Arm/software/ros2/src/build/ros_controller_interface/prefix_override:/home/darudecookie/Documents/V2-Robot-Arm/software/ros2/src/install/ros_controller_interface/lib/python3.12/site-packages:${PYTHONPATH} /usr/bin/python3 -W ignore:setup.py install is deprecated setup.py egg_info --egg-base ../build/ros_controller_interface build --build-base /home/darudecookie/Documents/V2-Robot-Arm/software/ros2/src/build/ros_controller_interface/build install --record /home/darudecookie/Documents/V2-Robot-Arm/software/ros2/src/build/ros_controller_interface/install.log --single-version-externally-managed install_data
[5.830s] DEBUG:colcon.colcon_core.event_handler.log_command:Invoked command in '/home/darudecookie/Documents/V2-Robot-Arm/software/ros2/src/build/v2_robot_arm_interfaces' returned '0': CMAKE_PREFIX_PATH=${CMAKE_PREFIX_PATH}:/home/darudecookie/Documents/V2-Robot-Arm/software/ros2/src/install/movement_controllers:/home/darudecookie/Documents/V2-Robot-Arm/software/ros2/src/install/hardware_interface:/home/darudecookie/Documents/V2-Robot-Arm/software/ros2/src/install/ros_controller_interface:/opt/ros/rolling DEBUGINFOD_URLS=https://debuginfod.ubuntu.com /usr/bin/cmake --build /home/darudecookie/Documents/V2-Robot-Arm/software/ros2/src/build/v2_robot_arm_interfaces -- -j4 -l4
[7.949s] DEBUG:colcon.colcon_core.event_handler.log_command:Invoking command in '/home/darudecookie/Documents/V2-Robot-Arm/software/ros2/src/build/v2_robot_arm_interfaces': CMAKE_PREFIX_PATH=${CMAKE_PREFIX_PATH}:/home/darudecookie/Documents/V2-Robot-Arm/software/ros2/src/install/movement_controllers:/home/darudecookie/Documents/V2-Robot-Arm/software/ros2/src/install/hardware_interface:/home/darudecookie/Documents/V2-Robot-Arm/software/ros2/src/install/ros_controller_interface:/opt/ros/rolling DEBUGINFOD_URLS=https://debuginfod.ubuntu.com /usr/bin/cmake --install /home/darudecookie/Documents/V2-Robot-Arm/software/ros2/src/build/v2_robot_arm_interfaces
[8.339s] Level 1:colcon.colcon_core.environment:checking '/home/darudecookie/Documents/V2-Robot-Arm/software/ros2/src/install/ros_controller_interface' for CMake module files
[8.354s] Level 1:colcon.colcon_core.environment:checking '/home/darudecookie/Documents/V2-Robot-Arm/software/ros2/src/install/ros_controller_interface' for CMake config files
[8.356s] Level 1:colcon.colcon_core.environment:checking '/home/darudecookie/Documents/V2-Robot-Arm/software/ros2/src/install/ros_controller_interface/lib'
[8.359s] Level 1:colcon.colcon_core.environment:checking '/home/darudecookie/Documents/V2-Robot-Arm/software/ros2/src/install/ros_controller_interface/bin'
[8.362s] Level 1:colcon.colcon_core.environment:checking '/home/darudecookie/Documents/V2-Robot-Arm/software/ros2/src/install/ros_controller_interface/lib/pkgconfig/ros_controller_interface.pc'
[8.363s] Level 1:colcon.colcon_core.environment:checking '/home/darudecookie/Documents/V2-Robot-Arm/software/ros2/src/install/ros_controller_interface/lib/python3.12/site-packages'
[8.365s] Level 1:colcon.colcon_core.shell:create_environment_hook('ros_controller_interface', 'pythonpath')
[8.365s] INFO:colcon.colcon_core.shell:Creating environment hook '/home/darudecookie/Documents/V2-Robot-Arm/software/ros2/src/install/ros_controller_interface/share/ros_controller_interface/hook/pythonpath.ps1'
[8.377s] INFO:colcon.colcon_core.shell:Creating environment descriptor '/home/darudecookie/Documents/V2-Robot-Arm/software/ros2/src/install/ros_controller_interface/share/ros_controller_interface/hook/pythonpath.dsv'
[8.378s] INFO:colcon.colcon_core.shell:Creating environment hook '/home/darudecookie/Documents/V2-Robot-Arm/software/ros2/src/install/ros_controller_interface/share/ros_controller_interface/hook/pythonpath.sh'
[8.379s] Level 1:colcon.colcon_core.environment:checking '/home/darudecookie/Documents/V2-Robot-Arm/software/ros2/src/install/ros_controller_interface/bin'
[8.380s] Level 1:colcon.colcon_core.environment:create_environment_scripts_only(ros_controller_interface)
[8.381s] INFO:colcon.colcon_core.shell:Creating package script '/home/darudecookie/Documents/V2-Robot-Arm/software/ros2/src/install/ros_controller_interface/share/ros_controller_interface/package.ps1'
[8.387s] INFO:colcon.colcon_core.shell:Creating package descriptor '/home/darudecookie/Documents/V2-Robot-Arm/software/ros2/src/install/ros_controller_interface/share/ros_controller_interface/package.dsv'
[8.402s] INFO:colcon.colcon_core.shell:Creating package script '/home/darudecookie/Documents/V2-Robot-Arm/software/ros2/src/install/ros_controller_interface/share/ros_controller_interface/package.sh'
[8.412s] INFO:colcon.colcon_core.shell:Creating package script '/home/darudecookie/Documents/V2-Robot-Arm/software/ros2/src/install/ros_controller_interface/share/ros_controller_interface/package.bash'
[8.422s] INFO:colcon.colcon_core.shell:Creating package script '/home/darudecookie/Documents/V2-Robot-Arm/software/ros2/src/install/ros_controller_interface/share/ros_controller_interface/package.zsh'
[8.430s] Level 1:colcon.colcon_core.environment:create_file_with_runtime_dependencies(/home/darudecookie/Documents/V2-Robot-Arm/software/ros2/src/install/ros_controller_interface/share/colcon-core/packages/ros_controller_interface)
[8.452s] DEBUG:colcon.colcon_core.event_handler.log_command:Invoked command in '/home/darudecookie/Documents/V2-Robot-Arm/software/ros2/src/ros_controller_interface' returned '0': DEBUGINFOD_URLS=https://debuginfod.ubuntu.com PYTHONPATH=/home/darudecookie/Documents/V2-Robot-Arm/software/ros2/src/build/ros_controller_interface/prefix_override:/home/darudecookie/Documents/V2-Robot-Arm/software/ros2/src/install/ros_controller_interface/lib/python3.12/site-packages:${PYTHONPATH} /usr/bin/python3 -W ignore:setup.py install is deprecated setup.py egg_info --egg-base ../build/ros_controller_interface build --build-base /home/darudecookie/Documents/V2-Robot-Arm/software/ros2/src/build/ros_controller_interface/build install --record /home/darudecookie/Documents/V2-Robot-Arm/software/ros2/src/build/ros_controller_interface/install.log --single-version-externally-managed install_data
[8.577s] DEBUG:colcon.colcon_parallel_executor.executor.parallel:run_until_complete was interrupted
[8.577s] DEBUG:colcon.colcon_parallel_executor.executor.parallel:run_until_complete again
[8.586s] DEBUG:colcon.colcon_core.event_handler.log_command:Invoked command in '/home/darudecookie/Documents/V2-Robot-Arm/software/ros2/src/build/v2_robot_arm_interfaces' returned '-2': CMAKE_PREFIX_PATH=${CMAKE_PREFIX_PATH}:/home/darudecookie/Documents/V2-Robot-Arm/software/ros2/src/install/movement_controllers:/home/darudecookie/Documents/V2-Robot-Arm/software/ros2/src/install/hardware_interface:/home/darudecookie/Documents/V2-Robot-Arm/software/ros2/src/install/ros_controller_interface:/opt/ros/rolling DEBUGINFOD_URLS=https://debuginfod.ubuntu.com /usr/bin/cmake --install /home/darudecookie/Documents/V2-Robot-Arm/software/ros2/src/build/v2_robot_arm_interfaces
[10.609s] Level 1:colcon.colcon_core.environment:create_environment_scripts_only(v2_robot_arm_interfaces)
[10.610s] Level 1:colcon.colcon_core.environment:checking '/home/darudecookie/Documents/V2-Robot-Arm/software/ros2/src/install/v2_robot_arm_interfaces' for CMake module files
[10.612s] Level 1:colcon.colcon_core.environment:checking '/home/darudecookie/Documents/V2-Robot-Arm/software/ros2/src/install/v2_robot_arm_interfaces' for CMake config files
[10.613s] Level 1:colcon.colcon_core.shell:create_environment_hook('v2_robot_arm_interfaces', 'cmake_prefix_path')
[10.614s] INFO:colcon.colcon_core.shell:Creating environment hook '/home/darudecookie/Documents/V2-Robot-Arm/software/ros2/src/install/v2_robot_arm_interfaces/share/v2_robot_arm_interfaces/hook/cmake_prefix_path.ps1'
[10.615s] INFO:colcon.colcon_core.shell:Creating environment descriptor '/home/darudecookie/Documents/V2-Robot-Arm/software/ros2/src/install/v2_robot_arm_interfaces/share/v2_robot_arm_interfaces/hook/cmake_prefix_path.dsv'
[10.615s] INFO:colcon.colcon_core.shell:Creating environment hook '/home/darudecookie/Documents/V2-Robot-Arm/software/ros2/src/install/v2_robot_arm_interfaces/share/v2_robot_arm_interfaces/hook/cmake_prefix_path.sh'
[10.617s] Level 1:colcon.colcon_core.environment:checking '/home/darudecookie/Documents/V2-Robot-Arm/software/ros2/src/install/v2_robot_arm_interfaces/lib'
[10.617s] Level 1:colcon.colcon_core.shell:create_environment_hook('v2_robot_arm_interfaces', 'ld_library_path_lib')
[10.617s] INFO:colcon.colcon_core.shell:Creating environment hook '/home/darudecookie/Documents/V2-Robot-Arm/software/ros2/src/install/v2_robot_arm_interfaces/share/v2_robot_arm_interfaces/hook/ld_library_path_lib.ps1'
[10.618s] INFO:colcon.colcon_core.shell:Creating environment descriptor '/home/darudecookie/Documents/V2-Robot-Arm/software/ros2/src/install/v2_robot_arm_interfaces/share/v2_robot_arm_interfaces/hook/ld_library_path_lib.dsv'
[10.619s] INFO:colcon.colcon_core.shell:Creating environment hook '/home/darudecookie/Documents/V2-Robot-Arm/software/ros2/src/install/v2_robot_arm_interfaces/share/v2_robot_arm_interfaces/hook/ld_library_path_lib.sh'
[10.620s] Level 1:colcon.colcon_core.environment:checking '/home/darudecookie/Documents/V2-Robot-Arm/software/ros2/src/install/v2_robot_arm_interfaces/bin'
[10.620s] Level 1:colcon.colcon_core.environment:checking '/home/darudecookie/Documents/V2-Robot-Arm/software/ros2/src/install/v2_robot_arm_interfaces/lib/pkgconfig/v2_robot_arm_interfaces.pc'
[10.621s] Level 1:colcon.colcon_core.environment:checking '/home/darudecookie/Documents/V2-Robot-Arm/software/ros2/src/install/v2_robot_arm_interfaces/lib/python3.12/site-packages'
[10.621s] Level 1:colcon.colcon_core.shell:create_environment_hook('v2_robot_arm_interfaces', 'pythonpath')
[10.621s] INFO:colcon.colcon_core.shell:Creating environment hook '/home/darudecookie/Documents/V2-Robot-Arm/software/ros2/src/install/v2_robot_arm_interfaces/share/v2_robot_arm_interfaces/hook/pythonpath.ps1'
[10.622s] INFO:colcon.colcon_core.shell:Creating environment descriptor '/home/darudecookie/Documents/V2-Robot-Arm/software/ros2/src/install/v2_robot_arm_interfaces/share/v2_robot_arm_interfaces/hook/pythonpath.dsv'
[10.623s] INFO:colcon.colcon_core.shell:Creating environment hook '/home/darudecookie/Documents/V2-Robot-Arm/software/ros2/src/install/v2_robot_arm_interfaces/share/v2_robot_arm_interfaces/hook/pythonpath.sh'
[10.625s] Level 1:colcon.colcon_core.environment:checking '/home/darudecookie/Documents/V2-Robot-Arm/software/ros2/src/install/v2_robot_arm_interfaces/bin'
[10.626s] INFO:colcon.colcon_core.shell:Creating package script '/home/darudecookie/Documents/V2-Robot-Arm/software/ros2/src/install/v2_robot_arm_interfaces/share/v2_robot_arm_interfaces/package.ps1'
[10.627s] INFO:colcon.colcon_core.shell:Creating package descriptor '/home/darudecookie/Documents/V2-Robot-Arm/software/ros2/src/install/v2_robot_arm_interfaces/share/v2_robot_arm_interfaces/package.dsv'
[10.628s] INFO:colcon.colcon_core.shell:Creating package script '/home/darudecookie/Documents/V2-Robot-Arm/software/ros2/src/install/v2_robot_arm_interfaces/share/v2_robot_arm_interfaces/package.sh'
[10.629s] INFO:colcon.colcon_core.shell:Creating package script '/home/darudecookie/Documents/V2-Robot-Arm/software/ros2/src/install/v2_robot_arm_interfaces/share/v2_robot_arm_interfaces/package.bash'
[10.630s] INFO:colcon.colcon_core.shell:Creating package script '/home/darudecookie/Documents/V2-Robot-Arm/software/ros2/src/install/v2_robot_arm_interfaces/share/v2_robot_arm_interfaces/package.zsh'
[10.631s] Level 1:colcon.colcon_core.environment:create_file_with_runtime_dependencies(/home/darudecookie/Documents/V2-Robot-Arm/software/ros2/src/install/v2_robot_arm_interfaces/share/colcon-core/packages/v2_robot_arm_interfaces)
[10.633s] DEBUG:colcon.colcon_parallel_executor.executor.parallel:run_until_complete finished
[10.633s] DEBUG:colcon.colcon_parallel_executor.executor.parallel:closing loop
[10.634s] DEBUG:colcon.colcon_parallel_executor.executor.parallel:loop closed
[10.634s] DEBUG:colcon.colcon_core.event_reactor:joining thread
[10.652s] INFO:colcon.colcon_core.plugin_system:Skipping extension 'colcon_notification.desktop_notification.terminal_notifier': Not used on non-Darwin systems
[10.653s] INFO:colcon.colcon_core.plugin_system:Skipping extension 'colcon_notification.desktop_notification.win32': Not used on non-Windows systems
[10.654s] INFO:colcon.colcon_notification.desktop_notification:Sending desktop notification using 'notify2'
[10.694s] DEBUG:colcon.colcon_core.event_reactor:joined thread
[10.697s] INFO:colcon.colcon_core.shell:Creating prefix script '/home/darudecookie/Documents/V2-Robot-Arm/software/ros2/src/install/local_setup.ps1'
[10.705s] INFO:colcon.colcon_core.shell:Creating prefix util module '/home/darudecookie/Documents/V2-Robot-Arm/software/ros2/src/install/_local_setup_util_ps1.py'
[10.716s] INFO:colcon.colcon_core.shell:Creating prefix chain script '/home/darudecookie/Documents/V2-Robot-Arm/software/ros2/src/install/setup.ps1'
[10.725s] INFO:colcon.colcon_core.shell:Creating prefix script '/home/darudecookie/Documents/V2-Robot-Arm/software/ros2/src/install/local_setup.sh'
[10.726s] INFO:colcon.colcon_core.shell:Creating prefix util module '/home/darudecookie/Documents/V2-Robot-Arm/software/ros2/src/install/_local_setup_util_sh.py'
[10.727s] INFO:colcon.colcon_core.shell:Creating prefix chain script '/home/darudecookie/Documents/V2-Robot-Arm/software/ros2/src/install/setup.sh'
[10.729s] INFO:colcon.colcon_core.shell:Creating prefix script '/home/darudecookie/Documents/V2-Robot-Arm/software/ros2/src/install/local_setup.bash'
[10.730s] INFO:colcon.colcon_core.shell:Creating prefix chain script '/home/darudecookie/Documents/V2-Robot-Arm/software/ros2/src/install/setup.bash'
[10.732s] INFO:colcon.colcon_core.shell:Creating prefix script '/home/darudecookie/Documents/V2-Robot-Arm/software/ros2/src/install/local_setup.zsh'
[10.733s] INFO:colcon.colcon_core.shell:Creating prefix chain script '/home/darudecookie/Documents/V2-Robot-Arm/software/ros2/src/install/setup.zsh'
