[1.365s] Invoking command in '/home/darudecookie/Documents/V2-Robot-Arm/software/ros2/src/hardware_interface': DEBUGINFOD_URLS=https://debuginfod.ubuntu.com PYTHONPATH=/home/darudecookie/Documents/V2-Robot-Arm/software/ros2/build/hardware_interface/prefix_override:/home/darudecookie/Documents/V2-Robot-Arm/software/ros2/install/hardware_interface/lib/python3.12/site-packages:/home/darudecookie/Documents/V2-Robot-Arm/software/ros2/install/v2_robot_arm_interfaces/lib/python3.12/site-packages:/home/darudecookie/Documents/V2-Robot-Arm/software/ros2/install/movement_controllers/lib/python3.12/site-packages:/home/darudecookie/Documents/V2-Robot-Arm/software/ros2/install/hardware_interface/lib/python3.12/site-packages:/home/darudecookie/Documents/V2-Robot-Arm/software/ros2/install/ros_controller_interface/lib/python3.12/site-packages:/opt/ros/rolling/lib/python3.12/site-packages /usr/bin/python3 -W ignore:setup.py install is deprecated setup.py egg_info --egg-base ../../build/hardware_interface build --build-base /home/darudecookie/Documents/V2-Robot-Arm/software/ros2/build/hardware_interface/build install --record /home/darudecookie/Documents/V2-Robot-Arm/software/ros2/build/hardware_interface/install.log --single-version-externally-managed install_data
[1.687s] running egg_info
[1.715s] writing ../../build/hardware_interface/hardware_interface.egg-info/PKG-INFO
[1.715s] writing dependency_links to ../../build/hardware_interface/hardware_interface.egg-info/dependency_links.txt
[1.715s] writing entry points to ../../build/hardware_interface/hardware_interface.egg-info/entry_points.txt
[1.715s] writing requirements to ../../build/hardware_interface/hardware_interface.egg-info/requires.txt
[1.716s] writing top-level names to ../../build/hardware_interface/hardware_interface.egg-info/top_level.txt
[1.766s] reading manifest file '../../build/hardware_interface/hardware_interface.egg-info/SOURCES.txt'
[1.767s] writing manifest file '../../build/hardware_interface/hardware_interface.egg-info/SOURCES.txt'
[1.768s] running build
[1.768s] running build_py
[1.768s] running install
[1.779s] running install_lib
[1.808s] running install_data
[1.809s] running install_egg_info
[1.839s] removing '/home/darudecookie/Documents/V2-Robot-Arm/software/ros2/install/hardware_interface/lib/python3.12/site-packages/hardware_interface-0.0.1-py3.12.egg-info' (and everything under it)
[1.840s] Copying ../../build/hardware_interface/hardware_interface.egg-info to /home/darudecookie/Documents/V2-Robot-Arm/software/ros2/install/hardware_interface/lib/python3.12/site-packages/hardware_interface-0.0.1-py3.12.egg-info
[1.841s] running install_scripts
[2.010s] Installing End_Effector_Controller_Node script to /home/darudecookie/Documents/V2-Robot-Arm/software/ros2/install/hardware_interface/lib/hardware_interface
[2.013s] Installing Microcontroller_Interface_Node script to /home/darudecookie/Documents/V2-Robot-Arm/software/ros2/install/hardware_interface/lib/hardware_interface
[2.013s] writing list of installed files to '/home/darudecookie/Documents/V2-Robot-Arm/software/ros2/build/hardware_interface/install.log'
[2.070s] Invoked command in '/home/darudecookie/Documents/V2-Robot-Arm/software/ros2/src/hardware_interface' returned '0': DEBUGINFOD_URLS=https://debuginfod.ubuntu.com PYTHONPATH=/home/darudecookie/Documents/V2-Robot-Arm/software/ros2/build/hardware_interface/prefix_override:/home/darudecookie/Documents/V2-Robot-Arm/software/ros2/install/hardware_interface/lib/python3.12/site-packages:/home/darudecookie/Documents/V2-Robot-Arm/software/ros2/install/v2_robot_arm_interfaces/lib/python3.12/site-packages:/home/darudecookie/Documents/V2-Robot-Arm/software/ros2/install/movement_controllers/lib/python3.12/site-packages:/home/darudecookie/Documents/V2-Robot-Arm/software/ros2/install/hardware_interface/lib/python3.12/site-packages:/home/darudecookie/Documents/V2-Robot-Arm/software/ros2/install/ros_controller_interface/lib/python3.12/site-packages:/opt/ros/rolling/lib/python3.12/site-packages /usr/bin/python3 -W ignore:setup.py install is deprecated setup.py egg_info --egg-base ../../build/hardware_interface build --build-base /home/darudecookie/Documents/V2-Robot-Arm/software/ros2/build/hardware_interface/build install --record /home/darudecookie/Documents/V2-Robot-Arm/software/ros2/build/hardware_interface/install.log --single-version-externally-managed install_data
