[0.123s] Invoking command in '/home/darudecookie/Documents/V2-Robot-Arm/software/ros2/src/build/v2_robot_arm_interfaces': CMAKE_PREFIX_PATH=${CMAKE_PREFIX_PATH}:/home/darudecookie/Documents/V2-Robot-Arm/software/ros2/src/install/movement_controllers:/home/darudecookie/Documents/V2-Robot-Arm/software/ros2/src/install/hardware_interface:/home/darudecookie/Documents/V2-Robot-Arm/software/ros2/src/install/ros_controller_interface:/opt/ros/rolling DEBUGINFOD_URLS=https://debuginfod.ubuntu.com /usr/bin/cmake --build /home/darudecookie/Documents/V2-Robot-Arm/software/ros2/src/build/v2_robot_arm_interfaces -- -j4 -l4
[0.478s] [  0%] Built target v2_robot_arm_interfaces__rosidl_generator_type_description
[0.579s] [  0%] Built target ament_cmake_python_copy_v2_robot_arm_interfaces
[0.725s] [ 26%] Built target v2_robot_arm_interfaces__rosidl_generator_c
[0.901s] Fatal Python error: init_import_site: Failed to import the site module
[0.901s] Python runtime state: initialized
[0.901s] Traceback (most recent call last):
[0.908s]   File "<frozen importlib._bootstrap>", line 1360, in _find_and_load
[0.908s]   File "<frozen importlib._bootstrap>", line 1331, in _find_and_load_unlocked
[0.908s]   File "<frozen importlib._bootstrap>", line 935, in _load_unlocked
[0.909s]   File "<frozen importlib._bootstrap>", line 1176, in exec_module
[0.909s]   File "<frozen site>", line 643, in <module>
[0.909s]   File "<frozen site>", line 630, in main
[0.919s]   File "<frozen site>", line 413, in addsitepackages
[0.921s]   File "<frozen site>", line 242, in addsitedir
[0.922s]   File "<frozen site>", line 201, in addpackage
[0.922s]   File "<string>", line 1, in <module>
[0.922s]   File "<frozen importlib._bootstrap>", line 1360, in _find_and_load
[0.922s]   File "<frozen importlib._bootstrap>", line 1322, in _find_and_load_unlocked
[0.922s]   File "<frozen importlib._bootstrap>", line 1262, in _find_spec
[0.923s]   File "<frozen importlib._bootstrap_external>", line 1528, in find_spec
[0.923s]   File "<frozen importlib._bootstrap_external>", line 1502, in _get_spec
[0.923s]   File "<frozen importlib._bootstrap_external>", line 1605, in find_spec
[0.923s]   File "<frozen importlib._bootstrap_external>", line 1648, in _fill_cache
[0.923s] KeyboardInterrupt
[0.924s] gmake[2]: *** [CMakeFiles/ament_cmake_python_build_v2_robot_arm_interfaces_egg.dir/build.make:70: CMakeFiles/ament_cmake_python_build_v2_robot_arm_interfaces_egg] Interrupt
[0.924s] gmake[1]: *** [CMakeFiles/Makefile2:478: CMakeFiles/ament_cmake_python_build_v2_robot_arm_interfaces_egg.dir/all] Interrupt
[0.924s] gmake: *** [Makefile:146: all] Interrupt
