[0.143s] DEBUG:colcon:Command line arguments: ['/usr/bin/colcon', 'build']
[0.143s] DEBUG:colcon:Parsed command line arguments: Namespace(log_base=None, log_level=None, verb_name='build', build_base='build', install_base='install', merge_install=False, symlink_install=False, test_result_base=None, continue_on_error=False, executor='parallel', parallel_workers=4, event_handlers=None, ignore_user_meta=False, metas=['./colcon.meta'], base_paths=['.'], packages_ignore=None, packages_ignore_regex=None, paths=None, packages_up_to=None, packages_up_to_regex=None, packages_above=None, packages_above_and_dependencies=None, packages_above_depth=None, packages_select_by_dep=None, packages_skip_by_dep=None, packages_skip_up_to=None, packages_select_build_failed=False, packages_skip_build_finished=False, packages_select_test_failures=False, packages_skip_test_passed=False, packages_select=None, packages_skip=None, packages_select_regex=None, packages_skip_regex=None, packages_start=None, packages_end=None, allow_overriding=[], cmake_args=None, cmake_target=None, cmake_target_skip_unavailable=False, cmake_clean_cache=False, cmake_clean_first=False, cmake_force_configure=False, ament_cmake_args=None, catkin_cmake_args=None, catkin_skip_building_tests=False, mixin_files=None, mixin=None, verb_parser=<colcon_mixin.mixin.mixin_argument.MixinArgumentDecorator object at 0x716c35e697c0>, verb_extension=<colcon_core.verb.build.BuildVerb object at 0x716c35ffe7b0>, main=<bound method BuildVerb.main of <colcon_core.verb.build.BuildVerb object at 0x716c35ffe7b0>>, mixin_verb=('build',))
[0.202s] Level 1:colcon.colcon_core.package_discovery:discover_packages(colcon_meta) check parameters
[0.202s] Level 1:colcon.colcon_core.package_discovery:discover_packages(recursive) check parameters
[0.202s] Level 1:colcon.colcon_core.package_discovery:discover_packages(ignore) check parameters
[0.202s] Level 1:colcon.colcon_core.package_discovery:discover_packages(path) check parameters
[0.202s] Level 1:colcon.colcon_core.package_discovery:discover_packages(colcon_meta) discover
[0.203s] Level 1:colcon.colcon_core.package_discovery:discover_packages(recursive) discover
[0.203s] INFO:colcon.colcon_core.package_discovery:Crawling recursively for packages in '/home/darudecookie/Documents/V2-Robot-Arm/software/ros2'
[0.203s] Level 1:colcon.colcon_core.package_identification:_identify(.) by extensions ['ignore', 'ignore_ament_install']
[0.203s] Level 1:colcon.colcon_core.package_identification:_identify(.) by extension 'ignore'
[0.203s] Level 1:colcon.colcon_core.package_identification:_identify(.) by extension 'ignore_ament_install'
[0.203s] Level 1:colcon.colcon_core.package_identification:_identify(.) by extensions ['colcon_pkg']
[0.203s] Level 1:colcon.colcon_core.package_identification:_identify(.) by extension 'colcon_pkg'
[0.203s] Level 1:colcon.colcon_core.package_identification:_identify(.) by extensions ['colcon_meta']
[0.203s] Level 1:colcon.colcon_core.package_identification:_identify(.) by extension 'colcon_meta'
[0.203s] Level 1:colcon.colcon_core.package_identification:_identify(.) by extensions ['ros']
[0.203s] Level 1:colcon.colcon_core.package_identification:_identify(.) by extension 'ros'
[0.238s] Level 1:colcon.colcon_core.package_identification:_identify(.) by extensions ['cmake', 'python']
[0.238s] Level 1:colcon.colcon_core.package_identification:_identify(.) by extension 'cmake'
[0.238s] Level 1:colcon.colcon_core.package_identification:_identify(.) by extension 'python'
[0.238s] Level 1:colcon.colcon_core.package_identification:_identify(.) by extensions ['python_setup_py']
[0.238s] Level 1:colcon.colcon_core.package_identification:_identify(.) by extension 'python_setup_py'
[0.238s] Level 1:colcon.colcon_core.package_identification:_identify(build) by extensions ['ignore', 'ignore_ament_install']
[0.238s] Level 1:colcon.colcon_core.package_identification:_identify(build) by extension 'ignore'
[0.239s] Level 1:colcon.colcon_core.package_identification:_identify(build) ignored
[0.239s] Level 1:colcon.colcon_core.package_identification:_identify(install) by extensions ['ignore', 'ignore_ament_install']
[0.239s] Level 1:colcon.colcon_core.package_identification:_identify(install) by extension 'ignore'
[0.239s] Level 1:colcon.colcon_core.package_identification:_identify(install) ignored
[0.239s] Level 1:colcon.colcon_core.package_identification:_identify(log) by extensions ['ignore', 'ignore_ament_install']
[0.239s] Level 1:colcon.colcon_core.package_identification:_identify(log) by extension 'ignore'
[0.239s] Level 1:colcon.colcon_core.package_identification:_identify(log) ignored
[0.240s] Level 1:colcon.colcon_core.package_identification:_identify(src) by extensions ['ignore', 'ignore_ament_install']
[0.240s] Level 1:colcon.colcon_core.package_identification:_identify(src) by extension 'ignore'
[0.240s] Level 1:colcon.colcon_core.package_identification:_identify(src) by extension 'ignore_ament_install'
[0.240s] Level 1:colcon.colcon_core.package_identification:_identify(src) by extensions ['colcon_pkg']
[0.240s] Level 1:colcon.colcon_core.package_identification:_identify(src) by extension 'colcon_pkg'
[0.240s] Level 1:colcon.colcon_core.package_identification:_identify(src) by extensions ['colcon_meta']
[0.240s] Level 1:colcon.colcon_core.package_identification:_identify(src) by extension 'colcon_meta'
[0.240s] Level 1:colcon.colcon_core.package_identification:_identify(src) by extensions ['ros']
[0.240s] Level 1:colcon.colcon_core.package_identification:_identify(src) by extension 'ros'
[0.240s] Level 1:colcon.colcon_core.package_identification:_identify(src) by extensions ['cmake', 'python']
[0.240s] Level 1:colcon.colcon_core.package_identification:_identify(src) by extension 'cmake'
[0.241s] Level 1:colcon.colcon_core.package_identification:_identify(src) by extension 'python'
[0.241s] Level 1:colcon.colcon_core.package_identification:_identify(src) by extensions ['python_setup_py']
[0.241s] Level 1:colcon.colcon_core.package_identification:_identify(src) by extension 'python_setup_py'
[0.241s] Level 1:colcon.colcon_core.package_identification:_identify(src/hardware_interface) by extensions ['ignore', 'ignore_ament_install']
[0.241s] Level 1:colcon.colcon_core.package_identification:_identify(src/hardware_interface) by extension 'ignore'
[0.241s] Level 1:colcon.colcon_core.package_identification:_identify(src/hardware_interface) by extension 'ignore_ament_install'
[0.241s] Level 1:colcon.colcon_core.package_identification:_identify(src/hardware_interface) by extensions ['colcon_pkg']
[0.241s] Level 1:colcon.colcon_core.package_identification:_identify(src/hardware_interface) by extension 'colcon_pkg'
[0.241s] Level 1:colcon.colcon_core.package_identification:_identify(src/hardware_interface) by extensions ['colcon_meta']
[0.241s] Level 1:colcon.colcon_core.package_identification:_identify(src/hardware_interface) by extension 'colcon_meta'
[0.241s] Level 1:colcon.colcon_core.package_identification:_identify(src/hardware_interface) by extensions ['ros']
[0.242s] Level 1:colcon.colcon_core.package_identification:_identify(src/hardware_interface) by extension 'ros'
[0.245s] DEBUG:colcon.colcon_core.package_identification:Package 'src/hardware_interface' with type 'ros.ament_python' and name 'hardware_interface'
[0.245s] Level 1:colcon.colcon_core.package_identification:_identify(src/movement_controllers) by extensions ['ignore', 'ignore_ament_install']
[0.246s] Level 1:colcon.colcon_core.package_identification:_identify(src/movement_controllers) by extension 'ignore'
[0.246s] Level 1:colcon.colcon_core.package_identification:_identify(src/movement_controllers) by extension 'ignore_ament_install'
[0.246s] Level 1:colcon.colcon_core.package_identification:_identify(src/movement_controllers) by extensions ['colcon_pkg']
[0.246s] Level 1:colcon.colcon_core.package_identification:_identify(src/movement_controllers) by extension 'colcon_pkg'
[0.246s] Level 1:colcon.colcon_core.package_identification:_identify(src/movement_controllers) by extensions ['colcon_meta']
[0.246s] Level 1:colcon.colcon_core.package_identification:_identify(src/movement_controllers) by extension 'colcon_meta'
[0.246s] Level 1:colcon.colcon_core.package_identification:_identify(src/movement_controllers) by extensions ['ros']
[0.246s] Level 1:colcon.colcon_core.package_identification:_identify(src/movement_controllers) by extension 'ros'
[0.247s] DEBUG:colcon.colcon_core.package_identification:Package 'src/movement_controllers' with type 'ros.ament_python' and name 'movement_controllers'
[0.247s] Level 1:colcon.colcon_core.package_identification:_identify(src/ros_controller_interface) by extensions ['ignore', 'ignore_ament_install']
[0.247s] Level 1:colcon.colcon_core.package_identification:_identify(src/ros_controller_interface) by extension 'ignore'
[0.247s] Level 1:colcon.colcon_core.package_identification:_identify(src/ros_controller_interface) by extension 'ignore_ament_install'
[0.247s] Level 1:colcon.colcon_core.package_identification:_identify(src/ros_controller_interface) by extensions ['colcon_pkg']
[0.248s] Level 1:colcon.colcon_core.package_identification:_identify(src/ros_controller_interface) by extension 'colcon_pkg'
[0.248s] Level 1:colcon.colcon_core.package_identification:_identify(src/ros_controller_interface) by extensions ['colcon_meta']
[0.248s] Level 1:colcon.colcon_core.package_identification:_identify(src/ros_controller_interface) by extension 'colcon_meta'
[0.248s] Level 1:colcon.colcon_core.package_identification:_identify(src/ros_controller_interface) by extensions ['ros']
[0.248s] Level 1:colcon.colcon_core.package_identification:_identify(src/ros_controller_interface) by extension 'ros'
[0.248s] DEBUG:colcon.colcon_core.package_identification:Package 'src/ros_controller_interface' with type 'ros.ament_python' and name 'ros_controller_interface'
[0.249s] Level 1:colcon.colcon_core.package_identification:_identify(src/v2_robot_arm_interfaces) by extensions ['ignore', 'ignore_ament_install']
[0.249s] Level 1:colcon.colcon_core.package_identification:_identify(src/v2_robot_arm_interfaces) by extension 'ignore'
[0.249s] Level 1:colcon.colcon_core.package_identification:_identify(src/v2_robot_arm_interfaces) by extension 'ignore_ament_install'
[0.249s] Level 1:colcon.colcon_core.package_identification:_identify(src/v2_robot_arm_interfaces) by extensions ['colcon_pkg']
[0.249s] Level 1:colcon.colcon_core.package_identification:_identify(src/v2_robot_arm_interfaces) by extension 'colcon_pkg'
[0.249s] Level 1:colcon.colcon_core.package_identification:_identify(src/v2_robot_arm_interfaces) by extensions ['colcon_meta']
[0.249s] Level 1:colcon.colcon_core.package_identification:_identify(src/v2_robot_arm_interfaces) by extension 'colcon_meta'
[0.249s] Level 1:colcon.colcon_core.package_identification:_identify(src/v2_robot_arm_interfaces) by extensions ['ros']
[0.249s] Level 1:colcon.colcon_core.package_identification:_identify(src/v2_robot_arm_interfaces) by extension 'ros'
[0.250s] DEBUG:colcon.colcon_core.package_identification:Package 'src/v2_robot_arm_interfaces' with type 'ros.ament_cmake' and name 'v2_robot_arm_interfaces'
[0.250s] Level 1:colcon.colcon_core.package_identification:_identify(v2-robot-arm_interfaces) by extensions ['ignore', 'ignore_ament_install']
[0.250s] Level 1:colcon.colcon_core.package_identification:_identify(v2-robot-arm_interfaces) by extension 'ignore'
[0.250s] Level 1:colcon.colcon_core.package_identification:_identify(v2-robot-arm_interfaces) by extension 'ignore_ament_install'
[0.250s] Level 1:colcon.colcon_core.package_identification:_identify(v2-robot-arm_interfaces) by extensions ['colcon_pkg']
[0.251s] Level 1:colcon.colcon_core.package_identification:_identify(v2-robot-arm_interfaces) by extension 'colcon_pkg'
[0.251s] Level 1:colcon.colcon_core.package_identification:_identify(v2-robot-arm_interfaces) by extensions ['colcon_meta']
[0.251s] Level 1:colcon.colcon_core.package_identification:_identify(v2-robot-arm_interfaces) by extension 'colcon_meta'
[0.251s] Level 1:colcon.colcon_core.package_identification:_identify(v2-robot-arm_interfaces) by extensions ['ros']
[0.251s] Level 1:colcon.colcon_core.package_identification:_identify(v2-robot-arm_interfaces) by extension 'ros'
[0.251s] Level 1:colcon.colcon_core.package_identification:_identify(v2-robot-arm_interfaces) by extensions ['cmake', 'python']
[0.251s] Level 1:colcon.colcon_core.package_identification:_identify(v2-robot-arm_interfaces) by extension 'cmake'
[0.251s] Level 1:colcon.colcon_core.package_identification:_identify(v2-robot-arm_interfaces) by extension 'python'
[0.251s] Level 1:colcon.colcon_core.package_identification:_identify(v2-robot-arm_interfaces) by extensions ['python_setup_py']
[0.251s] Level 1:colcon.colcon_core.package_identification:_identify(v2-robot-arm_interfaces) by extension 'python_setup_py'
[0.251s] Level 1:colcon.colcon_core.package_identification:_identify(v2-robot-arm_interfaces/build) by extensions ['ignore', 'ignore_ament_install']
[0.252s] Level 1:colcon.colcon_core.package_identification:_identify(v2-robot-arm_interfaces/build) by extension 'ignore'
[0.252s] Level 1:colcon.colcon_core.package_identification:_identify(v2-robot-arm_interfaces/build) by extension 'ignore_ament_install'
[0.252s] Level 1:colcon.colcon_core.package_identification:_identify(v2-robot-arm_interfaces/build) by extensions ['colcon_pkg']
[0.252s] Level 1:colcon.colcon_core.package_identification:_identify(v2-robot-arm_interfaces/build) by extension 'colcon_pkg'
[0.252s] Level 1:colcon.colcon_core.package_identification:_identify(v2-robot-arm_interfaces/build) by extensions ['colcon_meta']
[0.252s] Level 1:colcon.colcon_core.package_identification:_identify(v2-robot-arm_interfaces/build) by extension 'colcon_meta'
[0.252s] Level 1:colcon.colcon_core.package_identification:_identify(v2-robot-arm_interfaces/build) by extensions ['ros']
[0.252s] Level 1:colcon.colcon_core.package_identification:_identify(v2-robot-arm_interfaces/build) by extension 'ros'
[0.252s] Level 1:colcon.colcon_core.package_identification:_identify(v2-robot-arm_interfaces/build) by extensions ['cmake', 'python']
[0.252s] Level 1:colcon.colcon_core.package_identification:_identify(v2-robot-arm_interfaces/build) by extension 'cmake'
[0.252s] Level 1:colcon.colcon_core.package_identification:_identify(v2-robot-arm_interfaces/build) by extension 'python'
[0.252s] Level 1:colcon.colcon_core.package_identification:_identify(v2-robot-arm_interfaces/build) by extensions ['python_setup_py']
[0.252s] Level 1:colcon.colcon_core.package_identification:_identify(v2-robot-arm_interfaces/build) by extension 'python_setup_py'
[0.253s] Level 1:colcon.colcon_core.package_identification:_identify(v2-robot-arm_interfaces/build/Testing) by extensions ['ignore', 'ignore_ament_install']
[0.253s] Level 1:colcon.colcon_core.package_identification:_identify(v2-robot-arm_interfaces/build/Testing) by extension 'ignore'
[0.253s] Level 1:colcon.colcon_core.package_identification:_identify(v2-robot-arm_interfaces/build/Testing) by extension 'ignore_ament_install'
[0.253s] Level 1:colcon.colcon_core.package_identification:_identify(v2-robot-arm_interfaces/build/Testing) by extensions ['colcon_pkg']
[0.253s] Level 1:colcon.colcon_core.package_identification:_identify(v2-robot-arm_interfaces/build/Testing) by extension 'colcon_pkg'
[0.253s] Level 1:colcon.colcon_core.package_identification:_identify(v2-robot-arm_interfaces/build/Testing) by extensions ['colcon_meta']
[0.253s] Level 1:colcon.colcon_core.package_identification:_identify(v2-robot-arm_interfaces/build/Testing) by extension 'colcon_meta'
[0.253s] Level 1:colcon.colcon_core.package_identification:_identify(v2-robot-arm_interfaces/build/Testing) by extensions ['ros']
[0.253s] Level 1:colcon.colcon_core.package_identification:_identify(v2-robot-arm_interfaces/build/Testing) by extension 'ros'
[0.254s] Level 1:colcon.colcon_core.package_identification:_identify(v2-robot-arm_interfaces/build/Testing) by extensions ['cmake', 'python']
[0.254s] Level 1:colcon.colcon_core.package_identification:_identify(v2-robot-arm_interfaces/build/Testing) by extension 'cmake'
[0.254s] Level 1:colcon.colcon_core.package_identification:_identify(v2-robot-arm_interfaces/build/Testing) by extension 'python'
[0.254s] Level 1:colcon.colcon_core.package_identification:_identify(v2-robot-arm_interfaces/build/Testing) by extensions ['python_setup_py']
[0.254s] Level 1:colcon.colcon_core.package_identification:_identify(v2-robot-arm_interfaces/build/Testing) by extension 'python_setup_py'
[0.254s] Level 1:colcon.colcon_core.package_identification:_identify(v2-robot-arm_interfaces/build/Testing/20240622-2234) by extensions ['ignore', 'ignore_ament_install']
[0.254s] Level 1:colcon.colcon_core.package_identification:_identify(v2-robot-arm_interfaces/build/Testing/20240622-2234) by extension 'ignore'
[0.254s] Level 1:colcon.colcon_core.package_identification:_identify(v2-robot-arm_interfaces/build/Testing/20240622-2234) by extension 'ignore_ament_install'
[0.254s] Level 1:colcon.colcon_core.package_identification:_identify(v2-robot-arm_interfaces/build/Testing/20240622-2234) by extensions ['colcon_pkg']
[0.254s] Level 1:colcon.colcon_core.package_identification:_identify(v2-robot-arm_interfaces/build/Testing/20240622-2234) by extension 'colcon_pkg'
[0.254s] Level 1:colcon.colcon_core.package_identification:_identify(v2-robot-arm_interfaces/build/Testing/20240622-2234) by extensions ['colcon_meta']
[0.255s] Level 1:colcon.colcon_core.package_identification:_identify(v2-robot-arm_interfaces/build/Testing/20240622-2234) by extension 'colcon_meta'
[0.255s] Level 1:colcon.colcon_core.package_identification:_identify(v2-robot-arm_interfaces/build/Testing/20240622-2234) by extensions ['ros']
[0.255s] Level 1:colcon.colcon_core.package_identification:_identify(v2-robot-arm_interfaces/build/Testing/20240622-2234) by extension 'ros'
[0.255s] Level 1:colcon.colcon_core.package_identification:_identify(v2-robot-arm_interfaces/build/Testing/20240622-2234) by extensions ['cmake', 'python']
[0.255s] Level 1:colcon.colcon_core.package_identification:_identify(v2-robot-arm_interfaces/build/Testing/20240622-2234) by extension 'cmake'
[0.255s] Level 1:colcon.colcon_core.package_identification:_identify(v2-robot-arm_interfaces/build/Testing/20240622-2234) by extension 'python'
[0.255s] Level 1:colcon.colcon_core.package_identification:_identify(v2-robot-arm_interfaces/build/Testing/20240622-2234) by extensions ['python_setup_py']
[0.255s] Level 1:colcon.colcon_core.package_identification:_identify(v2-robot-arm_interfaces/build/Testing/20240622-2234) by extension 'python_setup_py'
[0.255s] Level 1:colcon.colcon_core.package_identification:_identify(v2-robot-arm_interfaces/build/Testing/Temporary) by extensions ['ignore', 'ignore_ament_install']
[0.255s] Level 1:colcon.colcon_core.package_identification:_identify(v2-robot-arm_interfaces/build/Testing/Temporary) by extension 'ignore'
[0.256s] Level 1:colcon.colcon_core.package_identification:_identify(v2-robot-arm_interfaces/build/Testing/Temporary) by extension 'ignore_ament_install'
[0.256s] Level 1:colcon.colcon_core.package_identification:_identify(v2-robot-arm_interfaces/build/Testing/Temporary) by extensions ['colcon_pkg']
[0.256s] Level 1:colcon.colcon_core.package_identification:_identify(v2-robot-arm_interfaces/build/Testing/Temporary) by extension 'colcon_pkg'
[0.256s] Level 1:colcon.colcon_core.package_identification:_identify(v2-robot-arm_interfaces/build/Testing/Temporary) by extensions ['colcon_meta']
[0.256s] Level 1:colcon.colcon_core.package_identification:_identify(v2-robot-arm_interfaces/build/Testing/Temporary) by extension 'colcon_meta'
[0.256s] Level 1:colcon.colcon_core.package_identification:_identify(v2-robot-arm_interfaces/build/Testing/Temporary) by extensions ['ros']
[0.256s] Level 1:colcon.colcon_core.package_identification:_identify(v2-robot-arm_interfaces/build/Testing/Temporary) by extension 'ros'
[0.256s] Level 1:colcon.colcon_core.package_identification:_identify(v2-robot-arm_interfaces/build/Testing/Temporary) by extensions ['cmake', 'python']
[0.256s] Level 1:colcon.colcon_core.package_identification:_identify(v2-robot-arm_interfaces/build/Testing/Temporary) by extension 'cmake'
[0.256s] Level 1:colcon.colcon_core.package_identification:_identify(v2-robot-arm_interfaces/build/Testing/Temporary) by extension 'python'
[0.256s] Level 1:colcon.colcon_core.package_identification:_identify(v2-robot-arm_interfaces/build/Testing/Temporary) by extensions ['python_setup_py']
[0.256s] Level 1:colcon.colcon_core.package_identification:_identify(v2-robot-arm_interfaces/build/Testing/Temporary) by extension 'python_setup_py'
[0.257s] Level 1:colcon.colcon_core.package_discovery:discover_packages(recursive) using defaults
[0.257s] Level 1:colcon.colcon_core.package_discovery:discover_packages(ignore) discover
[0.257s] Level 1:colcon.colcon_core.package_discovery:discover_packages(ignore) using defaults
[0.257s] Level 1:colcon.colcon_core.package_discovery:discover_packages(path) discover
[0.257s] Level 1:colcon.colcon_core.package_discovery:discover_packages(path) using defaults
[0.285s] Level 1:colcon.colcon_core.package_discovery:discover_packages(prefix_path) check parameters
[0.285s] Level 1:colcon.colcon_core.package_discovery:discover_packages(prefix_path) discover
[0.290s] DEBUG:colcon.colcon_installed_package_information.package_discovery:Found 285 installed packages in /opt/ros/rolling
[0.290s] Level 1:colcon.colcon_core.package_discovery:discover_packages(prefix_path) using defaults
[0.345s] Level 5:colcon.colcon_core.verb:set package 'ros_controller_interface' build argument 'cmake_args' from command line to 'None'
[0.345s] Level 5:colcon.colcon_core.verb:set package 'ros_controller_interface' build argument 'cmake_target' from command line to 'None'
[0.345s] Level 5:colcon.colcon_core.verb:set package 'ros_controller_interface' build argument 'cmake_target_skip_unavailable' from command line to 'False'
[0.345s] Level 5:colcon.colcon_core.verb:set package 'ros_controller_interface' build argument 'cmake_clean_cache' from command line to 'False'
[0.345s] Level 5:colcon.colcon_core.verb:set package 'ros_controller_interface' build argument 'cmake_clean_first' from command line to 'False'
[0.345s] Level 5:colcon.colcon_core.verb:set package 'ros_controller_interface' build argument 'cmake_force_configure' from command line to 'False'
[0.345s] Level 5:colcon.colcon_core.verb:set package 'ros_controller_interface' build argument 'ament_cmake_args' from command line to 'None'
[0.346s] Level 5:colcon.colcon_core.verb:set package 'ros_controller_interface' build argument 'catkin_cmake_args' from command line to 'None'
[0.346s] Level 5:colcon.colcon_core.verb:set package 'ros_controller_interface' build argument 'catkin_skip_building_tests' from command line to 'False'
[0.346s] DEBUG:colcon.colcon_core.verb:Building package 'ros_controller_interface' with the following arguments: {'ament_cmake_args': None, 'build_base': '/home/darudecookie/Documents/V2-Robot-Arm/software/ros2/build/ros_controller_interface', 'catkin_cmake_args': None, 'catkin_skip_building_tests': False, 'cmake_args': None, 'cmake_clean_cache': False, 'cmake_clean_first': False, 'cmake_force_configure': False, 'cmake_target': None, 'cmake_target_skip_unavailable': False, 'install_base': '/home/darudecookie/Documents/V2-Robot-Arm/software/ros2/install/ros_controller_interface', 'merge_install': False, 'path': '/home/darudecookie/Documents/V2-Robot-Arm/software/ros2/src/ros_controller_interface', 'symlink_install': False, 'test_result_base': None}
[0.346s] Level 5:colcon.colcon_core.verb:set package 'v2_robot_arm_interfaces' build argument 'cmake_args' from command line to 'None'
[0.346s] Level 5:colcon.colcon_core.verb:set package 'v2_robot_arm_interfaces' build argument 'cmake_target' from command line to 'None'
[0.346s] Level 5:colcon.colcon_core.verb:set package 'v2_robot_arm_interfaces' build argument 'cmake_target_skip_unavailable' from command line to 'False'
[0.346s] Level 5:colcon.colcon_core.verb:set package 'v2_robot_arm_interfaces' build argument 'cmake_clean_cache' from command line to 'False'
[0.346s] Level 5:colcon.colcon_core.verb:set package 'v2_robot_arm_interfaces' build argument 'cmake_clean_first' from command line to 'False'
[0.346s] Level 5:colcon.colcon_core.verb:set package 'v2_robot_arm_interfaces' build argument 'cmake_force_configure' from command line to 'False'
[0.346s] Level 5:colcon.colcon_core.verb:set package 'v2_robot_arm_interfaces' build argument 'ament_cmake_args' from command line to 'None'
[0.346s] Level 5:colcon.colcon_core.verb:set package 'v2_robot_arm_interfaces' build argument 'catkin_cmake_args' from command line to 'None'
[0.346s] Level 5:colcon.colcon_core.verb:set package 'v2_robot_arm_interfaces' build argument 'catkin_skip_building_tests' from command line to 'False'
[0.347s] DEBUG:colcon.colcon_core.verb:Building package 'v2_robot_arm_interfaces' with the following arguments: {'ament_cmake_args': None, 'build_base': '/home/darudecookie/Documents/V2-Robot-Arm/software/ros2/build/v2_robot_arm_interfaces', 'catkin_cmake_args': None, 'catkin_skip_building_tests': False, 'cmake_args': None, 'cmake_clean_cache': False, 'cmake_clean_first': False, 'cmake_force_configure': False, 'cmake_target': None, 'cmake_target_skip_unavailable': False, 'install_base': '/home/darudecookie/Documents/V2-Robot-Arm/software/ros2/install/v2_robot_arm_interfaces', 'merge_install': False, 'path': '/home/darudecookie/Documents/V2-Robot-Arm/software/ros2/src/v2_robot_arm_interfaces', 'symlink_install': False, 'test_result_base': None}
[0.347s] Level 5:colcon.colcon_core.verb:set package 'hardware_interface' build argument 'cmake_args' from command line to 'None'
[0.347s] Level 5:colcon.colcon_core.verb:set package 'hardware_interface' build argument 'cmake_target' from command line to 'None'
[0.347s] Level 5:colcon.colcon_core.verb:set package 'hardware_interface' build argument 'cmake_target_skip_unavailable' from command line to 'False'
[0.347s] Level 5:colcon.colcon_core.verb:set package 'hardware_interface' build argument 'cmake_clean_cache' from command line to 'False'
[0.347s] Level 5:colcon.colcon_core.verb:set package 'hardware_interface' build argument 'cmake_clean_first' from command line to 'False'
[0.347s] Level 5:colcon.colcon_core.verb:set package 'hardware_interface' build argument 'cmake_force_configure' from command line to 'False'
[0.347s] Level 5:colcon.colcon_core.verb:set package 'hardware_interface' build argument 'ament_cmake_args' from command line to 'None'
[0.347s] Level 5:colcon.colcon_core.verb:set package 'hardware_interface' build argument 'catkin_cmake_args' from command line to 'None'
[0.347s] Level 5:colcon.colcon_core.verb:set package 'hardware_interface' build argument 'catkin_skip_building_tests' from command line to 'False'
[0.347s] DEBUG:colcon.colcon_core.verb:Building package 'hardware_interface' with the following arguments: {'ament_cmake_args': None, 'build_base': '/home/darudecookie/Documents/V2-Robot-Arm/software/ros2/build/hardware_interface', 'catkin_cmake_args': None, 'catkin_skip_building_tests': False, 'cmake_args': None, 'cmake_clean_cache': False, 'cmake_clean_first': False, 'cmake_force_configure': False, 'cmake_target': None, 'cmake_target_skip_unavailable': False, 'install_base': '/home/darudecookie/Documents/V2-Robot-Arm/software/ros2/install/hardware_interface', 'merge_install': False, 'path': '/home/darudecookie/Documents/V2-Robot-Arm/software/ros2/src/hardware_interface', 'symlink_install': False, 'test_result_base': None}
[0.348s] Level 5:colcon.colcon_core.verb:set package 'movement_controllers' build argument 'cmake_args' from command line to 'None'
[0.348s] Level 5:colcon.colcon_core.verb:set package 'movement_controllers' build argument 'cmake_target' from command line to 'None'
[0.348s] Level 5:colcon.colcon_core.verb:set package 'movement_controllers' build argument 'cmake_target_skip_unavailable' from command line to 'False'
[0.348s] Level 5:colcon.colcon_core.verb:set package 'movement_controllers' build argument 'cmake_clean_cache' from command line to 'False'
[0.348s] Level 5:colcon.colcon_core.verb:set package 'movement_controllers' build argument 'cmake_clean_first' from command line to 'False'
[0.348s] Level 5:colcon.colcon_core.verb:set package 'movement_controllers' build argument 'cmake_force_configure' from command line to 'False'
[0.348s] Level 5:colcon.colcon_core.verb:set package 'movement_controllers' build argument 'ament_cmake_args' from command line to 'None'
[0.348s] Level 5:colcon.colcon_core.verb:set package 'movement_controllers' build argument 'catkin_cmake_args' from command line to 'None'
[0.348s] Level 5:colcon.colcon_core.verb:set package 'movement_controllers' build argument 'catkin_skip_building_tests' from command line to 'False'
[0.348s] DEBUG:colcon.colcon_core.verb:Building package 'movement_controllers' with the following arguments: {'ament_cmake_args': None, 'build_base': '/home/darudecookie/Documents/V2-Robot-Arm/software/ros2/build/movement_controllers', 'catkin_cmake_args': None, 'catkin_skip_building_tests': False, 'cmake_args': None, 'cmake_clean_cache': False, 'cmake_clean_first': False, 'cmake_force_configure': False, 'cmake_target': None, 'cmake_target_skip_unavailable': False, 'install_base': '/home/darudecookie/Documents/V2-Robot-Arm/software/ros2/install/movement_controllers', 'merge_install': False, 'path': '/home/darudecookie/Documents/V2-Robot-Arm/software/ros2/src/movement_controllers', 'symlink_install': False, 'test_result_base': None}
[0.348s] INFO:colcon.colcon_core.executor:Executing jobs using 'parallel' executor
[0.349s] DEBUG:colcon.colcon_parallel_executor.executor.parallel:run_until_complete
[0.350s] INFO:colcon.colcon_ros.task.ament_cmake.build:Building ROS package in '/home/darudecookie/Documents/V2-Robot-Arm/software/ros2/src/v2_robot_arm_interfaces' with build type 'ament_cmake'
[0.350s] INFO:colcon.colcon_cmake.task.cmake.build:Building CMake package in '/home/darudecookie/Documents/V2-Robot-Arm/software/ros2/src/v2_robot_arm_interfaces'
[0.355s] INFO:colcon.colcon_core.plugin_system:Skipping extension 'colcon_core.shell.bat': Not used on non-Windows systems
[0.356s] INFO:colcon.colcon_core.shell:Skip shell extension 'powershell' for command environment: Not usable outside of PowerShell
[0.356s] DEBUG:colcon.colcon_core.shell:Skip shell extension 'dsv' for command environment
[0.361s] INFO:colcon.colcon_ros.task.ament_python.build:Building ROS package in '/home/darudecookie/Documents/V2-Robot-Arm/software/ros2/src/ros_controller_interface' with build type 'ament_python'
[0.361s] Level 1:colcon.colcon_core.shell:create_environment_hook('ros_controller_interface', 'ament_prefix_path')
[0.361s] INFO:colcon.colcon_core.shell:Creating environment hook '/home/darudecookie/Documents/V2-Robot-Arm/software/ros2/install/ros_controller_interface/share/ros_controller_interface/hook/ament_prefix_path.ps1'
[0.362s] INFO:colcon.colcon_core.shell:Creating environment descriptor '/home/darudecookie/Documents/V2-Robot-Arm/software/ros2/install/ros_controller_interface/share/ros_controller_interface/hook/ament_prefix_path.dsv'
[0.363s] INFO:colcon.colcon_core.shell:Creating environment hook '/home/darudecookie/Documents/V2-Robot-Arm/software/ros2/install/ros_controller_interface/share/ros_controller_interface/hook/ament_prefix_path.sh'
[0.364s] INFO:colcon.colcon_core.shell:Skip shell extension 'powershell' for command environment: Not usable outside of PowerShell
[0.364s] DEBUG:colcon.colcon_core.shell:Skip shell extension 'dsv' for command environment
[0.371s] DEBUG:colcon.colcon_core.event_handler.log_command:Invoking command in '/home/darudecookie/Documents/V2-Robot-Arm/software/ros2/build/v2_robot_arm_interfaces': CMAKE_PREFIX_PATH=${CMAKE_PREFIX_PATH}:/opt/ros/rolling DEBUGINFOD_URLS=https://debuginfod.ubuntu.com /usr/bin/cmake --build /home/darudecookie/Documents/V2-Robot-Arm/software/ros2/build/v2_robot_arm_interfaces -- -j4 -l4
[0.862s] INFO:colcon.colcon_core.task.python.build:Building Python package in '/home/darudecookie/Documents/V2-Robot-Arm/software/ros2/src/ros_controller_interface'
[0.863s] INFO:colcon.colcon_core.shell:Skip shell extension 'powershell' for command environment: Not usable outside of PowerShell
[0.863s] DEBUG:colcon.colcon_core.shell:Skip shell extension 'dsv' for command environment
[1.268s] DEBUG:colcon.colcon_core.event_handler.log_command:Invoked command in '/home/darudecookie/Documents/V2-Robot-Arm/software/ros2/build/v2_robot_arm_interfaces' returned '0': CMAKE_PREFIX_PATH=${CMAKE_PREFIX_PATH}:/opt/ros/rolling DEBUGINFOD_URLS=https://debuginfod.ubuntu.com /usr/bin/cmake --build /home/darudecookie/Documents/V2-Robot-Arm/software/ros2/build/v2_robot_arm_interfaces -- -j4 -l4
[1.694s] DEBUG:colcon.colcon_core.event_handler.log_command:Invoking command in '/home/darudecookie/Documents/V2-Robot-Arm/software/ros2/build/v2_robot_arm_interfaces': CMAKE_PREFIX_PATH=${CMAKE_PREFIX_PATH}:/opt/ros/rolling DEBUGINFOD_URLS=https://debuginfod.ubuntu.com /usr/bin/cmake --install /home/darudecookie/Documents/V2-Robot-Arm/software/ros2/build/v2_robot_arm_interfaces
[1.900s] Level 1:colcon.colcon_core.environment:create_environment_scripts_only(v2_robot_arm_interfaces)
[1.901s] DEBUG:colcon.colcon_core.event_handler.log_command:Invoked command in '/home/darudecookie/Documents/V2-Robot-Arm/software/ros2/build/v2_robot_arm_interfaces' returned '0': CMAKE_PREFIX_PATH=${CMAKE_PREFIX_PATH}:/opt/ros/rolling DEBUGINFOD_URLS=https://debuginfod.ubuntu.com /usr/bin/cmake --install /home/darudecookie/Documents/V2-Robot-Arm/software/ros2/build/v2_robot_arm_interfaces
[1.907s] Level 1:colcon.colcon_core.environment:checking '/home/darudecookie/Documents/V2-Robot-Arm/software/ros2/install/v2_robot_arm_interfaces' for CMake module files
[1.908s] Level 1:colcon.colcon_core.environment:checking '/home/darudecookie/Documents/V2-Robot-Arm/software/ros2/install/v2_robot_arm_interfaces' for CMake config files
[1.909s] Level 1:colcon.colcon_core.shell:create_environment_hook('v2_robot_arm_interfaces', 'cmake_prefix_path')
[1.909s] INFO:colcon.colcon_core.shell:Creating environment hook '/home/darudecookie/Documents/V2-Robot-Arm/software/ros2/install/v2_robot_arm_interfaces/share/v2_robot_arm_interfaces/hook/cmake_prefix_path.ps1'
[1.910s] INFO:colcon.colcon_core.shell:Creating environment descriptor '/home/darudecookie/Documents/V2-Robot-Arm/software/ros2/install/v2_robot_arm_interfaces/share/v2_robot_arm_interfaces/hook/cmake_prefix_path.dsv'
[1.910s] INFO:colcon.colcon_core.shell:Creating environment hook '/home/darudecookie/Documents/V2-Robot-Arm/software/ros2/install/v2_robot_arm_interfaces/share/v2_robot_arm_interfaces/hook/cmake_prefix_path.sh'
[1.911s] Level 1:colcon.colcon_core.environment:checking '/home/darudecookie/Documents/V2-Robot-Arm/software/ros2/install/v2_robot_arm_interfaces/lib'
[1.912s] Level 1:colcon.colcon_core.shell:create_environment_hook('v2_robot_arm_interfaces', 'ld_library_path_lib')
[1.912s] INFO:colcon.colcon_core.shell:Creating environment hook '/home/darudecookie/Documents/V2-Robot-Arm/software/ros2/install/v2_robot_arm_interfaces/share/v2_robot_arm_interfaces/hook/ld_library_path_lib.ps1'
[1.913s] INFO:colcon.colcon_core.shell:Creating environment descriptor '/home/darudecookie/Documents/V2-Robot-Arm/software/ros2/install/v2_robot_arm_interfaces/share/v2_robot_arm_interfaces/hook/ld_library_path_lib.dsv'
[1.913s] INFO:colcon.colcon_core.shell:Creating environment hook '/home/darudecookie/Documents/V2-Robot-Arm/software/ros2/install/v2_robot_arm_interfaces/share/v2_robot_arm_interfaces/hook/ld_library_path_lib.sh'
[1.914s] Level 1:colcon.colcon_core.environment:checking '/home/darudecookie/Documents/V2-Robot-Arm/software/ros2/install/v2_robot_arm_interfaces/bin'
[1.914s] Level 1:colcon.colcon_core.environment:checking '/home/darudecookie/Documents/V2-Robot-Arm/software/ros2/install/v2_robot_arm_interfaces/lib/pkgconfig/v2_robot_arm_interfaces.pc'
[1.915s] Level 1:colcon.colcon_core.environment:checking '/home/darudecookie/Documents/V2-Robot-Arm/software/ros2/install/v2_robot_arm_interfaces/lib/python3.12/site-packages'
[1.915s] Level 1:colcon.colcon_core.shell:create_environment_hook('v2_robot_arm_interfaces', 'pythonpath')
[1.915s] INFO:colcon.colcon_core.shell:Creating environment hook '/home/darudecookie/Documents/V2-Robot-Arm/software/ros2/install/v2_robot_arm_interfaces/share/v2_robot_arm_interfaces/hook/pythonpath.ps1'
[1.916s] INFO:colcon.colcon_core.shell:Creating environment descriptor '/home/darudecookie/Documents/V2-Robot-Arm/software/ros2/install/v2_robot_arm_interfaces/share/v2_robot_arm_interfaces/hook/pythonpath.dsv'
[1.916s] INFO:colcon.colcon_core.shell:Creating environment hook '/home/darudecookie/Documents/V2-Robot-Arm/software/ros2/install/v2_robot_arm_interfaces/share/v2_robot_arm_interfaces/hook/pythonpath.sh'
[1.917s] Level 1:colcon.colcon_core.environment:checking '/home/darudecookie/Documents/V2-Robot-Arm/software/ros2/install/v2_robot_arm_interfaces/bin'
[1.918s] INFO:colcon.colcon_core.shell:Creating package script '/home/darudecookie/Documents/V2-Robot-Arm/software/ros2/install/v2_robot_arm_interfaces/share/v2_robot_arm_interfaces/package.ps1'
[1.920s] INFO:colcon.colcon_core.shell:Creating package descriptor '/home/darudecookie/Documents/V2-Robot-Arm/software/ros2/install/v2_robot_arm_interfaces/share/v2_robot_arm_interfaces/package.dsv'
[1.921s] INFO:colcon.colcon_core.shell:Creating package script '/home/darudecookie/Documents/V2-Robot-Arm/software/ros2/install/v2_robot_arm_interfaces/share/v2_robot_arm_interfaces/package.sh'
[1.923s] INFO:colcon.colcon_core.shell:Creating package script '/home/darudecookie/Documents/V2-Robot-Arm/software/ros2/install/v2_robot_arm_interfaces/share/v2_robot_arm_interfaces/package.bash'
[1.924s] INFO:colcon.colcon_core.shell:Creating package script '/home/darudecookie/Documents/V2-Robot-Arm/software/ros2/install/v2_robot_arm_interfaces/share/v2_robot_arm_interfaces/package.zsh'
[1.925s] Level 1:colcon.colcon_core.environment:create_file_with_runtime_dependencies(/home/darudecookie/Documents/V2-Robot-Arm/software/ros2/install/v2_robot_arm_interfaces/share/colcon-core/packages/v2_robot_arm_interfaces)
[2.101s] DEBUG:colcon.colcon_core.event_handler.log_command:Invoking command in '/home/darudecookie/Documents/V2-Robot-Arm/software/ros2/src/ros_controller_interface': DEBUGINFOD_URLS=https://debuginfod.ubuntu.com PYTHONPATH=/home/darudecookie/Documents/V2-Robot-Arm/software/ros2/build/ros_controller_interface/prefix_override:/home/darudecookie/Documents/V2-Robot-Arm/software/ros2/install/ros_controller_interface/lib/python3.12/site-packages:${PYTHONPATH} /usr/bin/python3 -W ignore:setup.py install is deprecated setup.py egg_info --egg-base ../../build/ros_controller_interface build --build-base /home/darudecookie/Documents/V2-Robot-Arm/software/ros2/build/ros_controller_interface/build install --record /home/darudecookie/Documents/V2-Robot-Arm/software/ros2/build/ros_controller_interface/install.log --single-version-externally-managed install_data
[2.446s] Level 1:colcon.colcon_core.environment:create_environment_scripts_only(v2_robot_arm_interfaces)
[2.447s] Level 1:colcon.colcon_core.environment:checking '/home/darudecookie/Documents/V2-Robot-Arm/software/ros2/install/v2_robot_arm_interfaces' for CMake module files
[2.448s] Level 1:colcon.colcon_core.environment:checking '/home/darudecookie/Documents/V2-Robot-Arm/software/ros2/install/v2_robot_arm_interfaces' for CMake config files
[2.449s] Level 1:colcon.colcon_core.shell:create_environment_hook('v2_robot_arm_interfaces', 'cmake_prefix_path')
[2.449s] INFO:colcon.colcon_core.shell:Creating environment hook '/home/darudecookie/Documents/V2-Robot-Arm/software/ros2/install/v2_robot_arm_interfaces/share/v2_robot_arm_interfaces/hook/cmake_prefix_path.ps1'
[2.450s] INFO:colcon.colcon_core.shell:Creating environment descriptor '/home/darudecookie/Documents/V2-Robot-Arm/software/ros2/install/v2_robot_arm_interfaces/share/v2_robot_arm_interfaces/hook/cmake_prefix_path.dsv'
[2.451s] INFO:colcon.colcon_core.shell:Creating environment hook '/home/darudecookie/Documents/V2-Robot-Arm/software/ros2/install/v2_robot_arm_interfaces/share/v2_robot_arm_interfaces/hook/cmake_prefix_path.sh'
[2.452s] Level 1:colcon.colcon_core.environment:checking '/home/darudecookie/Documents/V2-Robot-Arm/software/ros2/install/v2_robot_arm_interfaces/lib'
[2.452s] Level 1:colcon.colcon_core.shell:create_environment_hook('v2_robot_arm_interfaces', 'ld_library_path_lib')
[2.452s] INFO:colcon.colcon_core.shell:Creating environment hook '/home/darudecookie/Documents/V2-Robot-Arm/software/ros2/install/v2_robot_arm_interfaces/share/v2_robot_arm_interfaces/hook/ld_library_path_lib.ps1'
[2.453s] INFO:colcon.colcon_core.shell:Creating environment descriptor '/home/darudecookie/Documents/V2-Robot-Arm/software/ros2/install/v2_robot_arm_interfaces/share/v2_robot_arm_interfaces/hook/ld_library_path_lib.dsv'
[2.453s] INFO:colcon.colcon_core.shell:Creating environment hook '/home/darudecookie/Documents/V2-Robot-Arm/software/ros2/install/v2_robot_arm_interfaces/share/v2_robot_arm_interfaces/hook/ld_library_path_lib.sh'
[2.454s] Level 1:colcon.colcon_core.environment:checking '/home/darudecookie/Documents/V2-Robot-Arm/software/ros2/install/v2_robot_arm_interfaces/bin'
[2.454s] Level 1:colcon.colcon_core.environment:checking '/home/darudecookie/Documents/V2-Robot-Arm/software/ros2/install/v2_robot_arm_interfaces/lib/pkgconfig/v2_robot_arm_interfaces.pc'
[2.454s] Level 1:colcon.colcon_core.environment:checking '/home/darudecookie/Documents/V2-Robot-Arm/software/ros2/install/v2_robot_arm_interfaces/lib/python3.12/site-packages'
[2.455s] Level 1:colcon.colcon_core.shell:create_environment_hook('v2_robot_arm_interfaces', 'pythonpath')
[2.455s] INFO:colcon.colcon_core.shell:Creating environment hook '/home/darudecookie/Documents/V2-Robot-Arm/software/ros2/install/v2_robot_arm_interfaces/share/v2_robot_arm_interfaces/hook/pythonpath.ps1'
[2.456s] INFO:colcon.colcon_core.shell:Creating environment descriptor '/home/darudecookie/Documents/V2-Robot-Arm/software/ros2/install/v2_robot_arm_interfaces/share/v2_robot_arm_interfaces/hook/pythonpath.dsv'
[2.456s] INFO:colcon.colcon_core.shell:Creating environment hook '/home/darudecookie/Documents/V2-Robot-Arm/software/ros2/install/v2_robot_arm_interfaces/share/v2_robot_arm_interfaces/hook/pythonpath.sh'
[2.464s] Level 1:colcon.colcon_core.environment:checking '/home/darudecookie/Documents/V2-Robot-Arm/software/ros2/install/v2_robot_arm_interfaces/bin'
[2.464s] INFO:colcon.colcon_core.shell:Creating package script '/home/darudecookie/Documents/V2-Robot-Arm/software/ros2/install/v2_robot_arm_interfaces/share/v2_robot_arm_interfaces/package.ps1'
[2.465s] INFO:colcon.colcon_core.shell:Creating package descriptor '/home/darudecookie/Documents/V2-Robot-Arm/software/ros2/install/v2_robot_arm_interfaces/share/v2_robot_arm_interfaces/package.dsv'
[2.472s] INFO:colcon.colcon_core.shell:Creating package script '/home/darudecookie/Documents/V2-Robot-Arm/software/ros2/install/v2_robot_arm_interfaces/share/v2_robot_arm_interfaces/package.sh'
[2.473s] INFO:colcon.colcon_core.shell:Creating package script '/home/darudecookie/Documents/V2-Robot-Arm/software/ros2/install/v2_robot_arm_interfaces/share/v2_robot_arm_interfaces/package.bash'
[2.474s] INFO:colcon.colcon_core.shell:Creating package script '/home/darudecookie/Documents/V2-Robot-Arm/software/ros2/install/v2_robot_arm_interfaces/share/v2_robot_arm_interfaces/package.zsh'
[2.475s] Level 1:colcon.colcon_core.environment:create_file_with_runtime_dependencies(/home/darudecookie/Documents/V2-Robot-Arm/software/ros2/install/v2_robot_arm_interfaces/share/colcon-core/packages/v2_robot_arm_interfaces)
[2.475s] INFO:colcon.colcon_ros.task.ament_python.build:Building ROS package in '/home/darudecookie/Documents/V2-Robot-Arm/software/ros2/src/hardware_interface' with build type 'ament_python'
[2.479s] Level 1:colcon.colcon_core.shell:create_environment_hook('hardware_interface', 'ament_prefix_path')
[2.486s] INFO:colcon.colcon_core.shell:Creating environment hook '/home/darudecookie/Documents/V2-Robot-Arm/software/ros2/install/hardware_interface/share/hardware_interface/hook/ament_prefix_path.ps1'
[2.487s] INFO:colcon.colcon_core.shell:Creating environment descriptor '/home/darudecookie/Documents/V2-Robot-Arm/software/ros2/install/hardware_interface/share/hardware_interface/hook/ament_prefix_path.dsv'
[2.487s] INFO:colcon.colcon_core.shell:Creating environment hook '/home/darudecookie/Documents/V2-Robot-Arm/software/ros2/install/hardware_interface/share/hardware_interface/hook/ament_prefix_path.sh'
[2.490s] INFO:colcon.colcon_core.shell:Skip shell extension 'powershell' for command environment: Not usable outside of PowerShell
[2.490s] DEBUG:colcon.colcon_core.shell:Skip shell extension 'dsv' for command environment
[2.498s] INFO:colcon.colcon_ros.task.ament_python.build:Building ROS package in '/home/darudecookie/Documents/V2-Robot-Arm/software/ros2/src/movement_controllers' with build type 'ament_python'
[2.498s] Level 1:colcon.colcon_core.shell:create_environment_hook('movement_controllers', 'ament_prefix_path')
[2.498s] INFO:colcon.colcon_core.shell:Creating environment hook '/home/darudecookie/Documents/V2-Robot-Arm/software/ros2/install/movement_controllers/share/movement_controllers/hook/ament_prefix_path.ps1'
[2.499s] INFO:colcon.colcon_core.shell:Creating environment descriptor '/home/darudecookie/Documents/V2-Robot-Arm/software/ros2/install/movement_controllers/share/movement_controllers/hook/ament_prefix_path.dsv'
[2.500s] INFO:colcon.colcon_core.shell:Creating environment hook '/home/darudecookie/Documents/V2-Robot-Arm/software/ros2/install/movement_controllers/share/movement_controllers/hook/ament_prefix_path.sh'
[2.500s] INFO:colcon.colcon_core.shell:Skip shell extension 'powershell' for command environment: Not usable outside of PowerShell
[2.501s] DEBUG:colcon.colcon_core.shell:Skip shell extension 'dsv' for command environment
[2.856s] INFO:colcon.colcon_core.task.python.build:Building Python package in '/home/darudecookie/Documents/V2-Robot-Arm/software/ros2/src/hardware_interface'
[2.857s] INFO:colcon.colcon_core.shell:Skip shell extension 'powershell' for command environment: Not usable outside of PowerShell
[2.857s] DEBUG:colcon.colcon_core.shell:Skip shell extension 'dsv' for command environment
[3.162s] INFO:colcon.colcon_core.task.python.build:Building Python package in '/home/darudecookie/Documents/V2-Robot-Arm/software/ros2/src/movement_controllers'
[3.163s] INFO:colcon.colcon_core.shell:Skip shell extension 'powershell' for command environment: Not usable outside of PowerShell
[3.163s] DEBUG:colcon.colcon_core.shell:Skip shell extension 'dsv' for command environment
[3.171s] Level 1:colcon.colcon_core.environment:checking '/home/darudecookie/Documents/V2-Robot-Arm/software/ros2/install/ros_controller_interface' for CMake module files
[3.172s] DEBUG:colcon.colcon_core.event_handler.log_command:Invoked command in '/home/darudecookie/Documents/V2-Robot-Arm/software/ros2/src/ros_controller_interface' returned '0': DEBUGINFOD_URLS=https://debuginfod.ubuntu.com PYTHONPATH=/home/darudecookie/Documents/V2-Robot-Arm/software/ros2/build/ros_controller_interface/prefix_override:/home/darudecookie/Documents/V2-Robot-Arm/software/ros2/install/ros_controller_interface/lib/python3.12/site-packages:${PYTHONPATH} /usr/bin/python3 -W ignore:setup.py install is deprecated setup.py egg_info --egg-base ../../build/ros_controller_interface build --build-base /home/darudecookie/Documents/V2-Robot-Arm/software/ros2/build/ros_controller_interface/build install --record /home/darudecookie/Documents/V2-Robot-Arm/software/ros2/build/ros_controller_interface/install.log --single-version-externally-managed install_data
[3.173s] Level 1:colcon.colcon_core.environment:checking '/home/darudecookie/Documents/V2-Robot-Arm/software/ros2/install/ros_controller_interface' for CMake config files
[3.174s] Level 1:colcon.colcon_core.environment:checking '/home/darudecookie/Documents/V2-Robot-Arm/software/ros2/install/ros_controller_interface/lib'
[3.174s] Level 1:colcon.colcon_core.environment:checking '/home/darudecookie/Documents/V2-Robot-Arm/software/ros2/install/ros_controller_interface/bin'
[3.174s] Level 1:colcon.colcon_core.environment:checking '/home/darudecookie/Documents/V2-Robot-Arm/software/ros2/install/ros_controller_interface/lib/pkgconfig/ros_controller_interface.pc'
[3.174s] Level 1:colcon.colcon_core.environment:checking '/home/darudecookie/Documents/V2-Robot-Arm/software/ros2/install/ros_controller_interface/lib/python3.12/site-packages'
[3.174s] Level 1:colcon.colcon_core.shell:create_environment_hook('ros_controller_interface', 'pythonpath')
[3.174s] INFO:colcon.colcon_core.shell:Creating environment hook '/home/darudecookie/Documents/V2-Robot-Arm/software/ros2/install/ros_controller_interface/share/ros_controller_interface/hook/pythonpath.ps1'
[3.175s] INFO:colcon.colcon_core.shell:Creating environment descriptor '/home/darudecookie/Documents/V2-Robot-Arm/software/ros2/install/ros_controller_interface/share/ros_controller_interface/hook/pythonpath.dsv'
[3.175s] INFO:colcon.colcon_core.shell:Creating environment hook '/home/darudecookie/Documents/V2-Robot-Arm/software/ros2/install/ros_controller_interface/share/ros_controller_interface/hook/pythonpath.sh'
[3.176s] Level 1:colcon.colcon_core.environment:checking '/home/darudecookie/Documents/V2-Robot-Arm/software/ros2/install/ros_controller_interface/bin'
[3.176s] Level 1:colcon.colcon_core.environment:create_environment_scripts_only(ros_controller_interface)
[3.177s] INFO:colcon.colcon_core.shell:Creating package script '/home/darudecookie/Documents/V2-Robot-Arm/software/ros2/install/ros_controller_interface/share/ros_controller_interface/package.ps1'
[3.177s] INFO:colcon.colcon_core.shell:Creating package descriptor '/home/darudecookie/Documents/V2-Robot-Arm/software/ros2/install/ros_controller_interface/share/ros_controller_interface/package.dsv'
[3.178s] INFO:colcon.colcon_core.shell:Creating package script '/home/darudecookie/Documents/V2-Robot-Arm/software/ros2/install/ros_controller_interface/share/ros_controller_interface/package.sh'
[3.178s] INFO:colcon.colcon_core.shell:Creating package script '/home/darudecookie/Documents/V2-Robot-Arm/software/ros2/install/ros_controller_interface/share/ros_controller_interface/package.bash'
[3.178s] INFO:colcon.colcon_core.shell:Creating package script '/home/darudecookie/Documents/V2-Robot-Arm/software/ros2/install/ros_controller_interface/share/ros_controller_interface/package.zsh'
[3.179s] Level 1:colcon.colcon_core.environment:create_file_with_runtime_dependencies(/home/darudecookie/Documents/V2-Robot-Arm/software/ros2/install/ros_controller_interface/share/colcon-core/packages/ros_controller_interface)
[3.991s] DEBUG:colcon.colcon_core.event_handler.log_command:Invoking command in '/home/darudecookie/Documents/V2-Robot-Arm/software/ros2/src/hardware_interface': AMENT_PREFIX_PATH=/home/darudecookie/Documents/V2-Robot-Arm/software/ros2/install/v2_robot_arm_interfaces:${AMENT_PREFIX_PATH} CMAKE_PREFIX_PATH=/home/darudecookie/Documents/V2-Robot-Arm/software/ros2/install/v2_robot_arm_interfaces:${CMAKE_PREFIX_PATH} DEBUGINFOD_URLS=https://debuginfod.ubuntu.com LD_LIBRARY_PATH=/home/darudecookie/Documents/V2-Robot-Arm/software/ros2/install/v2_robot_arm_interfaces/lib:${LD_LIBRARY_PATH} PYTHONPATH=/home/darudecookie/Documents/V2-Robot-Arm/software/ros2/build/hardware_interface/prefix_override:/home/darudecookie/Documents/V2-Robot-Arm/software/ros2/install/hardware_interface/lib/python3.12/site-packages:/home/darudecookie/Documents/V2-Robot-Arm/software/ros2/install/v2_robot_arm_interfaces/lib/python3.12/site-packages:${PYTHONPATH} /usr/bin/python3 -W ignore:setup.py install is deprecated setup.py egg_info --egg-base ../../build/hardware_interface build --build-base /home/darudecookie/Documents/V2-Robot-Arm/software/ros2/build/hardware_interface/build install --record /home/darudecookie/Documents/V2-Robot-Arm/software/ros2/build/hardware_interface/install.log --single-version-externally-managed install_data
[4.001s] DEBUG:colcon.colcon_core.event_handler.log_command:Invoking command in '/home/darudecookie/Documents/V2-Robot-Arm/software/ros2/src/movement_controllers': AMENT_PREFIX_PATH=/home/darudecookie/Documents/V2-Robot-Arm/software/ros2/install/v2_robot_arm_interfaces:${AMENT_PREFIX_PATH} CMAKE_PREFIX_PATH=/home/darudecookie/Documents/V2-Robot-Arm/software/ros2/install/v2_robot_arm_interfaces:${CMAKE_PREFIX_PATH} DEBUGINFOD_URLS=https://debuginfod.ubuntu.com LD_LIBRARY_PATH=/home/darudecookie/Documents/V2-Robot-Arm/software/ros2/install/v2_robot_arm_interfaces/lib:${LD_LIBRARY_PATH} PYTHONPATH=/home/darudecookie/Documents/V2-Robot-Arm/software/ros2/build/movement_controllers/prefix_override:/home/darudecookie/Documents/V2-Robot-Arm/software/ros2/install/movement_controllers/lib/python3.12/site-packages:/home/darudecookie/Documents/V2-Robot-Arm/software/ros2/install/v2_robot_arm_interfaces/lib/python3.12/site-packages:${PYTHONPATH} /usr/bin/python3 -W ignore:setup.py install is deprecated setup.py egg_info --egg-base ../../build/movement_controllers build --build-base /home/darudecookie/Documents/V2-Robot-Arm/software/ros2/build/movement_controllers/build install --record /home/darudecookie/Documents/V2-Robot-Arm/software/ros2/build/movement_controllers/install.log --single-version-externally-managed install_data
[4.770s] Level 1:colcon.colcon_core.environment:checking '/home/darudecookie/Documents/V2-Robot-Arm/software/ros2/install/movement_controllers' for CMake module files
[4.771s] DEBUG:colcon.colcon_core.event_handler.log_command:Invoked command in '/home/darudecookie/Documents/V2-Robot-Arm/software/ros2/src/movement_controllers' returned '0': AMENT_PREFIX_PATH=/home/darudecookie/Documents/V2-Robot-Arm/software/ros2/install/v2_robot_arm_interfaces:${AMENT_PREFIX_PATH} CMAKE_PREFIX_PATH=/home/darudecookie/Documents/V2-Robot-Arm/software/ros2/install/v2_robot_arm_interfaces:${CMAKE_PREFIX_PATH} DEBUGINFOD_URLS=https://debuginfod.ubuntu.com LD_LIBRARY_PATH=/home/darudecookie/Documents/V2-Robot-Arm/software/ros2/install/v2_robot_arm_interfaces/lib:${LD_LIBRARY_PATH} PYTHONPATH=/home/darudecookie/Documents/V2-Robot-Arm/software/ros2/build/movement_controllers/prefix_override:/home/darudecookie/Documents/V2-Robot-Arm/software/ros2/install/movement_controllers/lib/python3.12/site-packages:/home/darudecookie/Documents/V2-Robot-Arm/software/ros2/install/v2_robot_arm_interfaces/lib/python3.12/site-packages:${PYTHONPATH} /usr/bin/python3 -W ignore:setup.py install is deprecated setup.py egg_info --egg-base ../../build/movement_controllers build --build-base /home/darudecookie/Documents/V2-Robot-Arm/software/ros2/build/movement_controllers/build install --record /home/darudecookie/Documents/V2-Robot-Arm/software/ros2/build/movement_controllers/install.log --single-version-externally-managed install_data
[4.772s] Level 1:colcon.colcon_core.environment:checking '/home/darudecookie/Documents/V2-Robot-Arm/software/ros2/install/movement_controllers' for CMake config files
[4.773s] Level 1:colcon.colcon_core.environment:checking '/home/darudecookie/Documents/V2-Robot-Arm/software/ros2/install/movement_controllers/lib'
[4.773s] Level 1:colcon.colcon_core.environment:checking '/home/darudecookie/Documents/V2-Robot-Arm/software/ros2/install/movement_controllers/bin'
[4.773s] Level 1:colcon.colcon_core.environment:checking '/home/darudecookie/Documents/V2-Robot-Arm/software/ros2/install/movement_controllers/lib/pkgconfig/movement_controllers.pc'
[4.773s] Level 1:colcon.colcon_core.environment:checking '/home/darudecookie/Documents/V2-Robot-Arm/software/ros2/install/movement_controllers/lib/python3.12/site-packages'
[4.774s] Level 1:colcon.colcon_core.shell:create_environment_hook('movement_controllers', 'pythonpath')
[4.774s] INFO:colcon.colcon_core.shell:Creating environment hook '/home/darudecookie/Documents/V2-Robot-Arm/software/ros2/install/movement_controllers/share/movement_controllers/hook/pythonpath.ps1'
[4.775s] INFO:colcon.colcon_core.shell:Creating environment descriptor '/home/darudecookie/Documents/V2-Robot-Arm/software/ros2/install/movement_controllers/share/movement_controllers/hook/pythonpath.dsv'
[4.775s] INFO:colcon.colcon_core.shell:Creating environment hook '/home/darudecookie/Documents/V2-Robot-Arm/software/ros2/install/movement_controllers/share/movement_controllers/hook/pythonpath.sh'
[4.776s] Level 1:colcon.colcon_core.environment:checking '/home/darudecookie/Documents/V2-Robot-Arm/software/ros2/install/movement_controllers/bin'
[4.776s] Level 1:colcon.colcon_core.environment:create_environment_scripts_only(movement_controllers)
[4.776s] INFO:colcon.colcon_core.shell:Creating package script '/home/darudecookie/Documents/V2-Robot-Arm/software/ros2/install/movement_controllers/share/movement_controllers/package.ps1'
[4.777s] INFO:colcon.colcon_core.shell:Creating package descriptor '/home/darudecookie/Documents/V2-Robot-Arm/software/ros2/install/movement_controllers/share/movement_controllers/package.dsv'
[4.778s] INFO:colcon.colcon_core.shell:Creating package script '/home/darudecookie/Documents/V2-Robot-Arm/software/ros2/install/movement_controllers/share/movement_controllers/package.sh'
[4.778s] INFO:colcon.colcon_core.shell:Creating package script '/home/darudecookie/Documents/V2-Robot-Arm/software/ros2/install/movement_controllers/share/movement_controllers/package.bash'
[4.779s] INFO:colcon.colcon_core.shell:Creating package script '/home/darudecookie/Documents/V2-Robot-Arm/software/ros2/install/movement_controllers/share/movement_controllers/package.zsh'
[4.779s] Level 1:colcon.colcon_core.environment:create_file_with_runtime_dependencies(/home/darudecookie/Documents/V2-Robot-Arm/software/ros2/install/movement_controllers/share/colcon-core/packages/movement_controllers)
[4.783s] Level 1:colcon.colcon_core.environment:checking '/home/darudecookie/Documents/V2-Robot-Arm/software/ros2/install/hardware_interface' for CMake module files
[4.784s] DEBUG:colcon.colcon_core.event_handler.log_command:Invoked command in '/home/darudecookie/Documents/V2-Robot-Arm/software/ros2/src/hardware_interface' returned '0': AMENT_PREFIX_PATH=/home/darudecookie/Documents/V2-Robot-Arm/software/ros2/install/v2_robot_arm_interfaces:${AMENT_PREFIX_PATH} CMAKE_PREFIX_PATH=/home/darudecookie/Documents/V2-Robot-Arm/software/ros2/install/v2_robot_arm_interfaces:${CMAKE_PREFIX_PATH} DEBUGINFOD_URLS=https://debuginfod.ubuntu.com LD_LIBRARY_PATH=/home/darudecookie/Documents/V2-Robot-Arm/software/ros2/install/v2_robot_arm_interfaces/lib:${LD_LIBRARY_PATH} PYTHONPATH=/home/darudecookie/Documents/V2-Robot-Arm/software/ros2/build/hardware_interface/prefix_override:/home/darudecookie/Documents/V2-Robot-Arm/software/ros2/install/hardware_interface/lib/python3.12/site-packages:/home/darudecookie/Documents/V2-Robot-Arm/software/ros2/install/v2_robot_arm_interfaces/lib/python3.12/site-packages:${PYTHONPATH} /usr/bin/python3 -W ignore:setup.py install is deprecated setup.py egg_info --egg-base ../../build/hardware_interface build --build-base /home/darudecookie/Documents/V2-Robot-Arm/software/ros2/build/hardware_interface/build install --record /home/darudecookie/Documents/V2-Robot-Arm/software/ros2/build/hardware_interface/install.log --single-version-externally-managed install_data
[4.784s] Level 1:colcon.colcon_core.environment:checking '/home/darudecookie/Documents/V2-Robot-Arm/software/ros2/install/hardware_interface' for CMake config files
[4.785s] Level 1:colcon.colcon_core.environment:checking '/home/darudecookie/Documents/V2-Robot-Arm/software/ros2/install/hardware_interface/lib'
[4.786s] Level 1:colcon.colcon_core.environment:checking '/home/darudecookie/Documents/V2-Robot-Arm/software/ros2/install/hardware_interface/bin'
[4.786s] Level 1:colcon.colcon_core.environment:checking '/home/darudecookie/Documents/V2-Robot-Arm/software/ros2/install/hardware_interface/lib/pkgconfig/hardware_interface.pc'
[4.786s] Level 1:colcon.colcon_core.environment:checking '/home/darudecookie/Documents/V2-Robot-Arm/software/ros2/install/hardware_interface/lib/python3.12/site-packages'
[4.786s] Level 1:colcon.colcon_core.shell:create_environment_hook('hardware_interface', 'pythonpath')
[4.787s] INFO:colcon.colcon_core.shell:Creating environment hook '/home/darudecookie/Documents/V2-Robot-Arm/software/ros2/install/hardware_interface/share/hardware_interface/hook/pythonpath.ps1'
[4.787s] INFO:colcon.colcon_core.shell:Creating environment descriptor '/home/darudecookie/Documents/V2-Robot-Arm/software/ros2/install/hardware_interface/share/hardware_interface/hook/pythonpath.dsv'
[4.788s] INFO:colcon.colcon_core.shell:Creating environment hook '/home/darudecookie/Documents/V2-Robot-Arm/software/ros2/install/hardware_interface/share/hardware_interface/hook/pythonpath.sh'
[4.789s] Level 1:colcon.colcon_core.environment:checking '/home/darudecookie/Documents/V2-Robot-Arm/software/ros2/install/hardware_interface/bin'
[4.789s] Level 1:colcon.colcon_core.environment:create_environment_scripts_only(hardware_interface)
[4.789s] INFO:colcon.colcon_core.shell:Creating package script '/home/darudecookie/Documents/V2-Robot-Arm/software/ros2/install/hardware_interface/share/hardware_interface/package.ps1'
[4.790s] INFO:colcon.colcon_core.shell:Creating package descriptor '/home/darudecookie/Documents/V2-Robot-Arm/software/ros2/install/hardware_interface/share/hardware_interface/package.dsv'
[4.790s] INFO:colcon.colcon_core.shell:Creating package script '/home/darudecookie/Documents/V2-Robot-Arm/software/ros2/install/hardware_interface/share/hardware_interface/package.sh'
[4.791s] INFO:colcon.colcon_core.shell:Creating package script '/home/darudecookie/Documents/V2-Robot-Arm/software/ros2/install/hardware_interface/share/hardware_interface/package.bash'
[4.791s] INFO:colcon.colcon_core.shell:Creating package script '/home/darudecookie/Documents/V2-Robot-Arm/software/ros2/install/hardware_interface/share/hardware_interface/package.zsh'
[4.791s] Level 1:colcon.colcon_core.environment:create_file_with_runtime_dependencies(/home/darudecookie/Documents/V2-Robot-Arm/software/ros2/install/hardware_interface/share/colcon-core/packages/hardware_interface)
[4.792s] DEBUG:colcon.colcon_parallel_executor.executor.parallel:closing loop
[4.792s] DEBUG:colcon.colcon_parallel_executor.executor.parallel:loop closed
[4.792s] DEBUG:colcon.colcon_parallel_executor.executor.parallel:run_until_complete finished with '0'
[4.792s] DEBUG:colcon.colcon_core.event_reactor:joining thread
[4.799s] INFO:colcon.colcon_core.plugin_system:Skipping extension 'colcon_notification.desktop_notification.terminal_notifier': Not used on non-Darwin systems
[4.799s] INFO:colcon.colcon_core.plugin_system:Skipping extension 'colcon_notification.desktop_notification.win32': Not used on non-Windows systems
[4.800s] INFO:colcon.colcon_notification.desktop_notification:Sending desktop notification using 'notify2'
[4.829s] DEBUG:colcon.colcon_core.event_reactor:joined thread
[4.830s] INFO:colcon.colcon_core.shell:Creating prefix script '/home/darudecookie/Documents/V2-Robot-Arm/software/ros2/install/local_setup.ps1'
[4.831s] INFO:colcon.colcon_core.shell:Creating prefix util module '/home/darudecookie/Documents/V2-Robot-Arm/software/ros2/install/_local_setup_util_ps1.py'
[4.833s] INFO:colcon.colcon_core.shell:Creating prefix chain script '/home/darudecookie/Documents/V2-Robot-Arm/software/ros2/install/setup.ps1'
[4.834s] INFO:colcon.colcon_core.shell:Creating prefix script '/home/darudecookie/Documents/V2-Robot-Arm/software/ros2/install/local_setup.sh'
[4.835s] INFO:colcon.colcon_core.shell:Creating prefix util module '/home/darudecookie/Documents/V2-Robot-Arm/software/ros2/install/_local_setup_util_sh.py'
[4.835s] INFO:colcon.colcon_core.shell:Creating prefix chain script '/home/darudecookie/Documents/V2-Robot-Arm/software/ros2/install/setup.sh'
[4.837s] INFO:colcon.colcon_core.shell:Creating prefix script '/home/darudecookie/Documents/V2-Robot-Arm/software/ros2/install/local_setup.bash'
[4.838s] INFO:colcon.colcon_core.shell:Creating prefix chain script '/home/darudecookie/Documents/V2-Robot-Arm/software/ros2/install/setup.bash'
[4.839s] INFO:colcon.colcon_core.shell:Creating prefix script '/home/darudecookie/Documents/V2-Robot-Arm/software/ros2/install/local_setup.zsh'
[4.840s] INFO:colcon.colcon_core.shell:Creating prefix chain script '/home/darudecookie/Documents/V2-Robot-Arm/software/ros2/install/setup.zsh'
