[0.022s] Invoking command in '/home/darudecookie/Documents/V2-Robot-Arm/software/ros2/build/v2_robot_arm_interfaces': CMAKE_PREFIX_PATH=${CMAKE_PREFIX_PATH}:/home/darudecookie/Documents/V2-Robot-Arm/software/ros2/install/movement_controllers:/home/darudecookie/Documents/V2-Robot-Arm/software/ros2/install/hardware_interface:/home/darudecookie/Documents/V2-Robot-Arm/software/ros2/install/ros_controller_interface:/opt/ros/rolling DEBUGINFOD_URLS=https://debuginfod.ubuntu.com /usr/bin/cmake --build /home/darudecookie/Documents/V2-Robot-Arm/software/ros2/build/v2_robot_arm_interfaces -- -j4 -l4
[0.092s] [  1%] Built target v2_robot_arm_interfaces__rosidl_generator_type_description
[0.110s] [  1%] Built target ament_cmake_python_copy_v2_robot_arm_interfaces
[0.163s] [  1%] Built target v2_robot_arm_interfaces__cpp
[0.167s] [ 27%] Built target v2_robot_arm_interfaces__rosidl_generator_c
[0.248s] [ 36%] Built target v2_robot_arm_interfaces__rosidl_typesupport_cpp
[0.265s] [ 46%] Built target v2_robot_arm_interfaces__rosidl_typesupport_fastrtps_c
[0.273s] [ 56%] Built target v2_robot_arm_interfaces__rosidl_typesupport_fastrtps_cpp
[0.305s] [ 66%] Built target v2_robot_arm_interfaces__rosidl_typesupport_introspection_c
[0.329s] [ 76%] Built target v2_robot_arm_interfaces__rosidl_typesupport_c
[0.329s] [ 85%] Built target v2_robot_arm_interfaces__rosidl_typesupport_introspection_cpp
[0.364s] [ 85%] Built target v2_robot_arm_interfaces
[0.399s] [ 86%] Built target v2_robot_arm_interfaces__py
[0.441s] [ 95%] Built target v2_robot_arm_interfaces__rosidl_generator_py
[0.479s] [ 96%] Built target v2_robot_arm_interfaces_s__rosidl_typesupport_fastrtps_c
[0.485s] [ 98%] Built target v2_robot_arm_interfaces_s__rosidl_typesupport_introspection_c
[0.498s] [100%] Built target v2_robot_arm_interfaces_s__rosidl_typesupport_c
[0.548s] running egg_info
[0.575s] writing v2_robot_arm_interfaces.egg-info/PKG-INFO
[0.576s] writing dependency_links to v2_robot_arm_interfaces.egg-info/dependency_links.txt
[0.576s] writing top-level names to v2_robot_arm_interfaces.egg-info/top_level.txt
[0.653s] reading manifest file 'v2_robot_arm_interfaces.egg-info/SOURCES.txt'
[0.655s] writing manifest file 'v2_robot_arm_interfaces.egg-info/SOURCES.txt'
[0.691s] [100%] Built target ament_cmake_python_build_v2_robot_arm_interfaces_egg
[0.709s] Invoked command in '/home/darudecookie/Documents/V2-Robot-Arm/software/ros2/build/v2_robot_arm_interfaces' returned '0': CMAKE_PREFIX_PATH=${CMAKE_PREFIX_PATH}:/home/darudecookie/Documents/V2-Robot-Arm/software/ros2/install/movement_controllers:/home/darudecookie/Documents/V2-Robot-Arm/software/ros2/install/hardware_interface:/home/darudecookie/Documents/V2-Robot-Arm/software/ros2/install/ros_controller_interface:/opt/ros/rolling DEBUGINFOD_URLS=https://debuginfod.ubuntu.com /usr/bin/cmake --build /home/darudecookie/Documents/V2-Robot-Arm/software/ros2/build/v2_robot_arm_interfaces -- -j4 -l4
[1.058s] Invoking command in '/home/darudecookie/Documents/V2-Robot-Arm/software/ros2/build/v2_robot_arm_interfaces': CMAKE_PREFIX_PATH=${CMAKE_PREFIX_PATH}:/home/darudecookie/Documents/V2-Robot-Arm/software/ros2/install/movement_controllers:/home/darudecookie/Documents/V2-Robot-Arm/software/ros2/install/hardware_interface:/home/darudecookie/Documents/V2-Robot-Arm/software/ros2/install/ros_controller_interface:/opt/ros/rolling DEBUGINFOD_URLS=https://debuginfod.ubuntu.com /usr/bin/cmake --install /home/darudecookie/Documents/V2-Robot-Arm/software/ros2/build/v2_robot_arm_interfaces
[1.072s] -- Install configuration: ""
[1.072s] -- Up-to-date: /home/darudecookie/Documents/V2-Robot-Arm/software/ros2/install/v2_robot_arm_interfaces/share/ament_index/resource_index/rosidl_interfaces/v2_robot_arm_interfaces
[1.073s] -- Up-to-date: /home/darudecookie/Documents/V2-Robot-Arm/software/ros2/install/v2_robot_arm_interfaces/share/v2_robot_arm_interfaces/msg/ControlStatus.json
[1.073s] -- Up-to-date: /home/darudecookie/Documents/V2-Robot-Arm/software/ros2/install/v2_robot_arm_interfaces/share/v2_robot_arm_interfaces/msg/CurrentEEInfo.json
[1.073s] -- Up-to-date: /home/darudecookie/Documents/V2-Robot-Arm/software/ros2/install/v2_robot_arm_interfaces/share/v2_robot_arm_interfaces/msg/CurrentJointInfo.json
[1.073s] -- Up-to-date: /home/darudecookie/Documents/V2-Robot-Arm/software/ros2/install/v2_robot_arm_interfaces/share/v2_robot_arm_interfaces/msg/CurrentCartesian.json
[1.074s] -- Up-to-date: /home/darudecookie/Documents/V2-Robot-Arm/software/ros2/install/v2_robot_arm_interfaces/share/v2_robot_arm_interfaces/msg/SystemDiagnosticInfo.json
[1.074s] -- Up-to-date: /home/darudecookie/Documents/V2-Robot-Arm/software/ros2/install/v2_robot_arm_interfaces/share/v2_robot_arm_interfaces/msg/TargetCartesian.json
[1.074s] -- Up-to-date: /home/darudecookie/Documents/V2-Robot-Arm/software/ros2/install/v2_robot_arm_interfaces/share/v2_robot_arm_interfaces/msg/TargetEEInfo.json
[1.074s] -- Up-to-date: /home/darudecookie/Documents/V2-Robot-Arm/software/ros2/install/v2_robot_arm_interfaces/share/v2_robot_arm_interfaces/msg/TargetJointInfo.json
[1.074s] -- Up-to-date: /home/darudecookie/Documents/V2-Robot-Arm/software/ros2/install/v2_robot_arm_interfaces/share/v2_robot_arm_interfaces/srv/MicrocontrollerParameterDump.json
[1.075s] -- Up-to-date: /home/darudecookie/Documents/V2-Robot-Arm/software/ros2/install/v2_robot_arm_interfaces/share/v2_robot_arm_interfaces/srv/SystemStatus.json
[1.075s] -- Up-to-date: /home/darudecookie/Documents/V2-Robot-Arm/software/ros2/install/v2_robot_arm_interfaces/share/v2_robot_arm_interfaces/srv/TargetEEState.json
[1.075s] -- Up-to-date: /home/darudecookie/Documents/V2-Robot-Arm/software/ros2/install/v2_robot_arm_interfaces/share/v2_robot_arm_interfaces/action/ParametricTrajectoryInfo.json
[1.075s] -- Up-to-date: /home/darudecookie/Documents/V2-Robot-Arm/software/ros2/install/v2_robot_arm_interfaces/include/v2_robot_arm_interfaces/v2_robot_arm_interfaces
[1.075s] -- Up-to-date: /home/darudecookie/Documents/V2-Robot-Arm/software/ros2/install/v2_robot_arm_interfaces/include/v2_robot_arm_interfaces/v2_robot_arm_interfaces/action
[1.076s] -- Up-to-date: /home/darudecookie/Documents/V2-Robot-Arm/software/ros2/install/v2_robot_arm_interfaces/include/v2_robot_arm_interfaces/v2_robot_arm_interfaces/action/detail
[1.076s] -- Up-to-date: /home/darudecookie/Documents/V2-Robot-Arm/software/ros2/install/v2_robot_arm_interfaces/include/v2_robot_arm_interfaces/v2_robot_arm_interfaces/action/detail/parametric_trajectory_info__functions.h
[1.076s] -- Installing: /home/darudecookie/Documents/V2-Robot-Arm/software/ros2/install/v2_robot_arm_interfaces/include/v2_robot_arm_interfaces/v2_robot_arm_interfaces/action/detail/parametric_trajectory_info__type_support.c
[1.076s] -- Up-to-date: /home/darudecookie/Documents/V2-Robot-Arm/software/ros2/install/v2_robot_arm_interfaces/include/v2_robot_arm_interfaces/v2_robot_arm_interfaces/action/detail/parametric_trajectory_info__functions.c
[1.077s] -- Up-to-date: /home/darudecookie/Documents/V2-Robot-Arm/software/ros2/install/v2_robot_arm_interfaces/include/v2_robot_arm_interfaces/v2_robot_arm_interfaces/action/detail/parametric_trajectory_info__type_support.h
[1.077s] -- Up-to-date: /home/darudecookie/Documents/V2-Robot-Arm/software/ros2/install/v2_robot_arm_interfaces/include/v2_robot_arm_interfaces/v2_robot_arm_interfaces/action/detail/parametric_trajectory_info__description.c
[1.077s] -- Up-to-date: /home/darudecookie/Documents/V2-Robot-Arm/software/ros2/install/v2_robot_arm_interfaces/include/v2_robot_arm_interfaces/v2_robot_arm_interfaces/action/detail/parametric_trajectory_info__struct.h
[1.077s] -- Up-to-date: /home/darudecookie/Documents/V2-Robot-Arm/software/ros2/install/v2_robot_arm_interfaces/include/v2_robot_arm_interfaces/v2_robot_arm_interfaces/action/parametric_trajectory_info.h
[1.077s] -- Up-to-date: /home/darudecookie/Documents/V2-Robot-Arm/software/ros2/install/v2_robot_arm_interfaces/include/v2_robot_arm_interfaces/v2_robot_arm_interfaces/msg
[1.078s] -- Up-to-date: /home/darudecookie/Documents/V2-Robot-Arm/software/ros2/install/v2_robot_arm_interfaces/include/v2_robot_arm_interfaces/v2_robot_arm_interfaces/msg/rosidl_generator_c__visibility_control.h
[1.078s] -- Up-to-date: /home/darudecookie/Documents/V2-Robot-Arm/software/ros2/install/v2_robot_arm_interfaces/include/v2_robot_arm_interfaces/v2_robot_arm_interfaces/msg/current_ee_info.h
[1.078s] -- Up-to-date: /home/darudecookie/Documents/V2-Robot-Arm/software/ros2/install/v2_robot_arm_interfaces/include/v2_robot_arm_interfaces/v2_robot_arm_interfaces/msg/target_ee_info.h
[1.078s] -- Up-to-date: /home/darudecookie/Documents/V2-Robot-Arm/software/ros2/install/v2_robot_arm_interfaces/include/v2_robot_arm_interfaces/v2_robot_arm_interfaces/msg/current_cartesian.h
[1.078s] -- Up-to-date: /home/darudecookie/Documents/V2-Robot-Arm/software/ros2/install/v2_robot_arm_interfaces/include/v2_robot_arm_interfaces/v2_robot_arm_interfaces/msg/current_joint_info.h
[1.078s] -- Up-to-date: /home/darudecookie/Documents/V2-Robot-Arm/software/ros2/install/v2_robot_arm_interfaces/include/v2_robot_arm_interfaces/v2_robot_arm_interfaces/msg/detail
[1.079s] -- Installing: /home/darudecookie/Documents/V2-Robot-Arm/software/ros2/install/v2_robot_arm_interfaces/include/v2_robot_arm_interfaces/v2_robot_arm_interfaces/msg/detail/target_cartesian__type_support.c
[1.079s] -- Installing: /home/darudecookie/Documents/V2-Robot-Arm/software/ros2/install/v2_robot_arm_interfaces/include/v2_robot_arm_interfaces/v2_robot_arm_interfaces/msg/detail/current_joint_info__type_support.c
[1.079s] -- Up-to-date: /home/darudecookie/Documents/V2-Robot-Arm/software/ros2/install/v2_robot_arm_interfaces/include/v2_robot_arm_interfaces/v2_robot_arm_interfaces/msg/detail/current_joint_info__functions.c
[1.079s] -- Installing: /home/darudecookie/Documents/V2-Robot-Arm/software/ros2/install/v2_robot_arm_interfaces/include/v2_robot_arm_interfaces/v2_robot_arm_interfaces/msg/detail/system_diagnostic_info__type_support.c
[1.079s] -- Up-to-date: /home/darudecookie/Documents/V2-Robot-Arm/software/ros2/install/v2_robot_arm_interfaces/include/v2_robot_arm_interfaces/v2_robot_arm_interfaces/msg/detail/current_cartesian__type_support.h
[1.079s] -- Up-to-date: /home/darudecookie/Documents/V2-Robot-Arm/software/ros2/install/v2_robot_arm_interfaces/include/v2_robot_arm_interfaces/v2_robot_arm_interfaces/msg/detail/system_diagnostic_info__functions.h
[1.079s] -- Up-to-date: /home/darudecookie/Documents/V2-Robot-Arm/software/ros2/install/v2_robot_arm_interfaces/include/v2_robot_arm_interfaces/v2_robot_arm_interfaces/msg/detail/current_joint_info__struct.h
[1.080s] -- Up-to-date: /home/darudecookie/Documents/V2-Robot-Arm/software/ros2/install/v2_robot_arm_interfaces/include/v2_robot_arm_interfaces/v2_robot_arm_interfaces/msg/detail/current_cartesian__description.c
[1.080s] -- Up-to-date: /home/darudecookie/Documents/V2-Robot-Arm/software/ros2/install/v2_robot_arm_interfaces/include/v2_robot_arm_interfaces/v2_robot_arm_interfaces/msg/detail/system_diagnostic_info__functions.c
[1.080s] -- Up-to-date: /home/darudecookie/Documents/V2-Robot-Arm/software/ros2/install/v2_robot_arm_interfaces/include/v2_robot_arm_interfaces/v2_robot_arm_interfaces/msg/detail/current_cartesian__struct.h
[1.081s] -- Up-to-date: /home/darudecookie/Documents/V2-Robot-Arm/software/ros2/install/v2_robot_arm_interfaces/include/v2_robot_arm_interfaces/v2_robot_arm_interfaces/msg/detail/control_status__type_support.h
[1.081s] -- Up-to-date: /home/darudecookie/Documents/V2-Robot-Arm/software/ros2/install/v2_robot_arm_interfaces/include/v2_robot_arm_interfaces/v2_robot_arm_interfaces/msg/detail/current_ee_info__description.c
[1.081s] -- Up-to-date: /home/darudecookie/Documents/V2-Robot-Arm/software/ros2/install/v2_robot_arm_interfaces/include/v2_robot_arm_interfaces/v2_robot_arm_interfaces/msg/detail/target_joint_info__struct.h
[1.081s] -- Up-to-date: /home/darudecookie/Documents/V2-Robot-Arm/software/ros2/install/v2_robot_arm_interfaces/include/v2_robot_arm_interfaces/v2_robot_arm_interfaces/msg/detail/target_joint_info__functions.c
[1.081s] -- Up-to-date: /home/darudecookie/Documents/V2-Robot-Arm/software/ros2/install/v2_robot_arm_interfaces/include/v2_robot_arm_interfaces/v2_robot_arm_interfaces/msg/detail/system_diagnostic_info__description.c
[1.081s] -- Up-to-date: /home/darudecookie/Documents/V2-Robot-Arm/software/ros2/install/v2_robot_arm_interfaces/include/v2_robot_arm_interfaces/v2_robot_arm_interfaces/msg/detail/current_ee_info__type_support.h
[1.082s] -- Up-to-date: /home/darudecookie/Documents/V2-Robot-Arm/software/ros2/install/v2_robot_arm_interfaces/include/v2_robot_arm_interfaces/v2_robot_arm_interfaces/msg/detail/target_cartesian__type_support.h
[1.082s] -- Up-to-date: /home/darudecookie/Documents/V2-Robot-Arm/software/ros2/install/v2_robot_arm_interfaces/include/v2_robot_arm_interfaces/v2_robot_arm_interfaces/msg/detail/current_joint_info__functions.h
[1.082s] -- Installing: /home/darudecookie/Documents/V2-Robot-Arm/software/ros2/install/v2_robot_arm_interfaces/include/v2_robot_arm_interfaces/v2_robot_arm_interfaces/msg/detail/control_status__type_support.c
[1.083s] -- Up-to-date: /home/darudecookie/Documents/V2-Robot-Arm/software/ros2/install/v2_robot_arm_interfaces/include/v2_robot_arm_interfaces/v2_robot_arm_interfaces/msg/detail/target_ee_info__type_support.h
[1.083s] -- Up-to-date: /home/darudecookie/Documents/V2-Robot-Arm/software/ros2/install/v2_robot_arm_interfaces/include/v2_robot_arm_interfaces/v2_robot_arm_interfaces/msg/detail/control_status__functions.h
[1.083s] -- Up-to-date: /home/darudecookie/Documents/V2-Robot-Arm/software/ros2/install/v2_robot_arm_interfaces/include/v2_robot_arm_interfaces/v2_robot_arm_interfaces/msg/detail/current_cartesian__functions.h
[1.083s] -- Installing: /home/darudecookie/Documents/V2-Robot-Arm/software/ros2/install/v2_robot_arm_interfaces/include/v2_robot_arm_interfaces/v2_robot_arm_interfaces/msg/detail/target_joint_info__type_support.c
[1.083s] -- Up-to-date: /home/darudecookie/Documents/V2-Robot-Arm/software/ros2/install/v2_robot_arm_interfaces/include/v2_robot_arm_interfaces/v2_robot_arm_interfaces/msg/detail/current_joint_info__type_support.h
[1.083s] -- Installing: /home/darudecookie/Documents/V2-Robot-Arm/software/ros2/install/v2_robot_arm_interfaces/include/v2_robot_arm_interfaces/v2_robot_arm_interfaces/msg/detail/current_ee_info__type_support.c
[1.083s] -- Up-to-date: /home/darudecookie/Documents/V2-Robot-Arm/software/ros2/install/v2_robot_arm_interfaces/include/v2_robot_arm_interfaces/v2_robot_arm_interfaces/msg/detail/system_diagnostic_info__type_support.h
[1.084s] -- Up-to-date: /home/darudecookie/Documents/V2-Robot-Arm/software/ros2/install/v2_robot_arm_interfaces/include/v2_robot_arm_interfaces/v2_robot_arm_interfaces/msg/detail/target_joint_info__functions.h
[1.084s] -- Up-to-date: /home/darudecookie/Documents/V2-Robot-Arm/software/ros2/install/v2_robot_arm_interfaces/include/v2_robot_arm_interfaces/v2_robot_arm_interfaces/msg/detail/target_cartesian__description.c
[1.084s] -- Up-to-date: /home/darudecookie/Documents/V2-Robot-Arm/software/ros2/install/v2_robot_arm_interfaces/include/v2_robot_arm_interfaces/v2_robot_arm_interfaces/msg/detail/target_ee_info__description.c
[1.085s] -- Up-to-date: /home/darudecookie/Documents/V2-Robot-Arm/software/ros2/install/v2_robot_arm_interfaces/include/v2_robot_arm_interfaces/v2_robot_arm_interfaces/msg/detail/current_cartesian__functions.c
[1.085s] -- Up-to-date: /home/darudecookie/Documents/V2-Robot-Arm/software/ros2/install/v2_robot_arm_interfaces/include/v2_robot_arm_interfaces/v2_robot_arm_interfaces/msg/detail/current_joint_info__description.c
[1.085s] -- Up-to-date: /home/darudecookie/Documents/V2-Robot-Arm/software/ros2/install/v2_robot_arm_interfaces/include/v2_robot_arm_interfaces/v2_robot_arm_interfaces/msg/detail/current_ee_info__struct.h
[1.086s] -- Up-to-date: /home/darudecookie/Documents/V2-Robot-Arm/software/ros2/install/v2_robot_arm_interfaces/include/v2_robot_arm_interfaces/v2_robot_arm_interfaces/msg/detail/target_cartesian__struct.h
[1.086s] -- Up-to-date: /home/darudecookie/Documents/V2-Robot-Arm/software/ros2/install/v2_robot_arm_interfaces/include/v2_robot_arm_interfaces/v2_robot_arm_interfaces/msg/detail/current_ee_info__functions.h
[1.086s] -- Up-to-date: /home/darudecookie/Documents/V2-Robot-Arm/software/ros2/install/v2_robot_arm_interfaces/include/v2_robot_arm_interfaces/v2_robot_arm_interfaces/msg/detail/control_status__description.c
[1.087s] -- Up-to-date: /home/darudecookie/Documents/V2-Robot-Arm/software/ros2/install/v2_robot_arm_interfaces/include/v2_robot_arm_interfaces/v2_robot_arm_interfaces/msg/detail/current_ee_info__functions.c
[1.087s] -- Up-to-date: /home/darudecookie/Documents/V2-Robot-Arm/software/ros2/install/v2_robot_arm_interfaces/include/v2_robot_arm_interfaces/v2_robot_arm_interfaces/msg/detail/control_status__functions.c
[1.087s] -- Up-to-date: /home/darudecookie/Documents/V2-Robot-Arm/software/ros2/install/v2_robot_arm_interfaces/include/v2_robot_arm_interfaces/v2_robot_arm_interfaces/msg/detail/target_joint_info__description.c
[1.087s] -- Up-to-date: /home/darudecookie/Documents/V2-Robot-Arm/software/ros2/install/v2_robot_arm_interfaces/include/v2_robot_arm_interfaces/v2_robot_arm_interfaces/msg/detail/target_joint_info__type_support.h
[1.087s] -- Installing: /home/darudecookie/Documents/V2-Robot-Arm/software/ros2/install/v2_robot_arm_interfaces/include/v2_robot_arm_interfaces/v2_robot_arm_interfaces/msg/detail/current_cartesian__type_support.c
[1.088s] -- Up-to-date: /home/darudecookie/Documents/V2-Robot-Arm/software/ros2/install/v2_robot_arm_interfaces/include/v2_robot_arm_interfaces/v2_robot_arm_interfaces/msg/detail/target_ee_info__functions.h
[1.088s] -- Up-to-date: /home/darudecookie/Documents/V2-Robot-Arm/software/ros2/install/v2_robot_arm_interfaces/include/v2_robot_arm_interfaces/v2_robot_arm_interfaces/msg/detail/control_status__struct.h
[1.088s] -- Up-to-date: /home/darudecookie/Documents/V2-Robot-Arm/software/ros2/install/v2_robot_arm_interfaces/include/v2_robot_arm_interfaces/v2_robot_arm_interfaces/msg/detail/target_cartesian__functions.h
[1.088s] -- Up-to-date: /home/darudecookie/Documents/V2-Robot-Arm/software/ros2/install/v2_robot_arm_interfaces/include/v2_robot_arm_interfaces/v2_robot_arm_interfaces/msg/detail/system_diagnostic_info__struct.h
[1.089s] -- Up-to-date: /home/darudecookie/Documents/V2-Robot-Arm/software/ros2/install/v2_robot_arm_interfaces/include/v2_robot_arm_interfaces/v2_robot_arm_interfaces/msg/detail/target_ee_info__struct.h
[1.089s] -- Up-to-date: /home/darudecookie/Documents/V2-Robot-Arm/software/ros2/install/v2_robot_arm_interfaces/include/v2_robot_arm_interfaces/v2_robot_arm_interfaces/msg/detail/target_ee_info__functions.c
[1.089s] -- Installing: /home/darudecookie/Documents/V2-Robot-Arm/software/ros2/install/v2_robot_arm_interfaces/include/v2_robot_arm_interfaces/v2_robot_arm_interfaces/msg/detail/target_ee_info__type_support.c
[1.089s] -- Up-to-date: /home/darudecookie/Documents/V2-Robot-Arm/software/ros2/install/v2_robot_arm_interfaces/include/v2_robot_arm_interfaces/v2_robot_arm_interfaces/msg/detail/target_cartesian__functions.c
[1.089s] -- Up-to-date: /home/darudecookie/Documents/V2-Robot-Arm/software/ros2/install/v2_robot_arm_interfaces/include/v2_robot_arm_interfaces/v2_robot_arm_interfaces/msg/target_cartesian.h
[1.089s] -- Up-to-date: /home/darudecookie/Documents/V2-Robot-Arm/software/ros2/install/v2_robot_arm_interfaces/include/v2_robot_arm_interfaces/v2_robot_arm_interfaces/msg/target_joint_info.h
[1.090s] -- Up-to-date: /home/darudecookie/Documents/V2-Robot-Arm/software/ros2/install/v2_robot_arm_interfaces/include/v2_robot_arm_interfaces/v2_robot_arm_interfaces/msg/system_diagnostic_info.h
[1.090s] -- Up-to-date: /home/darudecookie/Documents/V2-Robot-Arm/software/ros2/install/v2_robot_arm_interfaces/include/v2_robot_arm_interfaces/v2_robot_arm_interfaces/msg/control_status.h
[1.090s] -- Up-to-date: /home/darudecookie/Documents/V2-Robot-Arm/software/ros2/install/v2_robot_arm_interfaces/include/v2_robot_arm_interfaces/v2_robot_arm_interfaces/srv
[1.090s] -- Up-to-date: /home/darudecookie/Documents/V2-Robot-Arm/software/ros2/install/v2_robot_arm_interfaces/include/v2_robot_arm_interfaces/v2_robot_arm_interfaces/srv/microcontroller_parameter_dump.h
[1.090s] -- Up-to-date: /home/darudecookie/Documents/V2-Robot-Arm/software/ros2/install/v2_robot_arm_interfaces/include/v2_robot_arm_interfaces/v2_robot_arm_interfaces/srv/target_ee_state.h
[1.091s] -- Up-to-date: /home/darudecookie/Documents/V2-Robot-Arm/software/ros2/install/v2_robot_arm_interfaces/include/v2_robot_arm_interfaces/v2_robot_arm_interfaces/srv/detail
[1.091s] -- Up-to-date: /home/darudecookie/Documents/V2-Robot-Arm/software/ros2/install/v2_robot_arm_interfaces/include/v2_robot_arm_interfaces/v2_robot_arm_interfaces/srv/detail/target_ee_state__functions.h
[1.091s] -- Up-to-date: /home/darudecookie/Documents/V2-Robot-Arm/software/ros2/install/v2_robot_arm_interfaces/include/v2_robot_arm_interfaces/v2_robot_arm_interfaces/srv/detail/microcontroller_parameter_dump__functions.h
[1.091s] -- Installing: /home/darudecookie/Documents/V2-Robot-Arm/software/ros2/install/v2_robot_arm_interfaces/include/v2_robot_arm_interfaces/v2_robot_arm_interfaces/srv/detail/microcontroller_parameter_dump__type_support.c
[1.091s] -- Up-to-date: /home/darudecookie/Documents/V2-Robot-Arm/software/ros2/install/v2_robot_arm_interfaces/include/v2_robot_arm_interfaces/v2_robot_arm_interfaces/srv/detail/target_ee_state__type_support.h
[1.091s] -- Installing: /home/darudecookie/Documents/V2-Robot-Arm/software/ros2/install/v2_robot_arm_interfaces/include/v2_robot_arm_interfaces/v2_robot_arm_interfaces/srv/detail/system_status__type_support.c
[1.092s] -- Up-to-date: /home/darudecookie/Documents/V2-Robot-Arm/software/ros2/install/v2_robot_arm_interfaces/include/v2_robot_arm_interfaces/v2_robot_arm_interfaces/srv/detail/system_status__functions.c
[1.092s] -- Up-to-date: /home/darudecookie/Documents/V2-Robot-Arm/software/ros2/install/v2_robot_arm_interfaces/include/v2_robot_arm_interfaces/v2_robot_arm_interfaces/srv/detail/microcontroller_parameter_dump__type_support.h
[1.092s] -- Up-to-date: /home/darudecookie/Documents/V2-Robot-Arm/software/ros2/install/v2_robot_arm_interfaces/include/v2_robot_arm_interfaces/v2_robot_arm_interfaces/srv/detail/system_status__description.c
[1.092s] -- Up-to-date: /home/darudecookie/Documents/V2-Robot-Arm/software/ros2/install/v2_robot_arm_interfaces/include/v2_robot_arm_interfaces/v2_robot_arm_interfaces/srv/detail/target_ee_state__functions.c
[1.092s] -- Up-to-date: /home/darudecookie/Documents/V2-Robot-Arm/software/ros2/install/v2_robot_arm_interfaces/include/v2_robot_arm_interfaces/v2_robot_arm_interfaces/srv/detail/system_status__functions.h
[1.092s] -- Installing: /home/darudecookie/Documents/V2-Robot-Arm/software/ros2/install/v2_robot_arm_interfaces/include/v2_robot_arm_interfaces/v2_robot_arm_interfaces/srv/detail/target_ee_state__type_support.c
[1.093s] -- Up-to-date: /home/darudecookie/Documents/V2-Robot-Arm/software/ros2/install/v2_robot_arm_interfaces/include/v2_robot_arm_interfaces/v2_robot_arm_interfaces/srv/detail/system_status__type_support.h
[1.093s] -- Up-to-date: /home/darudecookie/Documents/V2-Robot-Arm/software/ros2/install/v2_robot_arm_interfaces/include/v2_robot_arm_interfaces/v2_robot_arm_interfaces/srv/detail/system_status__struct.h
[1.093s] -- Up-to-date: /home/darudecookie/Documents/V2-Robot-Arm/software/ros2/install/v2_robot_arm_interfaces/include/v2_robot_arm_interfaces/v2_robot_arm_interfaces/srv/detail/target_ee_state__struct.h
[1.093s] -- Up-to-date: /home/darudecookie/Documents/V2-Robot-Arm/software/ros2/install/v2_robot_arm_interfaces/include/v2_robot_arm_interfaces/v2_robot_arm_interfaces/srv/detail/target_ee_state__description.c
[1.093s] -- Up-to-date: /home/darudecookie/Documents/V2-Robot-Arm/software/ros2/install/v2_robot_arm_interfaces/include/v2_robot_arm_interfaces/v2_robot_arm_interfaces/srv/detail/microcontroller_parameter_dump__description.c
[1.094s] -- Up-to-date: /home/darudecookie/Documents/V2-Robot-Arm/software/ros2/install/v2_robot_arm_interfaces/include/v2_robot_arm_interfaces/v2_robot_arm_interfaces/srv/detail/microcontroller_parameter_dump__struct.h
[1.094s] -- Up-to-date: /home/darudecookie/Documents/V2-Robot-Arm/software/ros2/install/v2_robot_arm_interfaces/include/v2_robot_arm_interfaces/v2_robot_arm_interfaces/srv/detail/microcontroller_parameter_dump__functions.c
[1.094s] -- Up-to-date: /home/darudecookie/Documents/V2-Robot-Arm/software/ros2/install/v2_robot_arm_interfaces/include/v2_robot_arm_interfaces/v2_robot_arm_interfaces/srv/system_status.h
[1.094s] -- Up-to-date: /home/darudecookie/Documents/V2-Robot-Arm/software/ros2/install/v2_robot_arm_interfaces/share/v2_robot_arm_interfaces/environment/library_path.sh
[1.094s] -- Up-to-date: /home/darudecookie/Documents/V2-Robot-Arm/software/ros2/install/v2_robot_arm_interfaces/share/v2_robot_arm_interfaces/environment/library_path.dsv
[1.094s] -- Up-to-date: /home/darudecookie/Documents/V2-Robot-Arm/software/ros2/install/v2_robot_arm_interfaces/lib/libv2_robot_arm_interfaces__rosidl_generator_c.so
[1.094s] -- Up-to-date: /home/darudecookie/Documents/V2-Robot-Arm/software/ros2/install/v2_robot_arm_interfaces/include/v2_robot_arm_interfaces/v2_robot_arm_interfaces
[1.095s] -- Up-to-date: /home/darudecookie/Documents/V2-Robot-Arm/software/ros2/install/v2_robot_arm_interfaces/include/v2_robot_arm_interfaces/v2_robot_arm_interfaces/action
[1.095s] -- Up-to-date: /home/darudecookie/Documents/V2-Robot-Arm/software/ros2/install/v2_robot_arm_interfaces/include/v2_robot_arm_interfaces/v2_robot_arm_interfaces/action/detail
[1.095s] -- Up-to-date: /home/darudecookie/Documents/V2-Robot-Arm/software/ros2/install/v2_robot_arm_interfaces/include/v2_robot_arm_interfaces/v2_robot_arm_interfaces/action/detail/parametric_trajectory_info__rosidl_typesupport_fastrtps_c.h
[1.095s] -- Up-to-date: /home/darudecookie/Documents/V2-Robot-Arm/software/ros2/install/v2_robot_arm_interfaces/include/v2_robot_arm_interfaces/v2_robot_arm_interfaces/msg
[1.095s] -- Up-to-date: /home/darudecookie/Documents/V2-Robot-Arm/software/ros2/install/v2_robot_arm_interfaces/include/v2_robot_arm_interfaces/v2_robot_arm_interfaces/msg/detail
[1.095s] -- Up-to-date: /home/darudecookie/Documents/V2-Robot-Arm/software/ros2/install/v2_robot_arm_interfaces/include/v2_robot_arm_interfaces/v2_robot_arm_interfaces/msg/detail/current_joint_info__rosidl_typesupport_fastrtps_c.h
[1.096s] -- Up-to-date: /home/darudecookie/Documents/V2-Robot-Arm/software/ros2/install/v2_robot_arm_interfaces/include/v2_robot_arm_interfaces/v2_robot_arm_interfaces/msg/detail/target_cartesian__rosidl_typesupport_fastrtps_c.h
[1.096s] -- Up-to-date: /home/darudecookie/Documents/V2-Robot-Arm/software/ros2/install/v2_robot_arm_interfaces/include/v2_robot_arm_interfaces/v2_robot_arm_interfaces/msg/detail/current_cartesian__rosidl_typesupport_fastrtps_c.h
[1.096s] -- Up-to-date: /home/darudecookie/Documents/V2-Robot-Arm/software/ros2/install/v2_robot_arm_interfaces/include/v2_robot_arm_interfaces/v2_robot_arm_interfaces/msg/detail/target_joint_info__rosidl_typesupport_fastrtps_c.h
[1.096s] -- Up-to-date: /home/darudecookie/Documents/V2-Robot-Arm/software/ros2/install/v2_robot_arm_interfaces/include/v2_robot_arm_interfaces/v2_robot_arm_interfaces/msg/detail/system_diagnostic_info__rosidl_typesupport_fastrtps_c.h
[1.096s] -- Up-to-date: /home/darudecookie/Documents/V2-Robot-Arm/software/ros2/install/v2_robot_arm_interfaces/include/v2_robot_arm_interfaces/v2_robot_arm_interfaces/msg/detail/control_status__rosidl_typesupport_fastrtps_c.h
[1.096s] -- Up-to-date: /home/darudecookie/Documents/V2-Robot-Arm/software/ros2/install/v2_robot_arm_interfaces/include/v2_robot_arm_interfaces/v2_robot_arm_interfaces/msg/detail/current_ee_info__rosidl_typesupport_fastrtps_c.h
[1.096s] -- Up-to-date: /home/darudecookie/Documents/V2-Robot-Arm/software/ros2/install/v2_robot_arm_interfaces/include/v2_robot_arm_interfaces/v2_robot_arm_interfaces/msg/detail/target_ee_info__rosidl_typesupport_fastrtps_c.h
[1.096s] -- Up-to-date: /home/darudecookie/Documents/V2-Robot-Arm/software/ros2/install/v2_robot_arm_interfaces/include/v2_robot_arm_interfaces/v2_robot_arm_interfaces/msg/rosidl_typesupport_fastrtps_c__visibility_control.h
[1.097s] -- Up-to-date: /home/darudecookie/Documents/V2-Robot-Arm/software/ros2/install/v2_robot_arm_interfaces/include/v2_robot_arm_interfaces/v2_robot_arm_interfaces/srv
[1.097s] -- Up-to-date: /home/darudecookie/Documents/V2-Robot-Arm/software/ros2/install/v2_robot_arm_interfaces/include/v2_robot_arm_interfaces/v2_robot_arm_interfaces/srv/detail
[1.097s] -- Up-to-date: /home/darudecookie/Documents/V2-Robot-Arm/software/ros2/install/v2_robot_arm_interfaces/include/v2_robot_arm_interfaces/v2_robot_arm_interfaces/srv/detail/target_ee_state__rosidl_typesupport_fastrtps_c.h
[1.097s] -- Up-to-date: /home/darudecookie/Documents/V2-Robot-Arm/software/ros2/install/v2_robot_arm_interfaces/include/v2_robot_arm_interfaces/v2_robot_arm_interfaces/srv/detail/microcontroller_parameter_dump__rosidl_typesupport_fastrtps_c.h
[1.098s] -- Up-to-date: /home/darudecookie/Documents/V2-Robot-Arm/software/ros2/install/v2_robot_arm_interfaces/include/v2_robot_arm_interfaces/v2_robot_arm_interfaces/srv/detail/system_status__rosidl_typesupport_fastrtps_c.h
[1.098s] -- Up-to-date: /home/darudecookie/Documents/V2-Robot-Arm/software/ros2/install/v2_robot_arm_interfaces/lib/libv2_robot_arm_interfaces__rosidl_typesupport_fastrtps_c.so
[1.098s] -- Up-to-date: /home/darudecookie/Documents/V2-Robot-Arm/software/ros2/install/v2_robot_arm_interfaces/include/v2_robot_arm_interfaces/v2_robot_arm_interfaces
[1.098s] -- Up-to-date: /home/darudecookie/Documents/V2-Robot-Arm/software/ros2/install/v2_robot_arm_interfaces/include/v2_robot_arm_interfaces/v2_robot_arm_interfaces/action
[1.098s] -- Up-to-date: /home/darudecookie/Documents/V2-Robot-Arm/software/ros2/install/v2_robot_arm_interfaces/include/v2_robot_arm_interfaces/v2_robot_arm_interfaces/action/detail
[1.098s] -- Up-to-date: /home/darudecookie/Documents/V2-Robot-Arm/software/ros2/install/v2_robot_arm_interfaces/include/v2_robot_arm_interfaces/v2_robot_arm_interfaces/action/detail/parametric_trajectory_info__type_support.hpp
[1.098s] -- Up-to-date: /home/darudecookie/Documents/V2-Robot-Arm/software/ros2/install/v2_robot_arm_interfaces/include/v2_robot_arm_interfaces/v2_robot_arm_interfaces/action/detail/parametric_trajectory_info__traits.hpp
[1.099s] -- Up-to-date: /home/darudecookie/Documents/V2-Robot-Arm/software/ros2/install/v2_robot_arm_interfaces/include/v2_robot_arm_interfaces/v2_robot_arm_interfaces/action/detail/parametric_trajectory_info__struct.hpp
[1.099s] -- Up-to-date: /home/darudecookie/Documents/V2-Robot-Arm/software/ros2/install/v2_robot_arm_interfaces/include/v2_robot_arm_interfaces/v2_robot_arm_interfaces/action/detail/parametric_trajectory_info__builder.hpp
[1.099s] -- Up-to-date: /home/darudecookie/Documents/V2-Robot-Arm/software/ros2/install/v2_robot_arm_interfaces/include/v2_robot_arm_interfaces/v2_robot_arm_interfaces/action/parametric_trajectory_info.hpp
[1.099s] -- Up-to-date: /home/darudecookie/Documents/V2-Robot-Arm/software/ros2/install/v2_robot_arm_interfaces/include/v2_robot_arm_interfaces/v2_robot_arm_interfaces/msg
[1.099s] -- Up-to-date: /home/darudecookie/Documents/V2-Robot-Arm/software/ros2/install/v2_robot_arm_interfaces/include/v2_robot_arm_interfaces/v2_robot_arm_interfaces/msg/control_status.hpp
[1.099s] -- Up-to-date: /home/darudecookie/Documents/V2-Robot-Arm/software/ros2/install/v2_robot_arm_interfaces/include/v2_robot_arm_interfaces/v2_robot_arm_interfaces/msg/detail
[1.100s] -- Up-to-date: /home/darudecookie/Documents/V2-Robot-Arm/software/ros2/install/v2_robot_arm_interfaces/include/v2_robot_arm_interfaces/v2_robot_arm_interfaces/msg/detail/current_cartesian__struct.hpp
[1.100s] -- Up-to-date: /home/darudecookie/Documents/V2-Robot-Arm/software/ros2/install/v2_robot_arm_interfaces/include/v2_robot_arm_interfaces/v2_robot_arm_interfaces/msg/detail/target_joint_info__traits.hpp
[1.100s] -- Up-to-date: /home/darudecookie/Documents/V2-Robot-Arm/software/ros2/install/v2_robot_arm_interfaces/include/v2_robot_arm_interfaces/v2_robot_arm_interfaces/msg/detail/current_cartesian__builder.hpp
[1.100s] -- Up-to-date: /home/darudecookie/Documents/V2-Robot-Arm/software/ros2/install/v2_robot_arm_interfaces/include/v2_robot_arm_interfaces/v2_robot_arm_interfaces/msg/detail/target_cartesian__traits.hpp
[1.101s] -- Up-to-date: /home/darudecookie/Documents/V2-Robot-Arm/software/ros2/install/v2_robot_arm_interfaces/include/v2_robot_arm_interfaces/v2_robot_arm_interfaces/msg/detail/target_joint_info__type_support.hpp
[1.101s] -- Up-to-date: /home/darudecookie/Documents/V2-Robot-Arm/software/ros2/install/v2_robot_arm_interfaces/include/v2_robot_arm_interfaces/v2_robot_arm_interfaces/msg/detail/current_ee_info__type_support.hpp
[1.102s] -- Up-to-date: /home/darudecookie/Documents/V2-Robot-Arm/software/ros2/install/v2_robot_arm_interfaces/include/v2_robot_arm_interfaces/v2_robot_arm_interfaces/msg/detail/current_joint_info__builder.hpp
[1.102s] -- Up-to-date: /home/darudecookie/Documents/V2-Robot-Arm/software/ros2/install/v2_robot_arm_interfaces/include/v2_robot_arm_interfaces/v2_robot_arm_interfaces/msg/detail/system_diagnostic_info__traits.hpp
[1.102s] -- Up-to-date: /home/darudecookie/Documents/V2-Robot-Arm/software/ros2/install/v2_robot_arm_interfaces/include/v2_robot_arm_interfaces/v2_robot_arm_interfaces/msg/detail/target_ee_info__traits.hpp
[1.102s] -- Up-to-date: /home/darudecookie/Documents/V2-Robot-Arm/software/ros2/install/v2_robot_arm_interfaces/include/v2_robot_arm_interfaces/v2_robot_arm_interfaces/msg/detail/control_status__builder.hpp
[1.103s] -- Up-to-date: /home/darudecookie/Documents/V2-Robot-Arm/software/ros2/install/v2_robot_arm_interfaces/include/v2_robot_arm_interfaces/v2_robot_arm_interfaces/msg/detail/current_cartesian__traits.hpp
[1.103s] -- Up-to-date: /home/darudecookie/Documents/V2-Robot-Arm/software/ros2/install/v2_robot_arm_interfaces/include/v2_robot_arm_interfaces/v2_robot_arm_interfaces/msg/detail/control_status__struct.hpp
[1.103s] -- Up-to-date: /home/darudecookie/Documents/V2-Robot-Arm/software/ros2/install/v2_robot_arm_interfaces/include/v2_robot_arm_interfaces/v2_robot_arm_interfaces/msg/detail/system_diagnostic_info__type_support.hpp
[1.103s] -- Up-to-date: /home/darudecookie/Documents/V2-Robot-Arm/software/ros2/install/v2_robot_arm_interfaces/include/v2_robot_arm_interfaces/v2_robot_arm_interfaces/msg/detail/target_joint_info__struct.hpp
[1.103s] -- Up-to-date: /home/darudecookie/Documents/V2-Robot-Arm/software/ros2/install/v2_robot_arm_interfaces/include/v2_robot_arm_interfaces/v2_robot_arm_interfaces/msg/detail/target_cartesian__type_support.hpp
[1.103s] -- Up-to-date: /home/darudecookie/Documents/V2-Robot-Arm/software/ros2/install/v2_robot_arm_interfaces/include/v2_robot_arm_interfaces/v2_robot_arm_interfaces/msg/detail/current_joint_info__struct.hpp
[1.103s] -- Up-to-date: /home/darudecookie/Documents/V2-Robot-Arm/software/ros2/install/v2_robot_arm_interfaces/include/v2_robot_arm_interfaces/v2_robot_arm_interfaces/msg/detail/target_joint_info__builder.hpp
[1.103s] -- Up-to-date: /home/darudecookie/Documents/V2-Robot-Arm/software/ros2/install/v2_robot_arm_interfaces/include/v2_robot_arm_interfaces/v2_robot_arm_interfaces/msg/detail/target_ee_info__builder.hpp
[1.104s] -- Up-to-date: /home/darudecookie/Documents/V2-Robot-Arm/software/ros2/install/v2_robot_arm_interfaces/include/v2_robot_arm_interfaces/v2_robot_arm_interfaces/msg/detail/control_status__type_support.hpp
[1.104s] -- Up-to-date: /home/darudecookie/Documents/V2-Robot-Arm/software/ros2/install/v2_robot_arm_interfaces/include/v2_robot_arm_interfaces/v2_robot_arm_interfaces/msg/detail/control_status__traits.hpp
[1.104s] -- Up-to-date: /home/darudecookie/Documents/V2-Robot-Arm/software/ros2/install/v2_robot_arm_interfaces/include/v2_robot_arm_interfaces/v2_robot_arm_interfaces/msg/detail/target_cartesian__struct.hpp
[1.104s] -- Up-to-date: /home/darudecookie/Documents/V2-Robot-Arm/software/ros2/install/v2_robot_arm_interfaces/include/v2_robot_arm_interfaces/v2_robot_arm_interfaces/msg/detail/current_ee_info__struct.hpp
[1.104s] -- Up-to-date: /home/darudecookie/Documents/V2-Robot-Arm/software/ros2/install/v2_robot_arm_interfaces/include/v2_robot_arm_interfaces/v2_robot_arm_interfaces/msg/detail/system_diagnostic_info__builder.hpp
[1.104s] -- Up-to-date: /home/darudecookie/Documents/V2-Robot-Arm/software/ros2/install/v2_robot_arm_interfaces/include/v2_robot_arm_interfaces/v2_robot_arm_interfaces/msg/detail/target_cartesian__builder.hpp
[1.104s] -- Up-to-date: /home/darudecookie/Documents/V2-Robot-Arm/software/ros2/install/v2_robot_arm_interfaces/include/v2_robot_arm_interfaces/v2_robot_arm_interfaces/msg/detail/current_joint_info__type_support.hpp
[1.108s] -- Up-to-date: /home/darudecookie/Documents/V2-Robot-Arm/software/ros2/install/v2_robot_arm_interfaces/include/v2_robot_arm_interfaces/v2_robot_arm_interfaces/msg/detail/current_ee_info__traits.hpp
[1.108s] -- Up-to-date: /home/darudecookie/Documents/V2-Robot-Arm/software/ros2/install/v2_robot_arm_interfaces/include/v2_robot_arm_interfaces/v2_robot_arm_interfaces/msg/detail/current_joint_info__traits.hpp
[1.108s] -- Up-to-date: /home/darudecookie/Documents/V2-Robot-Arm/software/ros2/install/v2_robot_arm_interfaces/include/v2_robot_arm_interfaces/v2_robot_arm_interfaces/msg/detail/current_ee_info__builder.hpp
[1.108s] -- Up-to-date: /home/darudecookie/Documents/V2-Robot-Arm/software/ros2/install/v2_robot_arm_interfaces/include/v2_robot_arm_interfaces/v2_robot_arm_interfaces/msg/detail/target_ee_info__type_support.hpp
[1.108s] -- Up-to-date: /home/darudecookie/Documents/V2-Robot-Arm/software/ros2/install/v2_robot_arm_interfaces/include/v2_robot_arm_interfaces/v2_robot_arm_interfaces/msg/detail/system_diagnostic_info__struct.hpp
[1.108s] -- Up-to-date: /home/darudecookie/Documents/V2-Robot-Arm/software/ros2/install/v2_robot_arm_interfaces/include/v2_robot_arm_interfaces/v2_robot_arm_interfaces/msg/detail/target_ee_info__struct.hpp
[1.108s] -- Up-to-date: /home/darudecookie/Documents/V2-Robot-Arm/software/ros2/install/v2_robot_arm_interfaces/include/v2_robot_arm_interfaces/v2_robot_arm_interfaces/msg/detail/current_cartesian__type_support.hpp
[1.109s] -- Up-to-date: /home/darudecookie/Documents/V2-Robot-Arm/software/ros2/install/v2_robot_arm_interfaces/include/v2_robot_arm_interfaces/v2_robot_arm_interfaces/msg/target_joint_info.hpp
[1.109s] -- Up-to-date: /home/darudecookie/Documents/V2-Robot-Arm/software/ros2/install/v2_robot_arm_interfaces/include/v2_robot_arm_interfaces/v2_robot_arm_interfaces/msg/target_cartesian.hpp
[1.109s] -- Up-to-date: /home/darudecookie/Documents/V2-Robot-Arm/software/ros2/install/v2_robot_arm_interfaces/include/v2_robot_arm_interfaces/v2_robot_arm_interfaces/msg/rosidl_generator_cpp__visibility_control.hpp
[1.109s] -- Up-to-date: /home/darudecookie/Documents/V2-Robot-Arm/software/ros2/install/v2_robot_arm_interfaces/include/v2_robot_arm_interfaces/v2_robot_arm_interfaces/msg/system_diagnostic_info.hpp
[1.109s] -- Up-to-date: /home/darudecookie/Documents/V2-Robot-Arm/software/ros2/install/v2_robot_arm_interfaces/include/v2_robot_arm_interfaces/v2_robot_arm_interfaces/msg/current_joint_info.hpp
[1.109s] -- Up-to-date: /home/darudecookie/Documents/V2-Robot-Arm/software/ros2/install/v2_robot_arm_interfaces/include/v2_robot_arm_interfaces/v2_robot_arm_interfaces/msg/current_ee_info.hpp
[1.109s] -- Up-to-date: /home/darudecookie/Documents/V2-Robot-Arm/software/ros2/install/v2_robot_arm_interfaces/include/v2_robot_arm_interfaces/v2_robot_arm_interfaces/msg/target_ee_info.hpp
[1.109s] -- Up-to-date: /home/darudecookie/Documents/V2-Robot-Arm/software/ros2/install/v2_robot_arm_interfaces/include/v2_robot_arm_interfaces/v2_robot_arm_interfaces/msg/current_cartesian.hpp
[1.110s] -- Up-to-date: /home/darudecookie/Documents/V2-Robot-Arm/software/ros2/install/v2_robot_arm_interfaces/include/v2_robot_arm_interfaces/v2_robot_arm_interfaces/srv
[1.110s] -- Up-to-date: /home/darudecookie/Documents/V2-Robot-Arm/software/ros2/install/v2_robot_arm_interfaces/include/v2_robot_arm_interfaces/v2_robot_arm_interfaces/srv/detail
[1.110s] -- Up-to-date: /home/darudecookie/Documents/V2-Robot-Arm/software/ros2/install/v2_robot_arm_interfaces/include/v2_robot_arm_interfaces/v2_robot_arm_interfaces/srv/detail/microcontroller_parameter_dump__struct.hpp
[1.110s] -- Up-to-date: /home/darudecookie/Documents/V2-Robot-Arm/software/ros2/install/v2_robot_arm_interfaces/include/v2_robot_arm_interfaces/v2_robot_arm_interfaces/srv/detail/target_ee_state__struct.hpp
[1.110s] -- Up-to-date: /home/darudecookie/Documents/V2-Robot-Arm/software/ros2/install/v2_robot_arm_interfaces/include/v2_robot_arm_interfaces/v2_robot_arm_interfaces/srv/detail/microcontroller_parameter_dump__traits.hpp
[1.110s] -- Up-to-date: /home/darudecookie/Documents/V2-Robot-Arm/software/ros2/install/v2_robot_arm_interfaces/include/v2_robot_arm_interfaces/v2_robot_arm_interfaces/srv/detail/microcontroller_parameter_dump__type_support.hpp
[1.110s] -- Up-to-date: /home/darudecookie/Documents/V2-Robot-Arm/software/ros2/install/v2_robot_arm_interfaces/include/v2_robot_arm_interfaces/v2_robot_arm_interfaces/srv/detail/target_ee_state__type_support.hpp
[1.112s] -- Up-to-date: /home/darudecookie/Documents/V2-Robot-Arm/software/ros2/install/v2_robot_arm_interfaces/include/v2_robot_arm_interfaces/v2_robot_arm_interfaces/srv/detail/system_status__type_support.hpp
[1.113s] -- Up-to-date: /home/darudecookie/Documents/V2-Robot-Arm/software/ros2/install/v2_robot_arm_interfaces/include/v2_robot_arm_interfaces/v2_robot_arm_interfaces/srv/detail/target_ee_state__builder.hpp
[1.113s] -- Up-to-date: /home/darudecookie/Documents/V2-Robot-Arm/software/ros2/install/v2_robot_arm_interfaces/include/v2_robot_arm_interfaces/v2_robot_arm_interfaces/srv/detail/system_status__builder.hpp
[1.113s] -- Up-to-date: /home/darudecookie/Documents/V2-Robot-Arm/software/ros2/install/v2_robot_arm_interfaces/include/v2_robot_arm_interfaces/v2_robot_arm_interfaces/srv/detail/system_status__traits.hpp
[1.113s] -- Up-to-date: /home/darudecookie/Documents/V2-Robot-Arm/software/ros2/install/v2_robot_arm_interfaces/include/v2_robot_arm_interfaces/v2_robot_arm_interfaces/srv/detail/target_ee_state__traits.hpp
[1.113s] -- Up-to-date: /home/darudecookie/Documents/V2-Robot-Arm/software/ros2/install/v2_robot_arm_interfaces/include/v2_robot_arm_interfaces/v2_robot_arm_interfaces/srv/detail/system_status__struct.hpp
[1.114s] -- Up-to-date: /home/darudecookie/Documents/V2-Robot-Arm/software/ros2/install/v2_robot_arm_interfaces/include/v2_robot_arm_interfaces/v2_robot_arm_interfaces/srv/detail/microcontroller_parameter_dump__builder.hpp
[1.114s] -- Up-to-date: /home/darudecookie/Documents/V2-Robot-Arm/software/ros2/install/v2_robot_arm_interfaces/include/v2_robot_arm_interfaces/v2_robot_arm_interfaces/srv/target_ee_state.hpp
[1.114s] -- Up-to-date: /home/darudecookie/Documents/V2-Robot-Arm/software/ros2/install/v2_robot_arm_interfaces/include/v2_robot_arm_interfaces/v2_robot_arm_interfaces/srv/system_status.hpp
[1.114s] -- Up-to-date: /home/darudecookie/Documents/V2-Robot-Arm/software/ros2/install/v2_robot_arm_interfaces/include/v2_robot_arm_interfaces/v2_robot_arm_interfaces/srv/microcontroller_parameter_dump.hpp
[1.114s] -- Up-to-date: /home/darudecookie/Documents/V2-Robot-Arm/software/ros2/install/v2_robot_arm_interfaces/include/v2_robot_arm_interfaces/v2_robot_arm_interfaces
[1.114s] -- Up-to-date: /home/darudecookie/Documents/V2-Robot-Arm/software/ros2/install/v2_robot_arm_interfaces/include/v2_robot_arm_interfaces/v2_robot_arm_interfaces/action
[1.115s] -- Up-to-date: /home/darudecookie/Documents/V2-Robot-Arm/software/ros2/install/v2_robot_arm_interfaces/include/v2_robot_arm_interfaces/v2_robot_arm_interfaces/action/detail
[1.115s] -- Up-to-date: /home/darudecookie/Documents/V2-Robot-Arm/software/ros2/install/v2_robot_arm_interfaces/include/v2_robot_arm_interfaces/v2_robot_arm_interfaces/action/detail/dds_fastrtps
[1.115s] -- Up-to-date: /home/darudecookie/Documents/V2-Robot-Arm/software/ros2/install/v2_robot_arm_interfaces/include/v2_robot_arm_interfaces/v2_robot_arm_interfaces/action/detail/parametric_trajectory_info__rosidl_typesupport_fastrtps_cpp.hpp
[1.115s] -- Up-to-date: /home/darudecookie/Documents/V2-Robot-Arm/software/ros2/install/v2_robot_arm_interfaces/include/v2_robot_arm_interfaces/v2_robot_arm_interfaces/msg
[1.115s] -- Up-to-date: /home/darudecookie/Documents/V2-Robot-Arm/software/ros2/install/v2_robot_arm_interfaces/include/v2_robot_arm_interfaces/v2_robot_arm_interfaces/msg/detail
[1.115s] -- Up-to-date: /home/darudecookie/Documents/V2-Robot-Arm/software/ros2/install/v2_robot_arm_interfaces/include/v2_robot_arm_interfaces/v2_robot_arm_interfaces/msg/detail/target_ee_info__rosidl_typesupport_fastrtps_cpp.hpp
[1.116s] -- Up-to-date: /home/darudecookie/Documents/V2-Robot-Arm/software/ros2/install/v2_robot_arm_interfaces/include/v2_robot_arm_interfaces/v2_robot_arm_interfaces/msg/detail/dds_fastrtps
[1.116s] -- Up-to-date: /home/darudecookie/Documents/V2-Robot-Arm/software/ros2/install/v2_robot_arm_interfaces/include/v2_robot_arm_interfaces/v2_robot_arm_interfaces/msg/detail/target_cartesian__rosidl_typesupport_fastrtps_cpp.hpp
[1.116s] -- Up-to-date: /home/darudecookie/Documents/V2-Robot-Arm/software/ros2/install/v2_robot_arm_interfaces/include/v2_robot_arm_interfaces/v2_robot_arm_interfaces/msg/detail/control_status__rosidl_typesupport_fastrtps_cpp.hpp
[1.116s] -- Up-to-date: /home/darudecookie/Documents/V2-Robot-Arm/software/ros2/install/v2_robot_arm_interfaces/include/v2_robot_arm_interfaces/v2_robot_arm_interfaces/msg/detail/current_joint_info__rosidl_typesupport_fastrtps_cpp.hpp
[1.116s] -- Up-to-date: /home/darudecookie/Documents/V2-Robot-Arm/software/ros2/install/v2_robot_arm_interfaces/include/v2_robot_arm_interfaces/v2_robot_arm_interfaces/msg/detail/target_joint_info__rosidl_typesupport_fastrtps_cpp.hpp
[1.116s] -- Up-to-date: /home/darudecookie/Documents/V2-Robot-Arm/software/ros2/install/v2_robot_arm_interfaces/include/v2_robot_arm_interfaces/v2_robot_arm_interfaces/msg/detail/current_ee_info__rosidl_typesupport_fastrtps_cpp.hpp
[1.117s] -- Up-to-date: /home/darudecookie/Documents/V2-Robot-Arm/software/ros2/install/v2_robot_arm_interfaces/include/v2_robot_arm_interfaces/v2_robot_arm_interfaces/msg/detail/system_diagnostic_info__rosidl_typesupport_fastrtps_cpp.hpp
[1.117s] -- Up-to-date: /home/darudecookie/Documents/V2-Robot-Arm/software/ros2/install/v2_robot_arm_interfaces/include/v2_robot_arm_interfaces/v2_robot_arm_interfaces/msg/detail/current_cartesian__rosidl_typesupport_fastrtps_cpp.hpp
[1.117s] -- Up-to-date: /home/darudecookie/Documents/V2-Robot-Arm/software/ros2/install/v2_robot_arm_interfaces/include/v2_robot_arm_interfaces/v2_robot_arm_interfaces/msg/rosidl_typesupport_fastrtps_cpp__visibility_control.h
[1.117s] -- Up-to-date: /home/darudecookie/Documents/V2-Robot-Arm/software/ros2/install/v2_robot_arm_interfaces/include/v2_robot_arm_interfaces/v2_robot_arm_interfaces/srv
[1.118s] -- Up-to-date: /home/darudecookie/Documents/V2-Robot-Arm/software/ros2/install/v2_robot_arm_interfaces/include/v2_robot_arm_interfaces/v2_robot_arm_interfaces/srv/detail
[1.118s] -- Up-to-date: /home/darudecookie/Documents/V2-Robot-Arm/software/ros2/install/v2_robot_arm_interfaces/include/v2_robot_arm_interfaces/v2_robot_arm_interfaces/srv/detail/dds_fastrtps
[1.118s] -- Up-to-date: /home/darudecookie/Documents/V2-Robot-Arm/software/ros2/install/v2_robot_arm_interfaces/include/v2_robot_arm_interfaces/v2_robot_arm_interfaces/srv/detail/system_status__rosidl_typesupport_fastrtps_cpp.hpp
[1.118s] -- Up-to-date: /home/darudecookie/Documents/V2-Robot-Arm/software/ros2/install/v2_robot_arm_interfaces/include/v2_robot_arm_interfaces/v2_robot_arm_interfaces/srv/detail/microcontroller_parameter_dump__rosidl_typesupport_fastrtps_cpp.hpp
[1.119s] -- Up-to-date: /home/darudecookie/Documents/V2-Robot-Arm/software/ros2/install/v2_robot_arm_interfaces/include/v2_robot_arm_interfaces/v2_robot_arm_interfaces/srv/detail/target_ee_state__rosidl_typesupport_fastrtps_cpp.hpp
[1.119s] -- Up-to-date: /home/darudecookie/Documents/V2-Robot-Arm/software/ros2/install/v2_robot_arm_interfaces/lib/libv2_robot_arm_interfaces__rosidl_typesupport_fastrtps_cpp.so
[1.119s] -- Up-to-date: /home/darudecookie/Documents/V2-Robot-Arm/software/ros2/install/v2_robot_arm_interfaces/include/v2_robot_arm_interfaces/v2_robot_arm_interfaces
[1.119s] -- Up-to-date: /home/darudecookie/Documents/V2-Robot-Arm/software/ros2/install/v2_robot_arm_interfaces/include/v2_robot_arm_interfaces/v2_robot_arm_interfaces/action
[1.119s] -- Up-to-date: /home/darudecookie/Documents/V2-Robot-Arm/software/ros2/install/v2_robot_arm_interfaces/include/v2_robot_arm_interfaces/v2_robot_arm_interfaces/action/detail
[1.119s] -- Up-to-date: /home/darudecookie/Documents/V2-Robot-Arm/software/ros2/install/v2_robot_arm_interfaces/include/v2_robot_arm_interfaces/v2_robot_arm_interfaces/action/detail/parametric_trajectory_info__rosidl_typesupport_introspection_c.h
[1.120s] -- Installing: /home/darudecookie/Documents/V2-Robot-Arm/software/ros2/install/v2_robot_arm_interfaces/include/v2_robot_arm_interfaces/v2_robot_arm_interfaces/action/detail/parametric_trajectory_info__type_support.c
[1.120s] -- Up-to-date: /home/darudecookie/Documents/V2-Robot-Arm/software/ros2/install/v2_robot_arm_interfaces/include/v2_robot_arm_interfaces/v2_robot_arm_interfaces/msg
[1.120s] -- Up-to-date: /home/darudecookie/Documents/V2-Robot-Arm/software/ros2/install/v2_robot_arm_interfaces/include/v2_robot_arm_interfaces/v2_robot_arm_interfaces/msg/detail
[1.120s] -- Installing: /home/darudecookie/Documents/V2-Robot-Arm/software/ros2/install/v2_robot_arm_interfaces/include/v2_robot_arm_interfaces/v2_robot_arm_interfaces/msg/detail/target_cartesian__type_support.c
[1.120s] -- Installing: /home/darudecookie/Documents/V2-Robot-Arm/software/ros2/install/v2_robot_arm_interfaces/include/v2_robot_arm_interfaces/v2_robot_arm_interfaces/msg/detail/current_joint_info__type_support.c
[1.120s] -- Installing: /home/darudecookie/Documents/V2-Robot-Arm/software/ros2/install/v2_robot_arm_interfaces/include/v2_robot_arm_interfaces/v2_robot_arm_interfaces/msg/detail/system_diagnostic_info__type_support.c
[1.120s] -- Up-to-date: /home/darudecookie/Documents/V2-Robot-Arm/software/ros2/install/v2_robot_arm_interfaces/include/v2_robot_arm_interfaces/v2_robot_arm_interfaces/msg/detail/current_joint_info__rosidl_typesupport_introspection_c.h
[1.120s] -- Installing: /home/darudecookie/Documents/V2-Robot-Arm/software/ros2/install/v2_robot_arm_interfaces/include/v2_robot_arm_interfaces/v2_robot_arm_interfaces/msg/detail/control_status__type_support.c
[1.121s] -- Installing: /home/darudecookie/Documents/V2-Robot-Arm/software/ros2/install/v2_robot_arm_interfaces/include/v2_robot_arm_interfaces/v2_robot_arm_interfaces/msg/detail/target_joint_info__type_support.c
[1.121s] -- Installing: /home/darudecookie/Documents/V2-Robot-Arm/software/ros2/install/v2_robot_arm_interfaces/include/v2_robot_arm_interfaces/v2_robot_arm_interfaces/msg/detail/current_ee_info__type_support.c
[1.121s] -- Up-to-date: /home/darudecookie/Documents/V2-Robot-Arm/software/ros2/install/v2_robot_arm_interfaces/include/v2_robot_arm_interfaces/v2_robot_arm_interfaces/msg/detail/target_joint_info__rosidl_typesupport_introspection_c.h
[1.121s] -- Up-to-date: /home/darudecookie/Documents/V2-Robot-Arm/software/ros2/install/v2_robot_arm_interfaces/include/v2_robot_arm_interfaces/v2_robot_arm_interfaces/msg/detail/current_ee_info__rosidl_typesupport_introspection_c.h
[1.121s] -- Up-to-date: /home/darudecookie/Documents/V2-Robot-Arm/software/ros2/install/v2_robot_arm_interfaces/include/v2_robot_arm_interfaces/v2_robot_arm_interfaces/msg/detail/target_ee_info__rosidl_typesupport_introspection_c.h
[1.121s] -- Up-to-date: /home/darudecookie/Documents/V2-Robot-Arm/software/ros2/install/v2_robot_arm_interfaces/include/v2_robot_arm_interfaces/v2_robot_arm_interfaces/msg/detail/current_cartesian__rosidl_typesupport_introspection_c.h
[1.121s] -- Installing: /home/darudecookie/Documents/V2-Robot-Arm/software/ros2/install/v2_robot_arm_interfaces/include/v2_robot_arm_interfaces/v2_robot_arm_interfaces/msg/detail/current_cartesian__type_support.c
[1.122s] -- Up-to-date: /home/darudecookie/Documents/V2-Robot-Arm/software/ros2/install/v2_robot_arm_interfaces/include/v2_robot_arm_interfaces/v2_robot_arm_interfaces/msg/detail/control_status__rosidl_typesupport_introspection_c.h
[1.122s] -- Up-to-date: /home/darudecookie/Documents/V2-Robot-Arm/software/ros2/install/v2_robot_arm_interfaces/include/v2_robot_arm_interfaces/v2_robot_arm_interfaces/msg/detail/target_cartesian__rosidl_typesupport_introspection_c.h
[1.122s] -- Up-to-date: /home/darudecookie/Documents/V2-Robot-Arm/software/ros2/install/v2_robot_arm_interfaces/include/v2_robot_arm_interfaces/v2_robot_arm_interfaces/msg/detail/system_diagnostic_info__rosidl_typesupport_introspection_c.h
[1.122s] -- Installing: /home/darudecookie/Documents/V2-Robot-Arm/software/ros2/install/v2_robot_arm_interfaces/include/v2_robot_arm_interfaces/v2_robot_arm_interfaces/msg/detail/target_ee_info__type_support.c
[1.122s] -- Up-to-date: /home/darudecookie/Documents/V2-Robot-Arm/software/ros2/install/v2_robot_arm_interfaces/include/v2_robot_arm_interfaces/v2_robot_arm_interfaces/msg/rosidl_typesupport_introspection_c__visibility_control.h
[1.122s] -- Up-to-date: /home/darudecookie/Documents/V2-Robot-Arm/software/ros2/install/v2_robot_arm_interfaces/include/v2_robot_arm_interfaces/v2_robot_arm_interfaces/srv
[1.122s] -- Up-to-date: /home/darudecookie/Documents/V2-Robot-Arm/software/ros2/install/v2_robot_arm_interfaces/include/v2_robot_arm_interfaces/v2_robot_arm_interfaces/srv/detail
[1.122s] -- Up-to-date: /home/darudecookie/Documents/V2-Robot-Arm/software/ros2/install/v2_robot_arm_interfaces/include/v2_robot_arm_interfaces/v2_robot_arm_interfaces/srv/detail/system_status__rosidl_typesupport_introspection_c.h
[1.123s] -- Installing: /home/darudecookie/Documents/V2-Robot-Arm/software/ros2/install/v2_robot_arm_interfaces/include/v2_robot_arm_interfaces/v2_robot_arm_interfaces/srv/detail/microcontroller_parameter_dump__type_support.c
[1.123s] -- Up-to-date: /home/darudecookie/Documents/V2-Robot-Arm/software/ros2/install/v2_robot_arm_interfaces/include/v2_robot_arm_interfaces/v2_robot_arm_interfaces/srv/detail/target_ee_state__rosidl_typesupport_introspection_c.h
[1.123s] -- Installing: /home/darudecookie/Documents/V2-Robot-Arm/software/ros2/install/v2_robot_arm_interfaces/include/v2_robot_arm_interfaces/v2_robot_arm_interfaces/srv/detail/system_status__type_support.c
[1.123s] -- Installing: /home/darudecookie/Documents/V2-Robot-Arm/software/ros2/install/v2_robot_arm_interfaces/include/v2_robot_arm_interfaces/v2_robot_arm_interfaces/srv/detail/target_ee_state__type_support.c
[1.123s] -- Up-to-date: /home/darudecookie/Documents/V2-Robot-Arm/software/ros2/install/v2_robot_arm_interfaces/include/v2_robot_arm_interfaces/v2_robot_arm_interfaces/srv/detail/microcontroller_parameter_dump__rosidl_typesupport_introspection_c.h
[1.123s] -- Up-to-date: /home/darudecookie/Documents/V2-Robot-Arm/software/ros2/install/v2_robot_arm_interfaces/lib/libv2_robot_arm_interfaces__rosidl_typesupport_introspection_c.so
[1.123s] -- Up-to-date: /home/darudecookie/Documents/V2-Robot-Arm/software/ros2/install/v2_robot_arm_interfaces/lib/libv2_robot_arm_interfaces__rosidl_typesupport_c.so
[1.124s] -- Up-to-date: /home/darudecookie/Documents/V2-Robot-Arm/software/ros2/install/v2_robot_arm_interfaces/include/v2_robot_arm_interfaces/v2_robot_arm_interfaces
[1.124s] -- Up-to-date: /home/darudecookie/Documents/V2-Robot-Arm/software/ros2/install/v2_robot_arm_interfaces/include/v2_robot_arm_interfaces/v2_robot_arm_interfaces/action
[1.124s] -- Up-to-date: /home/darudecookie/Documents/V2-Robot-Arm/software/ros2/install/v2_robot_arm_interfaces/include/v2_robot_arm_interfaces/v2_robot_arm_interfaces/action/detail
[1.124s] -- Up-to-date: /home/darudecookie/Documents/V2-Robot-Arm/software/ros2/install/v2_robot_arm_interfaces/include/v2_robot_arm_interfaces/v2_robot_arm_interfaces/action/detail/parametric_trajectory_info__rosidl_typesupport_introspection_cpp.hpp
[1.124s] -- Up-to-date: /home/darudecookie/Documents/V2-Robot-Arm/software/ros2/install/v2_robot_arm_interfaces/include/v2_robot_arm_interfaces/v2_robot_arm_interfaces/action/detail/parametric_trajectory_info__type_support.cpp
[1.124s] -- Up-to-date: /home/darudecookie/Documents/V2-Robot-Arm/software/ros2/install/v2_robot_arm_interfaces/include/v2_robot_arm_interfaces/v2_robot_arm_interfaces/msg
[1.124s] -- Up-to-date: /home/darudecookie/Documents/V2-Robot-Arm/software/ros2/install/v2_robot_arm_interfaces/include/v2_robot_arm_interfaces/v2_robot_arm_interfaces/msg/detail
[1.124s] -- Up-to-date: /home/darudecookie/Documents/V2-Robot-Arm/software/ros2/install/v2_robot_arm_interfaces/include/v2_robot_arm_interfaces/v2_robot_arm_interfaces/msg/detail/system_diagnostic_info__rosidl_typesupport_introspection_cpp.hpp
[1.125s] -- Up-to-date: /home/darudecookie/Documents/V2-Robot-Arm/software/ros2/install/v2_robot_arm_interfaces/include/v2_robot_arm_interfaces/v2_robot_arm_interfaces/msg/detail/current_cartesian__type_support.cpp
[1.125s] -- Up-to-date: /home/darudecookie/Documents/V2-Robot-Arm/software/ros2/install/v2_robot_arm_interfaces/include/v2_robot_arm_interfaces/v2_robot_arm_interfaces/msg/detail/current_ee_info__rosidl_typesupport_introspection_cpp.hpp
[1.125s] -- Up-to-date: /home/darudecookie/Documents/V2-Robot-Arm/software/ros2/install/v2_robot_arm_interfaces/include/v2_robot_arm_interfaces/v2_robot_arm_interfaces/msg/detail/system_diagnostic_info__type_support.cpp
[1.125s] -- Up-to-date: /home/darudecookie/Documents/V2-Robot-Arm/software/ros2/install/v2_robot_arm_interfaces/include/v2_robot_arm_interfaces/v2_robot_arm_interfaces/msg/detail/target_ee_info__rosidl_typesupport_introspection_cpp.hpp
[1.125s] -- Up-to-date: /home/darudecookie/Documents/V2-Robot-Arm/software/ros2/install/v2_robot_arm_interfaces/include/v2_robot_arm_interfaces/v2_robot_arm_interfaces/msg/detail/target_joint_info__type_support.cpp
[1.125s] -- Up-to-date: /home/darudecookie/Documents/V2-Robot-Arm/software/ros2/install/v2_robot_arm_interfaces/include/v2_robot_arm_interfaces/v2_robot_arm_interfaces/msg/detail/control_status__rosidl_typesupport_introspection_cpp.hpp
[1.125s] -- Up-to-date: /home/darudecookie/Documents/V2-Robot-Arm/software/ros2/install/v2_robot_arm_interfaces/include/v2_robot_arm_interfaces/v2_robot_arm_interfaces/msg/detail/target_joint_info__rosidl_typesupport_introspection_cpp.hpp
[1.125s] -- Up-to-date: /home/darudecookie/Documents/V2-Robot-Arm/software/ros2/install/v2_robot_arm_interfaces/include/v2_robot_arm_interfaces/v2_robot_arm_interfaces/msg/detail/target_cartesian__rosidl_typesupport_introspection_cpp.hpp
[1.126s] -- Up-to-date: /home/darudecookie/Documents/V2-Robot-Arm/software/ros2/install/v2_robot_arm_interfaces/include/v2_robot_arm_interfaces/v2_robot_arm_interfaces/msg/detail/current_joint_info__rosidl_typesupport_introspection_cpp.hpp
[1.126s] -- Up-to-date: /home/darudecookie/Documents/V2-Robot-Arm/software/ros2/install/v2_robot_arm_interfaces/include/v2_robot_arm_interfaces/v2_robot_arm_interfaces/msg/detail/target_cartesian__type_support.cpp
[1.126s] -- Up-to-date: /home/darudecookie/Documents/V2-Robot-Arm/software/ros2/install/v2_robot_arm_interfaces/include/v2_robot_arm_interfaces/v2_robot_arm_interfaces/msg/detail/current_cartesian__rosidl_typesupport_introspection_cpp.hpp
[1.126s] -- Up-to-date: /home/darudecookie/Documents/V2-Robot-Arm/software/ros2/install/v2_robot_arm_interfaces/include/v2_robot_arm_interfaces/v2_robot_arm_interfaces/msg/detail/target_ee_info__type_support.cpp
[1.126s] -- Up-to-date: /home/darudecookie/Documents/V2-Robot-Arm/software/ros2/install/v2_robot_arm_interfaces/include/v2_robot_arm_interfaces/v2_robot_arm_interfaces/msg/detail/control_status__type_support.cpp
[1.126s] -- Up-to-date: /home/darudecookie/Documents/V2-Robot-Arm/software/ros2/install/v2_robot_arm_interfaces/include/v2_robot_arm_interfaces/v2_robot_arm_interfaces/msg/detail/current_ee_info__type_support.cpp
[1.126s] -- Up-to-date: /home/darudecookie/Documents/V2-Robot-Arm/software/ros2/install/v2_robot_arm_interfaces/include/v2_robot_arm_interfaces/v2_robot_arm_interfaces/msg/detail/current_joint_info__type_support.cpp
[1.127s] -- Up-to-date: /home/darudecookie/Documents/V2-Robot-Arm/software/ros2/install/v2_robot_arm_interfaces/include/v2_robot_arm_interfaces/v2_robot_arm_interfaces/srv
[1.127s] -- Up-to-date: /home/darudecookie/Documents/V2-Robot-Arm/software/ros2/install/v2_robot_arm_interfaces/include/v2_robot_arm_interfaces/v2_robot_arm_interfaces/srv/detail
[1.127s] -- Up-to-date: /home/darudecookie/Documents/V2-Robot-Arm/software/ros2/install/v2_robot_arm_interfaces/include/v2_robot_arm_interfaces/v2_robot_arm_interfaces/srv/detail/system_status__rosidl_typesupport_introspection_cpp.hpp
[1.127s] -- Up-to-date: /home/darudecookie/Documents/V2-Robot-Arm/software/ros2/install/v2_robot_arm_interfaces/include/v2_robot_arm_interfaces/v2_robot_arm_interfaces/srv/detail/microcontroller_parameter_dump__type_support.cpp
[1.127s] -- Up-to-date: /home/darudecookie/Documents/V2-Robot-Arm/software/ros2/install/v2_robot_arm_interfaces/include/v2_robot_arm_interfaces/v2_robot_arm_interfaces/srv/detail/system_status__type_support.cpp
[1.127s] -- Up-to-date: /home/darudecookie/Documents/V2-Robot-Arm/software/ros2/install/v2_robot_arm_interfaces/include/v2_robot_arm_interfaces/v2_robot_arm_interfaces/srv/detail/target_ee_state__type_support.cpp
[1.127s] -- Up-to-date: /home/darudecookie/Documents/V2-Robot-Arm/software/ros2/install/v2_robot_arm_interfaces/include/v2_robot_arm_interfaces/v2_robot_arm_interfaces/srv/detail/target_ee_state__rosidl_typesupport_introspection_cpp.hpp
[1.127s] -- Up-to-date: /home/darudecookie/Documents/V2-Robot-Arm/software/ros2/install/v2_robot_arm_interfaces/include/v2_robot_arm_interfaces/v2_robot_arm_interfaces/srv/detail/microcontroller_parameter_dump__rosidl_typesupport_introspection_cpp.hpp
[1.128s] -- Up-to-date: /home/darudecookie/Documents/V2-Robot-Arm/software/ros2/install/v2_robot_arm_interfaces/lib/libv2_robot_arm_interfaces__rosidl_typesupport_introspection_cpp.so
[1.128s] -- Up-to-date: /home/darudecookie/Documents/V2-Robot-Arm/software/ros2/install/v2_robot_arm_interfaces/lib/libv2_robot_arm_interfaces__rosidl_typesupport_cpp.so
[1.128s] -- Up-to-date: /home/darudecookie/Documents/V2-Robot-Arm/software/ros2/install/v2_robot_arm_interfaces/share/v2_robot_arm_interfaces/environment/pythonpath.sh
[1.128s] -- Up-to-date: /home/darudecookie/Documents/V2-Robot-Arm/software/ros2/install/v2_robot_arm_interfaces/share/v2_robot_arm_interfaces/environment/pythonpath.dsv
[1.128s] -- Up-to-date: /home/darudecookie/Documents/V2-Robot-Arm/software/ros2/install/v2_robot_arm_interfaces/lib/python3.12/site-packages/v2_robot_arm_interfaces-0.0.1-py3.12.egg-info
[1.128s] -- Installing: /home/darudecookie/Documents/V2-Robot-Arm/software/ros2/install/v2_robot_arm_interfaces/lib/python3.12/site-packages/v2_robot_arm_interfaces-0.0.1-py3.12.egg-info/SOURCES.txt
[1.128s] -- Installing: /home/darudecookie/Documents/V2-Robot-Arm/software/ros2/install/v2_robot_arm_interfaces/lib/python3.12/site-packages/v2_robot_arm_interfaces-0.0.1-py3.12.egg-info/dependency_links.txt
[1.128s] -- Installing: /home/darudecookie/Documents/V2-Robot-Arm/software/ros2/install/v2_robot_arm_interfaces/lib/python3.12/site-packages/v2_robot_arm_interfaces-0.0.1-py3.12.egg-info/top_level.txt
[1.129s] -- Installing: /home/darudecookie/Documents/V2-Robot-Arm/software/ros2/install/v2_robot_arm_interfaces/lib/python3.12/site-packages/v2_robot_arm_interfaces-0.0.1-py3.12.egg-info/PKG-INFO
[1.129s] -- Up-to-date: /home/darudecookie/Documents/V2-Robot-Arm/software/ros2/install/v2_robot_arm_interfaces/lib/python3.12/site-packages/v2_robot_arm_interfaces
[1.129s] -- Up-to-date: /home/darudecookie/Documents/V2-Robot-Arm/software/ros2/install/v2_robot_arm_interfaces/lib/python3.12/site-packages/v2_robot_arm_interfaces/v2_robot_arm_interfaces_s__rosidl_typesupport_fastrtps_c.so
[1.129s] -- Up-to-date: /home/darudecookie/Documents/V2-Robot-Arm/software/ros2/install/v2_robot_arm_interfaces/lib/python3.12/site-packages/v2_robot_arm_interfaces/action
[1.129s] -- Up-to-date: /home/darudecookie/Documents/V2-Robot-Arm/software/ros2/install/v2_robot_arm_interfaces/lib/python3.12/site-packages/v2_robot_arm_interfaces/action/__init__.py
[1.129s] -- Up-to-date: /home/darudecookie/Documents/V2-Robot-Arm/software/ros2/install/v2_robot_arm_interfaces/lib/python3.12/site-packages/v2_robot_arm_interfaces/action/_parametric_trajectory_info_s.c
[1.129s] -- Up-to-date: /home/darudecookie/Documents/V2-Robot-Arm/software/ros2/install/v2_robot_arm_interfaces/lib/python3.12/site-packages/v2_robot_arm_interfaces/action/_parametric_trajectory_info.py
[1.130s] -- Up-to-date: /home/darudecookie/Documents/V2-Robot-Arm/software/ros2/install/v2_robot_arm_interfaces/lib/python3.12/site-packages/v2_robot_arm_interfaces/__init__.py
[1.130s] -- Up-to-date: /home/darudecookie/Documents/V2-Robot-Arm/software/ros2/install/v2_robot_arm_interfaces/lib/python3.12/site-packages/v2_robot_arm_interfaces/_v2_robot_arm_interfaces_s.ep.rosidl_typesupport_fastrtps_c.c
[1.130s] -- Up-to-date: /home/darudecookie/Documents/V2-Robot-Arm/software/ros2/install/v2_robot_arm_interfaces/lib/python3.12/site-packages/v2_robot_arm_interfaces/v2_robot_arm_interfaces_s__rosidl_typesupport_introspection_c.so
[1.130s] -- Up-to-date: /home/darudecookie/Documents/V2-Robot-Arm/software/ros2/install/v2_robot_arm_interfaces/lib/python3.12/site-packages/v2_robot_arm_interfaces/_v2_robot_arm_interfaces_s.ep.rosidl_typesupport_introspection_c.c
[1.130s] -- Up-to-date: /home/darudecookie/Documents/V2-Robot-Arm/software/ros2/install/v2_robot_arm_interfaces/lib/python3.12/site-packages/v2_robot_arm_interfaces/_v2_robot_arm_interfaces_s.ep.rosidl_typesupport_c.c
[1.130s] -- Up-to-date: /home/darudecookie/Documents/V2-Robot-Arm/software/ros2/install/v2_robot_arm_interfaces/lib/python3.12/site-packages/v2_robot_arm_interfaces/v2_robot_arm_interfaces_s__rosidl_typesupport_c.so
[1.130s] -- Up-to-date: /home/darudecookie/Documents/V2-Robot-Arm/software/ros2/install/v2_robot_arm_interfaces/lib/python3.12/site-packages/v2_robot_arm_interfaces/msg
[1.130s] -- Up-to-date: /home/darudecookie/Documents/V2-Robot-Arm/software/ros2/install/v2_robot_arm_interfaces/lib/python3.12/site-packages/v2_robot_arm_interfaces/msg/_target_joint_info_s.c
[1.131s] -- Up-to-date: /home/darudecookie/Documents/V2-Robot-Arm/software/ros2/install/v2_robot_arm_interfaces/lib/python3.12/site-packages/v2_robot_arm_interfaces/msg/_system_diagnostic_info_s.c
[1.131s] -- Up-to-date: /home/darudecookie/Documents/V2-Robot-Arm/software/ros2/install/v2_robot_arm_interfaces/lib/python3.12/site-packages/v2_robot_arm_interfaces/msg/_target_ee_info_s.c
[1.131s] -- Up-to-date: /home/darudecookie/Documents/V2-Robot-Arm/software/ros2/install/v2_robot_arm_interfaces/lib/python3.12/site-packages/v2_robot_arm_interfaces/msg/_current_cartesian_s.c
[1.131s] -- Up-to-date: /home/darudecookie/Documents/V2-Robot-Arm/software/ros2/install/v2_robot_arm_interfaces/lib/python3.12/site-packages/v2_robot_arm_interfaces/msg/_target_cartesian.py
[1.131s] -- Up-to-date: /home/darudecookie/Documents/V2-Robot-Arm/software/ros2/install/v2_robot_arm_interfaces/lib/python3.12/site-packages/v2_robot_arm_interfaces/msg/__init__.py
[1.131s] -- Up-to-date: /home/darudecookie/Documents/V2-Robot-Arm/software/ros2/install/v2_robot_arm_interfaces/lib/python3.12/site-packages/v2_robot_arm_interfaces/msg/_current_joint_info.py
[1.131s] -- Up-to-date: /home/darudecookie/Documents/V2-Robot-Arm/software/ros2/install/v2_robot_arm_interfaces/lib/python3.12/site-packages/v2_robot_arm_interfaces/msg/_control_status_s.c
[1.131s] -- Up-to-date: /home/darudecookie/Documents/V2-Robot-Arm/software/ros2/install/v2_robot_arm_interfaces/lib/python3.12/site-packages/v2_robot_arm_interfaces/msg/_system_diagnostic_info.py
[1.132s] -- Up-to-date: /home/darudecookie/Documents/V2-Robot-Arm/software/ros2/install/v2_robot_arm_interfaces/lib/python3.12/site-packages/v2_robot_arm_interfaces/msg/_current_ee_info.py
[1.132s] -- Up-to-date: /home/darudecookie/Documents/V2-Robot-Arm/software/ros2/install/v2_robot_arm_interfaces/lib/python3.12/site-packages/v2_robot_arm_interfaces/msg/_current_cartesian.py
[1.132s] -- Up-to-date: /home/darudecookie/Documents/V2-Robot-Arm/software/ros2/install/v2_robot_arm_interfaces/lib/python3.12/site-packages/v2_robot_arm_interfaces/msg/_current_joint_info_s.c
[1.132s] -- Up-to-date: /home/darudecookie/Documents/V2-Robot-Arm/software/ros2/install/v2_robot_arm_interfaces/lib/python3.12/site-packages/v2_robot_arm_interfaces/msg/_target_cartesian_s.c
[1.132s] -- Up-to-date: /home/darudecookie/Documents/V2-Robot-Arm/software/ros2/install/v2_robot_arm_interfaces/lib/python3.12/site-packages/v2_robot_arm_interfaces/msg/_target_ee_info.py
[1.132s] -- Up-to-date: /home/darudecookie/Documents/V2-Robot-Arm/software/ros2/install/v2_robot_arm_interfaces/lib/python3.12/site-packages/v2_robot_arm_interfaces/msg/_control_status.py
[1.132s] -- Up-to-date: /home/darudecookie/Documents/V2-Robot-Arm/software/ros2/install/v2_robot_arm_interfaces/lib/python3.12/site-packages/v2_robot_arm_interfaces/msg/_current_ee_info_s.c
[1.133s] -- Up-to-date: /home/darudecookie/Documents/V2-Robot-Arm/software/ros2/install/v2_robot_arm_interfaces/lib/python3.12/site-packages/v2_robot_arm_interfaces/msg/_target_joint_info.py
[1.133s] -- Up-to-date: /home/darudecookie/Documents/V2-Robot-Arm/software/ros2/install/v2_robot_arm_interfaces/lib/python3.12/site-packages/v2_robot_arm_interfaces/srv
[1.133s] -- Up-to-date: /home/darudecookie/Documents/V2-Robot-Arm/software/ros2/install/v2_robot_arm_interfaces/lib/python3.12/site-packages/v2_robot_arm_interfaces/srv/_microcontroller_parameter_dump_s.c
[1.133s] -- Up-to-date: /home/darudecookie/Documents/V2-Robot-Arm/software/ros2/install/v2_robot_arm_interfaces/lib/python3.12/site-packages/v2_robot_arm_interfaces/srv/_target_ee_state_s.c
[1.133s] -- Up-to-date: /home/darudecookie/Documents/V2-Robot-Arm/software/ros2/install/v2_robot_arm_interfaces/lib/python3.12/site-packages/v2_robot_arm_interfaces/srv/_system_status_s.c
[1.133s] -- Up-to-date: /home/darudecookie/Documents/V2-Robot-Arm/software/ros2/install/v2_robot_arm_interfaces/lib/python3.12/site-packages/v2_robot_arm_interfaces/srv/__init__.py
[1.133s] -- Up-to-date: /home/darudecookie/Documents/V2-Robot-Arm/software/ros2/install/v2_robot_arm_interfaces/lib/python3.12/site-packages/v2_robot_arm_interfaces/srv/_microcontroller_parameter_dump.py
[1.133s] -- Up-to-date: /home/darudecookie/Documents/V2-Robot-Arm/software/ros2/install/v2_robot_arm_interfaces/lib/python3.12/site-packages/v2_robot_arm_interfaces/srv/_system_status.py
[1.134s] -- Up-to-date: /home/darudecookie/Documents/V2-Robot-Arm/software/ros2/install/v2_robot_arm_interfaces/lib/python3.12/site-packages/v2_robot_arm_interfaces/srv/_target_ee_state.py
[1.173s] Listing '/home/darudecookie/Documents/V2-Robot-Arm/software/ros2/install/v2_robot_arm_interfaces/lib/python3.12/site-packages/v2_robot_arm_interfaces'...
[1.173s] Listing '/home/darudecookie/Documents/V2-Robot-Arm/software/ros2/install/v2_robot_arm_interfaces/lib/python3.12/site-packages/v2_robot_arm_interfaces/action'...
[1.173s] Listing '/home/darudecookie/Documents/V2-Robot-Arm/software/ros2/install/v2_robot_arm_interfaces/lib/python3.12/site-packages/v2_robot_arm_interfaces/msg'...
[1.174s] Listing '/home/darudecookie/Documents/V2-Robot-Arm/software/ros2/install/v2_robot_arm_interfaces/lib/python3.12/site-packages/v2_robot_arm_interfaces/srv'...
[1.184s] -- Up-to-date: /home/darudecookie/Documents/V2-Robot-Arm/software/ros2/install/v2_robot_arm_interfaces/lib/python3.12/site-packages/v2_robot_arm_interfaces/v2_robot_arm_interfaces_s__rosidl_typesupport_fastrtps_c.so
[1.185s] -- Up-to-date: /home/darudecookie/Documents/V2-Robot-Arm/software/ros2/install/v2_robot_arm_interfaces/lib/python3.12/site-packages/v2_robot_arm_interfaces/v2_robot_arm_interfaces_s__rosidl_typesupport_introspection_c.so
[1.185s] -- Up-to-date: /home/darudecookie/Documents/V2-Robot-Arm/software/ros2/install/v2_robot_arm_interfaces/lib/python3.12/site-packages/v2_robot_arm_interfaces/v2_robot_arm_interfaces_s__rosidl_typesupport_c.so
[1.186s] -- Up-to-date: /home/darudecookie/Documents/V2-Robot-Arm/software/ros2/install/v2_robot_arm_interfaces/lib/libv2_robot_arm_interfaces__rosidl_generator_py.so
[1.186s] -- Up-to-date: /home/darudecookie/Documents/V2-Robot-Arm/software/ros2/install/v2_robot_arm_interfaces/share/v2_robot_arm_interfaces/msg/ControlStatus.idl
[1.187s] -- Up-to-date: /home/darudecookie/Documents/V2-Robot-Arm/software/ros2/install/v2_robot_arm_interfaces/share/v2_robot_arm_interfaces/msg/CurrentEEInfo.idl
[1.187s] -- Up-to-date: /home/darudecookie/Documents/V2-Robot-Arm/software/ros2/install/v2_robot_arm_interfaces/share/v2_robot_arm_interfaces/msg/CurrentJointInfo.idl
[1.187s] -- Up-to-date: /home/darudecookie/Documents/V2-Robot-Arm/software/ros2/install/v2_robot_arm_interfaces/share/v2_robot_arm_interfaces/msg/CurrentCartesian.idl
[1.187s] -- Up-to-date: /home/darudecookie/Documents/V2-Robot-Arm/software/ros2/install/v2_robot_arm_interfaces/share/v2_robot_arm_interfaces/msg/SystemDiagnosticInfo.idl
[1.187s] -- Up-to-date: /home/darudecookie/Documents/V2-Robot-Arm/software/ros2/install/v2_robot_arm_interfaces/share/v2_robot_arm_interfaces/msg/TargetCartesian.idl
[1.188s] -- Up-to-date: /home/darudecookie/Documents/V2-Robot-Arm/software/ros2/install/v2_robot_arm_interfaces/share/v2_robot_arm_interfaces/msg/TargetEEInfo.idl
[1.188s] -- Up-to-date: /home/darudecookie/Documents/V2-Robot-Arm/software/ros2/install/v2_robot_arm_interfaces/share/v2_robot_arm_interfaces/msg/TargetJointInfo.idl
[1.188s] -- Up-to-date: /home/darudecookie/Documents/V2-Robot-Arm/software/ros2/install/v2_robot_arm_interfaces/share/v2_robot_arm_interfaces/srv/MicrocontrollerParameterDump.idl
[1.189s] -- Up-to-date: /home/darudecookie/Documents/V2-Robot-Arm/software/ros2/install/v2_robot_arm_interfaces/share/v2_robot_arm_interfaces/srv/SystemStatus.idl
[1.189s] -- Up-to-date: /home/darudecookie/Documents/V2-Robot-Arm/software/ros2/install/v2_robot_arm_interfaces/share/v2_robot_arm_interfaces/srv/TargetEEState.idl
[1.190s] -- Up-to-date: /home/darudecookie/Documents/V2-Robot-Arm/software/ros2/install/v2_robot_arm_interfaces/share/v2_robot_arm_interfaces/action/ParametricTrajectoryInfo.idl
[1.190s] -- Up-to-date: /home/darudecookie/Documents/V2-Robot-Arm/software/ros2/install/v2_robot_arm_interfaces/share/v2_robot_arm_interfaces/msg/ControlStatus.msg
[1.190s] -- Up-to-date: /home/darudecookie/Documents/V2-Robot-Arm/software/ros2/install/v2_robot_arm_interfaces/share/v2_robot_arm_interfaces/msg/CurrentEEInfo.msg
[1.191s] -- Up-to-date: /home/darudecookie/Documents/V2-Robot-Arm/software/ros2/install/v2_robot_arm_interfaces/share/v2_robot_arm_interfaces/msg/CurrentJointInfo.msg
[1.191s] -- Up-to-date: /home/darudecookie/Documents/V2-Robot-Arm/software/ros2/install/v2_robot_arm_interfaces/share/v2_robot_arm_interfaces/msg/CurrentCartesian.msg
[1.191s] -- Up-to-date: /home/darudecookie/Documents/V2-Robot-Arm/software/ros2/install/v2_robot_arm_interfaces/share/v2_robot_arm_interfaces/msg/SystemDiagnosticInfo.msg
[1.191s] -- Up-to-date: /home/darudecookie/Documents/V2-Robot-Arm/software/ros2/install/v2_robot_arm_interfaces/share/v2_robot_arm_interfaces/msg/TargetCartesian.msg
[1.191s] -- Up-to-date: /home/darudecookie/Documents/V2-Robot-Arm/software/ros2/install/v2_robot_arm_interfaces/share/v2_robot_arm_interfaces/msg/TargetEEInfo.msg
[1.191s] -- Up-to-date: /home/darudecookie/Documents/V2-Robot-Arm/software/ros2/install/v2_robot_arm_interfaces/share/v2_robot_arm_interfaces/msg/TargetJointInfo.msg
[1.193s] -- Up-to-date: /home/darudecookie/Documents/V2-Robot-Arm/software/ros2/install/v2_robot_arm_interfaces/share/v2_robot_arm_interfaces/srv/MicrocontrollerParameterDump.srv
[1.194s] -- Up-to-date: /home/darudecookie/Documents/V2-Robot-Arm/software/ros2/install/v2_robot_arm_interfaces/share/v2_robot_arm_interfaces/srv/SystemStatus.srv
[1.198s] -- Up-to-date: /home/darudecookie/Documents/V2-Robot-Arm/software/ros2/install/v2_robot_arm_interfaces/share/v2_robot_arm_interfaces/srv/TargetEEState.srv
[1.199s] -- Up-to-date: /home/darudecookie/Documents/V2-Robot-Arm/software/ros2/install/v2_robot_arm_interfaces/share/v2_robot_arm_interfaces/action/ParametricTrajectoryInfo.action
[1.199s] -- Up-to-date: /home/darudecookie/Documents/V2-Robot-Arm/software/ros2/install/v2_robot_arm_interfaces/share/ament_index/resource_index/package_run_dependencies/v2_robot_arm_interfaces
[1.199s] -- Up-to-date: /home/darudecookie/Documents/V2-Robot-Arm/software/ros2/install/v2_robot_arm_interfaces/share/ament_index/resource_index/parent_prefix_path/v2_robot_arm_interfaces
[1.199s] -- Up-to-date: /home/darudecookie/Documents/V2-Robot-Arm/software/ros2/install/v2_robot_arm_interfaces/share/v2_robot_arm_interfaces/environment/ament_prefix_path.sh
[1.199s] -- Up-to-date: /home/darudecookie/Documents/V2-Robot-Arm/software/ros2/install/v2_robot_arm_interfaces/share/v2_robot_arm_interfaces/environment/ament_prefix_path.dsv
[1.199s] -- Up-to-date: /home/darudecookie/Documents/V2-Robot-Arm/software/ros2/install/v2_robot_arm_interfaces/share/v2_robot_arm_interfaces/environment/path.sh
[1.199s] -- Up-to-date: /home/darudecookie/Documents/V2-Robot-Arm/software/ros2/install/v2_robot_arm_interfaces/share/v2_robot_arm_interfaces/environment/path.dsv
[1.200s] -- Up-to-date: /home/darudecookie/Documents/V2-Robot-Arm/software/ros2/install/v2_robot_arm_interfaces/share/v2_robot_arm_interfaces/local_setup.bash
[1.200s] -- Up-to-date: /home/darudecookie/Documents/V2-Robot-Arm/software/ros2/install/v2_robot_arm_interfaces/share/v2_robot_arm_interfaces/local_setup.sh
[1.200s] -- Up-to-date: /home/darudecookie/Documents/V2-Robot-Arm/software/ros2/install/v2_robot_arm_interfaces/share/v2_robot_arm_interfaces/local_setup.zsh
[1.200s] -- Up-to-date: /home/darudecookie/Documents/V2-Robot-Arm/software/ros2/install/v2_robot_arm_interfaces/share/v2_robot_arm_interfaces/local_setup.dsv
[1.200s] -- Installing: /home/darudecookie/Documents/V2-Robot-Arm/software/ros2/install/v2_robot_arm_interfaces/share/v2_robot_arm_interfaces/package.dsv
[1.200s] -- Up-to-date: /home/darudecookie/Documents/V2-Robot-Arm/software/ros2/install/v2_robot_arm_interfaces/share/ament_index/resource_index/packages/v2_robot_arm_interfaces
[1.200s] -- Up-to-date: /home/darudecookie/Documents/V2-Robot-Arm/software/ros2/install/v2_robot_arm_interfaces/share/v2_robot_arm_interfaces/cmake/export_v2_robot_arm_interfaces__rosidl_generator_cExport.cmake
[1.200s] -- Up-to-date: /home/darudecookie/Documents/V2-Robot-Arm/software/ros2/install/v2_robot_arm_interfaces/share/v2_robot_arm_interfaces/cmake/export_v2_robot_arm_interfaces__rosidl_generator_cExport-noconfig.cmake
[1.207s] -- Up-to-date: /home/darudecookie/Documents/V2-Robot-Arm/software/ros2/install/v2_robot_arm_interfaces/share/v2_robot_arm_interfaces/cmake/export_v2_robot_arm_interfaces__rosidl_typesupport_fastrtps_cExport.cmake
[1.207s] -- Up-to-date: /home/darudecookie/Documents/V2-Robot-Arm/software/ros2/install/v2_robot_arm_interfaces/share/v2_robot_arm_interfaces/cmake/export_v2_robot_arm_interfaces__rosidl_typesupport_fastrtps_cExport-noconfig.cmake
[1.207s] -- Up-to-date: /home/darudecookie/Documents/V2-Robot-Arm/software/ros2/install/v2_robot_arm_interfaces/share/v2_robot_arm_interfaces/cmake/export_v2_robot_arm_interfaces__rosidl_generator_cppExport.cmake
[1.207s] -- Up-to-date: /home/darudecookie/Documents/V2-Robot-Arm/software/ros2/install/v2_robot_arm_interfaces/share/v2_robot_arm_interfaces/cmake/export_v2_robot_arm_interfaces__rosidl_typesupport_fastrtps_cppExport.cmake
[1.207s] -- Up-to-date: /home/darudecookie/Documents/V2-Robot-Arm/software/ros2/install/v2_robot_arm_interfaces/share/v2_robot_arm_interfaces/cmake/export_v2_robot_arm_interfaces__rosidl_typesupport_fastrtps_cppExport-noconfig.cmake
[1.207s] -- Up-to-date: /home/darudecookie/Documents/V2-Robot-Arm/software/ros2/install/v2_robot_arm_interfaces/share/v2_robot_arm_interfaces/cmake/v2_robot_arm_interfaces__rosidl_typesupport_introspection_cExport.cmake
[1.208s] -- Up-to-date: /home/darudecookie/Documents/V2-Robot-Arm/software/ros2/install/v2_robot_arm_interfaces/share/v2_robot_arm_interfaces/cmake/v2_robot_arm_interfaces__rosidl_typesupport_introspection_cExport-noconfig.cmake
[1.208s] -- Up-to-date: /home/darudecookie/Documents/V2-Robot-Arm/software/ros2/install/v2_robot_arm_interfaces/share/v2_robot_arm_interfaces/cmake/v2_robot_arm_interfaces__rosidl_typesupport_cExport.cmake
[1.208s] -- Up-to-date: /home/darudecookie/Documents/V2-Robot-Arm/software/ros2/install/v2_robot_arm_interfaces/share/v2_robot_arm_interfaces/cmake/v2_robot_arm_interfaces__rosidl_typesupport_cExport-noconfig.cmake
[1.208s] -- Up-to-date: /home/darudecookie/Documents/V2-Robot-Arm/software/ros2/install/v2_robot_arm_interfaces/share/v2_robot_arm_interfaces/cmake/v2_robot_arm_interfaces__rosidl_typesupport_introspection_cppExport.cmake
[1.208s] -- Up-to-date: /home/darudecookie/Documents/V2-Robot-Arm/software/ros2/install/v2_robot_arm_interfaces/share/v2_robot_arm_interfaces/cmake/v2_robot_arm_interfaces__rosidl_typesupport_introspection_cppExport-noconfig.cmake
[1.208s] -- Up-to-date: /home/darudecookie/Documents/V2-Robot-Arm/software/ros2/install/v2_robot_arm_interfaces/share/v2_robot_arm_interfaces/cmake/v2_robot_arm_interfaces__rosidl_typesupport_cppExport.cmake
[1.208s] -- Up-to-date: /home/darudecookie/Documents/V2-Robot-Arm/software/ros2/install/v2_robot_arm_interfaces/share/v2_robot_arm_interfaces/cmake/v2_robot_arm_interfaces__rosidl_typesupport_cppExport-noconfig.cmake
[1.208s] -- Up-to-date: /home/darudecookie/Documents/V2-Robot-Arm/software/ros2/install/v2_robot_arm_interfaces/share/v2_robot_arm_interfaces/cmake/export_v2_robot_arm_interfaces__rosidl_generator_pyExport.cmake
[1.211s] -- Up-to-date: /home/darudecookie/Documents/V2-Robot-Arm/software/ros2/install/v2_robot_arm_interfaces/share/v2_robot_arm_interfaces/cmake/export_v2_robot_arm_interfaces__rosidl_generator_pyExport-noconfig.cmake
[1.212s] -- Up-to-date: /home/darudecookie/Documents/V2-Robot-Arm/software/ros2/install/v2_robot_arm_interfaces/share/v2_robot_arm_interfaces/cmake/rosidl_cmake-extras.cmake
[1.212s] -- Up-to-date: /home/darudecookie/Documents/V2-Robot-Arm/software/ros2/install/v2_robot_arm_interfaces/share/v2_robot_arm_interfaces/cmake/ament_cmake_export_dependencies-extras.cmake
[1.212s] -- Up-to-date: /home/darudecookie/Documents/V2-Robot-Arm/software/ros2/install/v2_robot_arm_interfaces/share/v2_robot_arm_interfaces/cmake/ament_cmake_export_include_directories-extras.cmake
[1.212s] -- Up-to-date: /home/darudecookie/Documents/V2-Robot-Arm/software/ros2/install/v2_robot_arm_interfaces/share/v2_robot_arm_interfaces/cmake/ament_cmake_export_libraries-extras.cmake
[1.212s] -- Up-to-date: /home/darudecookie/Documents/V2-Robot-Arm/software/ros2/install/v2_robot_arm_interfaces/share/v2_robot_arm_interfaces/cmake/ament_cmake_export_targets-extras.cmake
[1.212s] -- Up-to-date: /home/darudecookie/Documents/V2-Robot-Arm/software/ros2/install/v2_robot_arm_interfaces/share/v2_robot_arm_interfaces/cmake/rosidl_cmake_export_typesupport_targets-extras.cmake
[1.212s] -- Up-to-date: /home/darudecookie/Documents/V2-Robot-Arm/software/ros2/install/v2_robot_arm_interfaces/share/v2_robot_arm_interfaces/cmake/rosidl_cmake_export_typesupport_libraries-extras.cmake
[1.212s] -- Up-to-date: /home/darudecookie/Documents/V2-Robot-Arm/software/ros2/install/v2_robot_arm_interfaces/share/v2_robot_arm_interfaces/cmake/v2_robot_arm_interfacesConfig.cmake
[1.213s] -- Up-to-date: /home/darudecookie/Documents/V2-Robot-Arm/software/ros2/install/v2_robot_arm_interfaces/share/v2_robot_arm_interfaces/cmake/v2_robot_arm_interfacesConfig-version.cmake
[1.213s] -- Up-to-date: /home/darudecookie/Documents/V2-Robot-Arm/software/ros2/install/v2_robot_arm_interfaces/share/v2_robot_arm_interfaces/package.xml
[1.213s] Invoked command in '/home/darudecookie/Documents/V2-Robot-Arm/software/ros2/build/v2_robot_arm_interfaces' returned '0': CMAKE_PREFIX_PATH=${CMAKE_PREFIX_PATH}:/home/darudecookie/Documents/V2-Robot-Arm/software/ros2/install/movement_controllers:/home/darudecookie/Documents/V2-Robot-Arm/software/ros2/install/hardware_interface:/home/darudecookie/Documents/V2-Robot-Arm/software/ros2/install/ros_controller_interface:/opt/ros/rolling DEBUGINFOD_URLS=https://debuginfod.ubuntu.com /usr/bin/cmake --install /home/darudecookie/Documents/V2-Robot-Arm/software/ros2/build/v2_robot_arm_interfaces
