[2.286s] Invoking command in '/home/darudecookie/Documents/V2-Robot-Arm/software/ros2/src/movement_controllers': DEBUGINFOD_URLS=https://debuginfod.ubuntu.com PYTHONPATH=/home/darudecookie/Documents/V2-Robot-Arm/software/ros2/build/movement_controllers/prefix_override:/home/darudecookie/Documents/V2-Robot-Arm/software/ros2/install/movement_controllers/lib/python3.12/site-packages:${PYTHONPATH} /usr/bin/python3 -W ignore:setup.py install is deprecated setup.py egg_info --egg-base ../../build/movement_controllers build --build-base /home/darudecookie/Documents/V2-Robot-Arm/software/ros2/build/movement_controllers/build install --record /home/darudecookie/Documents/V2-Robot-Arm/software/ros2/build/movement_controllers/install.log --single-version-externally-managed install_data
[2.834s] running egg_info
[2.875s] writing ../../build/movement_controllers/movement_controllers.egg-info/PKG-INFO
[2.877s] writing dependency_links to ../../build/movement_controllers/movement_controllers.egg-info/dependency_links.txt
[2.877s] writing entry points to ../../build/movement_controllers/movement_controllers.egg-info/entry_points.txt
[2.878s] writing requirements to ../../build/movement_controllers/movement_controllers.egg-info/requires.txt
[2.878s] writing top-level names to ../../build/movement_controllers/movement_controllers.egg-info/top_level.txt
[2.954s] reading manifest file '../../build/movement_controllers/movement_controllers.egg-info/SOURCES.txt'
[2.956s] writing manifest file '../../build/movement_controllers/movement_controllers.egg-info/SOURCES.txt'
[2.957s] running build
[2.957s] running build_py
[2.959s] running install
[2.969s] running install_lib
[2.998s] running install_data
[2.998s] running install_egg_info
[3.039s] removing '/home/darudecookie/Documents/V2-Robot-Arm/software/ros2/install/movement_controllers/lib/python3.12/site-packages/movement_controllers-0.0.1-py3.12.egg-info' (and everything under it)
[3.039s] Copying ../../build/movement_controllers/movement_controllers.egg-info to /home/darudecookie/Documents/V2-Robot-Arm/software/ros2/install/movement_controllers/lib/python3.12/site-packages/movement_controllers-0.0.1-py3.12.egg-info
[3.040s] running install_scripts
[3.211s] Installing Peripheral_Intreface_Node script to /home/darudecookie/Documents/V2-Robot-Arm/software/ros2/install/movement_controllers/lib/movement_controllers
[3.213s] writing list of installed files to '/home/darudecookie/Documents/V2-Robot-Arm/software/ros2/build/movement_controllers/install.log'
[3.254s] Invoked command in '/home/darudecookie/Documents/V2-Robot-Arm/software/ros2/src/movement_controllers' returned '0': DEBUGINFOD_URLS=https://debuginfod.ubuntu.com PYTHONPATH=/home/darudecookie/Documents/V2-Robot-Arm/software/ros2/build/movement_controllers/prefix_override:/home/darudecookie/Documents/V2-Robot-Arm/software/ros2/install/movement_controllers/lib/python3.12/site-packages:${PYTHONPATH} /usr/bin/python3 -W ignore:setup.py install is deprecated setup.py egg_info --egg-base ../../build/movement_controllers build --build-base /home/darudecookie/Documents/V2-Robot-Arm/software/ros2/build/movement_controllers/build install --record /home/darudecookie/Documents/V2-Robot-Arm/software/ros2/build/movement_controllers/install.log --single-version-externally-managed install_data
