running egg_info
creating ../build/ros_controller_interface/ros_controller_interface.egg-info
writing ../build/ros_controller_interface/ros_controller_interface.egg-info/PKG-INFO
writing dependency_links to ../build/ros_controller_interface/ros_controller_interface.egg-info/dependency_links.txt
writing entry points to ../build/ros_controller_interface/ros_controller_interface.egg-info/entry_points.txt
writing requirements to ../build/ros_controller_interface/ros_controller_interface.egg-info/requires.txt
writing top-level names to ../build/ros_controller_interface/ros_controller_interface.egg-info/top_level.txt
writing manifest file '../build/ros_controller_interface/ros_controller_interface.egg-info/SOURCES.txt'
reading manifest file '../build/ros_controller_interface/ros_controller_interface.egg-info/SOURCES.txt'
writing manifest file '../build/ros_controller_interface/ros_controller_interface.egg-info/SOURCES.txt'
running build
running build_py
creating /home/darudecookie/Documents/V2-Robot-Arm/software/ros2/src/build/ros_controller_interface/build
creating /home/darudecookie/Documents/V2-Robot-Arm/software/ros2/src/build/ros_controller_interface/build/lib
creating /home/darudecookie/Documents/V2-Robot-Arm/software/ros2/src/build/ros_controller_interface/build/lib/ros_controller_interface
copying ros_controller_interface/__init__.py -> /home/darudecookie/Documents/V2-Robot-Arm/software/ros2/src/build/ros_controller_interface/build/lib/ros_controller_interface
copying ros_controller_interface/ROS_Controller_Node.py -> /home/darudecookie/Documents/V2-Robot-Arm/software/ros2/src/build/ros_controller_interface/build/lib/ros_controller_interface
running install
running install_lib
creating /home/darudecookie/Documents/V2-Robot-Arm/software/ros2/src/install/ros_controller_interface/lib/python3.12/site-packages/ros_controller_interface
copying /home/darudecookie/Documents/V2-Robot-Arm/software/ros2/src/build/ros_controller_interface/build/lib/ros_controller_interface/__init__.py -> /home/darudecookie/Documents/V2-Robot-Arm/software/ros2/src/install/ros_controller_interface/lib/python3.12/site-packages/ros_controller_interface
copying /home/darudecookie/Documents/V2-Robot-Arm/software/ros2/src/build/ros_controller_interface/build/lib/ros_controller_interface/ROS_Controller_Node.py -> /home/darudecookie/Documents/V2-Robot-Arm/software/ros2/src/install/ros_controller_interface/lib/python3.12/site-packages/ros_controller_interface
byte-compiling /home/darudecookie/Documents/V2-Robot-Arm/software/ros2/src/install/ros_controller_interface/lib/python3.12/site-packages/ros_controller_interface/__init__.py to __init__.cpython-312.pyc
byte-compiling /home/darudecookie/Documents/V2-Robot-Arm/software/ros2/src/install/ros_controller_interface/lib/python3.12/site-packages/ros_controller_interface/ROS_Controller_Node.py to ROS_Controller_Node.cpython-312.pyc
running install_data
creating /home/darudecookie/Documents/V2-Robot-Arm/software/ros2/src/install/ros_controller_interface/share/ament_index
creating /home/darudecookie/Documents/V2-Robot-Arm/software/ros2/src/install/ros_controller_interface/share/ament_index/resource_index
creating /home/darudecookie/Documents/V2-Robot-Arm/software/ros2/src/install/ros_controller_interface/share/ament_index/resource_index/packages
copying resource/ros_controller_interface -> /home/darudecookie/Documents/V2-Robot-Arm/software/ros2/src/install/ros_controller_interface/share/ament_index/resource_index/packages
copying package.xml -> /home/darudecookie/Documents/V2-Robot-Arm/software/ros2/src/install/ros_controller_interface/share/ros_controller_interface
running install_egg_info
Copying ../build/ros_controller_interface/ros_controller_interface.egg-info to /home/darudecookie/Documents/V2-Robot-Arm/software/ros2/src/install/ros_controller_interface/lib/python3.12/site-packages/ros_controller_interface-0.0.1-py3.12.egg-info
running install_scripts
Installing ROS_Controller_Node script to /home/darudecookie/Documents/V2-Robot-Arm/software/ros2/src/install/ros_controller_interface/lib/ros_controller_interface
writing list of installed files to '/home/darudecookie/Documents/V2-Robot-Arm/software/ros2/src/build/ros_controller_interface/install.log'
