-- The C compiler identification is GNU 13.2.0
-- The CXX compiler identification is GNU 13.2.0
-- Detecting C compiler ABI info
-- Detecting C compiler ABI info - done
-- Check for working C compiler: /usr/bin/cc - skipped
-- Detecting C compile features
-- Detecting C compile features - done
-- Detecting CXX compiler ABI info
-- Detecting CXX compiler ABI info - done
-- Check for working CXX compiler: /usr/bin/c++ - skipped
-- Detecting CXX compile features
-- Detecting CXX compile features - done
-- Found ament_cmake: 2.6.0 (/opt/ros/rolling/share/ament_cmake/cmake)
-- Found Python3: /usr/bin/python3 (found version "3.12.3") found components: Interpreter 
-- Found ament_lint_auto: 0.18.0 (/opt/ros/rolling/share/ament_lint_auto/cmake)
-- Added test 'cppcheck' to perform static code analysis on C / C++ code
-- Configured cppcheck include dirs: 
-- Configured cppcheck exclude dirs and/or files: 
-- Added test 'lint_cmake' to check CMake code style
-- Added test 'uncrustify' to check C / C++ code style
-- Configured uncrustify additional arguments: 
-- Added test 'xmllint' to check XML markup files
-- Configuring done (2.2s)
-- Generating done (0.0s)
-- Build files have been written to: /home/darudecookie/Documents/V2-Robot-Arm/software/ros2/src/build/v2-robot-arm_interfaces
-- Install configuration: ""
-- Installing: /home/darudecookie/Documents/V2-Robot-Arm/software/ros2/src/install/v2-robot-arm_interfaces/share/ament_index/resource_index/package_run_dependencies/v2-robot-arm_interfaces
-- Installing: /home/darudecookie/Documents/V2-Robot-Arm/software/ros2/src/install/v2-robot-arm_interfaces/share/ament_index/resource_index/parent_prefix_path/v2-robot-arm_interfaces
-- Installing: /home/darudecookie/Documents/V2-Robot-Arm/software/ros2/src/install/v2-robot-arm_interfaces/share/v2-robot-arm_interfaces/environment/ament_prefix_path.sh
-- Installing: /home/darudecookie/Documents/V2-Robot-Arm/software/ros2/src/install/v2-robot-arm_interfaces/share/v2-robot-arm_interfaces/environment/ament_prefix_path.dsv
-- Installing: /home/darudecookie/Documents/V2-Robot-Arm/software/ros2/src/install/v2-robot-arm_interfaces/share/v2-robot-arm_interfaces/environment/path.sh
-- Installing: /home/darudecookie/Documents/V2-Robot-Arm/software/ros2/src/install/v2-robot-arm_interfaces/share/v2-robot-arm_interfaces/environment/path.dsv
-- Installing: /home/darudecookie/Documents/V2-Robot-Arm/software/ros2/src/install/v2-robot-arm_interfaces/share/v2-robot-arm_interfaces/local_setup.bash
-- Installing: /home/darudecookie/Documents/V2-Robot-Arm/software/ros2/src/install/v2-robot-arm_interfaces/share/v2-robot-arm_interfaces/local_setup.sh
-- Installing: /home/darudecookie/Documents/V2-Robot-Arm/software/ros2/src/install/v2-robot-arm_interfaces/share/v2-robot-arm_interfaces/local_setup.zsh
-- Installing: /home/darudecookie/Documents/V2-Robot-Arm/software/ros2/src/install/v2-robot-arm_interfaces/share/v2-robot-arm_interfaces/local_setup.dsv
-- Installing: /home/darudecookie/Documents/V2-Robot-Arm/software/ros2/src/install/v2-robot-arm_interfaces/share/v2-robot-arm_interfaces/package.dsv
-- Installing: /home/darudecookie/Documents/V2-Robot-Arm/software/ros2/src/install/v2-robot-arm_interfaces/share/ament_index/resource_index/packages/v2-robot-arm_interfaces
-- Installing: /home/darudecookie/Documents/V2-Robot-Arm/software/ros2/src/install/v2-robot-arm_interfaces/share/v2-robot-arm_interfaces/cmake/v2-robot-arm_interfacesConfig.cmake
-- Installing: /home/darudecookie/Documents/V2-Robot-Arm/software/ros2/src/install/v2-robot-arm_interfaces/share/v2-robot-arm_interfaces/cmake/v2-robot-arm_interfacesConfig-version.cmake
-- Installing: /home/darudecookie/Documents/V2-Robot-Arm/software/ros2/src/install/v2-robot-arm_interfaces/share/v2-robot-arm_interfaces/package.xml
