[1.610s] Invoking command in '/home/darudecookie/Documents/V2-Robot-Arm/software/ros2/src/hardware_interface': DEBUGINFOD_URLS=https://debuginfod.ubuntu.com PYTHONPATH=/home/darudecookie/Documents/V2-Robot-Arm/software/ros2/src/build/hardware_interface/prefix_override:/home/darudecookie/Documents/V2-Robot-Arm/software/ros2/src/install/hardware_interface/lib/python3.12/site-packages:/home/darudecookie/Documents/V2-Robot-Arm/software/ros2/src/install/v2_robot_arm_interfaces/lib/python3.12/site-packages:/home/darudecookie/Documents/V2-Robot-Arm/software/ros2/src/install/movement_controllers/lib/python3.12/site-packages:/home/darudecookie/Documents/V2-Robot-Arm/software/ros2/src/install/hardware_interface/lib/python3.12/site-packages:/home/darudecookie/Documents/V2-Robot-Arm/software/ros2/src/install/ros_controller_interface/lib/python3.12/site-packages:/opt/ros/rolling/lib/python3.12/site-packages /usr/bin/python3 -W ignore:setup.py install is deprecated setup.py egg_info --egg-base ../build/hardware_interface build --build-base /home/darudecookie/Documents/V2-Robot-Arm/software/ros2/src/build/hardware_interface/build install --record /home/darudecookie/Documents/V2-Robot-Arm/software/ros2/src/build/hardware_interface/install.log --single-version-externally-managed install_data
[2.124s] running egg_info
[2.154s] writing ../build/hardware_interface/hardware_interface.egg-info/PKG-INFO
[2.155s] writing dependency_links to ../build/hardware_interface/hardware_interface.egg-info/dependency_links.txt
[2.156s] writing entry points to ../build/hardware_interface/hardware_interface.egg-info/entry_points.txt
[2.156s] writing requirements to ../build/hardware_interface/hardware_interface.egg-info/requires.txt
[2.156s] writing top-level names to ../build/hardware_interface/hardware_interface.egg-info/top_level.txt
[2.220s] reading manifest file '../build/hardware_interface/hardware_interface.egg-info/SOURCES.txt'
[2.221s] writing manifest file '../build/hardware_interface/hardware_interface.egg-info/SOURCES.txt'
[2.221s] running build
[2.221s] running build_py
[2.222s] copying hardware_interface/Microcontroller_Interface_Node.py -> /home/darudecookie/Documents/V2-Robot-Arm/software/ros2/src/build/hardware_interface/build/lib/hardware_interface
[2.222s] running install
[2.233s] running install_lib
[2.265s] copying /home/darudecookie/Documents/V2-Robot-Arm/software/ros2/src/build/hardware_interface/build/lib/hardware_interface/Microcontroller_Interface_Node.py -> /home/darudecookie/Documents/V2-Robot-Arm/software/ros2/src/install/hardware_interface/lib/python3.12/site-packages/hardware_interface
[2.267s] byte-compiling /home/darudecookie/Documents/V2-Robot-Arm/software/ros2/src/install/hardware_interface/lib/python3.12/site-packages/hardware_interface/Microcontroller_Interface_Node.py to Microcontroller_Interface_Node.cpython-312.pyc
[2.273s] running install_data
[2.274s] running install_egg_info
[2.304s] removing '/home/darudecookie/Documents/V2-Robot-Arm/software/ros2/src/install/hardware_interface/lib/python3.12/site-packages/hardware_interface-0.0.1-py3.12.egg-info' (and everything under it)
[2.307s] Copying ../build/hardware_interface/hardware_interface.egg-info to /home/darudecookie/Documents/V2-Robot-Arm/software/ros2/src/install/hardware_interface/lib/python3.12/site-packages/hardware_interface-0.0.1-py3.12.egg-info
[2.307s] running install_scripts
[2.502s] Installing End_Effector_Controller_Node script to /home/darudecookie/Documents/V2-Robot-Arm/software/ros2/src/install/hardware_interface/lib/hardware_interface
[2.503s] Installing Microcontroller_Interface_Node script to /home/darudecookie/Documents/V2-Robot-Arm/software/ros2/src/install/hardware_interface/lib/hardware_interface
[2.503s] writing list of installed files to '/home/darudecookie/Documents/V2-Robot-Arm/software/ros2/src/build/hardware_interface/install.log'
[2.559s] Invoked command in '/home/darudecookie/Documents/V2-Robot-Arm/software/ros2/src/hardware_interface' returned '0': DEBUGINFOD_URLS=https://debuginfod.ubuntu.com PYTHONPATH=/home/darudecookie/Documents/V2-Robot-Arm/software/ros2/src/build/hardware_interface/prefix_override:/home/darudecookie/Documents/V2-Robot-Arm/software/ros2/src/install/hardware_interface/lib/python3.12/site-packages:/home/darudecookie/Documents/V2-Robot-Arm/software/ros2/src/install/v2_robot_arm_interfaces/lib/python3.12/site-packages:/home/darudecookie/Documents/V2-Robot-Arm/software/ros2/src/install/movement_controllers/lib/python3.12/site-packages:/home/darudecookie/Documents/V2-Robot-Arm/software/ros2/src/install/hardware_interface/lib/python3.12/site-packages:/home/darudecookie/Documents/V2-Robot-Arm/software/ros2/src/install/ros_controller_interface/lib/python3.12/site-packages:/opt/ros/rolling/lib/python3.12/site-packages /usr/bin/python3 -W ignore:setup.py install is deprecated setup.py egg_info --egg-base ../build/hardware_interface build --build-base /home/darudecookie/Documents/V2-Robot-Arm/software/ros2/src/build/hardware_interface/build install --record /home/darudecookie/Documents/V2-Robot-Arm/software/ros2/src/build/hardware_interface/install.log --single-version-externally-managed install_data
