[0.028s] Invoking command in '/home/darudecookie/Documents/V2-Robot-Arm/software/ros2/src/build/v2_robot_arm_interfaces': CMAKE_PREFIX_PATH=${CMAKE_PREFIX_PATH}:/opt/ros/rolling DEBUGINFOD_URLS=https://debuginfod.ubuntu.com /usr/bin/cmake --build /home/darudecookie/Documents/V2-Robot-Arm/software/ros2/src/build/v2_robot_arm_interfaces -- -j4 -l4
[0.177s] [  0%] Built target v2_robot_arm_interfaces__rosidl_generator_type_description
[0.222s] [  0%] Built target ament_cmake_python_copy_v2_robot_arm_interfaces
[0.284s] [  0%] Built target v2_robot_arm_interfaces__cpp
[0.304s] [ 26%] Built target v2_robot_arm_interfaces__rosidl_generator_c
[0.439s] [ 35%] Built target v2_robot_arm_interfaces__rosidl_typesupport_fastrtps_c
[0.464s] [ 45%] Built target v2_robot_arm_interfaces__rosidl_typesupport_cpp
[0.472s] [ 55%] Built target v2_robot_arm_interfaces__rosidl_typesupport_fastrtps_cpp
[0.552s] [ 65%] Built target v2_robot_arm_interfaces__rosidl_typesupport_introspection_c
[0.567s] [ 75%] Built target v2_robot_arm_interfaces__rosidl_typesupport_c
[0.585s] [ 85%] Built target v2_robot_arm_interfaces__rosidl_typesupport_introspection_cpp
[0.632s] [ 85%] Built target v2_robot_arm_interfaces
[0.682s] [ 86%] Built target v2_robot_arm_interfaces__py
[0.746s] [ 96%] Built target v2_robot_arm_interfaces__rosidl_generator_py
[0.828s] [ 97%] Built target v2_robot_arm_interfaces_s__rosidl_typesupport_c
[0.835s] [ 98%] Built target v2_robot_arm_interfaces_s__rosidl_typesupport_fastrtps_c
[0.844s] [100%] Built target v2_robot_arm_interfaces_s__rosidl_typesupport_introspection_c
[0.970s] running egg_info
[1.025s] writing v2_robot_arm_interfaces.egg-info/PKG-INFO
[1.027s] writing dependency_links to v2_robot_arm_interfaces.egg-info/dependency_links.txt
[1.028s] writing top-level names to v2_robot_arm_interfaces.egg-info/top_level.txt
[1.177s] reading manifest file 'v2_robot_arm_interfaces.egg-info/SOURCES.txt'
[1.179s] writing manifest file 'v2_robot_arm_interfaces.egg-info/SOURCES.txt'
[1.241s] [100%] Built target ament_cmake_python_build_v2_robot_arm_interfaces_egg
[1.265s] Invoked command in '/home/darudecookie/Documents/V2-Robot-Arm/software/ros2/src/build/v2_robot_arm_interfaces' returned '0': CMAKE_PREFIX_PATH=${CMAKE_PREFIX_PATH}:/opt/ros/rolling DEBUGINFOD_URLS=https://debuginfod.ubuntu.com /usr/bin/cmake --build /home/darudecookie/Documents/V2-Robot-Arm/software/ros2/src/build/v2_robot_arm_interfaces -- -j4 -l4
[1.956s] Invoking command in '/home/darudecookie/Documents/V2-Robot-Arm/software/ros2/src/build/v2_robot_arm_interfaces': CMAKE_PREFIX_PATH=${CMAKE_PREFIX_PATH}:/opt/ros/rolling DEBUGINFOD_URLS=https://debuginfod.ubuntu.com /usr/bin/cmake --install /home/darudecookie/Documents/V2-Robot-Arm/software/ros2/src/build/v2_robot_arm_interfaces
[1.970s] -- Install configuration: ""
[1.972s] -- Up-to-date: /home/darudecookie/Documents/V2-Robot-Arm/software/ros2/src/install/v2_robot_arm_interfaces/share/ament_index/resource_index/rosidl_interfaces/v2_robot_arm_interfaces
[1.972s] -- Up-to-date: /home/darudecookie/Documents/V2-Robot-Arm/software/ros2/src/install/v2_robot_arm_interfaces/share/v2_robot_arm_interfaces/action/ParametricTrajectoryInfo.json
[1.973s] -- Up-to-date: /home/darudecookie/Documents/V2-Robot-Arm/software/ros2/src/install/v2_robot_arm_interfaces/share/v2_robot_arm_interfaces/msg/ControlStatus.json
[1.973s] -- Up-to-date: /home/darudecookie/Documents/V2-Robot-Arm/software/ros2/src/install/v2_robot_arm_interfaces/share/v2_robot_arm_interfaces/msg/CurrentEEInfo.json
[1.974s] -- Up-to-date: /home/darudecookie/Documents/V2-Robot-Arm/software/ros2/src/install/v2_robot_arm_interfaces/share/v2_robot_arm_interfaces/msg/CurrentJointInfo.json
[1.975s] -- Up-to-date: /home/darudecookie/Documents/V2-Robot-Arm/software/ros2/src/install/v2_robot_arm_interfaces/share/v2_robot_arm_interfaces/msg/CurrentCartesian.json
[1.975s] -- Up-to-date: /home/darudecookie/Documents/V2-Robot-Arm/software/ros2/src/install/v2_robot_arm_interfaces/share/v2_robot_arm_interfaces/msg/PeripheralSpeed.json
[1.975s] -- Up-to-date: /home/darudecookie/Documents/V2-Robot-Arm/software/ros2/src/install/v2_robot_arm_interfaces/share/v2_robot_arm_interfaces/msg/SystemDiagnosticInfo.json
[1.975s] -- Up-to-date: /home/darudecookie/Documents/V2-Robot-Arm/software/ros2/src/install/v2_robot_arm_interfaces/share/v2_robot_arm_interfaces/msg/TargetCartesian.json
[1.976s] -- Up-to-date: /home/darudecookie/Documents/V2-Robot-Arm/software/ros2/src/install/v2_robot_arm_interfaces/share/v2_robot_arm_interfaces/msg/TargetEEInfo.json
[1.976s] -- Up-to-date: /home/darudecookie/Documents/V2-Robot-Arm/software/ros2/src/install/v2_robot_arm_interfaces/share/v2_robot_arm_interfaces/msg/TargetJointInfo.json
[1.976s] -- Up-to-date: /home/darudecookie/Documents/V2-Robot-Arm/software/ros2/src/install/v2_robot_arm_interfaces/share/v2_robot_arm_interfaces/srv/MicrocontrollerParameterDump.json
[1.976s] -- Up-to-date: /home/darudecookie/Documents/V2-Robot-Arm/software/ros2/src/install/v2_robot_arm_interfaces/share/v2_robot_arm_interfaces/srv/SystemStatus.json
[1.976s] -- Up-to-date: /home/darudecookie/Documents/V2-Robot-Arm/software/ros2/src/install/v2_robot_arm_interfaces/share/v2_robot_arm_interfaces/srv/TargetEEState.json
[1.977s] -- Up-to-date: /home/darudecookie/Documents/V2-Robot-Arm/software/ros2/src/install/v2_robot_arm_interfaces/include/v2_robot_arm_interfaces/v2_robot_arm_interfaces
[1.977s] -- Up-to-date: /home/darudecookie/Documents/V2-Robot-Arm/software/ros2/src/install/v2_robot_arm_interfaces/include/v2_robot_arm_interfaces/v2_robot_arm_interfaces/action
[1.978s] -- Up-to-date: /home/darudecookie/Documents/V2-Robot-Arm/software/ros2/src/install/v2_robot_arm_interfaces/include/v2_robot_arm_interfaces/v2_robot_arm_interfaces/action/detail
[1.979s] -- Up-to-date: /home/darudecookie/Documents/V2-Robot-Arm/software/ros2/src/install/v2_robot_arm_interfaces/include/v2_robot_arm_interfaces/v2_robot_arm_interfaces/action/detail/parametric_trajectory_info__functions.h
[1.980s] -- Installing: /home/darudecookie/Documents/V2-Robot-Arm/software/ros2/src/install/v2_robot_arm_interfaces/include/v2_robot_arm_interfaces/v2_robot_arm_interfaces/action/detail/parametric_trajectory_info__type_support.c
[1.980s] -- Up-to-date: /home/darudecookie/Documents/V2-Robot-Arm/software/ros2/src/install/v2_robot_arm_interfaces/include/v2_robot_arm_interfaces/v2_robot_arm_interfaces/action/detail/parametric_trajectory_info__functions.c
[1.981s] -- Up-to-date: /home/darudecookie/Documents/V2-Robot-Arm/software/ros2/src/install/v2_robot_arm_interfaces/include/v2_robot_arm_interfaces/v2_robot_arm_interfaces/action/detail/parametric_trajectory_info__type_support.h
[1.981s] -- Up-to-date: /home/darudecookie/Documents/V2-Robot-Arm/software/ros2/src/install/v2_robot_arm_interfaces/include/v2_robot_arm_interfaces/v2_robot_arm_interfaces/action/detail/parametric_trajectory_info__description.c
[1.981s] -- Up-to-date: /home/darudecookie/Documents/V2-Robot-Arm/software/ros2/src/install/v2_robot_arm_interfaces/include/v2_robot_arm_interfaces/v2_robot_arm_interfaces/action/detail/parametric_trajectory_info__struct.h
[1.982s] -- Up-to-date: /home/darudecookie/Documents/V2-Robot-Arm/software/ros2/src/install/v2_robot_arm_interfaces/include/v2_robot_arm_interfaces/v2_robot_arm_interfaces/action/parametric_trajectory_info.h
[1.982s] -- Up-to-date: /home/darudecookie/Documents/V2-Robot-Arm/software/ros2/src/install/v2_robot_arm_interfaces/include/v2_robot_arm_interfaces/v2_robot_arm_interfaces/msg
[1.982s] -- Up-to-date: /home/darudecookie/Documents/V2-Robot-Arm/software/ros2/src/install/v2_robot_arm_interfaces/include/v2_robot_arm_interfaces/v2_robot_arm_interfaces/msg/rosidl_generator_c__visibility_control.h
[1.983s] -- Up-to-date: /home/darudecookie/Documents/V2-Robot-Arm/software/ros2/src/install/v2_robot_arm_interfaces/include/v2_robot_arm_interfaces/v2_robot_arm_interfaces/msg/current_ee_info.h
[1.984s] -- Up-to-date: /home/darudecookie/Documents/V2-Robot-Arm/software/ros2/src/install/v2_robot_arm_interfaces/include/v2_robot_arm_interfaces/v2_robot_arm_interfaces/msg/target_ee_info.h
[1.984s] -- Up-to-date: /home/darudecookie/Documents/V2-Robot-Arm/software/ros2/src/install/v2_robot_arm_interfaces/include/v2_robot_arm_interfaces/v2_robot_arm_interfaces/msg/current_cartesian.h
[1.985s] -- Up-to-date: /home/darudecookie/Documents/V2-Robot-Arm/software/ros2/src/install/v2_robot_arm_interfaces/include/v2_robot_arm_interfaces/v2_robot_arm_interfaces/msg/current_joint_info.h
[1.985s] -- Up-to-date: /home/darudecookie/Documents/V2-Robot-Arm/software/ros2/src/install/v2_robot_arm_interfaces/include/v2_robot_arm_interfaces/v2_robot_arm_interfaces/msg/detail
[1.985s] -- Installing: /home/darudecookie/Documents/V2-Robot-Arm/software/ros2/src/install/v2_robot_arm_interfaces/include/v2_robot_arm_interfaces/v2_robot_arm_interfaces/msg/detail/target_cartesian__type_support.c
[1.986s] -- Installing: /home/darudecookie/Documents/V2-Robot-Arm/software/ros2/src/install/v2_robot_arm_interfaces/include/v2_robot_arm_interfaces/v2_robot_arm_interfaces/msg/detail/current_joint_info__type_support.c
[1.987s] -- Up-to-date: /home/darudecookie/Documents/V2-Robot-Arm/software/ros2/src/install/v2_robot_arm_interfaces/include/v2_robot_arm_interfaces/v2_robot_arm_interfaces/msg/detail/current_joint_info__functions.c
[1.987s] -- Installing: /home/darudecookie/Documents/V2-Robot-Arm/software/ros2/src/install/v2_robot_arm_interfaces/include/v2_robot_arm_interfaces/v2_robot_arm_interfaces/msg/detail/system_diagnostic_info__type_support.c
[1.988s] -- Up-to-date: /home/darudecookie/Documents/V2-Robot-Arm/software/ros2/src/install/v2_robot_arm_interfaces/include/v2_robot_arm_interfaces/v2_robot_arm_interfaces/msg/detail/current_cartesian__type_support.h
[1.988s] -- Up-to-date: /home/darudecookie/Documents/V2-Robot-Arm/software/ros2/src/install/v2_robot_arm_interfaces/include/v2_robot_arm_interfaces/v2_robot_arm_interfaces/msg/detail/system_diagnostic_info__functions.h
[1.988s] -- Up-to-date: /home/darudecookie/Documents/V2-Robot-Arm/software/ros2/src/install/v2_robot_arm_interfaces/include/v2_robot_arm_interfaces/v2_robot_arm_interfaces/msg/detail/current_joint_info__struct.h
[1.989s] -- Up-to-date: /home/darudecookie/Documents/V2-Robot-Arm/software/ros2/src/install/v2_robot_arm_interfaces/include/v2_robot_arm_interfaces/v2_robot_arm_interfaces/msg/detail/current_cartesian__description.c
[1.989s] -- Up-to-date: /home/darudecookie/Documents/V2-Robot-Arm/software/ros2/src/install/v2_robot_arm_interfaces/include/v2_robot_arm_interfaces/v2_robot_arm_interfaces/msg/detail/system_diagnostic_info__functions.c
[1.990s] -- Up-to-date: /home/darudecookie/Documents/V2-Robot-Arm/software/ros2/src/install/v2_robot_arm_interfaces/include/v2_robot_arm_interfaces/v2_robot_arm_interfaces/msg/detail/current_cartesian__struct.h
[1.990s] -- Up-to-date: /home/darudecookie/Documents/V2-Robot-Arm/software/ros2/src/install/v2_robot_arm_interfaces/include/v2_robot_arm_interfaces/v2_robot_arm_interfaces/msg/detail/control_status__type_support.h
[1.991s] -- Up-to-date: /home/darudecookie/Documents/V2-Robot-Arm/software/ros2/src/install/v2_robot_arm_interfaces/include/v2_robot_arm_interfaces/v2_robot_arm_interfaces/msg/detail/current_ee_info__description.c
[1.992s] -- Up-to-date: /home/darudecookie/Documents/V2-Robot-Arm/software/ros2/src/install/v2_robot_arm_interfaces/include/v2_robot_arm_interfaces/v2_robot_arm_interfaces/msg/detail/target_joint_info__struct.h
[1.993s] -- Up-to-date: /home/darudecookie/Documents/V2-Robot-Arm/software/ros2/src/install/v2_robot_arm_interfaces/include/v2_robot_arm_interfaces/v2_robot_arm_interfaces/msg/detail/target_joint_info__functions.c
[1.993s] -- Up-to-date: /home/darudecookie/Documents/V2-Robot-Arm/software/ros2/src/install/v2_robot_arm_interfaces/include/v2_robot_arm_interfaces/v2_robot_arm_interfaces/msg/detail/system_diagnostic_info__description.c
[1.994s] -- Up-to-date: /home/darudecookie/Documents/V2-Robot-Arm/software/ros2/src/install/v2_robot_arm_interfaces/include/v2_robot_arm_interfaces/v2_robot_arm_interfaces/msg/detail/current_ee_info__type_support.h
[1.994s] -- Up-to-date: /home/darudecookie/Documents/V2-Robot-Arm/software/ros2/src/install/v2_robot_arm_interfaces/include/v2_robot_arm_interfaces/v2_robot_arm_interfaces/msg/detail/target_cartesian__type_support.h
[1.995s] -- Up-to-date: /home/darudecookie/Documents/V2-Robot-Arm/software/ros2/src/install/v2_robot_arm_interfaces/include/v2_robot_arm_interfaces/v2_robot_arm_interfaces/msg/detail/current_joint_info__functions.h
[1.995s] -- Installing: /home/darudecookie/Documents/V2-Robot-Arm/software/ros2/src/install/v2_robot_arm_interfaces/include/v2_robot_arm_interfaces/v2_robot_arm_interfaces/msg/detail/control_status__type_support.c
[1.996s] -- Up-to-date: /home/darudecookie/Documents/V2-Robot-Arm/software/ros2/src/install/v2_robot_arm_interfaces/include/v2_robot_arm_interfaces/v2_robot_arm_interfaces/msg/detail/peripheral_speed__struct.h
[1.997s] -- Up-to-date: /home/darudecookie/Documents/V2-Robot-Arm/software/ros2/src/install/v2_robot_arm_interfaces/include/v2_robot_arm_interfaces/v2_robot_arm_interfaces/msg/detail/target_ee_info__type_support.h
[1.998s] -- Up-to-date: /home/darudecookie/Documents/V2-Robot-Arm/software/ros2/src/install/v2_robot_arm_interfaces/include/v2_robot_arm_interfaces/v2_robot_arm_interfaces/msg/detail/control_status__functions.h
[1.998s] -- Installing: /home/darudecookie/Documents/V2-Robot-Arm/software/ros2/src/install/v2_robot_arm_interfaces/include/v2_robot_arm_interfaces/v2_robot_arm_interfaces/msg/detail/peripheral_speed__type_support.c
[1.998s] -- Up-to-date: /home/darudecookie/Documents/V2-Robot-Arm/software/ros2/src/install/v2_robot_arm_interfaces/include/v2_robot_arm_interfaces/v2_robot_arm_interfaces/msg/detail/current_cartesian__functions.h
[1.999s] -- Installing: /home/darudecookie/Documents/V2-Robot-Arm/software/ros2/src/install/v2_robot_arm_interfaces/include/v2_robot_arm_interfaces/v2_robot_arm_interfaces/msg/detail/target_joint_info__type_support.c
[1.999s] -- Up-to-date: /home/darudecookie/Documents/V2-Robot-Arm/software/ros2/src/install/v2_robot_arm_interfaces/include/v2_robot_arm_interfaces/v2_robot_arm_interfaces/msg/detail/current_joint_info__type_support.h
[2.000s] -- Installing: /home/darudecookie/Documents/V2-Robot-Arm/software/ros2/src/install/v2_robot_arm_interfaces/include/v2_robot_arm_interfaces/v2_robot_arm_interfaces/msg/detail/current_ee_info__type_support.c
[2.001s] -- Up-to-date: /home/darudecookie/Documents/V2-Robot-Arm/software/ros2/src/install/v2_robot_arm_interfaces/include/v2_robot_arm_interfaces/v2_robot_arm_interfaces/msg/detail/system_diagnostic_info__type_support.h
[2.001s] -- Up-to-date: /home/darudecookie/Documents/V2-Robot-Arm/software/ros2/src/install/v2_robot_arm_interfaces/include/v2_robot_arm_interfaces/v2_robot_arm_interfaces/msg/detail/peripheral_speed__functions.h
[2.002s] -- Up-to-date: /home/darudecookie/Documents/V2-Robot-Arm/software/ros2/src/install/v2_robot_arm_interfaces/include/v2_robot_arm_interfaces/v2_robot_arm_interfaces/msg/detail/target_joint_info__functions.h
[2.002s] -- Up-to-date: /home/darudecookie/Documents/V2-Robot-Arm/software/ros2/src/install/v2_robot_arm_interfaces/include/v2_robot_arm_interfaces/v2_robot_arm_interfaces/msg/detail/peripheral_speed__functions.c
[2.002s] -- Up-to-date: /home/darudecookie/Documents/V2-Robot-Arm/software/ros2/src/install/v2_robot_arm_interfaces/include/v2_robot_arm_interfaces/v2_robot_arm_interfaces/msg/detail/target_cartesian__description.c
[2.003s] -- Up-to-date: /home/darudecookie/Documents/V2-Robot-Arm/software/ros2/src/install/v2_robot_arm_interfaces/include/v2_robot_arm_interfaces/v2_robot_arm_interfaces/msg/detail/peripheral_speed__type_support.h
[2.003s] -- Up-to-date: /home/darudecookie/Documents/V2-Robot-Arm/software/ros2/src/install/v2_robot_arm_interfaces/include/v2_robot_arm_interfaces/v2_robot_arm_interfaces/msg/detail/target_ee_info__description.c
[2.004s] -- Up-to-date: /home/darudecookie/Documents/V2-Robot-Arm/software/ros2/src/install/v2_robot_arm_interfaces/include/v2_robot_arm_interfaces/v2_robot_arm_interfaces/msg/detail/current_cartesian__functions.c
[2.004s] -- Up-to-date: /home/darudecookie/Documents/V2-Robot-Arm/software/ros2/src/install/v2_robot_arm_interfaces/include/v2_robot_arm_interfaces/v2_robot_arm_interfaces/msg/detail/current_joint_info__description.c
[2.004s] -- Up-to-date: /home/darudecookie/Documents/V2-Robot-Arm/software/ros2/src/install/v2_robot_arm_interfaces/include/v2_robot_arm_interfaces/v2_robot_arm_interfaces/msg/detail/current_ee_info__struct.h
[2.005s] -- Up-to-date: /home/darudecookie/Documents/V2-Robot-Arm/software/ros2/src/install/v2_robot_arm_interfaces/include/v2_robot_arm_interfaces/v2_robot_arm_interfaces/msg/detail/target_cartesian__struct.h
[2.005s] -- Up-to-date: /home/darudecookie/Documents/V2-Robot-Arm/software/ros2/src/install/v2_robot_arm_interfaces/include/v2_robot_arm_interfaces/v2_robot_arm_interfaces/msg/detail/current_ee_info__functions.h
[2.005s] -- Up-to-date: /home/darudecookie/Documents/V2-Robot-Arm/software/ros2/src/install/v2_robot_arm_interfaces/include/v2_robot_arm_interfaces/v2_robot_arm_interfaces/msg/detail/control_status__description.c
[2.005s] -- Up-to-date: /home/darudecookie/Documents/V2-Robot-Arm/software/ros2/src/install/v2_robot_arm_interfaces/include/v2_robot_arm_interfaces/v2_robot_arm_interfaces/msg/detail/current_ee_info__functions.c
[2.005s] -- Up-to-date: /home/darudecookie/Documents/V2-Robot-Arm/software/ros2/src/install/v2_robot_arm_interfaces/include/v2_robot_arm_interfaces/v2_robot_arm_interfaces/msg/detail/control_status__functions.c
[2.006s] -- Up-to-date: /home/darudecookie/Documents/V2-Robot-Arm/software/ros2/src/install/v2_robot_arm_interfaces/include/v2_robot_arm_interfaces/v2_robot_arm_interfaces/msg/detail/target_joint_info__description.c
[2.006s] -- Up-to-date: /home/darudecookie/Documents/V2-Robot-Arm/software/ros2/src/install/v2_robot_arm_interfaces/include/v2_robot_arm_interfaces/v2_robot_arm_interfaces/msg/detail/target_joint_info__type_support.h
[2.006s] -- Installing: /home/darudecookie/Documents/V2-Robot-Arm/software/ros2/src/install/v2_robot_arm_interfaces/include/v2_robot_arm_interfaces/v2_robot_arm_interfaces/msg/detail/current_cartesian__type_support.c
[2.006s] -- Up-to-date: /home/darudecookie/Documents/V2-Robot-Arm/software/ros2/src/install/v2_robot_arm_interfaces/include/v2_robot_arm_interfaces/v2_robot_arm_interfaces/msg/detail/target_ee_info__functions.h
[2.007s] -- Up-to-date: /home/darudecookie/Documents/V2-Robot-Arm/software/ros2/src/install/v2_robot_arm_interfaces/include/v2_robot_arm_interfaces/v2_robot_arm_interfaces/msg/detail/control_status__struct.h
[2.007s] -- Up-to-date: /home/darudecookie/Documents/V2-Robot-Arm/software/ros2/src/install/v2_robot_arm_interfaces/include/v2_robot_arm_interfaces/v2_robot_arm_interfaces/msg/detail/target_cartesian__functions.h
[2.008s] -- Up-to-date: /home/darudecookie/Documents/V2-Robot-Arm/software/ros2/src/install/v2_robot_arm_interfaces/include/v2_robot_arm_interfaces/v2_robot_arm_interfaces/msg/detail/system_diagnostic_info__struct.h
[2.008s] -- Up-to-date: /home/darudecookie/Documents/V2-Robot-Arm/software/ros2/src/install/v2_robot_arm_interfaces/include/v2_robot_arm_interfaces/v2_robot_arm_interfaces/msg/detail/target_ee_info__struct.h
[2.009s] -- Up-to-date: /home/darudecookie/Documents/V2-Robot-Arm/software/ros2/src/install/v2_robot_arm_interfaces/include/v2_robot_arm_interfaces/v2_robot_arm_interfaces/msg/detail/target_ee_info__functions.c
[2.010s] -- Up-to-date: /home/darudecookie/Documents/V2-Robot-Arm/software/ros2/src/install/v2_robot_arm_interfaces/include/v2_robot_arm_interfaces/v2_robot_arm_interfaces/msg/detail/peripheral_speed__description.c
[2.011s] -- Installing: /home/darudecookie/Documents/V2-Robot-Arm/software/ros2/src/install/v2_robot_arm_interfaces/include/v2_robot_arm_interfaces/v2_robot_arm_interfaces/msg/detail/target_ee_info__type_support.c
[2.011s] -- Up-to-date: /home/darudecookie/Documents/V2-Robot-Arm/software/ros2/src/install/v2_robot_arm_interfaces/include/v2_robot_arm_interfaces/v2_robot_arm_interfaces/msg/detail/target_cartesian__functions.c
[2.011s] -- Up-to-date: /home/darudecookie/Documents/V2-Robot-Arm/software/ros2/src/install/v2_robot_arm_interfaces/include/v2_robot_arm_interfaces/v2_robot_arm_interfaces/msg/target_cartesian.h
[2.012s] -- Up-to-date: /home/darudecookie/Documents/V2-Robot-Arm/software/ros2/src/install/v2_robot_arm_interfaces/include/v2_robot_arm_interfaces/v2_robot_arm_interfaces/msg/peripheral_speed.h
[2.012s] -- Up-to-date: /home/darudecookie/Documents/V2-Robot-Arm/software/ros2/src/install/v2_robot_arm_interfaces/include/v2_robot_arm_interfaces/v2_robot_arm_interfaces/msg/target_joint_info.h
[2.012s] -- Up-to-date: /home/darudecookie/Documents/V2-Robot-Arm/software/ros2/src/install/v2_robot_arm_interfaces/include/v2_robot_arm_interfaces/v2_robot_arm_interfaces/msg/system_diagnostic_info.h
[2.013s] -- Up-to-date: /home/darudecookie/Documents/V2-Robot-Arm/software/ros2/src/install/v2_robot_arm_interfaces/include/v2_robot_arm_interfaces/v2_robot_arm_interfaces/msg/control_status.h
[2.013s] -- Up-to-date: /home/darudecookie/Documents/V2-Robot-Arm/software/ros2/src/install/v2_robot_arm_interfaces/include/v2_robot_arm_interfaces/v2_robot_arm_interfaces/srv
[2.013s] -- Up-to-date: /home/darudecookie/Documents/V2-Robot-Arm/software/ros2/src/install/v2_robot_arm_interfaces/include/v2_robot_arm_interfaces/v2_robot_arm_interfaces/srv/microcontroller_parameter_dump.h
[2.014s] -- Up-to-date: /home/darudecookie/Documents/V2-Robot-Arm/software/ros2/src/install/v2_robot_arm_interfaces/include/v2_robot_arm_interfaces/v2_robot_arm_interfaces/srv/target_ee_state.h
[2.014s] -- Up-to-date: /home/darudecookie/Documents/V2-Robot-Arm/software/ros2/src/install/v2_robot_arm_interfaces/include/v2_robot_arm_interfaces/v2_robot_arm_interfaces/srv/detail
[2.015s] -- Up-to-date: /home/darudecookie/Documents/V2-Robot-Arm/software/ros2/src/install/v2_robot_arm_interfaces/include/v2_robot_arm_interfaces/v2_robot_arm_interfaces/srv/detail/target_ee_state__functions.h
[2.016s] -- Up-to-date: /home/darudecookie/Documents/V2-Robot-Arm/software/ros2/src/install/v2_robot_arm_interfaces/include/v2_robot_arm_interfaces/v2_robot_arm_interfaces/srv/detail/microcontroller_parameter_dump__functions.h
[2.016s] -- Installing: /home/darudecookie/Documents/V2-Robot-Arm/software/ros2/src/install/v2_robot_arm_interfaces/include/v2_robot_arm_interfaces/v2_robot_arm_interfaces/srv/detail/microcontroller_parameter_dump__type_support.c
[2.017s] -- Up-to-date: /home/darudecookie/Documents/V2-Robot-Arm/software/ros2/src/install/v2_robot_arm_interfaces/include/v2_robot_arm_interfaces/v2_robot_arm_interfaces/srv/detail/target_ee_state__type_support.h
[2.018s] -- Installing: /home/darudecookie/Documents/V2-Robot-Arm/software/ros2/src/install/v2_robot_arm_interfaces/include/v2_robot_arm_interfaces/v2_robot_arm_interfaces/srv/detail/system_status__type_support.c
[2.018s] -- Up-to-date: /home/darudecookie/Documents/V2-Robot-Arm/software/ros2/src/install/v2_robot_arm_interfaces/include/v2_robot_arm_interfaces/v2_robot_arm_interfaces/srv/detail/system_status__functions.c
[2.018s] -- Up-to-date: /home/darudecookie/Documents/V2-Robot-Arm/software/ros2/src/install/v2_robot_arm_interfaces/include/v2_robot_arm_interfaces/v2_robot_arm_interfaces/srv/detail/microcontroller_parameter_dump__type_support.h
[2.019s] -- Up-to-date: /home/darudecookie/Documents/V2-Robot-Arm/software/ros2/src/install/v2_robot_arm_interfaces/include/v2_robot_arm_interfaces/v2_robot_arm_interfaces/srv/detail/system_status__description.c
[2.019s] -- Up-to-date: /home/darudecookie/Documents/V2-Robot-Arm/software/ros2/src/install/v2_robot_arm_interfaces/include/v2_robot_arm_interfaces/v2_robot_arm_interfaces/srv/detail/target_ee_state__functions.c
[2.019s] -- Up-to-date: /home/darudecookie/Documents/V2-Robot-Arm/software/ros2/src/install/v2_robot_arm_interfaces/include/v2_robot_arm_interfaces/v2_robot_arm_interfaces/srv/detail/system_status__functions.h
[2.019s] -- Installing: /home/darudecookie/Documents/V2-Robot-Arm/software/ros2/src/install/v2_robot_arm_interfaces/include/v2_robot_arm_interfaces/v2_robot_arm_interfaces/srv/detail/target_ee_state__type_support.c
[2.019s] -- Up-to-date: /home/darudecookie/Documents/V2-Robot-Arm/software/ros2/src/install/v2_robot_arm_interfaces/include/v2_robot_arm_interfaces/v2_robot_arm_interfaces/srv/detail/system_status__type_support.h
[2.020s] -- Up-to-date: /home/darudecookie/Documents/V2-Robot-Arm/software/ros2/src/install/v2_robot_arm_interfaces/include/v2_robot_arm_interfaces/v2_robot_arm_interfaces/srv/detail/system_status__struct.h
[2.020s] -- Up-to-date: /home/darudecookie/Documents/V2-Robot-Arm/software/ros2/src/install/v2_robot_arm_interfaces/include/v2_robot_arm_interfaces/v2_robot_arm_interfaces/srv/detail/target_ee_state__struct.h
[2.020s] -- Up-to-date: /home/darudecookie/Documents/V2-Robot-Arm/software/ros2/src/install/v2_robot_arm_interfaces/include/v2_robot_arm_interfaces/v2_robot_arm_interfaces/srv/detail/target_ee_state__description.c
[2.020s] -- Up-to-date: /home/darudecookie/Documents/V2-Robot-Arm/software/ros2/src/install/v2_robot_arm_interfaces/include/v2_robot_arm_interfaces/v2_robot_arm_interfaces/srv/detail/microcontroller_parameter_dump__description.c
[2.021s] -- Up-to-date: /home/darudecookie/Documents/V2-Robot-Arm/software/ros2/src/install/v2_robot_arm_interfaces/include/v2_robot_arm_interfaces/v2_robot_arm_interfaces/srv/detail/microcontroller_parameter_dump__struct.h
[2.021s] -- Up-to-date: /home/darudecookie/Documents/V2-Robot-Arm/software/ros2/src/install/v2_robot_arm_interfaces/include/v2_robot_arm_interfaces/v2_robot_arm_interfaces/srv/detail/microcontroller_parameter_dump__functions.c
[2.021s] -- Up-to-date: /home/darudecookie/Documents/V2-Robot-Arm/software/ros2/src/install/v2_robot_arm_interfaces/include/v2_robot_arm_interfaces/v2_robot_arm_interfaces/srv/system_status.h
[2.022s] -- Up-to-date: /home/darudecookie/Documents/V2-Robot-Arm/software/ros2/src/install/v2_robot_arm_interfaces/share/v2_robot_arm_interfaces/environment/library_path.sh
[2.023s] -- Up-to-date: /home/darudecookie/Documents/V2-Robot-Arm/software/ros2/src/install/v2_robot_arm_interfaces/share/v2_robot_arm_interfaces/environment/library_path.dsv
[2.023s] -- Up-to-date: /home/darudecookie/Documents/V2-Robot-Arm/software/ros2/src/install/v2_robot_arm_interfaces/lib/libv2_robot_arm_interfaces__rosidl_generator_c.so
[2.024s] -- Up-to-date: /home/darudecookie/Documents/V2-Robot-Arm/software/ros2/src/install/v2_robot_arm_interfaces/include/v2_robot_arm_interfaces/v2_robot_arm_interfaces
[2.024s] -- Up-to-date: /home/darudecookie/Documents/V2-Robot-Arm/software/ros2/src/install/v2_robot_arm_interfaces/include/v2_robot_arm_interfaces/v2_robot_arm_interfaces/action
[2.024s] -- Up-to-date: /home/darudecookie/Documents/V2-Robot-Arm/software/ros2/src/install/v2_robot_arm_interfaces/include/v2_robot_arm_interfaces/v2_robot_arm_interfaces/action/detail
[2.024s] -- Up-to-date: /home/darudecookie/Documents/V2-Robot-Arm/software/ros2/src/install/v2_robot_arm_interfaces/include/v2_robot_arm_interfaces/v2_robot_arm_interfaces/action/detail/parametric_trajectory_info__rosidl_typesupport_fastrtps_c.h
[2.024s] -- Up-to-date: /home/darudecookie/Documents/V2-Robot-Arm/software/ros2/src/install/v2_robot_arm_interfaces/include/v2_robot_arm_interfaces/v2_robot_arm_interfaces/msg
[2.025s] -- Up-to-date: /home/darudecookie/Documents/V2-Robot-Arm/software/ros2/src/install/v2_robot_arm_interfaces/include/v2_robot_arm_interfaces/v2_robot_arm_interfaces/msg/detail
[2.025s] -- Up-to-date: /home/darudecookie/Documents/V2-Robot-Arm/software/ros2/src/install/v2_robot_arm_interfaces/include/v2_robot_arm_interfaces/v2_robot_arm_interfaces/msg/detail/current_joint_info__rosidl_typesupport_fastrtps_c.h
[2.025s] -- Up-to-date: /home/darudecookie/Documents/V2-Robot-Arm/software/ros2/src/install/v2_robot_arm_interfaces/include/v2_robot_arm_interfaces/v2_robot_arm_interfaces/msg/detail/target_cartesian__rosidl_typesupport_fastrtps_c.h
[2.025s] -- Up-to-date: /home/darudecookie/Documents/V2-Robot-Arm/software/ros2/src/install/v2_robot_arm_interfaces/include/v2_robot_arm_interfaces/v2_robot_arm_interfaces/msg/detail/peripheral_speed__rosidl_typesupport_fastrtps_c.h
[2.026s] -- Up-to-date: /home/darudecookie/Documents/V2-Robot-Arm/software/ros2/src/install/v2_robot_arm_interfaces/include/v2_robot_arm_interfaces/v2_robot_arm_interfaces/msg/detail/current_cartesian__rosidl_typesupport_fastrtps_c.h
[2.026s] -- Up-to-date: /home/darudecookie/Documents/V2-Robot-Arm/software/ros2/src/install/v2_robot_arm_interfaces/include/v2_robot_arm_interfaces/v2_robot_arm_interfaces/msg/detail/target_joint_info__rosidl_typesupport_fastrtps_c.h
[2.026s] -- Up-to-date: /home/darudecookie/Documents/V2-Robot-Arm/software/ros2/src/install/v2_robot_arm_interfaces/include/v2_robot_arm_interfaces/v2_robot_arm_interfaces/msg/detail/system_diagnostic_info__rosidl_typesupport_fastrtps_c.h
[2.026s] -- Up-to-date: /home/darudecookie/Documents/V2-Robot-Arm/software/ros2/src/install/v2_robot_arm_interfaces/include/v2_robot_arm_interfaces/v2_robot_arm_interfaces/msg/detail/control_status__rosidl_typesupport_fastrtps_c.h
[2.026s] -- Up-to-date: /home/darudecookie/Documents/V2-Robot-Arm/software/ros2/src/install/v2_robot_arm_interfaces/include/v2_robot_arm_interfaces/v2_robot_arm_interfaces/msg/detail/current_ee_info__rosidl_typesupport_fastrtps_c.h
[2.026s] -- Up-to-date: /home/darudecookie/Documents/V2-Robot-Arm/software/ros2/src/install/v2_robot_arm_interfaces/include/v2_robot_arm_interfaces/v2_robot_arm_interfaces/msg/detail/target_ee_info__rosidl_typesupport_fastrtps_c.h
[2.027s] -- Up-to-date: /home/darudecookie/Documents/V2-Robot-Arm/software/ros2/src/install/v2_robot_arm_interfaces/include/v2_robot_arm_interfaces/v2_robot_arm_interfaces/msg/rosidl_typesupport_fastrtps_c__visibility_control.h
[2.027s] -- Up-to-date: /home/darudecookie/Documents/V2-Robot-Arm/software/ros2/src/install/v2_robot_arm_interfaces/include/v2_robot_arm_interfaces/v2_robot_arm_interfaces/srv
[2.027s] -- Up-to-date: /home/darudecookie/Documents/V2-Robot-Arm/software/ros2/src/install/v2_robot_arm_interfaces/include/v2_robot_arm_interfaces/v2_robot_arm_interfaces/srv/detail
[2.027s] -- Up-to-date: /home/darudecookie/Documents/V2-Robot-Arm/software/ros2/src/install/v2_robot_arm_interfaces/include/v2_robot_arm_interfaces/v2_robot_arm_interfaces/srv/detail/target_ee_state__rosidl_typesupport_fastrtps_c.h
[2.027s] -- Up-to-date: /home/darudecookie/Documents/V2-Robot-Arm/software/ros2/src/install/v2_robot_arm_interfaces/include/v2_robot_arm_interfaces/v2_robot_arm_interfaces/srv/detail/microcontroller_parameter_dump__rosidl_typesupport_fastrtps_c.h
[2.028s] -- Up-to-date: /home/darudecookie/Documents/V2-Robot-Arm/software/ros2/src/install/v2_robot_arm_interfaces/include/v2_robot_arm_interfaces/v2_robot_arm_interfaces/srv/detail/system_status__rosidl_typesupport_fastrtps_c.h
[2.028s] -- Up-to-date: /home/darudecookie/Documents/V2-Robot-Arm/software/ros2/src/install/v2_robot_arm_interfaces/lib/libv2_robot_arm_interfaces__rosidl_typesupport_fastrtps_c.so
[2.028s] -- Up-to-date: /home/darudecookie/Documents/V2-Robot-Arm/software/ros2/src/install/v2_robot_arm_interfaces/include/v2_robot_arm_interfaces/v2_robot_arm_interfaces
[2.028s] -- Up-to-date: /home/darudecookie/Documents/V2-Robot-Arm/software/ros2/src/install/v2_robot_arm_interfaces/include/v2_robot_arm_interfaces/v2_robot_arm_interfaces/action
[2.029s] -- Up-to-date: /home/darudecookie/Documents/V2-Robot-Arm/software/ros2/src/install/v2_robot_arm_interfaces/include/v2_robot_arm_interfaces/v2_robot_arm_interfaces/action/detail
[2.030s] -- Up-to-date: /home/darudecookie/Documents/V2-Robot-Arm/software/ros2/src/install/v2_robot_arm_interfaces/include/v2_robot_arm_interfaces/v2_robot_arm_interfaces/action/detail/parametric_trajectory_info__type_support.hpp
[2.030s] -- Up-to-date: /home/darudecookie/Documents/V2-Robot-Arm/software/ros2/src/install/v2_robot_arm_interfaces/include/v2_robot_arm_interfaces/v2_robot_arm_interfaces/action/detail/parametric_trajectory_info__traits.hpp
[2.030s] -- Up-to-date: /home/darudecookie/Documents/V2-Robot-Arm/software/ros2/src/install/v2_robot_arm_interfaces/include/v2_robot_arm_interfaces/v2_robot_arm_interfaces/action/detail/parametric_trajectory_info__struct.hpp
[2.030s] -- Up-to-date: /home/darudecookie/Documents/V2-Robot-Arm/software/ros2/src/install/v2_robot_arm_interfaces/include/v2_robot_arm_interfaces/v2_robot_arm_interfaces/action/detail/parametric_trajectory_info__builder.hpp
[2.031s] -- Up-to-date: /home/darudecookie/Documents/V2-Robot-Arm/software/ros2/src/install/v2_robot_arm_interfaces/include/v2_robot_arm_interfaces/v2_robot_arm_interfaces/action/parametric_trajectory_info.hpp
[2.031s] -- Up-to-date: /home/darudecookie/Documents/V2-Robot-Arm/software/ros2/src/install/v2_robot_arm_interfaces/include/v2_robot_arm_interfaces/v2_robot_arm_interfaces/msg
[2.031s] -- Up-to-date: /home/darudecookie/Documents/V2-Robot-Arm/software/ros2/src/install/v2_robot_arm_interfaces/include/v2_robot_arm_interfaces/v2_robot_arm_interfaces/msg/control_status.hpp
[2.031s] -- Up-to-date: /home/darudecookie/Documents/V2-Robot-Arm/software/ros2/src/install/v2_robot_arm_interfaces/include/v2_robot_arm_interfaces/v2_robot_arm_interfaces/msg/peripheral_speed.hpp
[2.031s] -- Up-to-date: /home/darudecookie/Documents/V2-Robot-Arm/software/ros2/src/install/v2_robot_arm_interfaces/include/v2_robot_arm_interfaces/v2_robot_arm_interfaces/msg/detail
[2.031s] -- Up-to-date: /home/darudecookie/Documents/V2-Robot-Arm/software/ros2/src/install/v2_robot_arm_interfaces/include/v2_robot_arm_interfaces/v2_robot_arm_interfaces/msg/detail/current_cartesian__struct.hpp
[2.032s] -- Up-to-date: /home/darudecookie/Documents/V2-Robot-Arm/software/ros2/src/install/v2_robot_arm_interfaces/include/v2_robot_arm_interfaces/v2_robot_arm_interfaces/msg/detail/target_joint_info__traits.hpp
[2.032s] -- Up-to-date: /home/darudecookie/Documents/V2-Robot-Arm/software/ros2/src/install/v2_robot_arm_interfaces/include/v2_robot_arm_interfaces/v2_robot_arm_interfaces/msg/detail/peripheral_speed__struct.hpp
[2.032s] -- Up-to-date: /home/darudecookie/Documents/V2-Robot-Arm/software/ros2/src/install/v2_robot_arm_interfaces/include/v2_robot_arm_interfaces/v2_robot_arm_interfaces/msg/detail/current_cartesian__builder.hpp
[2.032s] -- Up-to-date: /home/darudecookie/Documents/V2-Robot-Arm/software/ros2/src/install/v2_robot_arm_interfaces/include/v2_robot_arm_interfaces/v2_robot_arm_interfaces/msg/detail/target_cartesian__traits.hpp
[2.032s] -- Up-to-date: /home/darudecookie/Documents/V2-Robot-Arm/software/ros2/src/install/v2_robot_arm_interfaces/include/v2_robot_arm_interfaces/v2_robot_arm_interfaces/msg/detail/target_joint_info__type_support.hpp
[2.033s] -- Up-to-date: /home/darudecookie/Documents/V2-Robot-Arm/software/ros2/src/install/v2_robot_arm_interfaces/include/v2_robot_arm_interfaces/v2_robot_arm_interfaces/msg/detail/peripheral_speed__traits.hpp
[2.033s] -- Up-to-date: /home/darudecookie/Documents/V2-Robot-Arm/software/ros2/src/install/v2_robot_arm_interfaces/include/v2_robot_arm_interfaces/v2_robot_arm_interfaces/msg/detail/current_ee_info__type_support.hpp
[2.033s] -- Up-to-date: /home/darudecookie/Documents/V2-Robot-Arm/software/ros2/src/install/v2_robot_arm_interfaces/include/v2_robot_arm_interfaces/v2_robot_arm_interfaces/msg/detail/current_joint_info__builder.hpp
[2.033s] -- Up-to-date: /home/darudecookie/Documents/V2-Robot-Arm/software/ros2/src/install/v2_robot_arm_interfaces/include/v2_robot_arm_interfaces/v2_robot_arm_interfaces/msg/detail/system_diagnostic_info__traits.hpp
[2.033s] -- Up-to-date: /home/darudecookie/Documents/V2-Robot-Arm/software/ros2/src/install/v2_robot_arm_interfaces/include/v2_robot_arm_interfaces/v2_robot_arm_interfaces/msg/detail/peripheral_speed__type_support.hpp
[2.034s] -- Up-to-date: /home/darudecookie/Documents/V2-Robot-Arm/software/ros2/src/install/v2_robot_arm_interfaces/include/v2_robot_arm_interfaces/v2_robot_arm_interfaces/msg/detail/target_ee_info__traits.hpp
[2.034s] -- Up-to-date: /home/darudecookie/Documents/V2-Robot-Arm/software/ros2/src/install/v2_robot_arm_interfaces/include/v2_robot_arm_interfaces/v2_robot_arm_interfaces/msg/detail/control_status__builder.hpp
[2.034s] -- Up-to-date: /home/darudecookie/Documents/V2-Robot-Arm/software/ros2/src/install/v2_robot_arm_interfaces/include/v2_robot_arm_interfaces/v2_robot_arm_interfaces/msg/detail/current_cartesian__traits.hpp
[2.034s] -- Up-to-date: /home/darudecookie/Documents/V2-Robot-Arm/software/ros2/src/install/v2_robot_arm_interfaces/include/v2_robot_arm_interfaces/v2_robot_arm_interfaces/msg/detail/control_status__struct.hpp
[2.034s] -- Up-to-date: /home/darudecookie/Documents/V2-Robot-Arm/software/ros2/src/install/v2_robot_arm_interfaces/include/v2_robot_arm_interfaces/v2_robot_arm_interfaces/msg/detail/system_diagnostic_info__type_support.hpp
[2.034s] -- Up-to-date: /home/darudecookie/Documents/V2-Robot-Arm/software/ros2/src/install/v2_robot_arm_interfaces/include/v2_robot_arm_interfaces/v2_robot_arm_interfaces/msg/detail/target_joint_info__struct.hpp
[2.035s] -- Up-to-date: /home/darudecookie/Documents/V2-Robot-Arm/software/ros2/src/install/v2_robot_arm_interfaces/include/v2_robot_arm_interfaces/v2_robot_arm_interfaces/msg/detail/target_cartesian__type_support.hpp
[2.035s] -- Up-to-date: /home/darudecookie/Documents/V2-Robot-Arm/software/ros2/src/install/v2_robot_arm_interfaces/include/v2_robot_arm_interfaces/v2_robot_arm_interfaces/msg/detail/current_joint_info__struct.hpp
[2.035s] -- Up-to-date: /home/darudecookie/Documents/V2-Robot-Arm/software/ros2/src/install/v2_robot_arm_interfaces/include/v2_robot_arm_interfaces/v2_robot_arm_interfaces/msg/detail/target_joint_info__builder.hpp
[2.035s] -- Up-to-date: /home/darudecookie/Documents/V2-Robot-Arm/software/ros2/src/install/v2_robot_arm_interfaces/include/v2_robot_arm_interfaces/v2_robot_arm_interfaces/msg/detail/target_ee_info__builder.hpp
[2.035s] -- Up-to-date: /home/darudecookie/Documents/V2-Robot-Arm/software/ros2/src/install/v2_robot_arm_interfaces/include/v2_robot_arm_interfaces/v2_robot_arm_interfaces/msg/detail/control_status__type_support.hpp
[2.036s] -- Up-to-date: /home/darudecookie/Documents/V2-Robot-Arm/software/ros2/src/install/v2_robot_arm_interfaces/include/v2_robot_arm_interfaces/v2_robot_arm_interfaces/msg/detail/control_status__traits.hpp
[2.036s] -- Up-to-date: /home/darudecookie/Documents/V2-Robot-Arm/software/ros2/src/install/v2_robot_arm_interfaces/include/v2_robot_arm_interfaces/v2_robot_arm_interfaces/msg/detail/target_cartesian__struct.hpp
[2.036s] -- Up-to-date: /home/darudecookie/Documents/V2-Robot-Arm/software/ros2/src/install/v2_robot_arm_interfaces/include/v2_robot_arm_interfaces/v2_robot_arm_interfaces/msg/detail/current_ee_info__struct.hpp
[2.036s] -- Up-to-date: /home/darudecookie/Documents/V2-Robot-Arm/software/ros2/src/install/v2_robot_arm_interfaces/include/v2_robot_arm_interfaces/v2_robot_arm_interfaces/msg/detail/system_diagnostic_info__builder.hpp
[2.036s] -- Up-to-date: /home/darudecookie/Documents/V2-Robot-Arm/software/ros2/src/install/v2_robot_arm_interfaces/include/v2_robot_arm_interfaces/v2_robot_arm_interfaces/msg/detail/target_cartesian__builder.hpp
[2.036s] -- Up-to-date: /home/darudecookie/Documents/V2-Robot-Arm/software/ros2/src/install/v2_robot_arm_interfaces/include/v2_robot_arm_interfaces/v2_robot_arm_interfaces/msg/detail/current_joint_info__type_support.hpp
[2.037s] -- Up-to-date: /home/darudecookie/Documents/V2-Robot-Arm/software/ros2/src/install/v2_robot_arm_interfaces/include/v2_robot_arm_interfaces/v2_robot_arm_interfaces/msg/detail/current_ee_info__traits.hpp
[2.037s] -- Up-to-date: /home/darudecookie/Documents/V2-Robot-Arm/software/ros2/src/install/v2_robot_arm_interfaces/include/v2_robot_arm_interfaces/v2_robot_arm_interfaces/msg/detail/current_joint_info__traits.hpp
[2.037s] -- Up-to-date: /home/darudecookie/Documents/V2-Robot-Arm/software/ros2/src/install/v2_robot_arm_interfaces/include/v2_robot_arm_interfaces/v2_robot_arm_interfaces/msg/detail/current_ee_info__builder.hpp
[2.037s] -- Up-to-date: /home/darudecookie/Documents/V2-Robot-Arm/software/ros2/src/install/v2_robot_arm_interfaces/include/v2_robot_arm_interfaces/v2_robot_arm_interfaces/msg/detail/peripheral_speed__builder.hpp
[2.037s] -- Up-to-date: /home/darudecookie/Documents/V2-Robot-Arm/software/ros2/src/install/v2_robot_arm_interfaces/include/v2_robot_arm_interfaces/v2_robot_arm_interfaces/msg/detail/target_ee_info__type_support.hpp
[2.038s] -- Up-to-date: /home/darudecookie/Documents/V2-Robot-Arm/software/ros2/src/install/v2_robot_arm_interfaces/include/v2_robot_arm_interfaces/v2_robot_arm_interfaces/msg/detail/system_diagnostic_info__struct.hpp
[2.038s] -- Up-to-date: /home/darudecookie/Documents/V2-Robot-Arm/software/ros2/src/install/v2_robot_arm_interfaces/include/v2_robot_arm_interfaces/v2_robot_arm_interfaces/msg/detail/target_ee_info__struct.hpp
[2.038s] -- Up-to-date: /home/darudecookie/Documents/V2-Robot-Arm/software/ros2/src/install/v2_robot_arm_interfaces/include/v2_robot_arm_interfaces/v2_robot_arm_interfaces/msg/detail/current_cartesian__type_support.hpp
[2.039s] -- Up-to-date: /home/darudecookie/Documents/V2-Robot-Arm/software/ros2/src/install/v2_robot_arm_interfaces/include/v2_robot_arm_interfaces/v2_robot_arm_interfaces/msg/target_joint_info.hpp
[2.039s] -- Up-to-date: /home/darudecookie/Documents/V2-Robot-Arm/software/ros2/src/install/v2_robot_arm_interfaces/include/v2_robot_arm_interfaces/v2_robot_arm_interfaces/msg/target_cartesian.hpp
[2.039s] -- Up-to-date: /home/darudecookie/Documents/V2-Robot-Arm/software/ros2/src/install/v2_robot_arm_interfaces/include/v2_robot_arm_interfaces/v2_robot_arm_interfaces/msg/rosidl_generator_cpp__visibility_control.hpp
[2.039s] -- Up-to-date: /home/darudecookie/Documents/V2-Robot-Arm/software/ros2/src/install/v2_robot_arm_interfaces/include/v2_robot_arm_interfaces/v2_robot_arm_interfaces/msg/system_diagnostic_info.hpp
[2.040s] -- Up-to-date: /home/darudecookie/Documents/V2-Robot-Arm/software/ros2/src/install/v2_robot_arm_interfaces/include/v2_robot_arm_interfaces/v2_robot_arm_interfaces/msg/current_joint_info.hpp
[2.040s] -- Up-to-date: /home/darudecookie/Documents/V2-Robot-Arm/software/ros2/src/install/v2_robot_arm_interfaces/include/v2_robot_arm_interfaces/v2_robot_arm_interfaces/msg/current_ee_info.hpp
[2.040s] -- Up-to-date: /home/darudecookie/Documents/V2-Robot-Arm/software/ros2/src/install/v2_robot_arm_interfaces/include/v2_robot_arm_interfaces/v2_robot_arm_interfaces/msg/target_ee_info.hpp
[2.040s] -- Up-to-date: /home/darudecookie/Documents/V2-Robot-Arm/software/ros2/src/install/v2_robot_arm_interfaces/include/v2_robot_arm_interfaces/v2_robot_arm_interfaces/msg/current_cartesian.hpp
[2.040s] -- Up-to-date: /home/darudecookie/Documents/V2-Robot-Arm/software/ros2/src/install/v2_robot_arm_interfaces/include/v2_robot_arm_interfaces/v2_robot_arm_interfaces/srv
[2.040s] -- Up-to-date: /home/darudecookie/Documents/V2-Robot-Arm/software/ros2/src/install/v2_robot_arm_interfaces/include/v2_robot_arm_interfaces/v2_robot_arm_interfaces/srv/detail
[2.041s] -- Up-to-date: /home/darudecookie/Documents/V2-Robot-Arm/software/ros2/src/install/v2_robot_arm_interfaces/include/v2_robot_arm_interfaces/v2_robot_arm_interfaces/srv/detail/microcontroller_parameter_dump__struct.hpp
[2.041s] -- Up-to-date: /home/darudecookie/Documents/V2-Robot-Arm/software/ros2/src/install/v2_robot_arm_interfaces/include/v2_robot_arm_interfaces/v2_robot_arm_interfaces/srv/detail/target_ee_state__struct.hpp
[2.041s] -- Up-to-date: /home/darudecookie/Documents/V2-Robot-Arm/software/ros2/src/install/v2_robot_arm_interfaces/include/v2_robot_arm_interfaces/v2_robot_arm_interfaces/srv/detail/microcontroller_parameter_dump__traits.hpp
[2.041s] -- Up-to-date: /home/darudecookie/Documents/V2-Robot-Arm/software/ros2/src/install/v2_robot_arm_interfaces/include/v2_robot_arm_interfaces/v2_robot_arm_interfaces/srv/detail/microcontroller_parameter_dump__type_support.hpp
[2.042s] -- Up-to-date: /home/darudecookie/Documents/V2-Robot-Arm/software/ros2/src/install/v2_robot_arm_interfaces/include/v2_robot_arm_interfaces/v2_robot_arm_interfaces/srv/detail/target_ee_state__type_support.hpp
[2.042s] -- Up-to-date: /home/darudecookie/Documents/V2-Robot-Arm/software/ros2/src/install/v2_robot_arm_interfaces/include/v2_robot_arm_interfaces/v2_robot_arm_interfaces/srv/detail/system_status__type_support.hpp
[2.042s] -- Up-to-date: /home/darudecookie/Documents/V2-Robot-Arm/software/ros2/src/install/v2_robot_arm_interfaces/include/v2_robot_arm_interfaces/v2_robot_arm_interfaces/srv/detail/target_ee_state__builder.hpp
[2.042s] -- Up-to-date: /home/darudecookie/Documents/V2-Robot-Arm/software/ros2/src/install/v2_robot_arm_interfaces/include/v2_robot_arm_interfaces/v2_robot_arm_interfaces/srv/detail/system_status__builder.hpp
[2.042s] -- Up-to-date: /home/darudecookie/Documents/V2-Robot-Arm/software/ros2/src/install/v2_robot_arm_interfaces/include/v2_robot_arm_interfaces/v2_robot_arm_interfaces/srv/detail/system_status__traits.hpp
[2.043s] -- Up-to-date: /home/darudecookie/Documents/V2-Robot-Arm/software/ros2/src/install/v2_robot_arm_interfaces/include/v2_robot_arm_interfaces/v2_robot_arm_interfaces/srv/detail/target_ee_state__traits.hpp
[2.043s] -- Up-to-date: /home/darudecookie/Documents/V2-Robot-Arm/software/ros2/src/install/v2_robot_arm_interfaces/include/v2_robot_arm_interfaces/v2_robot_arm_interfaces/srv/detail/system_status__struct.hpp
[2.043s] -- Up-to-date: /home/darudecookie/Documents/V2-Robot-Arm/software/ros2/src/install/v2_robot_arm_interfaces/include/v2_robot_arm_interfaces/v2_robot_arm_interfaces/srv/detail/microcontroller_parameter_dump__builder.hpp
[2.044s] -- Up-to-date: /home/darudecookie/Documents/V2-Robot-Arm/software/ros2/src/install/v2_robot_arm_interfaces/include/v2_robot_arm_interfaces/v2_robot_arm_interfaces/srv/target_ee_state.hpp
[2.044s] -- Up-to-date: /home/darudecookie/Documents/V2-Robot-Arm/software/ros2/src/install/v2_robot_arm_interfaces/include/v2_robot_arm_interfaces/v2_robot_arm_interfaces/srv/system_status.hpp
[2.045s] -- Up-to-date: /home/darudecookie/Documents/V2-Robot-Arm/software/ros2/src/install/v2_robot_arm_interfaces/include/v2_robot_arm_interfaces/v2_robot_arm_interfaces/srv/microcontroller_parameter_dump.hpp
[2.045s] -- Up-to-date: /home/darudecookie/Documents/V2-Robot-Arm/software/ros2/src/install/v2_robot_arm_interfaces/include/v2_robot_arm_interfaces/v2_robot_arm_interfaces
[2.045s] -- Up-to-date: /home/darudecookie/Documents/V2-Robot-Arm/software/ros2/src/install/v2_robot_arm_interfaces/include/v2_robot_arm_interfaces/v2_robot_arm_interfaces/action
[2.045s] -- Up-to-date: /home/darudecookie/Documents/V2-Robot-Arm/software/ros2/src/install/v2_robot_arm_interfaces/include/v2_robot_arm_interfaces/v2_robot_arm_interfaces/action/detail
[2.045s] -- Up-to-date: /home/darudecookie/Documents/V2-Robot-Arm/software/ros2/src/install/v2_robot_arm_interfaces/include/v2_robot_arm_interfaces/v2_robot_arm_interfaces/action/detail/dds_fastrtps
[2.046s] -- Up-to-date: /home/darudecookie/Documents/V2-Robot-Arm/software/ros2/src/install/v2_robot_arm_interfaces/include/v2_robot_arm_interfaces/v2_robot_arm_interfaces/action/detail/parametric_trajectory_info__rosidl_typesupport_fastrtps_cpp.hpp
[2.046s] -- Up-to-date: /home/darudecookie/Documents/V2-Robot-Arm/software/ros2/src/install/v2_robot_arm_interfaces/include/v2_robot_arm_interfaces/v2_robot_arm_interfaces/msg
[2.046s] -- Up-to-date: /home/darudecookie/Documents/V2-Robot-Arm/software/ros2/src/install/v2_robot_arm_interfaces/include/v2_robot_arm_interfaces/v2_robot_arm_interfaces/msg/detail
[2.046s] -- Up-to-date: /home/darudecookie/Documents/V2-Robot-Arm/software/ros2/src/install/v2_robot_arm_interfaces/include/v2_robot_arm_interfaces/v2_robot_arm_interfaces/msg/detail/target_ee_info__rosidl_typesupport_fastrtps_cpp.hpp
[2.046s] -- Up-to-date: /home/darudecookie/Documents/V2-Robot-Arm/software/ros2/src/install/v2_robot_arm_interfaces/include/v2_robot_arm_interfaces/v2_robot_arm_interfaces/msg/detail/dds_fastrtps
[2.047s] -- Up-to-date: /home/darudecookie/Documents/V2-Robot-Arm/software/ros2/src/install/v2_robot_arm_interfaces/include/v2_robot_arm_interfaces/v2_robot_arm_interfaces/msg/detail/target_cartesian__rosidl_typesupport_fastrtps_cpp.hpp
[2.047s] -- Up-to-date: /home/darudecookie/Documents/V2-Robot-Arm/software/ros2/src/install/v2_robot_arm_interfaces/include/v2_robot_arm_interfaces/v2_robot_arm_interfaces/msg/detail/control_status__rosidl_typesupport_fastrtps_cpp.hpp
[2.047s] -- Up-to-date: /home/darudecookie/Documents/V2-Robot-Arm/software/ros2/src/install/v2_robot_arm_interfaces/include/v2_robot_arm_interfaces/v2_robot_arm_interfaces/msg/detail/current_joint_info__rosidl_typesupport_fastrtps_cpp.hpp
[2.047s] -- Up-to-date: /home/darudecookie/Documents/V2-Robot-Arm/software/ros2/src/install/v2_robot_arm_interfaces/include/v2_robot_arm_interfaces/v2_robot_arm_interfaces/msg/detail/target_joint_info__rosidl_typesupport_fastrtps_cpp.hpp
[2.048s] -- Up-to-date: /home/darudecookie/Documents/V2-Robot-Arm/software/ros2/src/install/v2_robot_arm_interfaces/include/v2_robot_arm_interfaces/v2_robot_arm_interfaces/msg/detail/peripheral_speed__rosidl_typesupport_fastrtps_cpp.hpp
[2.048s] -- Up-to-date: /home/darudecookie/Documents/V2-Robot-Arm/software/ros2/src/install/v2_robot_arm_interfaces/include/v2_robot_arm_interfaces/v2_robot_arm_interfaces/msg/detail/current_ee_info__rosidl_typesupport_fastrtps_cpp.hpp
[2.048s] -- Up-to-date: /home/darudecookie/Documents/V2-Robot-Arm/software/ros2/src/install/v2_robot_arm_interfaces/include/v2_robot_arm_interfaces/v2_robot_arm_interfaces/msg/detail/system_diagnostic_info__rosidl_typesupport_fastrtps_cpp.hpp
[2.048s] -- Up-to-date: /home/darudecookie/Documents/V2-Robot-Arm/software/ros2/src/install/v2_robot_arm_interfaces/include/v2_robot_arm_interfaces/v2_robot_arm_interfaces/msg/detail/current_cartesian__rosidl_typesupport_fastrtps_cpp.hpp
[2.049s] -- Up-to-date: /home/darudecookie/Documents/V2-Robot-Arm/software/ros2/src/install/v2_robot_arm_interfaces/include/v2_robot_arm_interfaces/v2_robot_arm_interfaces/msg/rosidl_typesupport_fastrtps_cpp__visibility_control.h
[2.049s] -- Up-to-date: /home/darudecookie/Documents/V2-Robot-Arm/software/ros2/src/install/v2_robot_arm_interfaces/include/v2_robot_arm_interfaces/v2_robot_arm_interfaces/srv
[2.049s] -- Up-to-date: /home/darudecookie/Documents/V2-Robot-Arm/software/ros2/src/install/v2_robot_arm_interfaces/include/v2_robot_arm_interfaces/v2_robot_arm_interfaces/srv/detail
[2.049s] -- Up-to-date: /home/darudecookie/Documents/V2-Robot-Arm/software/ros2/src/install/v2_robot_arm_interfaces/include/v2_robot_arm_interfaces/v2_robot_arm_interfaces/srv/detail/dds_fastrtps
[2.050s] -- Up-to-date: /home/darudecookie/Documents/V2-Robot-Arm/software/ros2/src/install/v2_robot_arm_interfaces/include/v2_robot_arm_interfaces/v2_robot_arm_interfaces/srv/detail/system_status__rosidl_typesupport_fastrtps_cpp.hpp
[2.050s] -- Up-to-date: /home/darudecookie/Documents/V2-Robot-Arm/software/ros2/src/install/v2_robot_arm_interfaces/include/v2_robot_arm_interfaces/v2_robot_arm_interfaces/srv/detail/microcontroller_parameter_dump__rosidl_typesupport_fastrtps_cpp.hpp
[2.050s] -- Up-to-date: /home/darudecookie/Documents/V2-Robot-Arm/software/ros2/src/install/v2_robot_arm_interfaces/include/v2_robot_arm_interfaces/v2_robot_arm_interfaces/srv/detail/target_ee_state__rosidl_typesupport_fastrtps_cpp.hpp
[2.050s] -- Up-to-date: /home/darudecookie/Documents/V2-Robot-Arm/software/ros2/src/install/v2_robot_arm_interfaces/lib/libv2_robot_arm_interfaces__rosidl_typesupport_fastrtps_cpp.so
[2.050s] -- Up-to-date: /home/darudecookie/Documents/V2-Robot-Arm/software/ros2/src/install/v2_robot_arm_interfaces/include/v2_robot_arm_interfaces/v2_robot_arm_interfaces
[2.050s] -- Up-to-date: /home/darudecookie/Documents/V2-Robot-Arm/software/ros2/src/install/v2_robot_arm_interfaces/include/v2_robot_arm_interfaces/v2_robot_arm_interfaces/action
[2.051s] -- Up-to-date: /home/darudecookie/Documents/V2-Robot-Arm/software/ros2/src/install/v2_robot_arm_interfaces/include/v2_robot_arm_interfaces/v2_robot_arm_interfaces/action/detail
[2.051s] -- Up-to-date: /home/darudecookie/Documents/V2-Robot-Arm/software/ros2/src/install/v2_robot_arm_interfaces/include/v2_robot_arm_interfaces/v2_robot_arm_interfaces/action/detail/parametric_trajectory_info__rosidl_typesupport_introspection_c.h
[2.051s] -- Installing: /home/darudecookie/Documents/V2-Robot-Arm/software/ros2/src/install/v2_robot_arm_interfaces/include/v2_robot_arm_interfaces/v2_robot_arm_interfaces/action/detail/parametric_trajectory_info__type_support.c
[2.051s] -- Up-to-date: /home/darudecookie/Documents/V2-Robot-Arm/software/ros2/src/install/v2_robot_arm_interfaces/include/v2_robot_arm_interfaces/v2_robot_arm_interfaces/msg
[2.051s] -- Up-to-date: /home/darudecookie/Documents/V2-Robot-Arm/software/ros2/src/install/v2_robot_arm_interfaces/include/v2_robot_arm_interfaces/v2_robot_arm_interfaces/msg/detail
[2.052s] -- Installing: /home/darudecookie/Documents/V2-Robot-Arm/software/ros2/src/install/v2_robot_arm_interfaces/include/v2_robot_arm_interfaces/v2_robot_arm_interfaces/msg/detail/target_cartesian__type_support.c
[2.052s] -- Installing: /home/darudecookie/Documents/V2-Robot-Arm/software/ros2/src/install/v2_robot_arm_interfaces/include/v2_robot_arm_interfaces/v2_robot_arm_interfaces/msg/detail/current_joint_info__type_support.c
[2.052s] -- Installing: /home/darudecookie/Documents/V2-Robot-Arm/software/ros2/src/install/v2_robot_arm_interfaces/include/v2_robot_arm_interfaces/v2_robot_arm_interfaces/msg/detail/system_diagnostic_info__type_support.c
[2.052s] -- Up-to-date: /home/darudecookie/Documents/V2-Robot-Arm/software/ros2/src/install/v2_robot_arm_interfaces/include/v2_robot_arm_interfaces/v2_robot_arm_interfaces/msg/detail/current_joint_info__rosidl_typesupport_introspection_c.h
[2.052s] -- Up-to-date: /home/darudecookie/Documents/V2-Robot-Arm/software/ros2/src/install/v2_robot_arm_interfaces/include/v2_robot_arm_interfaces/v2_robot_arm_interfaces/msg/detail/peripheral_speed__rosidl_typesupport_introspection_c.h
[2.053s] -- Installing: /home/darudecookie/Documents/V2-Robot-Arm/software/ros2/src/install/v2_robot_arm_interfaces/include/v2_robot_arm_interfaces/v2_robot_arm_interfaces/msg/detail/control_status__type_support.c
[2.053s] -- Installing: /home/darudecookie/Documents/V2-Robot-Arm/software/ros2/src/install/v2_robot_arm_interfaces/include/v2_robot_arm_interfaces/v2_robot_arm_interfaces/msg/detail/peripheral_speed__type_support.c
[2.053s] -- Installing: /home/darudecookie/Documents/V2-Robot-Arm/software/ros2/src/install/v2_robot_arm_interfaces/include/v2_robot_arm_interfaces/v2_robot_arm_interfaces/msg/detail/target_joint_info__type_support.c
[2.053s] -- Installing: /home/darudecookie/Documents/V2-Robot-Arm/software/ros2/src/install/v2_robot_arm_interfaces/include/v2_robot_arm_interfaces/v2_robot_arm_interfaces/msg/detail/current_ee_info__type_support.c
[2.053s] -- Up-to-date: /home/darudecookie/Documents/V2-Robot-Arm/software/ros2/src/install/v2_robot_arm_interfaces/include/v2_robot_arm_interfaces/v2_robot_arm_interfaces/msg/detail/target_joint_info__rosidl_typesupport_introspection_c.h
[2.054s] -- Up-to-date: /home/darudecookie/Documents/V2-Robot-Arm/software/ros2/src/install/v2_robot_arm_interfaces/include/v2_robot_arm_interfaces/v2_robot_arm_interfaces/msg/detail/current_ee_info__rosidl_typesupport_introspection_c.h
[2.054s] -- Up-to-date: /home/darudecookie/Documents/V2-Robot-Arm/software/ros2/src/install/v2_robot_arm_interfaces/include/v2_robot_arm_interfaces/v2_robot_arm_interfaces/msg/detail/target_ee_info__rosidl_typesupport_introspection_c.h
[2.054s] -- Up-to-date: /home/darudecookie/Documents/V2-Robot-Arm/software/ros2/src/install/v2_robot_arm_interfaces/include/v2_robot_arm_interfaces/v2_robot_arm_interfaces/msg/detail/current_cartesian__rosidl_typesupport_introspection_c.h
[2.054s] -- Installing: /home/darudecookie/Documents/V2-Robot-Arm/software/ros2/src/install/v2_robot_arm_interfaces/include/v2_robot_arm_interfaces/v2_robot_arm_interfaces/msg/detail/current_cartesian__type_support.c
[2.055s] -- Up-to-date: /home/darudecookie/Documents/V2-Robot-Arm/software/ros2/src/install/v2_robot_arm_interfaces/include/v2_robot_arm_interfaces/v2_robot_arm_interfaces/msg/detail/control_status__rosidl_typesupport_introspection_c.h
[2.055s] -- Up-to-date: /home/darudecookie/Documents/V2-Robot-Arm/software/ros2/src/install/v2_robot_arm_interfaces/include/v2_robot_arm_interfaces/v2_robot_arm_interfaces/msg/detail/target_cartesian__rosidl_typesupport_introspection_c.h
[2.055s] -- Up-to-date: /home/darudecookie/Documents/V2-Robot-Arm/software/ros2/src/install/v2_robot_arm_interfaces/include/v2_robot_arm_interfaces/v2_robot_arm_interfaces/msg/detail/system_diagnostic_info__rosidl_typesupport_introspection_c.h
[2.055s] -- Installing: /home/darudecookie/Documents/V2-Robot-Arm/software/ros2/src/install/v2_robot_arm_interfaces/include/v2_robot_arm_interfaces/v2_robot_arm_interfaces/msg/detail/target_ee_info__type_support.c
[2.055s] -- Up-to-date: /home/darudecookie/Documents/V2-Robot-Arm/software/ros2/src/install/v2_robot_arm_interfaces/include/v2_robot_arm_interfaces/v2_robot_arm_interfaces/msg/rosidl_typesupport_introspection_c__visibility_control.h
[2.056s] -- Up-to-date: /home/darudecookie/Documents/V2-Robot-Arm/software/ros2/src/install/v2_robot_arm_interfaces/include/v2_robot_arm_interfaces/v2_robot_arm_interfaces/srv
[2.056s] -- Up-to-date: /home/darudecookie/Documents/V2-Robot-Arm/software/ros2/src/install/v2_robot_arm_interfaces/include/v2_robot_arm_interfaces/v2_robot_arm_interfaces/srv/detail
[2.056s] -- Up-to-date: /home/darudecookie/Documents/V2-Robot-Arm/software/ros2/src/install/v2_robot_arm_interfaces/include/v2_robot_arm_interfaces/v2_robot_arm_interfaces/srv/detail/system_status__rosidl_typesupport_introspection_c.h
[2.056s] -- Installing: /home/darudecookie/Documents/V2-Robot-Arm/software/ros2/src/install/v2_robot_arm_interfaces/include/v2_robot_arm_interfaces/v2_robot_arm_interfaces/srv/detail/microcontroller_parameter_dump__type_support.c
[2.056s] -- Up-to-date: /home/darudecookie/Documents/V2-Robot-Arm/software/ros2/src/install/v2_robot_arm_interfaces/include/v2_robot_arm_interfaces/v2_robot_arm_interfaces/srv/detail/target_ee_state__rosidl_typesupport_introspection_c.h
[2.057s] -- Installing: /home/darudecookie/Documents/V2-Robot-Arm/software/ros2/src/install/v2_robot_arm_interfaces/include/v2_robot_arm_interfaces/v2_robot_arm_interfaces/srv/detail/system_status__type_support.c
[2.057s] -- Installing: /home/darudecookie/Documents/V2-Robot-Arm/software/ros2/src/install/v2_robot_arm_interfaces/include/v2_robot_arm_interfaces/v2_robot_arm_interfaces/srv/detail/target_ee_state__type_support.c
[2.057s] -- Up-to-date: /home/darudecookie/Documents/V2-Robot-Arm/software/ros2/src/install/v2_robot_arm_interfaces/include/v2_robot_arm_interfaces/v2_robot_arm_interfaces/srv/detail/microcontroller_parameter_dump__rosidl_typesupport_introspection_c.h
[2.057s] -- Up-to-date: /home/darudecookie/Documents/V2-Robot-Arm/software/ros2/src/install/v2_robot_arm_interfaces/lib/libv2_robot_arm_interfaces__rosidl_typesupport_introspection_c.so
[2.057s] -- Up-to-date: /home/darudecookie/Documents/V2-Robot-Arm/software/ros2/src/install/v2_robot_arm_interfaces/lib/libv2_robot_arm_interfaces__rosidl_typesupport_c.so
[2.058s] -- Up-to-date: /home/darudecookie/Documents/V2-Robot-Arm/software/ros2/src/install/v2_robot_arm_interfaces/include/v2_robot_arm_interfaces/v2_robot_arm_interfaces
[2.058s] -- Up-to-date: /home/darudecookie/Documents/V2-Robot-Arm/software/ros2/src/install/v2_robot_arm_interfaces/include/v2_robot_arm_interfaces/v2_robot_arm_interfaces/action
[2.058s] -- Up-to-date: /home/darudecookie/Documents/V2-Robot-Arm/software/ros2/src/install/v2_robot_arm_interfaces/include/v2_robot_arm_interfaces/v2_robot_arm_interfaces/action/detail
[2.058s] -- Up-to-date: /home/darudecookie/Documents/V2-Robot-Arm/software/ros2/src/install/v2_robot_arm_interfaces/include/v2_robot_arm_interfaces/v2_robot_arm_interfaces/action/detail/parametric_trajectory_info__rosidl_typesupport_introspection_cpp.hpp
[2.059s] -- Up-to-date: /home/darudecookie/Documents/V2-Robot-Arm/software/ros2/src/install/v2_robot_arm_interfaces/include/v2_robot_arm_interfaces/v2_robot_arm_interfaces/action/detail/parametric_trajectory_info__type_support.cpp
[2.059s] -- Up-to-date: /home/darudecookie/Documents/V2-Robot-Arm/software/ros2/src/install/v2_robot_arm_interfaces/include/v2_robot_arm_interfaces/v2_robot_arm_interfaces/msg
[2.059s] -- Up-to-date: /home/darudecookie/Documents/V2-Robot-Arm/software/ros2/src/install/v2_robot_arm_interfaces/include/v2_robot_arm_interfaces/v2_robot_arm_interfaces/msg/detail
[2.060s] -- Up-to-date: /home/darudecookie/Documents/V2-Robot-Arm/software/ros2/src/install/v2_robot_arm_interfaces/include/v2_robot_arm_interfaces/v2_robot_arm_interfaces/msg/detail/system_diagnostic_info__rosidl_typesupport_introspection_cpp.hpp
[2.060s] -- Up-to-date: /home/darudecookie/Documents/V2-Robot-Arm/software/ros2/src/install/v2_robot_arm_interfaces/include/v2_robot_arm_interfaces/v2_robot_arm_interfaces/msg/detail/current_cartesian__type_support.cpp
[2.060s] -- Up-to-date: /home/darudecookie/Documents/V2-Robot-Arm/software/ros2/src/install/v2_robot_arm_interfaces/include/v2_robot_arm_interfaces/v2_robot_arm_interfaces/msg/detail/current_ee_info__rosidl_typesupport_introspection_cpp.hpp
[2.060s] -- Up-to-date: /home/darudecookie/Documents/V2-Robot-Arm/software/ros2/src/install/v2_robot_arm_interfaces/include/v2_robot_arm_interfaces/v2_robot_arm_interfaces/msg/detail/peripheral_speed__type_support.cpp
[2.061s] -- Up-to-date: /home/darudecookie/Documents/V2-Robot-Arm/software/ros2/src/install/v2_robot_arm_interfaces/include/v2_robot_arm_interfaces/v2_robot_arm_interfaces/msg/detail/system_diagnostic_info__type_support.cpp
[2.061s] -- Up-to-date: /home/darudecookie/Documents/V2-Robot-Arm/software/ros2/src/install/v2_robot_arm_interfaces/include/v2_robot_arm_interfaces/v2_robot_arm_interfaces/msg/detail/peripheral_speed__rosidl_typesupport_introspection_cpp.hpp
[2.061s] -- Up-to-date: /home/darudecookie/Documents/V2-Robot-Arm/software/ros2/src/install/v2_robot_arm_interfaces/include/v2_robot_arm_interfaces/v2_robot_arm_interfaces/msg/detail/target_ee_info__rosidl_typesupport_introspection_cpp.hpp
[2.061s] -- Up-to-date: /home/darudecookie/Documents/V2-Robot-Arm/software/ros2/src/install/v2_robot_arm_interfaces/include/v2_robot_arm_interfaces/v2_robot_arm_interfaces/msg/detail/target_joint_info__type_support.cpp
[2.062s] -- Up-to-date: /home/darudecookie/Documents/V2-Robot-Arm/software/ros2/src/install/v2_robot_arm_interfaces/include/v2_robot_arm_interfaces/v2_robot_arm_interfaces/msg/detail/control_status__rosidl_typesupport_introspection_cpp.hpp
[2.062s] -- Up-to-date: /home/darudecookie/Documents/V2-Robot-Arm/software/ros2/src/install/v2_robot_arm_interfaces/include/v2_robot_arm_interfaces/v2_robot_arm_interfaces/msg/detail/target_joint_info__rosidl_typesupport_introspection_cpp.hpp
[2.063s] -- Up-to-date: /home/darudecookie/Documents/V2-Robot-Arm/software/ros2/src/install/v2_robot_arm_interfaces/include/v2_robot_arm_interfaces/v2_robot_arm_interfaces/msg/detail/target_cartesian__rosidl_typesupport_introspection_cpp.hpp
[2.063s] -- Up-to-date: /home/darudecookie/Documents/V2-Robot-Arm/software/ros2/src/install/v2_robot_arm_interfaces/include/v2_robot_arm_interfaces/v2_robot_arm_interfaces/msg/detail/current_joint_info__rosidl_typesupport_introspection_cpp.hpp
[2.063s] -- Up-to-date: /home/darudecookie/Documents/V2-Robot-Arm/software/ros2/src/install/v2_robot_arm_interfaces/include/v2_robot_arm_interfaces/v2_robot_arm_interfaces/msg/detail/target_cartesian__type_support.cpp
[2.063s] -- Up-to-date: /home/darudecookie/Documents/V2-Robot-Arm/software/ros2/src/install/v2_robot_arm_interfaces/include/v2_robot_arm_interfaces/v2_robot_arm_interfaces/msg/detail/current_cartesian__rosidl_typesupport_introspection_cpp.hpp
[2.063s] -- Up-to-date: /home/darudecookie/Documents/V2-Robot-Arm/software/ros2/src/install/v2_robot_arm_interfaces/include/v2_robot_arm_interfaces/v2_robot_arm_interfaces/msg/detail/target_ee_info__type_support.cpp
[2.063s] -- Up-to-date: /home/darudecookie/Documents/V2-Robot-Arm/software/ros2/src/install/v2_robot_arm_interfaces/include/v2_robot_arm_interfaces/v2_robot_arm_interfaces/msg/detail/control_status__type_support.cpp
[2.064s] -- Up-to-date: /home/darudecookie/Documents/V2-Robot-Arm/software/ros2/src/install/v2_robot_arm_interfaces/include/v2_robot_arm_interfaces/v2_robot_arm_interfaces/msg/detail/current_ee_info__type_support.cpp
[2.064s] -- Up-to-date: /home/darudecookie/Documents/V2-Robot-Arm/software/ros2/src/install/v2_robot_arm_interfaces/include/v2_robot_arm_interfaces/v2_robot_arm_interfaces/msg/detail/current_joint_info__type_support.cpp
[2.064s] -- Up-to-date: /home/darudecookie/Documents/V2-Robot-Arm/software/ros2/src/install/v2_robot_arm_interfaces/include/v2_robot_arm_interfaces/v2_robot_arm_interfaces/srv
[2.064s] -- Up-to-date: /home/darudecookie/Documents/V2-Robot-Arm/software/ros2/src/install/v2_robot_arm_interfaces/include/v2_robot_arm_interfaces/v2_robot_arm_interfaces/srv/detail
[2.064s] -- Up-to-date: /home/darudecookie/Documents/V2-Robot-Arm/software/ros2/src/install/v2_robot_arm_interfaces/include/v2_robot_arm_interfaces/v2_robot_arm_interfaces/srv/detail/system_status__rosidl_typesupport_introspection_cpp.hpp
[2.065s] -- Up-to-date: /home/darudecookie/Documents/V2-Robot-Arm/software/ros2/src/install/v2_robot_arm_interfaces/include/v2_robot_arm_interfaces/v2_robot_arm_interfaces/srv/detail/microcontroller_parameter_dump__type_support.cpp
[2.065s] -- Up-to-date: /home/darudecookie/Documents/V2-Robot-Arm/software/ros2/src/install/v2_robot_arm_interfaces/include/v2_robot_arm_interfaces/v2_robot_arm_interfaces/srv/detail/system_status__type_support.cpp
[2.065s] -- Up-to-date: /home/darudecookie/Documents/V2-Robot-Arm/software/ros2/src/install/v2_robot_arm_interfaces/include/v2_robot_arm_interfaces/v2_robot_arm_interfaces/srv/detail/target_ee_state__type_support.cpp
[2.065s] -- Up-to-date: /home/darudecookie/Documents/V2-Robot-Arm/software/ros2/src/install/v2_robot_arm_interfaces/include/v2_robot_arm_interfaces/v2_robot_arm_interfaces/srv/detail/target_ee_state__rosidl_typesupport_introspection_cpp.hpp
[2.065s] -- Up-to-date: /home/darudecookie/Documents/V2-Robot-Arm/software/ros2/src/install/v2_robot_arm_interfaces/include/v2_robot_arm_interfaces/v2_robot_arm_interfaces/srv/detail/microcontroller_parameter_dump__rosidl_typesupport_introspection_cpp.hpp
[2.066s] -- Up-to-date: /home/darudecookie/Documents/V2-Robot-Arm/software/ros2/src/install/v2_robot_arm_interfaces/lib/libv2_robot_arm_interfaces__rosidl_typesupport_introspection_cpp.so
[2.066s] -- Up-to-date: /home/darudecookie/Documents/V2-Robot-Arm/software/ros2/src/install/v2_robot_arm_interfaces/lib/libv2_robot_arm_interfaces__rosidl_typesupport_cpp.so
[2.066s] -- Up-to-date: /home/darudecookie/Documents/V2-Robot-Arm/software/ros2/src/install/v2_robot_arm_interfaces/share/v2_robot_arm_interfaces/environment/pythonpath.sh
[2.066s] -- Up-to-date: /home/darudecookie/Documents/V2-Robot-Arm/software/ros2/src/install/v2_robot_arm_interfaces/share/v2_robot_arm_interfaces/environment/pythonpath.dsv
[2.066s] -- Up-to-date: /home/darudecookie/Documents/V2-Robot-Arm/software/ros2/src/install/v2_robot_arm_interfaces/lib/python3.12/site-packages/v2_robot_arm_interfaces-0.0.1-py3.12.egg-info
[2.066s] -- Installing: /home/darudecookie/Documents/V2-Robot-Arm/software/ros2/src/install/v2_robot_arm_interfaces/lib/python3.12/site-packages/v2_robot_arm_interfaces-0.0.1-py3.12.egg-info/SOURCES.txt
[2.067s] -- Installing: /home/darudecookie/Documents/V2-Robot-Arm/software/ros2/src/install/v2_robot_arm_interfaces/lib/python3.12/site-packages/v2_robot_arm_interfaces-0.0.1-py3.12.egg-info/dependency_links.txt
[2.067s] -- Installing: /home/darudecookie/Documents/V2-Robot-Arm/software/ros2/src/install/v2_robot_arm_interfaces/lib/python3.12/site-packages/v2_robot_arm_interfaces-0.0.1-py3.12.egg-info/top_level.txt
[2.067s] -- Installing: /home/darudecookie/Documents/V2-Robot-Arm/software/ros2/src/install/v2_robot_arm_interfaces/lib/python3.12/site-packages/v2_robot_arm_interfaces-0.0.1-py3.12.egg-info/PKG-INFO
[2.067s] -- Up-to-date: /home/darudecookie/Documents/V2-Robot-Arm/software/ros2/src/install/v2_robot_arm_interfaces/lib/python3.12/site-packages/v2_robot_arm_interfaces
[2.067s] -- Up-to-date: /home/darudecookie/Documents/V2-Robot-Arm/software/ros2/src/install/v2_robot_arm_interfaces/lib/python3.12/site-packages/v2_robot_arm_interfaces/v2_robot_arm_interfaces_s__rosidl_typesupport_fastrtps_c.so
[2.068s] -- Up-to-date: /home/darudecookie/Documents/V2-Robot-Arm/software/ros2/src/install/v2_robot_arm_interfaces/lib/python3.12/site-packages/v2_robot_arm_interfaces/action
[2.068s] -- Up-to-date: /home/darudecookie/Documents/V2-Robot-Arm/software/ros2/src/install/v2_robot_arm_interfaces/lib/python3.12/site-packages/v2_robot_arm_interfaces/action/__init__.py
[2.068s] -- Up-to-date: /home/darudecookie/Documents/V2-Robot-Arm/software/ros2/src/install/v2_robot_arm_interfaces/lib/python3.12/site-packages/v2_robot_arm_interfaces/action/_parametric_trajectory_info_s.c
[2.068s] -- Up-to-date: /home/darudecookie/Documents/V2-Robot-Arm/software/ros2/src/install/v2_robot_arm_interfaces/lib/python3.12/site-packages/v2_robot_arm_interfaces/action/_parametric_trajectory_info.py
[2.068s] -- Up-to-date: /home/darudecookie/Documents/V2-Robot-Arm/software/ros2/src/install/v2_robot_arm_interfaces/lib/python3.12/site-packages/v2_robot_arm_interfaces/__init__.py
[2.069s] -- Up-to-date: /home/darudecookie/Documents/V2-Robot-Arm/software/ros2/src/install/v2_robot_arm_interfaces/lib/python3.12/site-packages/v2_robot_arm_interfaces/_v2_robot_arm_interfaces_s.ep.rosidl_typesupport_fastrtps_c.c
[2.069s] -- Up-to-date: /home/darudecookie/Documents/V2-Robot-Arm/software/ros2/src/install/v2_robot_arm_interfaces/lib/python3.12/site-packages/v2_robot_arm_interfaces/v2_robot_arm_interfaces_s__rosidl_typesupport_introspection_c.so
[2.069s] -- Up-to-date: /home/darudecookie/Documents/V2-Robot-Arm/software/ros2/src/install/v2_robot_arm_interfaces/lib/python3.12/site-packages/v2_robot_arm_interfaces/_v2_robot_arm_interfaces_s.ep.rosidl_typesupport_introspection_c.c
[2.069s] -- Up-to-date: /home/darudecookie/Documents/V2-Robot-Arm/software/ros2/src/install/v2_robot_arm_interfaces/lib/python3.12/site-packages/v2_robot_arm_interfaces/_v2_robot_arm_interfaces_s.ep.rosidl_typesupport_c.c
[2.070s] -- Up-to-date: /home/darudecookie/Documents/V2-Robot-Arm/software/ros2/src/install/v2_robot_arm_interfaces/lib/python3.12/site-packages/v2_robot_arm_interfaces/v2_robot_arm_interfaces_s__rosidl_typesupport_c.so
[2.070s] -- Up-to-date: /home/darudecookie/Documents/V2-Robot-Arm/software/ros2/src/install/v2_robot_arm_interfaces/lib/python3.12/site-packages/v2_robot_arm_interfaces/msg
[2.070s] -- Up-to-date: /home/darudecookie/Documents/V2-Robot-Arm/software/ros2/src/install/v2_robot_arm_interfaces/lib/python3.12/site-packages/v2_robot_arm_interfaces/msg/_peripheral_speed.py
[2.070s] -- Up-to-date: /home/darudecookie/Documents/V2-Robot-Arm/software/ros2/src/install/v2_robot_arm_interfaces/lib/python3.12/site-packages/v2_robot_arm_interfaces/msg/_target_joint_info_s.c
[2.070s] -- Up-to-date: /home/darudecookie/Documents/V2-Robot-Arm/software/ros2/src/install/v2_robot_arm_interfaces/lib/python3.12/site-packages/v2_robot_arm_interfaces/msg/_system_diagnostic_info_s.c
[2.070s] -- Up-to-date: /home/darudecookie/Documents/V2-Robot-Arm/software/ros2/src/install/v2_robot_arm_interfaces/lib/python3.12/site-packages/v2_robot_arm_interfaces/msg/_peripheral_speed_s.c
[2.071s] -- Up-to-date: /home/darudecookie/Documents/V2-Robot-Arm/software/ros2/src/install/v2_robot_arm_interfaces/lib/python3.12/site-packages/v2_robot_arm_interfaces/msg/_target_ee_info_s.c
[2.071s] -- Up-to-date: /home/darudecookie/Documents/V2-Robot-Arm/software/ros2/src/install/v2_robot_arm_interfaces/lib/python3.12/site-packages/v2_robot_arm_interfaces/msg/_current_cartesian_s.c
[2.071s] -- Up-to-date: /home/darudecookie/Documents/V2-Robot-Arm/software/ros2/src/install/v2_robot_arm_interfaces/lib/python3.12/site-packages/v2_robot_arm_interfaces/msg/_target_cartesian.py
[2.072s] -- Up-to-date: /home/darudecookie/Documents/V2-Robot-Arm/software/ros2/src/install/v2_robot_arm_interfaces/lib/python3.12/site-packages/v2_robot_arm_interfaces/msg/__init__.py
[2.072s] -- Up-to-date: /home/darudecookie/Documents/V2-Robot-Arm/software/ros2/src/install/v2_robot_arm_interfaces/lib/python3.12/site-packages/v2_robot_arm_interfaces/msg/_current_joint_info.py
[2.072s] -- Up-to-date: /home/darudecookie/Documents/V2-Robot-Arm/software/ros2/src/install/v2_robot_arm_interfaces/lib/python3.12/site-packages/v2_robot_arm_interfaces/msg/_control_status_s.c
[2.072s] -- Up-to-date: /home/darudecookie/Documents/V2-Robot-Arm/software/ros2/src/install/v2_robot_arm_interfaces/lib/python3.12/site-packages/v2_robot_arm_interfaces/msg/_system_diagnostic_info.py
[2.072s] -- Up-to-date: /home/darudecookie/Documents/V2-Robot-Arm/software/ros2/src/install/v2_robot_arm_interfaces/lib/python3.12/site-packages/v2_robot_arm_interfaces/msg/_current_ee_info.py
[2.073s] -- Up-to-date: /home/darudecookie/Documents/V2-Robot-Arm/software/ros2/src/install/v2_robot_arm_interfaces/lib/python3.12/site-packages/v2_robot_arm_interfaces/msg/_current_cartesian.py
[2.073s] -- Up-to-date: /home/darudecookie/Documents/V2-Robot-Arm/software/ros2/src/install/v2_robot_arm_interfaces/lib/python3.12/site-packages/v2_robot_arm_interfaces/msg/_current_joint_info_s.c
[2.073s] -- Up-to-date: /home/darudecookie/Documents/V2-Robot-Arm/software/ros2/src/install/v2_robot_arm_interfaces/lib/python3.12/site-packages/v2_robot_arm_interfaces/msg/_target_cartesian_s.c
[2.073s] -- Up-to-date: /home/darudecookie/Documents/V2-Robot-Arm/software/ros2/src/install/v2_robot_arm_interfaces/lib/python3.12/site-packages/v2_robot_arm_interfaces/msg/_target_ee_info.py
[2.073s] -- Up-to-date: /home/darudecookie/Documents/V2-Robot-Arm/software/ros2/src/install/v2_robot_arm_interfaces/lib/python3.12/site-packages/v2_robot_arm_interfaces/msg/_control_status.py
[2.074s] -- Up-to-date: /home/darudecookie/Documents/V2-Robot-Arm/software/ros2/src/install/v2_robot_arm_interfaces/lib/python3.12/site-packages/v2_robot_arm_interfaces/msg/_current_ee_info_s.c
[2.074s] -- Up-to-date: /home/darudecookie/Documents/V2-Robot-Arm/software/ros2/src/install/v2_robot_arm_interfaces/lib/python3.12/site-packages/v2_robot_arm_interfaces/msg/_target_joint_info.py
[2.074s] -- Up-to-date: /home/darudecookie/Documents/V2-Robot-Arm/software/ros2/src/install/v2_robot_arm_interfaces/lib/python3.12/site-packages/v2_robot_arm_interfaces/srv
[2.074s] -- Up-to-date: /home/darudecookie/Documents/V2-Robot-Arm/software/ros2/src/install/v2_robot_arm_interfaces/lib/python3.12/site-packages/v2_robot_arm_interfaces/srv/_microcontroller_parameter_dump_s.c
[2.075s] -- Up-to-date: /home/darudecookie/Documents/V2-Robot-Arm/software/ros2/src/install/v2_robot_arm_interfaces/lib/python3.12/site-packages/v2_robot_arm_interfaces/srv/_target_ee_state_s.c
[2.075s] -- Up-to-date: /home/darudecookie/Documents/V2-Robot-Arm/software/ros2/src/install/v2_robot_arm_interfaces/lib/python3.12/site-packages/v2_robot_arm_interfaces/srv/_system_status_s.c
[2.075s] -- Up-to-date: /home/darudecookie/Documents/V2-Robot-Arm/software/ros2/src/install/v2_robot_arm_interfaces/lib/python3.12/site-packages/v2_robot_arm_interfaces/srv/__init__.py
[2.076s] -- Up-to-date: /home/darudecookie/Documents/V2-Robot-Arm/software/ros2/src/install/v2_robot_arm_interfaces/lib/python3.12/site-packages/v2_robot_arm_interfaces/srv/_microcontroller_parameter_dump.py
[2.076s] -- Up-to-date: /home/darudecookie/Documents/V2-Robot-Arm/software/ros2/src/install/v2_robot_arm_interfaces/lib/python3.12/site-packages/v2_robot_arm_interfaces/srv/_system_status.py
[2.076s] -- Up-to-date: /home/darudecookie/Documents/V2-Robot-Arm/software/ros2/src/install/v2_robot_arm_interfaces/lib/python3.12/site-packages/v2_robot_arm_interfaces/srv/_target_ee_state.py
[2.098s] Listing '/home/darudecookie/Documents/V2-Robot-Arm/software/ros2/src/install/v2_robot_arm_interfaces/lib/python3.12/site-packages/v2_robot_arm_interfaces'...
[2.098s] Listing '/home/darudecookie/Documents/V2-Robot-Arm/software/ros2/src/install/v2_robot_arm_interfaces/lib/python3.12/site-packages/v2_robot_arm_interfaces/action'...
[2.098s] Listing '/home/darudecookie/Documents/V2-Robot-Arm/software/ros2/src/install/v2_robot_arm_interfaces/lib/python3.12/site-packages/v2_robot_arm_interfaces/msg'...
[2.098s] Listing '/home/darudecookie/Documents/V2-Robot-Arm/software/ros2/src/install/v2_robot_arm_interfaces/lib/python3.12/site-packages/v2_robot_arm_interfaces/srv'...
[2.108s] -- Up-to-date: /home/darudecookie/Documents/V2-Robot-Arm/software/ros2/src/install/v2_robot_arm_interfaces/lib/python3.12/site-packages/v2_robot_arm_interfaces/v2_robot_arm_interfaces_s__rosidl_typesupport_fastrtps_c.so
[2.110s] -- Up-to-date: /home/darudecookie/Documents/V2-Robot-Arm/software/ros2/src/install/v2_robot_arm_interfaces/lib/python3.12/site-packages/v2_robot_arm_interfaces/v2_robot_arm_interfaces_s__rosidl_typesupport_introspection_c.so
[2.110s] -- Up-to-date: /home/darudecookie/Documents/V2-Robot-Arm/software/ros2/src/install/v2_robot_arm_interfaces/lib/python3.12/site-packages/v2_robot_arm_interfaces/v2_robot_arm_interfaces_s__rosidl_typesupport_c.so
[2.111s] -- Up-to-date: /home/darudecookie/Documents/V2-Robot-Arm/software/ros2/src/install/v2_robot_arm_interfaces/lib/libv2_robot_arm_interfaces__rosidl_generator_py.so
[2.111s] -- Up-to-date: /home/darudecookie/Documents/V2-Robot-Arm/software/ros2/src/install/v2_robot_arm_interfaces/share/v2_robot_arm_interfaces/action/ParametricTrajectoryInfo.idl
[2.112s] -- Up-to-date: /home/darudecookie/Documents/V2-Robot-Arm/software/ros2/src/install/v2_robot_arm_interfaces/share/v2_robot_arm_interfaces/msg/ControlStatus.idl
[2.113s] -- Up-to-date: /home/darudecookie/Documents/V2-Robot-Arm/software/ros2/src/install/v2_robot_arm_interfaces/share/v2_robot_arm_interfaces/msg/CurrentEEInfo.idl
[2.113s] -- Up-to-date: /home/darudecookie/Documents/V2-Robot-Arm/software/ros2/src/install/v2_robot_arm_interfaces/share/v2_robot_arm_interfaces/msg/CurrentJointInfo.idl
[2.114s] -- Up-to-date: /home/darudecookie/Documents/V2-Robot-Arm/software/ros2/src/install/v2_robot_arm_interfaces/share/v2_robot_arm_interfaces/msg/CurrentCartesian.idl
[2.115s] -- Up-to-date: /home/darudecookie/Documents/V2-Robot-Arm/software/ros2/src/install/v2_robot_arm_interfaces/share/v2_robot_arm_interfaces/msg/PeripheralSpeed.idl
[2.115s] -- Up-to-date: /home/darudecookie/Documents/V2-Robot-Arm/software/ros2/src/install/v2_robot_arm_interfaces/share/v2_robot_arm_interfaces/msg/SystemDiagnosticInfo.idl
[2.116s] -- Up-to-date: /home/darudecookie/Documents/V2-Robot-Arm/software/ros2/src/install/v2_robot_arm_interfaces/share/v2_robot_arm_interfaces/msg/TargetCartesian.idl
[2.117s] -- Up-to-date: /home/darudecookie/Documents/V2-Robot-Arm/software/ros2/src/install/v2_robot_arm_interfaces/share/v2_robot_arm_interfaces/msg/TargetEEInfo.idl
[2.117s] -- Up-to-date: /home/darudecookie/Documents/V2-Robot-Arm/software/ros2/src/install/v2_robot_arm_interfaces/share/v2_robot_arm_interfaces/msg/TargetJointInfo.idl
[2.118s] -- Up-to-date: /home/darudecookie/Documents/V2-Robot-Arm/software/ros2/src/install/v2_robot_arm_interfaces/share/v2_robot_arm_interfaces/srv/MicrocontrollerParameterDump.idl
[2.118s] -- Up-to-date: /home/darudecookie/Documents/V2-Robot-Arm/software/ros2/src/install/v2_robot_arm_interfaces/share/v2_robot_arm_interfaces/srv/SystemStatus.idl
[2.119s] -- Up-to-date: /home/darudecookie/Documents/V2-Robot-Arm/software/ros2/src/install/v2_robot_arm_interfaces/share/v2_robot_arm_interfaces/srv/TargetEEState.idl
[2.120s] -- Up-to-date: /home/darudecookie/Documents/V2-Robot-Arm/software/ros2/src/install/v2_robot_arm_interfaces/share/v2_robot_arm_interfaces/action/ParametricTrajectoryInfo.action
[2.120s] -- Up-to-date: /home/darudecookie/Documents/V2-Robot-Arm/software/ros2/src/install/v2_robot_arm_interfaces/share/v2_robot_arm_interfaces/msg/ControlStatus.msg
[2.121s] -- Up-to-date: /home/darudecookie/Documents/V2-Robot-Arm/software/ros2/src/install/v2_robot_arm_interfaces/share/v2_robot_arm_interfaces/msg/CurrentEEInfo.msg
[2.123s] -- Up-to-date: /home/darudecookie/Documents/V2-Robot-Arm/software/ros2/src/install/v2_robot_arm_interfaces/share/v2_robot_arm_interfaces/msg/CurrentJointInfo.msg
[2.123s] -- Up-to-date: /home/darudecookie/Documents/V2-Robot-Arm/software/ros2/src/install/v2_robot_arm_interfaces/share/v2_robot_arm_interfaces/msg/CurrentCartesian.msg
[2.124s] -- Up-to-date: /home/darudecookie/Documents/V2-Robot-Arm/software/ros2/src/install/v2_robot_arm_interfaces/share/v2_robot_arm_interfaces/msg/PeripheralSpeed.msg
[2.124s] -- Up-to-date: /home/darudecookie/Documents/V2-Robot-Arm/software/ros2/src/install/v2_robot_arm_interfaces/share/v2_robot_arm_interfaces/msg/SystemDiagnosticInfo.msg
[2.125s] -- Up-to-date: /home/darudecookie/Documents/V2-Robot-Arm/software/ros2/src/install/v2_robot_arm_interfaces/share/v2_robot_arm_interfaces/msg/TargetCartesian.msg
[2.125s] -- Up-to-date: /home/darudecookie/Documents/V2-Robot-Arm/software/ros2/src/install/v2_robot_arm_interfaces/share/v2_robot_arm_interfaces/msg/TargetEEInfo.msg
[2.125s] -- Up-to-date: /home/darudecookie/Documents/V2-Robot-Arm/software/ros2/src/install/v2_robot_arm_interfaces/share/v2_robot_arm_interfaces/msg/TargetJointInfo.msg
[2.125s] -- Up-to-date: /home/darudecookie/Documents/V2-Robot-Arm/software/ros2/src/install/v2_robot_arm_interfaces/share/v2_robot_arm_interfaces/srv/MicrocontrollerParameterDump.srv
[2.125s] -- Up-to-date: /home/darudecookie/Documents/V2-Robot-Arm/software/ros2/src/install/v2_robot_arm_interfaces/share/v2_robot_arm_interfaces/srv/SystemStatus.srv
[2.126s] -- Up-to-date: /home/darudecookie/Documents/V2-Robot-Arm/software/ros2/src/install/v2_robot_arm_interfaces/share/v2_robot_arm_interfaces/srv/TargetEEState.srv
[2.126s] -- Up-to-date: /home/darudecookie/Documents/V2-Robot-Arm/software/ros2/src/install/v2_robot_arm_interfaces/share/ament_index/resource_index/package_run_dependencies/v2_robot_arm_interfaces
[2.126s] -- Up-to-date: /home/darudecookie/Documents/V2-Robot-Arm/software/ros2/src/install/v2_robot_arm_interfaces/share/ament_index/resource_index/parent_prefix_path/v2_robot_arm_interfaces
[2.126s] -- Up-to-date: /home/darudecookie/Documents/V2-Robot-Arm/software/ros2/src/install/v2_robot_arm_interfaces/share/v2_robot_arm_interfaces/environment/ament_prefix_path.sh
[2.128s] -- Up-to-date: /home/darudecookie/Documents/V2-Robot-Arm/software/ros2/src/install/v2_robot_arm_interfaces/share/v2_robot_arm_interfaces/environment/ament_prefix_path.dsv
[2.128s] -- Up-to-date: /home/darudecookie/Documents/V2-Robot-Arm/software/ros2/src/install/v2_robot_arm_interfaces/share/v2_robot_arm_interfaces/environment/path.sh
[2.128s] -- Up-to-date: /home/darudecookie/Documents/V2-Robot-Arm/software/ros2/src/install/v2_robot_arm_interfaces/share/v2_robot_arm_interfaces/environment/path.dsv
[2.129s] -- Up-to-date: /home/darudecookie/Documents/V2-Robot-Arm/software/ros2/src/install/v2_robot_arm_interfaces/share/v2_robot_arm_interfaces/local_setup.bash
[2.129s] -- Up-to-date: /home/darudecookie/Documents/V2-Robot-Arm/software/ros2/src/install/v2_robot_arm_interfaces/share/v2_robot_arm_interfaces/local_setup.sh
[2.129s] -- Up-to-date: /home/darudecookie/Documents/V2-Robot-Arm/software/ros2/src/install/v2_robot_arm_interfaces/share/v2_robot_arm_interfaces/local_setup.zsh
[2.129s] -- Up-to-date: /home/darudecookie/Documents/V2-Robot-Arm/software/ros2/src/install/v2_robot_arm_interfaces/share/v2_robot_arm_interfaces/local_setup.dsv
[2.135s] -- Installing: /home/darudecookie/Documents/V2-Robot-Arm/software/ros2/src/install/v2_robot_arm_interfaces/share/v2_robot_arm_interfaces/package.dsv
[2.136s] -- Up-to-date: /home/darudecookie/Documents/V2-Robot-Arm/software/ros2/src/install/v2_robot_arm_interfaces/share/ament_index/resource_index/packages/v2_robot_arm_interfaces
[2.136s] -- Up-to-date: /home/darudecookie/Documents/V2-Robot-Arm/software/ros2/src/install/v2_robot_arm_interfaces/share/v2_robot_arm_interfaces/cmake/export_v2_robot_arm_interfaces__rosidl_generator_cExport.cmake
[2.136s] -- Up-to-date: /home/darudecookie/Documents/V2-Robot-Arm/software/ros2/src/install/v2_robot_arm_interfaces/share/v2_robot_arm_interfaces/cmake/export_v2_robot_arm_interfaces__rosidl_generator_cExport-noconfig.cmake
[2.136s] -- Up-to-date: /home/darudecookie/Documents/V2-Robot-Arm/software/ros2/src/install/v2_robot_arm_interfaces/share/v2_robot_arm_interfaces/cmake/export_v2_robot_arm_interfaces__rosidl_typesupport_fastrtps_cExport.cmake
[2.136s] -- Up-to-date: /home/darudecookie/Documents/V2-Robot-Arm/software/ros2/src/install/v2_robot_arm_interfaces/share/v2_robot_arm_interfaces/cmake/export_v2_robot_arm_interfaces__rosidl_typesupport_fastrtps_cExport-noconfig.cmake
[2.136s] -- Up-to-date: /home/darudecookie/Documents/V2-Robot-Arm/software/ros2/src/install/v2_robot_arm_interfaces/share/v2_robot_arm_interfaces/cmake/export_v2_robot_arm_interfaces__rosidl_generator_cppExport.cmake
[2.137s] -- Up-to-date: /home/darudecookie/Documents/V2-Robot-Arm/software/ros2/src/install/v2_robot_arm_interfaces/share/v2_robot_arm_interfaces/cmake/export_v2_robot_arm_interfaces__rosidl_typesupport_fastrtps_cppExport.cmake
[2.137s] -- Up-to-date: /home/darudecookie/Documents/V2-Robot-Arm/software/ros2/src/install/v2_robot_arm_interfaces/share/v2_robot_arm_interfaces/cmake/export_v2_robot_arm_interfaces__rosidl_typesupport_fastrtps_cppExport-noconfig.cmake
[2.137s] -- Up-to-date: /home/darudecookie/Documents/V2-Robot-Arm/software/ros2/src/install/v2_robot_arm_interfaces/share/v2_robot_arm_interfaces/cmake/v2_robot_arm_interfaces__rosidl_typesupport_introspection_cExport.cmake
[2.137s] -- Up-to-date: /home/darudecookie/Documents/V2-Robot-Arm/software/ros2/src/install/v2_robot_arm_interfaces/share/v2_robot_arm_interfaces/cmake/v2_robot_arm_interfaces__rosidl_typesupport_introspection_cExport-noconfig.cmake
[2.137s] -- Up-to-date: /home/darudecookie/Documents/V2-Robot-Arm/software/ros2/src/install/v2_robot_arm_interfaces/share/v2_robot_arm_interfaces/cmake/v2_robot_arm_interfaces__rosidl_typesupport_cExport.cmake
[2.137s] -- Up-to-date: /home/darudecookie/Documents/V2-Robot-Arm/software/ros2/src/install/v2_robot_arm_interfaces/share/v2_robot_arm_interfaces/cmake/v2_robot_arm_interfaces__rosidl_typesupport_cExport-noconfig.cmake
[2.137s] -- Up-to-date: /home/darudecookie/Documents/V2-Robot-Arm/software/ros2/src/install/v2_robot_arm_interfaces/share/v2_robot_arm_interfaces/cmake/v2_robot_arm_interfaces__rosidl_typesupport_introspection_cppExport.cmake
[2.138s] -- Up-to-date: /home/darudecookie/Documents/V2-Robot-Arm/software/ros2/src/install/v2_robot_arm_interfaces/share/v2_robot_arm_interfaces/cmake/v2_robot_arm_interfaces__rosidl_typesupport_introspection_cppExport-noconfig.cmake
[2.138s] -- Up-to-date: /home/darudecookie/Documents/V2-Robot-Arm/software/ros2/src/install/v2_robot_arm_interfaces/share/v2_robot_arm_interfaces/cmake/v2_robot_arm_interfaces__rosidl_typesupport_cppExport.cmake
[2.138s] -- Up-to-date: /home/darudecookie/Documents/V2-Robot-Arm/software/ros2/src/install/v2_robot_arm_interfaces/share/v2_robot_arm_interfaces/cmake/v2_robot_arm_interfaces__rosidl_typesupport_cppExport-noconfig.cmake
[2.138s] -- Up-to-date: /home/darudecookie/Documents/V2-Robot-Arm/software/ros2/src/install/v2_robot_arm_interfaces/share/v2_robot_arm_interfaces/cmake/export_v2_robot_arm_interfaces__rosidl_generator_pyExport.cmake
[2.144s] -- Up-to-date: /home/darudecookie/Documents/V2-Robot-Arm/software/ros2/src/install/v2_robot_arm_interfaces/share/v2_robot_arm_interfaces/cmake/export_v2_robot_arm_interfaces__rosidl_generator_pyExport-noconfig.cmake
[2.144s] -- Up-to-date: /home/darudecookie/Documents/V2-Robot-Arm/software/ros2/src/install/v2_robot_arm_interfaces/share/v2_robot_arm_interfaces/cmake/rosidl_cmake-extras.cmake
[2.145s] -- Up-to-date: /home/darudecookie/Documents/V2-Robot-Arm/software/ros2/src/install/v2_robot_arm_interfaces/share/v2_robot_arm_interfaces/cmake/ament_cmake_export_dependencies-extras.cmake
[2.145s] -- Up-to-date: /home/darudecookie/Documents/V2-Robot-Arm/software/ros2/src/install/v2_robot_arm_interfaces/share/v2_robot_arm_interfaces/cmake/ament_cmake_export_include_directories-extras.cmake
[2.145s] -- Up-to-date: /home/darudecookie/Documents/V2-Robot-Arm/software/ros2/src/install/v2_robot_arm_interfaces/share/v2_robot_arm_interfaces/cmake/ament_cmake_export_libraries-extras.cmake
[2.145s] -- Up-to-date: /home/darudecookie/Documents/V2-Robot-Arm/software/ros2/src/install/v2_robot_arm_interfaces/share/v2_robot_arm_interfaces/cmake/ament_cmake_export_targets-extras.cmake
[2.145s] -- Up-to-date: /home/darudecookie/Documents/V2-Robot-Arm/software/ros2/src/install/v2_robot_arm_interfaces/share/v2_robot_arm_interfaces/cmake/rosidl_cmake_export_typesupport_targets-extras.cmake
[2.145s] -- Up-to-date: /home/darudecookie/Documents/V2-Robot-Arm/software/ros2/src/install/v2_robot_arm_interfaces/share/v2_robot_arm_interfaces/cmake/rosidl_cmake_export_typesupport_libraries-extras.cmake
[2.145s] -- Up-to-date: /home/darudecookie/Documents/V2-Robot-Arm/software/ros2/src/install/v2_robot_arm_interfaces/share/v2_robot_arm_interfaces/cmake/v2_robot_arm_interfacesConfig.cmake
[2.146s] -- Up-to-date: /home/darudecookie/Documents/V2-Robot-Arm/software/ros2/src/install/v2_robot_arm_interfaces/share/v2_robot_arm_interfaces/cmake/v2_robot_arm_interfacesConfig-version.cmake
[2.146s] -- Up-to-date: /home/darudecookie/Documents/V2-Robot-Arm/software/ros2/src/install/v2_robot_arm_interfaces/share/v2_robot_arm_interfaces/package.xml
[2.146s] Invoked command in '/home/darudecookie/Documents/V2-Robot-Arm/software/ros2/src/build/v2_robot_arm_interfaces' returned '0': CMAKE_PREFIX_PATH=${CMAKE_PREFIX_PATH}:/opt/ros/rolling DEBUGINFOD_URLS=https://debuginfod.ubuntu.com /usr/bin/cmake --install /home/darudecookie/Documents/V2-Robot-Arm/software/ros2/src/build/v2_robot_arm_interfaces
