[0.056s] Invoking command in '/home/darudecookie/Documents/V2-Robot-Arm/software/ros2/src/build/v2_robot_arm_interfaces': CMAKE_PREFIX_PATH=${CMAKE_PREFIX_PATH}:/home/darudecookie/Documents/V2-Robot-Arm/software/ros2/src/install/movement_controllers:/home/darudecookie/Documents/V2-Robot-Arm/software/ros2/src/install/hardware_interface:/home/darudecookie/Documents/V2-Robot-Arm/software/ros2/src/install/ros_controller_interface:/opt/ros/rolling DEBUGINFOD_URLS=https://debuginfod.ubuntu.com /usr/bin/cmake --build /home/darudecookie/Documents/V2-Robot-Arm/software/ros2/src/build/v2_robot_arm_interfaces -- -j4 -l4
[0.430s] [  0%] Built target v2_robot_arm_interfaces__rosidl_generator_type_description
[0.630s] [  0%] Built target ament_cmake_python_copy_v2_robot_arm_interfaces
[0.878s] [ 26%] Built target v2_robot_arm_interfaces__rosidl_generator_c
[1.616s] running egg_info
[1.740s] writing v2_robot_arm_interfaces.egg-info/PKG-INFO
[1.742s] writing dependency_links to v2_robot_arm_interfaces.egg-info/dependency_links.txt
[1.750s] writing top-level names to v2_robot_arm_interfaces.egg-info/top_level.txt
[2.029s] reading manifest file 'v2_robot_arm_interfaces.egg-info/SOURCES.txt'
[2.034s] writing manifest file 'v2_robot_arm_interfaces.egg-info/SOURCES.txt'
[2.187s] [ 26%] Built target ament_cmake_python_build_v2_robot_arm_interfaces_egg
[2.366s] [ 36%] Built target v2_robot_arm_interfaces__rosidl_typesupport_introspection_c
[2.560s] [ 46%] Built target v2_robot_arm_interfaces__rosidl_typesupport_c
[2.691s] [ 55%] Built target v2_robot_arm_interfaces__rosidl_typesupport_fastrtps_c
[2.935s] [ 55%] Built target v2_robot_arm_interfaces__cpp
[3.091s] [ 65%] Built target v2_robot_arm_interfaces__rosidl_typesupport_cpp
[3.229s] [ 75%] Built target v2_robot_arm_interfaces__rosidl_typesupport_introspection_cpp
[3.376s] [ 85%] Built target v2_robot_arm_interfaces__rosidl_typesupport_fastrtps_cpp
[3.475s] [ 85%] Built target v2_robot_arm_interfaces
[3.590s] [ 86%] Built target v2_robot_arm_interfaces__py
[3.693s] [ 96%] Built target v2_robot_arm_interfaces__rosidl_generator_py
[3.823s] [ 97%] Built target v2_robot_arm_interfaces_s__rosidl_typesupport_fastrtps_c
[3.912s] [ 98%] Built target v2_robot_arm_interfaces_s__rosidl_typesupport_c
[4.030s] [100%] Built target v2_robot_arm_interfaces_s__rosidl_typesupport_introspection_c
[4.087s] Invoked command in '/home/darudecookie/Documents/V2-Robot-Arm/software/ros2/src/build/v2_robot_arm_interfaces' returned '0': CMAKE_PREFIX_PATH=${CMAKE_PREFIX_PATH}:/home/darudecookie/Documents/V2-Robot-Arm/software/ros2/src/install/movement_controllers:/home/darudecookie/Documents/V2-Robot-Arm/software/ros2/src/install/hardware_interface:/home/darudecookie/Documents/V2-Robot-Arm/software/ros2/src/install/ros_controller_interface:/opt/ros/rolling DEBUGINFOD_URLS=https://debuginfod.ubuntu.com /usr/bin/cmake --build /home/darudecookie/Documents/V2-Robot-Arm/software/ros2/src/build/v2_robot_arm_interfaces -- -j4 -l4
[5.125s] Invoking command in '/home/darudecookie/Documents/V2-Robot-Arm/software/ros2/src/build/v2_robot_arm_interfaces': CMAKE_PREFIX_PATH=${CMAKE_PREFIX_PATH}:/home/darudecookie/Documents/V2-Robot-Arm/software/ros2/src/install/movement_controllers:/home/darudecookie/Documents/V2-Robot-Arm/software/ros2/src/install/hardware_interface:/home/darudecookie/Documents/V2-Robot-Arm/software/ros2/src/install/ros_controller_interface:/opt/ros/rolling DEBUGINFOD_URLS=https://debuginfod.ubuntu.com /usr/bin/cmake --install /home/darudecookie/Documents/V2-Robot-Arm/software/ros2/src/build/v2_robot_arm_interfaces
[5.154s] -- Install configuration: ""
[5.155s] -- Up-to-date: /home/darudecookie/Documents/V2-Robot-Arm/software/ros2/src/install/v2_robot_arm_interfaces/share/ament_index/resource_index/rosidl_interfaces/v2_robot_arm_interfaces
[5.155s] -- Up-to-date: /home/darudecookie/Documents/V2-Robot-Arm/software/ros2/src/install/v2_robot_arm_interfaces/share/v2_robot_arm_interfaces/action/ParametricTrajectoryInfo.json
[5.156s] -- Up-to-date: /home/darudecookie/Documents/V2-Robot-Arm/software/ros2/src/install/v2_robot_arm_interfaces/share/v2_robot_arm_interfaces/msg/ControlStatus.json
[5.159s] -- Up-to-date: /home/darudecookie/Documents/V2-Robot-Arm/software/ros2/src/install/v2_robot_arm_interfaces/share/v2_robot_arm_interfaces/msg/CurrentEEInfo.json
[5.159s] -- Up-to-date: /home/darudecookie/Documents/V2-Robot-Arm/software/ros2/src/install/v2_robot_arm_interfaces/share/v2_robot_arm_interfaces/msg/CurrentJointInfo.json
[5.160s] -- Up-to-date: /home/darudecookie/Documents/V2-Robot-Arm/software/ros2/src/install/v2_robot_arm_interfaces/share/v2_robot_arm_interfaces/msg/CurrentCartesian.json
[5.160s] -- Up-to-date: /home/darudecookie/Documents/V2-Robot-Arm/software/ros2/src/install/v2_robot_arm_interfaces/share/v2_robot_arm_interfaces/msg/PeripheralSpeed.json
[5.160s] -- Up-to-date: /home/darudecookie/Documents/V2-Robot-Arm/software/ros2/src/install/v2_robot_arm_interfaces/share/v2_robot_arm_interfaces/msg/SystemDiagnosticInfo.json
[5.161s] -- Up-to-date: /home/darudecookie/Documents/V2-Robot-Arm/software/ros2/src/install/v2_robot_arm_interfaces/share/v2_robot_arm_interfaces/msg/TargetCartesian.json
[5.161s] -- Up-to-date: /home/darudecookie/Documents/V2-Robot-Arm/software/ros2/src/install/v2_robot_arm_interfaces/share/v2_robot_arm_interfaces/msg/TargetEEInfo.json
[5.161s] -- Up-to-date: /home/darudecookie/Documents/V2-Robot-Arm/software/ros2/src/install/v2_robot_arm_interfaces/share/v2_robot_arm_interfaces/msg/TargetJointInfo.json
[5.161s] -- Up-to-date: /home/darudecookie/Documents/V2-Robot-Arm/software/ros2/src/install/v2_robot_arm_interfaces/share/v2_robot_arm_interfaces/srv/MicrocontrollerParameterDump.json
[5.161s] -- Up-to-date: /home/darudecookie/Documents/V2-Robot-Arm/software/ros2/src/install/v2_robot_arm_interfaces/share/v2_robot_arm_interfaces/srv/SystemStatus.json
[5.162s] -- Up-to-date: /home/darudecookie/Documents/V2-Robot-Arm/software/ros2/src/install/v2_robot_arm_interfaces/share/v2_robot_arm_interfaces/srv/TargetEEState.json
[5.162s] -- Up-to-date: /home/darudecookie/Documents/V2-Robot-Arm/software/ros2/src/install/v2_robot_arm_interfaces/include/v2_robot_arm_interfaces/v2_robot_arm_interfaces
[5.162s] -- Up-to-date: /home/darudecookie/Documents/V2-Robot-Arm/software/ros2/src/install/v2_robot_arm_interfaces/include/v2_robot_arm_interfaces/v2_robot_arm_interfaces/action
[5.163s] -- Up-to-date: /home/darudecookie/Documents/V2-Robot-Arm/software/ros2/src/install/v2_robot_arm_interfaces/include/v2_robot_arm_interfaces/v2_robot_arm_interfaces/action/detail
[5.163s] -- Up-to-date: /home/darudecookie/Documents/V2-Robot-Arm/software/ros2/src/install/v2_robot_arm_interfaces/include/v2_robot_arm_interfaces/v2_robot_arm_interfaces/action/detail/parametric_trajectory_info__functions.h
[5.163s] -- Installing: /home/darudecookie/Documents/V2-Robot-Arm/software/ros2/src/install/v2_robot_arm_interfaces/include/v2_robot_arm_interfaces/v2_robot_arm_interfaces/action/detail/parametric_trajectory_info__type_support.c
[5.163s] -- Up-to-date: /home/darudecookie/Documents/V2-Robot-Arm/software/ros2/src/install/v2_robot_arm_interfaces/include/v2_robot_arm_interfaces/v2_robot_arm_interfaces/action/detail/parametric_trajectory_info__functions.c
[5.164s] -- Up-to-date: /home/darudecookie/Documents/V2-Robot-Arm/software/ros2/src/install/v2_robot_arm_interfaces/include/v2_robot_arm_interfaces/v2_robot_arm_interfaces/action/detail/parametric_trajectory_info__type_support.h
[5.164s] -- Up-to-date: /home/darudecookie/Documents/V2-Robot-Arm/software/ros2/src/install/v2_robot_arm_interfaces/include/v2_robot_arm_interfaces/v2_robot_arm_interfaces/action/detail/parametric_trajectory_info__description.c
[5.167s] -- Up-to-date: /home/darudecookie/Documents/V2-Robot-Arm/software/ros2/src/install/v2_robot_arm_interfaces/include/v2_robot_arm_interfaces/v2_robot_arm_interfaces/action/detail/parametric_trajectory_info__struct.h
[5.168s] -- Up-to-date: /home/darudecookie/Documents/V2-Robot-Arm/software/ros2/src/install/v2_robot_arm_interfaces/include/v2_robot_arm_interfaces/v2_robot_arm_interfaces/action/parametric_trajectory_info.h
[5.169s] -- Up-to-date: /home/darudecookie/Documents/V2-Robot-Arm/software/ros2/src/install/v2_robot_arm_interfaces/include/v2_robot_arm_interfaces/v2_robot_arm_interfaces/msg
[5.170s] -- Up-to-date: /home/darudecookie/Documents/V2-Robot-Arm/software/ros2/src/install/v2_robot_arm_interfaces/include/v2_robot_arm_interfaces/v2_robot_arm_interfaces/msg/rosidl_generator_c__visibility_control.h
[5.170s] -- Up-to-date: /home/darudecookie/Documents/V2-Robot-Arm/software/ros2/src/install/v2_robot_arm_interfaces/include/v2_robot_arm_interfaces/v2_robot_arm_interfaces/msg/current_ee_info.h
[5.170s] -- Up-to-date: /home/darudecookie/Documents/V2-Robot-Arm/software/ros2/src/install/v2_robot_arm_interfaces/include/v2_robot_arm_interfaces/v2_robot_arm_interfaces/msg/target_ee_info.h
[5.170s] -- Up-to-date: /home/darudecookie/Documents/V2-Robot-Arm/software/ros2/src/install/v2_robot_arm_interfaces/include/v2_robot_arm_interfaces/v2_robot_arm_interfaces/msg/current_cartesian.h
[5.170s] -- Up-to-date: /home/darudecookie/Documents/V2-Robot-Arm/software/ros2/src/install/v2_robot_arm_interfaces/include/v2_robot_arm_interfaces/v2_robot_arm_interfaces/msg/current_joint_info.h
[5.171s] -- Up-to-date: /home/darudecookie/Documents/V2-Robot-Arm/software/ros2/src/install/v2_robot_arm_interfaces/include/v2_robot_arm_interfaces/v2_robot_arm_interfaces/msg/detail
[5.171s] -- Installing: /home/darudecookie/Documents/V2-Robot-Arm/software/ros2/src/install/v2_robot_arm_interfaces/include/v2_robot_arm_interfaces/v2_robot_arm_interfaces/msg/detail/target_cartesian__type_support.c
[5.175s] -- Installing: /home/darudecookie/Documents/V2-Robot-Arm/software/ros2/src/install/v2_robot_arm_interfaces/include/v2_robot_arm_interfaces/v2_robot_arm_interfaces/msg/detail/current_joint_info__type_support.c
[5.175s] -- Up-to-date: /home/darudecookie/Documents/V2-Robot-Arm/software/ros2/src/install/v2_robot_arm_interfaces/include/v2_robot_arm_interfaces/v2_robot_arm_interfaces/msg/detail/current_joint_info__functions.c
[5.177s] -- Installing: /home/darudecookie/Documents/V2-Robot-Arm/software/ros2/src/install/v2_robot_arm_interfaces/include/v2_robot_arm_interfaces/v2_robot_arm_interfaces/msg/detail/system_diagnostic_info__type_support.c
[5.177s] -- Up-to-date: /home/darudecookie/Documents/V2-Robot-Arm/software/ros2/src/install/v2_robot_arm_interfaces/include/v2_robot_arm_interfaces/v2_robot_arm_interfaces/msg/detail/current_cartesian__type_support.h
[5.177s] -- Up-to-date: /home/darudecookie/Documents/V2-Robot-Arm/software/ros2/src/install/v2_robot_arm_interfaces/include/v2_robot_arm_interfaces/v2_robot_arm_interfaces/msg/detail/system_diagnostic_info__functions.h
[5.179s] -- Up-to-date: /home/darudecookie/Documents/V2-Robot-Arm/software/ros2/src/install/v2_robot_arm_interfaces/include/v2_robot_arm_interfaces/v2_robot_arm_interfaces/msg/detail/current_joint_info__struct.h
[5.179s] -- Up-to-date: /home/darudecookie/Documents/V2-Robot-Arm/software/ros2/src/install/v2_robot_arm_interfaces/include/v2_robot_arm_interfaces/v2_robot_arm_interfaces/msg/detail/current_cartesian__description.c
[5.179s] -- Up-to-date: /home/darudecookie/Documents/V2-Robot-Arm/software/ros2/src/install/v2_robot_arm_interfaces/include/v2_robot_arm_interfaces/v2_robot_arm_interfaces/msg/detail/system_diagnostic_info__functions.c
[5.182s] -- Up-to-date: /home/darudecookie/Documents/V2-Robot-Arm/software/ros2/src/install/v2_robot_arm_interfaces/include/v2_robot_arm_interfaces/v2_robot_arm_interfaces/msg/detail/current_cartesian__struct.h
[5.182s] -- Up-to-date: /home/darudecookie/Documents/V2-Robot-Arm/software/ros2/src/install/v2_robot_arm_interfaces/include/v2_robot_arm_interfaces/v2_robot_arm_interfaces/msg/detail/control_status__type_support.h
[5.183s] -- Up-to-date: /home/darudecookie/Documents/V2-Robot-Arm/software/ros2/src/install/v2_robot_arm_interfaces/include/v2_robot_arm_interfaces/v2_robot_arm_interfaces/msg/detail/current_ee_info__description.c
[5.183s] -- Up-to-date: /home/darudecookie/Documents/V2-Robot-Arm/software/ros2/src/install/v2_robot_arm_interfaces/include/v2_robot_arm_interfaces/v2_robot_arm_interfaces/msg/detail/target_joint_info__struct.h
[5.184s] -- Up-to-date: /home/darudecookie/Documents/V2-Robot-Arm/software/ros2/src/install/v2_robot_arm_interfaces/include/v2_robot_arm_interfaces/v2_robot_arm_interfaces/msg/detail/target_joint_info__functions.c
[5.184s] -- Up-to-date: /home/darudecookie/Documents/V2-Robot-Arm/software/ros2/src/install/v2_robot_arm_interfaces/include/v2_robot_arm_interfaces/v2_robot_arm_interfaces/msg/detail/system_diagnostic_info__description.c
[5.184s] -- Up-to-date: /home/darudecookie/Documents/V2-Robot-Arm/software/ros2/src/install/v2_robot_arm_interfaces/include/v2_robot_arm_interfaces/v2_robot_arm_interfaces/msg/detail/current_ee_info__type_support.h
[5.184s] -- Up-to-date: /home/darudecookie/Documents/V2-Robot-Arm/software/ros2/src/install/v2_robot_arm_interfaces/include/v2_robot_arm_interfaces/v2_robot_arm_interfaces/msg/detail/target_cartesian__type_support.h
[5.185s] -- Up-to-date: /home/darudecookie/Documents/V2-Robot-Arm/software/ros2/src/install/v2_robot_arm_interfaces/include/v2_robot_arm_interfaces/v2_robot_arm_interfaces/msg/detail/current_joint_info__functions.h
[5.185s] -- Installing: /home/darudecookie/Documents/V2-Robot-Arm/software/ros2/src/install/v2_robot_arm_interfaces/include/v2_robot_arm_interfaces/v2_robot_arm_interfaces/msg/detail/control_status__type_support.c
[5.191s] -- Up-to-date: /home/darudecookie/Documents/V2-Robot-Arm/software/ros2/src/install/v2_robot_arm_interfaces/include/v2_robot_arm_interfaces/v2_robot_arm_interfaces/msg/detail/peripheral_speed__struct.h
[5.191s] -- Up-to-date: /home/darudecookie/Documents/V2-Robot-Arm/software/ros2/src/install/v2_robot_arm_interfaces/include/v2_robot_arm_interfaces/v2_robot_arm_interfaces/msg/detail/target_ee_info__type_support.h
[5.192s] -- Up-to-date: /home/darudecookie/Documents/V2-Robot-Arm/software/ros2/src/install/v2_robot_arm_interfaces/include/v2_robot_arm_interfaces/v2_robot_arm_interfaces/msg/detail/control_status__functions.h
[5.192s] -- Installing: /home/darudecookie/Documents/V2-Robot-Arm/software/ros2/src/install/v2_robot_arm_interfaces/include/v2_robot_arm_interfaces/v2_robot_arm_interfaces/msg/detail/peripheral_speed__type_support.c
[5.192s] -- Up-to-date: /home/darudecookie/Documents/V2-Robot-Arm/software/ros2/src/install/v2_robot_arm_interfaces/include/v2_robot_arm_interfaces/v2_robot_arm_interfaces/msg/detail/current_cartesian__functions.h
[5.192s] -- Installing: /home/darudecookie/Documents/V2-Robot-Arm/software/ros2/src/install/v2_robot_arm_interfaces/include/v2_robot_arm_interfaces/v2_robot_arm_interfaces/msg/detail/target_joint_info__type_support.c
[5.192s] -- Up-to-date: /home/darudecookie/Documents/V2-Robot-Arm/software/ros2/src/install/v2_robot_arm_interfaces/include/v2_robot_arm_interfaces/v2_robot_arm_interfaces/msg/detail/current_joint_info__type_support.h
[5.193s] -- Installing: /home/darudecookie/Documents/V2-Robot-Arm/software/ros2/src/install/v2_robot_arm_interfaces/include/v2_robot_arm_interfaces/v2_robot_arm_interfaces/msg/detail/current_ee_info__type_support.c
[5.193s] -- Up-to-date: /home/darudecookie/Documents/V2-Robot-Arm/software/ros2/src/install/v2_robot_arm_interfaces/include/v2_robot_arm_interfaces/v2_robot_arm_interfaces/msg/detail/system_diagnostic_info__type_support.h
[5.193s] -- Up-to-date: /home/darudecookie/Documents/V2-Robot-Arm/software/ros2/src/install/v2_robot_arm_interfaces/include/v2_robot_arm_interfaces/v2_robot_arm_interfaces/msg/detail/peripheral_speed__functions.h
[5.194s] -- Up-to-date: /home/darudecookie/Documents/V2-Robot-Arm/software/ros2/src/install/v2_robot_arm_interfaces/include/v2_robot_arm_interfaces/v2_robot_arm_interfaces/msg/detail/target_joint_info__functions.h
[5.202s] -- Up-to-date: /home/darudecookie/Documents/V2-Robot-Arm/software/ros2/src/install/v2_robot_arm_interfaces/include/v2_robot_arm_interfaces/v2_robot_arm_interfaces/msg/detail/peripheral_speed__functions.c
[5.204s] -- Up-to-date: /home/darudecookie/Documents/V2-Robot-Arm/software/ros2/src/install/v2_robot_arm_interfaces/include/v2_robot_arm_interfaces/v2_robot_arm_interfaces/msg/detail/target_cartesian__description.c
[5.204s] -- Up-to-date: /home/darudecookie/Documents/V2-Robot-Arm/software/ros2/src/install/v2_robot_arm_interfaces/include/v2_robot_arm_interfaces/v2_robot_arm_interfaces/msg/detail/peripheral_speed__type_support.h
[5.206s] -- Up-to-date: /home/darudecookie/Documents/V2-Robot-Arm/software/ros2/src/install/v2_robot_arm_interfaces/include/v2_robot_arm_interfaces/v2_robot_arm_interfaces/msg/detail/target_ee_info__description.c
[5.207s] -- Up-to-date: /home/darudecookie/Documents/V2-Robot-Arm/software/ros2/src/install/v2_robot_arm_interfaces/include/v2_robot_arm_interfaces/v2_robot_arm_interfaces/msg/detail/current_cartesian__functions.c
[5.207s] -- Up-to-date: /home/darudecookie/Documents/V2-Robot-Arm/software/ros2/src/install/v2_robot_arm_interfaces/include/v2_robot_arm_interfaces/v2_robot_arm_interfaces/msg/detail/current_joint_info__description.c
[5.207s] -- Up-to-date: /home/darudecookie/Documents/V2-Robot-Arm/software/ros2/src/install/v2_robot_arm_interfaces/include/v2_robot_arm_interfaces/v2_robot_arm_interfaces/msg/detail/current_ee_info__struct.h
[5.207s] -- Up-to-date: /home/darudecookie/Documents/V2-Robot-Arm/software/ros2/src/install/v2_robot_arm_interfaces/include/v2_robot_arm_interfaces/v2_robot_arm_interfaces/msg/detail/target_cartesian__struct.h
[5.208s] -- Up-to-date: /home/darudecookie/Documents/V2-Robot-Arm/software/ros2/src/install/v2_robot_arm_interfaces/include/v2_robot_arm_interfaces/v2_robot_arm_interfaces/msg/detail/current_ee_info__functions.h
[5.208s] -- Up-to-date: /home/darudecookie/Documents/V2-Robot-Arm/software/ros2/src/install/v2_robot_arm_interfaces/include/v2_robot_arm_interfaces/v2_robot_arm_interfaces/msg/detail/control_status__description.c
[5.211s] -- Up-to-date: /home/darudecookie/Documents/V2-Robot-Arm/software/ros2/src/install/v2_robot_arm_interfaces/include/v2_robot_arm_interfaces/v2_robot_arm_interfaces/msg/detail/current_ee_info__functions.c
[5.211s] -- Up-to-date: /home/darudecookie/Documents/V2-Robot-Arm/software/ros2/src/install/v2_robot_arm_interfaces/include/v2_robot_arm_interfaces/v2_robot_arm_interfaces/msg/detail/control_status__functions.c
[5.211s] -- Up-to-date: /home/darudecookie/Documents/V2-Robot-Arm/software/ros2/src/install/v2_robot_arm_interfaces/include/v2_robot_arm_interfaces/v2_robot_arm_interfaces/msg/detail/target_joint_info__description.c
[5.211s] -- Up-to-date: /home/darudecookie/Documents/V2-Robot-Arm/software/ros2/src/install/v2_robot_arm_interfaces/include/v2_robot_arm_interfaces/v2_robot_arm_interfaces/msg/detail/target_joint_info__type_support.h
[5.212s] -- Installing: /home/darudecookie/Documents/V2-Robot-Arm/software/ros2/src/install/v2_robot_arm_interfaces/include/v2_robot_arm_interfaces/v2_robot_arm_interfaces/msg/detail/current_cartesian__type_support.c
[5.212s] -- Up-to-date: /home/darudecookie/Documents/V2-Robot-Arm/software/ros2/src/install/v2_robot_arm_interfaces/include/v2_robot_arm_interfaces/v2_robot_arm_interfaces/msg/detail/target_ee_info__functions.h
[5.212s] -- Up-to-date: /home/darudecookie/Documents/V2-Robot-Arm/software/ros2/src/install/v2_robot_arm_interfaces/include/v2_robot_arm_interfaces/v2_robot_arm_interfaces/msg/detail/control_status__struct.h
[5.212s] -- Up-to-date: /home/darudecookie/Documents/V2-Robot-Arm/software/ros2/src/install/v2_robot_arm_interfaces/include/v2_robot_arm_interfaces/v2_robot_arm_interfaces/msg/detail/target_cartesian__functions.h
[5.215s] -- Up-to-date: /home/darudecookie/Documents/V2-Robot-Arm/software/ros2/src/install/v2_robot_arm_interfaces/include/v2_robot_arm_interfaces/v2_robot_arm_interfaces/msg/detail/system_diagnostic_info__struct.h
[5.216s] -- Up-to-date: /home/darudecookie/Documents/V2-Robot-Arm/software/ros2/src/install/v2_robot_arm_interfaces/include/v2_robot_arm_interfaces/v2_robot_arm_interfaces/msg/detail/target_ee_info__struct.h
[5.217s] -- Up-to-date: /home/darudecookie/Documents/V2-Robot-Arm/software/ros2/src/install/v2_robot_arm_interfaces/include/v2_robot_arm_interfaces/v2_robot_arm_interfaces/msg/detail/target_ee_info__functions.c
[5.217s] -- Up-to-date: /home/darudecookie/Documents/V2-Robot-Arm/software/ros2/src/install/v2_robot_arm_interfaces/include/v2_robot_arm_interfaces/v2_robot_arm_interfaces/msg/detail/peripheral_speed__description.c
[5.217s] -- Installing: /home/darudecookie/Documents/V2-Robot-Arm/software/ros2/src/install/v2_robot_arm_interfaces/include/v2_robot_arm_interfaces/v2_robot_arm_interfaces/msg/detail/target_ee_info__type_support.c
[5.218s] -- Up-to-date: /home/darudecookie/Documents/V2-Robot-Arm/software/ros2/src/install/v2_robot_arm_interfaces/include/v2_robot_arm_interfaces/v2_robot_arm_interfaces/msg/detail/target_cartesian__functions.c
[5.220s] -- Up-to-date: /home/darudecookie/Documents/V2-Robot-Arm/software/ros2/src/install/v2_robot_arm_interfaces/include/v2_robot_arm_interfaces/v2_robot_arm_interfaces/msg/target_cartesian.h
[5.220s] -- Up-to-date: /home/darudecookie/Documents/V2-Robot-Arm/software/ros2/src/install/v2_robot_arm_interfaces/include/v2_robot_arm_interfaces/v2_robot_arm_interfaces/msg/peripheral_speed.h
[5.221s] -- Up-to-date: /home/darudecookie/Documents/V2-Robot-Arm/software/ros2/src/install/v2_robot_arm_interfaces/include/v2_robot_arm_interfaces/v2_robot_arm_interfaces/msg/target_joint_info.h
[5.221s] -- Up-to-date: /home/darudecookie/Documents/V2-Robot-Arm/software/ros2/src/install/v2_robot_arm_interfaces/include/v2_robot_arm_interfaces/v2_robot_arm_interfaces/msg/system_diagnostic_info.h
[5.221s] -- Up-to-date: /home/darudecookie/Documents/V2-Robot-Arm/software/ros2/src/install/v2_robot_arm_interfaces/include/v2_robot_arm_interfaces/v2_robot_arm_interfaces/msg/control_status.h
[5.222s] -- Up-to-date: /home/darudecookie/Documents/V2-Robot-Arm/software/ros2/src/install/v2_robot_arm_interfaces/include/v2_robot_arm_interfaces/v2_robot_arm_interfaces/srv
[5.223s] -- Up-to-date: /home/darudecookie/Documents/V2-Robot-Arm/software/ros2/src/install/v2_robot_arm_interfaces/include/v2_robot_arm_interfaces/v2_robot_arm_interfaces/srv/microcontroller_parameter_dump.h
[5.224s] -- Up-to-date: /home/darudecookie/Documents/V2-Robot-Arm/software/ros2/src/install/v2_robot_arm_interfaces/include/v2_robot_arm_interfaces/v2_robot_arm_interfaces/srv/target_ee_state.h
[5.225s] -- Up-to-date: /home/darudecookie/Documents/V2-Robot-Arm/software/ros2/src/install/v2_robot_arm_interfaces/include/v2_robot_arm_interfaces/v2_robot_arm_interfaces/srv/detail
[5.226s] -- Up-to-date: /home/darudecookie/Documents/V2-Robot-Arm/software/ros2/src/install/v2_robot_arm_interfaces/include/v2_robot_arm_interfaces/v2_robot_arm_interfaces/srv/detail/target_ee_state__functions.h
[5.226s] -- Up-to-date: /home/darudecookie/Documents/V2-Robot-Arm/software/ros2/src/install/v2_robot_arm_interfaces/include/v2_robot_arm_interfaces/v2_robot_arm_interfaces/srv/detail/microcontroller_parameter_dump__functions.h
[5.226s] -- Installing: /home/darudecookie/Documents/V2-Robot-Arm/software/ros2/src/install/v2_robot_arm_interfaces/include/v2_robot_arm_interfaces/v2_robot_arm_interfaces/srv/detail/microcontroller_parameter_dump__type_support.c
[5.226s] -- Up-to-date: /home/darudecookie/Documents/V2-Robot-Arm/software/ros2/src/install/v2_robot_arm_interfaces/include/v2_robot_arm_interfaces/v2_robot_arm_interfaces/srv/detail/target_ee_state__type_support.h
[5.227s] -- Installing: /home/darudecookie/Documents/V2-Robot-Arm/software/ros2/src/install/v2_robot_arm_interfaces/include/v2_robot_arm_interfaces/v2_robot_arm_interfaces/srv/detail/system_status__type_support.c
[5.227s] -- Up-to-date: /home/darudecookie/Documents/V2-Robot-Arm/software/ros2/src/install/v2_robot_arm_interfaces/include/v2_robot_arm_interfaces/v2_robot_arm_interfaces/srv/detail/system_status__functions.c
[5.231s] -- Up-to-date: /home/darudecookie/Documents/V2-Robot-Arm/software/ros2/src/install/v2_robot_arm_interfaces/include/v2_robot_arm_interfaces/v2_robot_arm_interfaces/srv/detail/microcontroller_parameter_dump__type_support.h
[5.231s] -- Up-to-date: /home/darudecookie/Documents/V2-Robot-Arm/software/ros2/src/install/v2_robot_arm_interfaces/include/v2_robot_arm_interfaces/v2_robot_arm_interfaces/srv/detail/system_status__description.c
[5.233s] -- Up-to-date: /home/darudecookie/Documents/V2-Robot-Arm/software/ros2/src/install/v2_robot_arm_interfaces/include/v2_robot_arm_interfaces/v2_robot_arm_interfaces/srv/detail/target_ee_state__functions.c
[5.234s] -- Up-to-date: /home/darudecookie/Documents/V2-Robot-Arm/software/ros2/src/install/v2_robot_arm_interfaces/include/v2_robot_arm_interfaces/v2_robot_arm_interfaces/srv/detail/system_status__functions.h
[5.234s] -- Installing: /home/darudecookie/Documents/V2-Robot-Arm/software/ros2/src/install/v2_robot_arm_interfaces/include/v2_robot_arm_interfaces/v2_robot_arm_interfaces/srv/detail/target_ee_state__type_support.c
[5.234s] -- Up-to-date: /home/darudecookie/Documents/V2-Robot-Arm/software/ros2/src/install/v2_robot_arm_interfaces/include/v2_robot_arm_interfaces/v2_robot_arm_interfaces/srv/detail/system_status__type_support.h
[5.236s] -- Up-to-date: /home/darudecookie/Documents/V2-Robot-Arm/software/ros2/src/install/v2_robot_arm_interfaces/include/v2_robot_arm_interfaces/v2_robot_arm_interfaces/srv/detail/system_status__struct.h
[5.236s] -- Up-to-date: /home/darudecookie/Documents/V2-Robot-Arm/software/ros2/src/install/v2_robot_arm_interfaces/include/v2_robot_arm_interfaces/v2_robot_arm_interfaces/srv/detail/target_ee_state__struct.h
[5.236s] -- Up-to-date: /home/darudecookie/Documents/V2-Robot-Arm/software/ros2/src/install/v2_robot_arm_interfaces/include/v2_robot_arm_interfaces/v2_robot_arm_interfaces/srv/detail/target_ee_state__description.c
[5.237s] -- Up-to-date: /home/darudecookie/Documents/V2-Robot-Arm/software/ros2/src/install/v2_robot_arm_interfaces/include/v2_robot_arm_interfaces/v2_robot_arm_interfaces/srv/detail/microcontroller_parameter_dump__description.c
[5.237s] -- Up-to-date: /home/darudecookie/Documents/V2-Robot-Arm/software/ros2/src/install/v2_robot_arm_interfaces/include/v2_robot_arm_interfaces/v2_robot_arm_interfaces/srv/detail/microcontroller_parameter_dump__struct.h
[5.244s] -- Up-to-date: /home/darudecookie/Documents/V2-Robot-Arm/software/ros2/src/install/v2_robot_arm_interfaces/include/v2_robot_arm_interfaces/v2_robot_arm_interfaces/srv/detail/microcontroller_parameter_dump__functions.c
[5.246s] -- Up-to-date: /home/darudecookie/Documents/V2-Robot-Arm/software/ros2/src/install/v2_robot_arm_interfaces/include/v2_robot_arm_interfaces/v2_robot_arm_interfaces/srv/system_status.h
[5.246s] -- Up-to-date: /home/darudecookie/Documents/V2-Robot-Arm/software/ros2/src/install/v2_robot_arm_interfaces/share/v2_robot_arm_interfaces/environment/library_path.sh
[5.249s] -- Up-to-date: /home/darudecookie/Documents/V2-Robot-Arm/software/ros2/src/install/v2_robot_arm_interfaces/share/v2_robot_arm_interfaces/environment/library_path.dsv
[5.250s] -- Up-to-date: /home/darudecookie/Documents/V2-Robot-Arm/software/ros2/src/install/v2_robot_arm_interfaces/lib/libv2_robot_arm_interfaces__rosidl_generator_c.so
[5.250s] -- Up-to-date: /home/darudecookie/Documents/V2-Robot-Arm/software/ros2/src/install/v2_robot_arm_interfaces/include/v2_robot_arm_interfaces/v2_robot_arm_interfaces
[5.251s] -- Up-to-date: /home/darudecookie/Documents/V2-Robot-Arm/software/ros2/src/install/v2_robot_arm_interfaces/include/v2_robot_arm_interfaces/v2_robot_arm_interfaces/action
[5.251s] -- Up-to-date: /home/darudecookie/Documents/V2-Robot-Arm/software/ros2/src/install/v2_robot_arm_interfaces/include/v2_robot_arm_interfaces/v2_robot_arm_interfaces/action/detail
[5.251s] -- Up-to-date: /home/darudecookie/Documents/V2-Robot-Arm/software/ros2/src/install/v2_robot_arm_interfaces/include/v2_robot_arm_interfaces/v2_robot_arm_interfaces/action/detail/parametric_trajectory_info__rosidl_typesupport_fastrtps_c.h
[5.252s] -- Up-to-date: /home/darudecookie/Documents/V2-Robot-Arm/software/ros2/src/install/v2_robot_arm_interfaces/include/v2_robot_arm_interfaces/v2_robot_arm_interfaces/msg
[5.252s] -- Up-to-date: /home/darudecookie/Documents/V2-Robot-Arm/software/ros2/src/install/v2_robot_arm_interfaces/include/v2_robot_arm_interfaces/v2_robot_arm_interfaces/msg/detail
[5.252s] -- Up-to-date: /home/darudecookie/Documents/V2-Robot-Arm/software/ros2/src/install/v2_robot_arm_interfaces/include/v2_robot_arm_interfaces/v2_robot_arm_interfaces/msg/detail/current_joint_info__rosidl_typesupport_fastrtps_c.h
[5.252s] -- Up-to-date: /home/darudecookie/Documents/V2-Robot-Arm/software/ros2/src/install/v2_robot_arm_interfaces/include/v2_robot_arm_interfaces/v2_robot_arm_interfaces/msg/detail/target_cartesian__rosidl_typesupport_fastrtps_c.h
[5.252s] -- Up-to-date: /home/darudecookie/Documents/V2-Robot-Arm/software/ros2/src/install/v2_robot_arm_interfaces/include/v2_robot_arm_interfaces/v2_robot_arm_interfaces/msg/detail/peripheral_speed__rosidl_typesupport_fastrtps_c.h
[5.253s] -- Up-to-date: /home/darudecookie/Documents/V2-Robot-Arm/software/ros2/src/install/v2_robot_arm_interfaces/include/v2_robot_arm_interfaces/v2_robot_arm_interfaces/msg/detail/current_cartesian__rosidl_typesupport_fastrtps_c.h
[5.256s] -- Up-to-date: /home/darudecookie/Documents/V2-Robot-Arm/software/ros2/src/install/v2_robot_arm_interfaces/include/v2_robot_arm_interfaces/v2_robot_arm_interfaces/msg/detail/target_joint_info__rosidl_typesupport_fastrtps_c.h
[5.256s] -- Up-to-date: /home/darudecookie/Documents/V2-Robot-Arm/software/ros2/src/install/v2_robot_arm_interfaces/include/v2_robot_arm_interfaces/v2_robot_arm_interfaces/msg/detail/system_diagnostic_info__rosidl_typesupport_fastrtps_c.h
[5.256s] -- Up-to-date: /home/darudecookie/Documents/V2-Robot-Arm/software/ros2/src/install/v2_robot_arm_interfaces/include/v2_robot_arm_interfaces/v2_robot_arm_interfaces/msg/detail/control_status__rosidl_typesupport_fastrtps_c.h
[5.258s] -- Up-to-date: /home/darudecookie/Documents/V2-Robot-Arm/software/ros2/src/install/v2_robot_arm_interfaces/include/v2_robot_arm_interfaces/v2_robot_arm_interfaces/msg/detail/current_ee_info__rosidl_typesupport_fastrtps_c.h
[5.259s] -- Up-to-date: /home/darudecookie/Documents/V2-Robot-Arm/software/ros2/src/install/v2_robot_arm_interfaces/include/v2_robot_arm_interfaces/v2_robot_arm_interfaces/msg/detail/target_ee_info__rosidl_typesupport_fastrtps_c.h
[5.259s] -- Up-to-date: /home/darudecookie/Documents/V2-Robot-Arm/software/ros2/src/install/v2_robot_arm_interfaces/include/v2_robot_arm_interfaces/v2_robot_arm_interfaces/msg/rosidl_typesupport_fastrtps_c__visibility_control.h
[5.259s] -- Up-to-date: /home/darudecookie/Documents/V2-Robot-Arm/software/ros2/src/install/v2_robot_arm_interfaces/include/v2_robot_arm_interfaces/v2_robot_arm_interfaces/srv
[5.259s] -- Up-to-date: /home/darudecookie/Documents/V2-Robot-Arm/software/ros2/src/install/v2_robot_arm_interfaces/include/v2_robot_arm_interfaces/v2_robot_arm_interfaces/srv/detail
[5.260s] -- Up-to-date: /home/darudecookie/Documents/V2-Robot-Arm/software/ros2/src/install/v2_robot_arm_interfaces/include/v2_robot_arm_interfaces/v2_robot_arm_interfaces/srv/detail/target_ee_state__rosidl_typesupport_fastrtps_c.h
[5.260s] -- Up-to-date: /home/darudecookie/Documents/V2-Robot-Arm/software/ros2/src/install/v2_robot_arm_interfaces/include/v2_robot_arm_interfaces/v2_robot_arm_interfaces/srv/detail/microcontroller_parameter_dump__rosidl_typesupport_fastrtps_c.h
[5.262s] -- Up-to-date: /home/darudecookie/Documents/V2-Robot-Arm/software/ros2/src/install/v2_robot_arm_interfaces/include/v2_robot_arm_interfaces/v2_robot_arm_interfaces/srv/detail/system_status__rosidl_typesupport_fastrtps_c.h
[5.263s] -- Up-to-date: /home/darudecookie/Documents/V2-Robot-Arm/software/ros2/src/install/v2_robot_arm_interfaces/lib/libv2_robot_arm_interfaces__rosidl_typesupport_fastrtps_c.so
[5.263s] -- Up-to-date: /home/darudecookie/Documents/V2-Robot-Arm/software/ros2/src/install/v2_robot_arm_interfaces/include/v2_robot_arm_interfaces/v2_robot_arm_interfaces
[5.263s] -- Up-to-date: /home/darudecookie/Documents/V2-Robot-Arm/software/ros2/src/install/v2_robot_arm_interfaces/include/v2_robot_arm_interfaces/v2_robot_arm_interfaces/action
[5.263s] -- Up-to-date: /home/darudecookie/Documents/V2-Robot-Arm/software/ros2/src/install/v2_robot_arm_interfaces/include/v2_robot_arm_interfaces/v2_robot_arm_interfaces/action/detail
[5.264s] -- Up-to-date: /home/darudecookie/Documents/V2-Robot-Arm/software/ros2/src/install/v2_robot_arm_interfaces/include/v2_robot_arm_interfaces/v2_robot_arm_interfaces/action/detail/parametric_trajectory_info__type_support.hpp
[5.264s] -- Up-to-date: /home/darudecookie/Documents/V2-Robot-Arm/software/ros2/src/install/v2_robot_arm_interfaces/include/v2_robot_arm_interfaces/v2_robot_arm_interfaces/action/detail/parametric_trajectory_info__traits.hpp
[5.264s] -- Up-to-date: /home/darudecookie/Documents/V2-Robot-Arm/software/ros2/src/install/v2_robot_arm_interfaces/include/v2_robot_arm_interfaces/v2_robot_arm_interfaces/action/detail/parametric_trajectory_info__struct.hpp
[5.270s] -- Up-to-date: /home/darudecookie/Documents/V2-Robot-Arm/software/ros2/src/install/v2_robot_arm_interfaces/include/v2_robot_arm_interfaces/v2_robot_arm_interfaces/action/detail/parametric_trajectory_info__builder.hpp
[5.270s] -- Up-to-date: /home/darudecookie/Documents/V2-Robot-Arm/software/ros2/src/install/v2_robot_arm_interfaces/include/v2_robot_arm_interfaces/v2_robot_arm_interfaces/action/parametric_trajectory_info.hpp
[5.270s] -- Up-to-date: /home/darudecookie/Documents/V2-Robot-Arm/software/ros2/src/install/v2_robot_arm_interfaces/include/v2_robot_arm_interfaces/v2_robot_arm_interfaces/msg
[5.272s] -- Up-to-date: /home/darudecookie/Documents/V2-Robot-Arm/software/ros2/src/install/v2_robot_arm_interfaces/include/v2_robot_arm_interfaces/v2_robot_arm_interfaces/msg/control_status.hpp
[5.273s] -- Up-to-date: /home/darudecookie/Documents/V2-Robot-Arm/software/ros2/src/install/v2_robot_arm_interfaces/include/v2_robot_arm_interfaces/v2_robot_arm_interfaces/msg/peripheral_speed.hpp
[5.273s] -- Up-to-date: /home/darudecookie/Documents/V2-Robot-Arm/software/ros2/src/install/v2_robot_arm_interfaces/include/v2_robot_arm_interfaces/v2_robot_arm_interfaces/msg/detail
[5.273s] -- Up-to-date: /home/darudecookie/Documents/V2-Robot-Arm/software/ros2/src/install/v2_robot_arm_interfaces/include/v2_robot_arm_interfaces/v2_robot_arm_interfaces/msg/detail/current_cartesian__struct.hpp
[5.274s] -- Up-to-date: /home/darudecookie/Documents/V2-Robot-Arm/software/ros2/src/install/v2_robot_arm_interfaces/include/v2_robot_arm_interfaces/v2_robot_arm_interfaces/msg/detail/target_joint_info__traits.hpp
[5.274s] -- Up-to-date: /home/darudecookie/Documents/V2-Robot-Arm/software/ros2/src/install/v2_robot_arm_interfaces/include/v2_robot_arm_interfaces/v2_robot_arm_interfaces/msg/detail/peripheral_speed__struct.hpp
[5.274s] -- Up-to-date: /home/darudecookie/Documents/V2-Robot-Arm/software/ros2/src/install/v2_robot_arm_interfaces/include/v2_robot_arm_interfaces/v2_robot_arm_interfaces/msg/detail/current_cartesian__builder.hpp
[5.274s] -- Up-to-date: /home/darudecookie/Documents/V2-Robot-Arm/software/ros2/src/install/v2_robot_arm_interfaces/include/v2_robot_arm_interfaces/v2_robot_arm_interfaces/msg/detail/target_cartesian__traits.hpp
[5.275s] -- Up-to-date: /home/darudecookie/Documents/V2-Robot-Arm/software/ros2/src/install/v2_robot_arm_interfaces/include/v2_robot_arm_interfaces/v2_robot_arm_interfaces/msg/detail/target_joint_info__type_support.hpp
[5.275s] -- Up-to-date: /home/darudecookie/Documents/V2-Robot-Arm/software/ros2/src/install/v2_robot_arm_interfaces/include/v2_robot_arm_interfaces/v2_robot_arm_interfaces/msg/detail/peripheral_speed__traits.hpp
[5.278s] -- Up-to-date: /home/darudecookie/Documents/V2-Robot-Arm/software/ros2/src/install/v2_robot_arm_interfaces/include/v2_robot_arm_interfaces/v2_robot_arm_interfaces/msg/detail/current_ee_info__type_support.hpp
[5.278s] -- Up-to-date: /home/darudecookie/Documents/V2-Robot-Arm/software/ros2/src/install/v2_robot_arm_interfaces/include/v2_robot_arm_interfaces/v2_robot_arm_interfaces/msg/detail/current_joint_info__builder.hpp
[5.279s] -- Up-to-date: /home/darudecookie/Documents/V2-Robot-Arm/software/ros2/src/install/v2_robot_arm_interfaces/include/v2_robot_arm_interfaces/v2_robot_arm_interfaces/msg/detail/system_diagnostic_info__traits.hpp
[5.280s] -- Up-to-date: /home/darudecookie/Documents/V2-Robot-Arm/software/ros2/src/install/v2_robot_arm_interfaces/include/v2_robot_arm_interfaces/v2_robot_arm_interfaces/msg/detail/peripheral_speed__type_support.hpp
[5.281s] -- Up-to-date: /home/darudecookie/Documents/V2-Robot-Arm/software/ros2/src/install/v2_robot_arm_interfaces/include/v2_robot_arm_interfaces/v2_robot_arm_interfaces/msg/detail/target_ee_info__traits.hpp
[5.281s] -- Up-to-date: /home/darudecookie/Documents/V2-Robot-Arm/software/ros2/src/install/v2_robot_arm_interfaces/include/v2_robot_arm_interfaces/v2_robot_arm_interfaces/msg/detail/control_status__builder.hpp
[5.281s] -- Up-to-date: /home/darudecookie/Documents/V2-Robot-Arm/software/ros2/src/install/v2_robot_arm_interfaces/include/v2_robot_arm_interfaces/v2_robot_arm_interfaces/msg/detail/current_cartesian__traits.hpp
[5.282s] -- Up-to-date: /home/darudecookie/Documents/V2-Robot-Arm/software/ros2/src/install/v2_robot_arm_interfaces/include/v2_robot_arm_interfaces/v2_robot_arm_interfaces/msg/detail/control_status__struct.hpp
[5.282s] -- Up-to-date: /home/darudecookie/Documents/V2-Robot-Arm/software/ros2/src/install/v2_robot_arm_interfaces/include/v2_robot_arm_interfaces/v2_robot_arm_interfaces/msg/detail/system_diagnostic_info__type_support.hpp
[5.284s] -- Up-to-date: /home/darudecookie/Documents/V2-Robot-Arm/software/ros2/src/install/v2_robot_arm_interfaces/include/v2_robot_arm_interfaces/v2_robot_arm_interfaces/msg/detail/target_joint_info__struct.hpp
[5.285s] -- Up-to-date: /home/darudecookie/Documents/V2-Robot-Arm/software/ros2/src/install/v2_robot_arm_interfaces/include/v2_robot_arm_interfaces/v2_robot_arm_interfaces/msg/detail/target_cartesian__type_support.hpp
[5.286s] -- Up-to-date: /home/darudecookie/Documents/V2-Robot-Arm/software/ros2/src/install/v2_robot_arm_interfaces/include/v2_robot_arm_interfaces/v2_robot_arm_interfaces/msg/detail/current_joint_info__struct.hpp
[5.286s] -- Up-to-date: /home/darudecookie/Documents/V2-Robot-Arm/software/ros2/src/install/v2_robot_arm_interfaces/include/v2_robot_arm_interfaces/v2_robot_arm_interfaces/msg/detail/target_joint_info__builder.hpp
[5.286s] -- Up-to-date: /home/darudecookie/Documents/V2-Robot-Arm/software/ros2/src/install/v2_robot_arm_interfaces/include/v2_robot_arm_interfaces/v2_robot_arm_interfaces/msg/detail/target_ee_info__builder.hpp
[5.288s] -- Up-to-date: /home/darudecookie/Documents/V2-Robot-Arm/software/ros2/src/install/v2_robot_arm_interfaces/include/v2_robot_arm_interfaces/v2_robot_arm_interfaces/msg/detail/control_status__type_support.hpp
[5.288s] -- Up-to-date: /home/darudecookie/Documents/V2-Robot-Arm/software/ros2/src/install/v2_robot_arm_interfaces/include/v2_robot_arm_interfaces/v2_robot_arm_interfaces/msg/detail/control_status__traits.hpp
[5.288s] -- Up-to-date: /home/darudecookie/Documents/V2-Robot-Arm/software/ros2/src/install/v2_robot_arm_interfaces/include/v2_robot_arm_interfaces/v2_robot_arm_interfaces/msg/detail/target_cartesian__struct.hpp
[5.288s] -- Up-to-date: /home/darudecookie/Documents/V2-Robot-Arm/software/ros2/src/install/v2_robot_arm_interfaces/include/v2_robot_arm_interfaces/v2_robot_arm_interfaces/msg/detail/current_ee_info__struct.hpp
[5.289s] -- Up-to-date: /home/darudecookie/Documents/V2-Robot-Arm/software/ros2/src/install/v2_robot_arm_interfaces/include/v2_robot_arm_interfaces/v2_robot_arm_interfaces/msg/detail/system_diagnostic_info__builder.hpp
[5.291s] -- Up-to-date: /home/darudecookie/Documents/V2-Robot-Arm/software/ros2/src/install/v2_robot_arm_interfaces/include/v2_robot_arm_interfaces/v2_robot_arm_interfaces/msg/detail/target_cartesian__builder.hpp
[5.292s] -- Up-to-date: /home/darudecookie/Documents/V2-Robot-Arm/software/ros2/src/install/v2_robot_arm_interfaces/include/v2_robot_arm_interfaces/v2_robot_arm_interfaces/msg/detail/current_joint_info__type_support.hpp
[5.292s] -- Up-to-date: /home/darudecookie/Documents/V2-Robot-Arm/software/ros2/src/install/v2_robot_arm_interfaces/include/v2_robot_arm_interfaces/v2_robot_arm_interfaces/msg/detail/current_ee_info__traits.hpp
[5.293s] -- Up-to-date: /home/darudecookie/Documents/V2-Robot-Arm/software/ros2/src/install/v2_robot_arm_interfaces/include/v2_robot_arm_interfaces/v2_robot_arm_interfaces/msg/detail/current_joint_info__traits.hpp
[5.293s] -- Up-to-date: /home/darudecookie/Documents/V2-Robot-Arm/software/ros2/src/install/v2_robot_arm_interfaces/include/v2_robot_arm_interfaces/v2_robot_arm_interfaces/msg/detail/current_ee_info__builder.hpp
[5.293s] -- Up-to-date: /home/darudecookie/Documents/V2-Robot-Arm/software/ros2/src/install/v2_robot_arm_interfaces/include/v2_robot_arm_interfaces/v2_robot_arm_interfaces/msg/detail/peripheral_speed__builder.hpp
[5.293s] -- Up-to-date: /home/darudecookie/Documents/V2-Robot-Arm/software/ros2/src/install/v2_robot_arm_interfaces/include/v2_robot_arm_interfaces/v2_robot_arm_interfaces/msg/detail/target_ee_info__type_support.hpp
[5.293s] -- Up-to-date: /home/darudecookie/Documents/V2-Robot-Arm/software/ros2/src/install/v2_robot_arm_interfaces/include/v2_robot_arm_interfaces/v2_robot_arm_interfaces/msg/detail/system_diagnostic_info__struct.hpp
[5.296s] -- Up-to-date: /home/darudecookie/Documents/V2-Robot-Arm/software/ros2/src/install/v2_robot_arm_interfaces/include/v2_robot_arm_interfaces/v2_robot_arm_interfaces/msg/detail/target_ee_info__struct.hpp
[5.296s] -- Up-to-date: /home/darudecookie/Documents/V2-Robot-Arm/software/ros2/src/install/v2_robot_arm_interfaces/include/v2_robot_arm_interfaces/v2_robot_arm_interfaces/msg/detail/current_cartesian__type_support.hpp
[5.299s] -- Up-to-date: /home/darudecookie/Documents/V2-Robot-Arm/software/ros2/src/install/v2_robot_arm_interfaces/include/v2_robot_arm_interfaces/v2_robot_arm_interfaces/msg/target_joint_info.hpp
[5.301s] -- Up-to-date: /home/darudecookie/Documents/V2-Robot-Arm/software/ros2/src/install/v2_robot_arm_interfaces/include/v2_robot_arm_interfaces/v2_robot_arm_interfaces/msg/target_cartesian.hpp
[5.301s] -- Up-to-date: /home/darudecookie/Documents/V2-Robot-Arm/software/ros2/src/install/v2_robot_arm_interfaces/include/v2_robot_arm_interfaces/v2_robot_arm_interfaces/msg/rosidl_generator_cpp__visibility_control.hpp
[5.302s] -- Up-to-date: /home/darudecookie/Documents/V2-Robot-Arm/software/ros2/src/install/v2_robot_arm_interfaces/include/v2_robot_arm_interfaces/v2_robot_arm_interfaces/msg/system_diagnostic_info.hpp
[5.302s] -- Up-to-date: /home/darudecookie/Documents/V2-Robot-Arm/software/ros2/src/install/v2_robot_arm_interfaces/include/v2_robot_arm_interfaces/v2_robot_arm_interfaces/msg/current_joint_info.hpp
[5.303s] -- Up-to-date: /home/darudecookie/Documents/V2-Robot-Arm/software/ros2/src/install/v2_robot_arm_interfaces/include/v2_robot_arm_interfaces/v2_robot_arm_interfaces/msg/current_ee_info.hpp
[5.303s] -- Up-to-date: /home/darudecookie/Documents/V2-Robot-Arm/software/ros2/src/install/v2_robot_arm_interfaces/include/v2_robot_arm_interfaces/v2_robot_arm_interfaces/msg/target_ee_info.hpp
[5.304s] -- Up-to-date: /home/darudecookie/Documents/V2-Robot-Arm/software/ros2/src/install/v2_robot_arm_interfaces/include/v2_robot_arm_interfaces/v2_robot_arm_interfaces/msg/current_cartesian.hpp
[5.305s] -- Up-to-date: /home/darudecookie/Documents/V2-Robot-Arm/software/ros2/src/install/v2_robot_arm_interfaces/include/v2_robot_arm_interfaces/v2_robot_arm_interfaces/srv
[5.306s] -- Up-to-date: /home/darudecookie/Documents/V2-Robot-Arm/software/ros2/src/install/v2_robot_arm_interfaces/include/v2_robot_arm_interfaces/v2_robot_arm_interfaces/srv/detail
[5.307s] -- Up-to-date: /home/darudecookie/Documents/V2-Robot-Arm/software/ros2/src/install/v2_robot_arm_interfaces/include/v2_robot_arm_interfaces/v2_robot_arm_interfaces/srv/detail/microcontroller_parameter_dump__struct.hpp
[5.307s] -- Up-to-date: /home/darudecookie/Documents/V2-Robot-Arm/software/ros2/src/install/v2_robot_arm_interfaces/include/v2_robot_arm_interfaces/v2_robot_arm_interfaces/srv/detail/target_ee_state__struct.hpp
[5.307s] -- Up-to-date: /home/darudecookie/Documents/V2-Robot-Arm/software/ros2/src/install/v2_robot_arm_interfaces/include/v2_robot_arm_interfaces/v2_robot_arm_interfaces/srv/detail/microcontroller_parameter_dump__traits.hpp
[5.308s] -- Up-to-date: /home/darudecookie/Documents/V2-Robot-Arm/software/ros2/src/install/v2_robot_arm_interfaces/include/v2_robot_arm_interfaces/v2_robot_arm_interfaces/srv/detail/microcontroller_parameter_dump__type_support.hpp
[5.308s] -- Up-to-date: /home/darudecookie/Documents/V2-Robot-Arm/software/ros2/src/install/v2_robot_arm_interfaces/include/v2_robot_arm_interfaces/v2_robot_arm_interfaces/srv/detail/target_ee_state__type_support.hpp
[5.308s] -- Up-to-date: /home/darudecookie/Documents/V2-Robot-Arm/software/ros2/src/install/v2_robot_arm_interfaces/include/v2_robot_arm_interfaces/v2_robot_arm_interfaces/srv/detail/system_status__type_support.hpp
[5.308s] -- Up-to-date: /home/darudecookie/Documents/V2-Robot-Arm/software/ros2/src/install/v2_robot_arm_interfaces/include/v2_robot_arm_interfaces/v2_robot_arm_interfaces/srv/detail/target_ee_state__builder.hpp
[5.311s] -- Up-to-date: /home/darudecookie/Documents/V2-Robot-Arm/software/ros2/src/install/v2_robot_arm_interfaces/include/v2_robot_arm_interfaces/v2_robot_arm_interfaces/srv/detail/system_status__builder.hpp
[5.312s] -- Up-to-date: /home/darudecookie/Documents/V2-Robot-Arm/software/ros2/src/install/v2_robot_arm_interfaces/include/v2_robot_arm_interfaces/v2_robot_arm_interfaces/srv/detail/system_status__traits.hpp
[5.312s] -- Up-to-date: /home/darudecookie/Documents/V2-Robot-Arm/software/ros2/src/install/v2_robot_arm_interfaces/include/v2_robot_arm_interfaces/v2_robot_arm_interfaces/srv/detail/target_ee_state__traits.hpp
[5.313s] -- Up-to-date: /home/darudecookie/Documents/V2-Robot-Arm/software/ros2/src/install/v2_robot_arm_interfaces/include/v2_robot_arm_interfaces/v2_robot_arm_interfaces/srv/detail/system_status__struct.hpp
[5.313s] -- Up-to-date: /home/darudecookie/Documents/V2-Robot-Arm/software/ros2/src/install/v2_robot_arm_interfaces/include/v2_robot_arm_interfaces/v2_robot_arm_interfaces/srv/detail/microcontroller_parameter_dump__builder.hpp
[5.313s] -- Up-to-date: /home/darudecookie/Documents/V2-Robot-Arm/software/ros2/src/install/v2_robot_arm_interfaces/include/v2_robot_arm_interfaces/v2_robot_arm_interfaces/srv/target_ee_state.hpp
[5.314s] -- Up-to-date: /home/darudecookie/Documents/V2-Robot-Arm/software/ros2/src/install/v2_robot_arm_interfaces/include/v2_robot_arm_interfaces/v2_robot_arm_interfaces/srv/system_status.hpp
[5.314s] -- Up-to-date: /home/darudecookie/Documents/V2-Robot-Arm/software/ros2/src/install/v2_robot_arm_interfaces/include/v2_robot_arm_interfaces/v2_robot_arm_interfaces/srv/microcontroller_parameter_dump.hpp
[5.315s] -- Up-to-date: /home/darudecookie/Documents/V2-Robot-Arm/software/ros2/src/install/v2_robot_arm_interfaces/include/v2_robot_arm_interfaces/v2_robot_arm_interfaces
[5.316s] -- Up-to-date: /home/darudecookie/Documents/V2-Robot-Arm/software/ros2/src/install/v2_robot_arm_interfaces/include/v2_robot_arm_interfaces/v2_robot_arm_interfaces/action
[5.316s] -- Up-to-date: /home/darudecookie/Documents/V2-Robot-Arm/software/ros2/src/install/v2_robot_arm_interfaces/include/v2_robot_arm_interfaces/v2_robot_arm_interfaces/action/detail
[5.318s] -- Up-to-date: /home/darudecookie/Documents/V2-Robot-Arm/software/ros2/src/install/v2_robot_arm_interfaces/include/v2_robot_arm_interfaces/v2_robot_arm_interfaces/action/detail/dds_fastrtps
[5.318s] -- Up-to-date: /home/darudecookie/Documents/V2-Robot-Arm/software/ros2/src/install/v2_robot_arm_interfaces/include/v2_robot_arm_interfaces/v2_robot_arm_interfaces/action/detail/parametric_trajectory_info__rosidl_typesupport_fastrtps_cpp.hpp
[5.318s] -- Up-to-date: /home/darudecookie/Documents/V2-Robot-Arm/software/ros2/src/install/v2_robot_arm_interfaces/include/v2_robot_arm_interfaces/v2_robot_arm_interfaces/msg
[5.318s] -- Up-to-date: /home/darudecookie/Documents/V2-Robot-Arm/software/ros2/src/install/v2_robot_arm_interfaces/include/v2_robot_arm_interfaces/v2_robot_arm_interfaces/msg/detail
[5.319s] -- Up-to-date: /home/darudecookie/Documents/V2-Robot-Arm/software/ros2/src/install/v2_robot_arm_interfaces/include/v2_robot_arm_interfaces/v2_robot_arm_interfaces/msg/detail/target_ee_info__rosidl_typesupport_fastrtps_cpp.hpp
[5.319s] -- Up-to-date: /home/darudecookie/Documents/V2-Robot-Arm/software/ros2/src/install/v2_robot_arm_interfaces/include/v2_robot_arm_interfaces/v2_robot_arm_interfaces/msg/detail/dds_fastrtps
[5.319s] -- Up-to-date: /home/darudecookie/Documents/V2-Robot-Arm/software/ros2/src/install/v2_robot_arm_interfaces/include/v2_robot_arm_interfaces/v2_robot_arm_interfaces/msg/detail/target_cartesian__rosidl_typesupport_fastrtps_cpp.hpp
[5.320s] -- Up-to-date: /home/darudecookie/Documents/V2-Robot-Arm/software/ros2/src/install/v2_robot_arm_interfaces/include/v2_robot_arm_interfaces/v2_robot_arm_interfaces/msg/detail/control_status__rosidl_typesupport_fastrtps_cpp.hpp
[5.320s] -- Up-to-date: /home/darudecookie/Documents/V2-Robot-Arm/software/ros2/src/install/v2_robot_arm_interfaces/include/v2_robot_arm_interfaces/v2_robot_arm_interfaces/msg/detail/current_joint_info__rosidl_typesupport_fastrtps_cpp.hpp
[5.320s] -- Up-to-date: /home/darudecookie/Documents/V2-Robot-Arm/software/ros2/src/install/v2_robot_arm_interfaces/include/v2_robot_arm_interfaces/v2_robot_arm_interfaces/msg/detail/target_joint_info__rosidl_typesupport_fastrtps_cpp.hpp
[5.320s] -- Up-to-date: /home/darudecookie/Documents/V2-Robot-Arm/software/ros2/src/install/v2_robot_arm_interfaces/include/v2_robot_arm_interfaces/v2_robot_arm_interfaces/msg/detail/peripheral_speed__rosidl_typesupport_fastrtps_cpp.hpp
[5.321s] -- Up-to-date: /home/darudecookie/Documents/V2-Robot-Arm/software/ros2/src/install/v2_robot_arm_interfaces/include/v2_robot_arm_interfaces/v2_robot_arm_interfaces/msg/detail/current_ee_info__rosidl_typesupport_fastrtps_cpp.hpp
[5.321s] -- Up-to-date: /home/darudecookie/Documents/V2-Robot-Arm/software/ros2/src/install/v2_robot_arm_interfaces/include/v2_robot_arm_interfaces/v2_robot_arm_interfaces/msg/detail/system_diagnostic_info__rosidl_typesupport_fastrtps_cpp.hpp
[5.321s] -- Up-to-date: /home/darudecookie/Documents/V2-Robot-Arm/software/ros2/src/install/v2_robot_arm_interfaces/include/v2_robot_arm_interfaces/v2_robot_arm_interfaces/msg/detail/current_cartesian__rosidl_typesupport_fastrtps_cpp.hpp
[5.322s] -- Up-to-date: /home/darudecookie/Documents/V2-Robot-Arm/software/ros2/src/install/v2_robot_arm_interfaces/include/v2_robot_arm_interfaces/v2_robot_arm_interfaces/msg/rosidl_typesupport_fastrtps_cpp__visibility_control.h
[5.322s] -- Up-to-date: /home/darudecookie/Documents/V2-Robot-Arm/software/ros2/src/install/v2_robot_arm_interfaces/include/v2_robot_arm_interfaces/v2_robot_arm_interfaces/srv
[5.322s] -- Up-to-date: /home/darudecookie/Documents/V2-Robot-Arm/software/ros2/src/install/v2_robot_arm_interfaces/include/v2_robot_arm_interfaces/v2_robot_arm_interfaces/srv/detail
[5.322s] -- Up-to-date: /home/darudecookie/Documents/V2-Robot-Arm/software/ros2/src/install/v2_robot_arm_interfaces/include/v2_robot_arm_interfaces/v2_robot_arm_interfaces/srv/detail/dds_fastrtps
[5.323s] -- Up-to-date: /home/darudecookie/Documents/V2-Robot-Arm/software/ros2/src/install/v2_robot_arm_interfaces/include/v2_robot_arm_interfaces/v2_robot_arm_interfaces/srv/detail/system_status__rosidl_typesupport_fastrtps_cpp.hpp
[5.323s] -- Up-to-date: /home/darudecookie/Documents/V2-Robot-Arm/software/ros2/src/install/v2_robot_arm_interfaces/include/v2_robot_arm_interfaces/v2_robot_arm_interfaces/srv/detail/microcontroller_parameter_dump__rosidl_typesupport_fastrtps_cpp.hpp
[5.323s] -- Up-to-date: /home/darudecookie/Documents/V2-Robot-Arm/software/ros2/src/install/v2_robot_arm_interfaces/include/v2_robot_arm_interfaces/v2_robot_arm_interfaces/srv/detail/target_ee_state__rosidl_typesupport_fastrtps_cpp.hpp
[5.323s] -- Up-to-date: /home/darudecookie/Documents/V2-Robot-Arm/software/ros2/src/install/v2_robot_arm_interfaces/lib/libv2_robot_arm_interfaces__rosidl_typesupport_fastrtps_cpp.so
[5.324s] -- Up-to-date: /home/darudecookie/Documents/V2-Robot-Arm/software/ros2/src/install/v2_robot_arm_interfaces/include/v2_robot_arm_interfaces/v2_robot_arm_interfaces
[5.324s] -- Up-to-date: /home/darudecookie/Documents/V2-Robot-Arm/software/ros2/src/install/v2_robot_arm_interfaces/include/v2_robot_arm_interfaces/v2_robot_arm_interfaces/action
[5.324s] -- Up-to-date: /home/darudecookie/Documents/V2-Robot-Arm/software/ros2/src/install/v2_robot_arm_interfaces/include/v2_robot_arm_interfaces/v2_robot_arm_interfaces/action/detail
[5.325s] -- Up-to-date: /home/darudecookie/Documents/V2-Robot-Arm/software/ros2/src/install/v2_robot_arm_interfaces/include/v2_robot_arm_interfaces/v2_robot_arm_interfaces/action/detail/parametric_trajectory_info__rosidl_typesupport_introspection_c.h
[5.325s] -- Installing: /home/darudecookie/Documents/V2-Robot-Arm/software/ros2/src/install/v2_robot_arm_interfaces/include/v2_robot_arm_interfaces/v2_robot_arm_interfaces/action/detail/parametric_trajectory_info__type_support.c
[5.325s] -- Up-to-date: /home/darudecookie/Documents/V2-Robot-Arm/software/ros2/src/install/v2_robot_arm_interfaces/include/v2_robot_arm_interfaces/v2_robot_arm_interfaces/msg
[5.325s] -- Up-to-date: /home/darudecookie/Documents/V2-Robot-Arm/software/ros2/src/install/v2_robot_arm_interfaces/include/v2_robot_arm_interfaces/v2_robot_arm_interfaces/msg/detail
[5.326s] -- Installing: /home/darudecookie/Documents/V2-Robot-Arm/software/ros2/src/install/v2_robot_arm_interfaces/include/v2_robot_arm_interfaces/v2_robot_arm_interfaces/msg/detail/target_cartesian__type_support.c
[5.326s] -- Installing: /home/darudecookie/Documents/V2-Robot-Arm/software/ros2/src/install/v2_robot_arm_interfaces/include/v2_robot_arm_interfaces/v2_robot_arm_interfaces/msg/detail/current_joint_info__type_support.c
[5.326s] -- Installing: /home/darudecookie/Documents/V2-Robot-Arm/software/ros2/src/install/v2_robot_arm_interfaces/include/v2_robot_arm_interfaces/v2_robot_arm_interfaces/msg/detail/system_diagnostic_info__type_support.c
[5.326s] -- Up-to-date: /home/darudecookie/Documents/V2-Robot-Arm/software/ros2/src/install/v2_robot_arm_interfaces/include/v2_robot_arm_interfaces/v2_robot_arm_interfaces/msg/detail/current_joint_info__rosidl_typesupport_introspection_c.h
[5.327s] -- Up-to-date: /home/darudecookie/Documents/V2-Robot-Arm/software/ros2/src/install/v2_robot_arm_interfaces/include/v2_robot_arm_interfaces/v2_robot_arm_interfaces/msg/detail/peripheral_speed__rosidl_typesupport_introspection_c.h
[5.327s] -- Installing: /home/darudecookie/Documents/V2-Robot-Arm/software/ros2/src/install/v2_robot_arm_interfaces/include/v2_robot_arm_interfaces/v2_robot_arm_interfaces/msg/detail/control_status__type_support.c
[5.327s] -- Installing: /home/darudecookie/Documents/V2-Robot-Arm/software/ros2/src/install/v2_robot_arm_interfaces/include/v2_robot_arm_interfaces/v2_robot_arm_interfaces/msg/detail/peripheral_speed__type_support.c
[5.327s] -- Installing: /home/darudecookie/Documents/V2-Robot-Arm/software/ros2/src/install/v2_robot_arm_interfaces/include/v2_robot_arm_interfaces/v2_robot_arm_interfaces/msg/detail/target_joint_info__type_support.c
[5.327s] -- Installing: /home/darudecookie/Documents/V2-Robot-Arm/software/ros2/src/install/v2_robot_arm_interfaces/include/v2_robot_arm_interfaces/v2_robot_arm_interfaces/msg/detail/current_ee_info__type_support.c
[5.328s] -- Up-to-date: /home/darudecookie/Documents/V2-Robot-Arm/software/ros2/src/install/v2_robot_arm_interfaces/include/v2_robot_arm_interfaces/v2_robot_arm_interfaces/msg/detail/target_joint_info__rosidl_typesupport_introspection_c.h
[5.328s] -- Up-to-date: /home/darudecookie/Documents/V2-Robot-Arm/software/ros2/src/install/v2_robot_arm_interfaces/include/v2_robot_arm_interfaces/v2_robot_arm_interfaces/msg/detail/current_ee_info__rosidl_typesupport_introspection_c.h
[5.328s] -- Up-to-date: /home/darudecookie/Documents/V2-Robot-Arm/software/ros2/src/install/v2_robot_arm_interfaces/include/v2_robot_arm_interfaces/v2_robot_arm_interfaces/msg/detail/target_ee_info__rosidl_typesupport_introspection_c.h
[5.329s] -- Up-to-date: /home/darudecookie/Documents/V2-Robot-Arm/software/ros2/src/install/v2_robot_arm_interfaces/include/v2_robot_arm_interfaces/v2_robot_arm_interfaces/msg/detail/current_cartesian__rosidl_typesupport_introspection_c.h
[5.329s] -- Installing: /home/darudecookie/Documents/V2-Robot-Arm/software/ros2/src/install/v2_robot_arm_interfaces/include/v2_robot_arm_interfaces/v2_robot_arm_interfaces/msg/detail/current_cartesian__type_support.c
[5.329s] -- Up-to-date: /home/darudecookie/Documents/V2-Robot-Arm/software/ros2/src/install/v2_robot_arm_interfaces/include/v2_robot_arm_interfaces/v2_robot_arm_interfaces/msg/detail/control_status__rosidl_typesupport_introspection_c.h
[5.329s] -- Up-to-date: /home/darudecookie/Documents/V2-Robot-Arm/software/ros2/src/install/v2_robot_arm_interfaces/include/v2_robot_arm_interfaces/v2_robot_arm_interfaces/msg/detail/target_cartesian__rosidl_typesupport_introspection_c.h
[5.330s] -- Up-to-date: /home/darudecookie/Documents/V2-Robot-Arm/software/ros2/src/install/v2_robot_arm_interfaces/include/v2_robot_arm_interfaces/v2_robot_arm_interfaces/msg/detail/system_diagnostic_info__rosidl_typesupport_introspection_c.h
[5.330s] -- Installing: /home/darudecookie/Documents/V2-Robot-Arm/software/ros2/src/install/v2_robot_arm_interfaces/include/v2_robot_arm_interfaces/v2_robot_arm_interfaces/msg/detail/target_ee_info__type_support.c
[5.330s] -- Up-to-date: /home/darudecookie/Documents/V2-Robot-Arm/software/ros2/src/install/v2_robot_arm_interfaces/include/v2_robot_arm_interfaces/v2_robot_arm_interfaces/msg/rosidl_typesupport_introspection_c__visibility_control.h
[5.330s] -- Up-to-date: /home/darudecookie/Documents/V2-Robot-Arm/software/ros2/src/install/v2_robot_arm_interfaces/include/v2_robot_arm_interfaces/v2_robot_arm_interfaces/srv
[5.331s] -- Up-to-date: /home/darudecookie/Documents/V2-Robot-Arm/software/ros2/src/install/v2_robot_arm_interfaces/include/v2_robot_arm_interfaces/v2_robot_arm_interfaces/srv/detail
[5.331s] -- Up-to-date: /home/darudecookie/Documents/V2-Robot-Arm/software/ros2/src/install/v2_robot_arm_interfaces/include/v2_robot_arm_interfaces/v2_robot_arm_interfaces/srv/detail/system_status__rosidl_typesupport_introspection_c.h
[5.331s] -- Installing: /home/darudecookie/Documents/V2-Robot-Arm/software/ros2/src/install/v2_robot_arm_interfaces/include/v2_robot_arm_interfaces/v2_robot_arm_interfaces/srv/detail/microcontroller_parameter_dump__type_support.c
[5.332s] -- Up-to-date: /home/darudecookie/Documents/V2-Robot-Arm/software/ros2/src/install/v2_robot_arm_interfaces/include/v2_robot_arm_interfaces/v2_robot_arm_interfaces/srv/detail/target_ee_state__rosidl_typesupport_introspection_c.h
[5.332s] -- Installing: /home/darudecookie/Documents/V2-Robot-Arm/software/ros2/src/install/v2_robot_arm_interfaces/include/v2_robot_arm_interfaces/v2_robot_arm_interfaces/srv/detail/system_status__type_support.c
[5.332s] -- Installing: /home/darudecookie/Documents/V2-Robot-Arm/software/ros2/src/install/v2_robot_arm_interfaces/include/v2_robot_arm_interfaces/v2_robot_arm_interfaces/srv/detail/target_ee_state__type_support.c
[5.332s] -- Up-to-date: /home/darudecookie/Documents/V2-Robot-Arm/software/ros2/src/install/v2_robot_arm_interfaces/include/v2_robot_arm_interfaces/v2_robot_arm_interfaces/srv/detail/microcontroller_parameter_dump__rosidl_typesupport_introspection_c.h
[5.332s] -- Up-to-date: /home/darudecookie/Documents/V2-Robot-Arm/software/ros2/src/install/v2_robot_arm_interfaces/lib/libv2_robot_arm_interfaces__rosidl_typesupport_introspection_c.so
[5.333s] -- Up-to-date: /home/darudecookie/Documents/V2-Robot-Arm/software/ros2/src/install/v2_robot_arm_interfaces/lib/libv2_robot_arm_interfaces__rosidl_typesupport_c.so
[5.333s] -- Up-to-date: /home/darudecookie/Documents/V2-Robot-Arm/software/ros2/src/install/v2_robot_arm_interfaces/include/v2_robot_arm_interfaces/v2_robot_arm_interfaces
[5.333s] -- Up-to-date: /home/darudecookie/Documents/V2-Robot-Arm/software/ros2/src/install/v2_robot_arm_interfaces/include/v2_robot_arm_interfaces/v2_robot_arm_interfaces/action
[5.333s] -- Up-to-date: /home/darudecookie/Documents/V2-Robot-Arm/software/ros2/src/install/v2_robot_arm_interfaces/include/v2_robot_arm_interfaces/v2_robot_arm_interfaces/action/detail
[5.334s] -- Up-to-date: /home/darudecookie/Documents/V2-Robot-Arm/software/ros2/src/install/v2_robot_arm_interfaces/include/v2_robot_arm_interfaces/v2_robot_arm_interfaces/action/detail/parametric_trajectory_info__rosidl_typesupport_introspection_cpp.hpp
[5.334s] -- Up-to-date: /home/darudecookie/Documents/V2-Robot-Arm/software/ros2/src/install/v2_robot_arm_interfaces/include/v2_robot_arm_interfaces/v2_robot_arm_interfaces/action/detail/parametric_trajectory_info__type_support.cpp
[5.334s] -- Up-to-date: /home/darudecookie/Documents/V2-Robot-Arm/software/ros2/src/install/v2_robot_arm_interfaces/include/v2_robot_arm_interfaces/v2_robot_arm_interfaces/msg
[5.334s] -- Up-to-date: /home/darudecookie/Documents/V2-Robot-Arm/software/ros2/src/install/v2_robot_arm_interfaces/include/v2_robot_arm_interfaces/v2_robot_arm_interfaces/msg/detail
[5.334s] -- Up-to-date: /home/darudecookie/Documents/V2-Robot-Arm/software/ros2/src/install/v2_robot_arm_interfaces/include/v2_robot_arm_interfaces/v2_robot_arm_interfaces/msg/detail/system_diagnostic_info__rosidl_typesupport_introspection_cpp.hpp
[5.335s] -- Up-to-date: /home/darudecookie/Documents/V2-Robot-Arm/software/ros2/src/install/v2_robot_arm_interfaces/include/v2_robot_arm_interfaces/v2_robot_arm_interfaces/msg/detail/current_cartesian__type_support.cpp
[5.336s] -- Up-to-date: /home/darudecookie/Documents/V2-Robot-Arm/software/ros2/src/install/v2_robot_arm_interfaces/include/v2_robot_arm_interfaces/v2_robot_arm_interfaces/msg/detail/current_ee_info__rosidl_typesupport_introspection_cpp.hpp
[5.336s] -- Up-to-date: /home/darudecookie/Documents/V2-Robot-Arm/software/ros2/src/install/v2_robot_arm_interfaces/include/v2_robot_arm_interfaces/v2_robot_arm_interfaces/msg/detail/peripheral_speed__type_support.cpp
[5.336s] -- Up-to-date: /home/darudecookie/Documents/V2-Robot-Arm/software/ros2/src/install/v2_robot_arm_interfaces/include/v2_robot_arm_interfaces/v2_robot_arm_interfaces/msg/detail/system_diagnostic_info__type_support.cpp
[5.336s] -- Up-to-date: /home/darudecookie/Documents/V2-Robot-Arm/software/ros2/src/install/v2_robot_arm_interfaces/include/v2_robot_arm_interfaces/v2_robot_arm_interfaces/msg/detail/peripheral_speed__rosidl_typesupport_introspection_cpp.hpp
[5.337s] -- Up-to-date: /home/darudecookie/Documents/V2-Robot-Arm/software/ros2/src/install/v2_robot_arm_interfaces/include/v2_robot_arm_interfaces/v2_robot_arm_interfaces/msg/detail/target_ee_info__rosidl_typesupport_introspection_cpp.hpp
[5.337s] -- Up-to-date: /home/darudecookie/Documents/V2-Robot-Arm/software/ros2/src/install/v2_robot_arm_interfaces/include/v2_robot_arm_interfaces/v2_robot_arm_interfaces/msg/detail/target_joint_info__type_support.cpp
[5.337s] -- Up-to-date: /home/darudecookie/Documents/V2-Robot-Arm/software/ros2/src/install/v2_robot_arm_interfaces/include/v2_robot_arm_interfaces/v2_robot_arm_interfaces/msg/detail/control_status__rosidl_typesupport_introspection_cpp.hpp
[5.337s] -- Up-to-date: /home/darudecookie/Documents/V2-Robot-Arm/software/ros2/src/install/v2_robot_arm_interfaces/include/v2_robot_arm_interfaces/v2_robot_arm_interfaces/msg/detail/target_joint_info__rosidl_typesupport_introspection_cpp.hpp
[5.338s] -- Up-to-date: /home/darudecookie/Documents/V2-Robot-Arm/software/ros2/src/install/v2_robot_arm_interfaces/include/v2_robot_arm_interfaces/v2_robot_arm_interfaces/msg/detail/target_cartesian__rosidl_typesupport_introspection_cpp.hpp
[5.338s] -- Up-to-date: /home/darudecookie/Documents/V2-Robot-Arm/software/ros2/src/install/v2_robot_arm_interfaces/include/v2_robot_arm_interfaces/v2_robot_arm_interfaces/msg/detail/current_joint_info__rosidl_typesupport_introspection_cpp.hpp
[5.338s] -- Up-to-date: /home/darudecookie/Documents/V2-Robot-Arm/software/ros2/src/install/v2_robot_arm_interfaces/include/v2_robot_arm_interfaces/v2_robot_arm_interfaces/msg/detail/target_cartesian__type_support.cpp
[5.338s] -- Up-to-date: /home/darudecookie/Documents/V2-Robot-Arm/software/ros2/src/install/v2_robot_arm_interfaces/include/v2_robot_arm_interfaces/v2_robot_arm_interfaces/msg/detail/current_cartesian__rosidl_typesupport_introspection_cpp.hpp
[5.339s] -- Up-to-date: /home/darudecookie/Documents/V2-Robot-Arm/software/ros2/src/install/v2_robot_arm_interfaces/include/v2_robot_arm_interfaces/v2_robot_arm_interfaces/msg/detail/target_ee_info__type_support.cpp
[5.339s] -- Up-to-date: /home/darudecookie/Documents/V2-Robot-Arm/software/ros2/src/install/v2_robot_arm_interfaces/include/v2_robot_arm_interfaces/v2_robot_arm_interfaces/msg/detail/control_status__type_support.cpp
[5.339s] -- Up-to-date: /home/darudecookie/Documents/V2-Robot-Arm/software/ros2/src/install/v2_robot_arm_interfaces/include/v2_robot_arm_interfaces/v2_robot_arm_interfaces/msg/detail/current_ee_info__type_support.cpp
[5.339s] -- Up-to-date: /home/darudecookie/Documents/V2-Robot-Arm/software/ros2/src/install/v2_robot_arm_interfaces/include/v2_robot_arm_interfaces/v2_robot_arm_interfaces/msg/detail/current_joint_info__type_support.cpp
[5.340s] -- Up-to-date: /home/darudecookie/Documents/V2-Robot-Arm/software/ros2/src/install/v2_robot_arm_interfaces/include/v2_robot_arm_interfaces/v2_robot_arm_interfaces/srv
[5.340s] -- Up-to-date: /home/darudecookie/Documents/V2-Robot-Arm/software/ros2/src/install/v2_robot_arm_interfaces/include/v2_robot_arm_interfaces/v2_robot_arm_interfaces/srv/detail
[5.340s] -- Up-to-date: /home/darudecookie/Documents/V2-Robot-Arm/software/ros2/src/install/v2_robot_arm_interfaces/include/v2_robot_arm_interfaces/v2_robot_arm_interfaces/srv/detail/system_status__rosidl_typesupport_introspection_cpp.hpp
[5.340s] -- Up-to-date: /home/darudecookie/Documents/V2-Robot-Arm/software/ros2/src/install/v2_robot_arm_interfaces/include/v2_robot_arm_interfaces/v2_robot_arm_interfaces/srv/detail/microcontroller_parameter_dump__type_support.cpp
[5.340s] -- Up-to-date: /home/darudecookie/Documents/V2-Robot-Arm/software/ros2/src/install/v2_robot_arm_interfaces/include/v2_robot_arm_interfaces/v2_robot_arm_interfaces/srv/detail/system_status__type_support.cpp
[5.341s] -- Up-to-date: /home/darudecookie/Documents/V2-Robot-Arm/software/ros2/src/install/v2_robot_arm_interfaces/include/v2_robot_arm_interfaces/v2_robot_arm_interfaces/srv/detail/target_ee_state__type_support.cpp
[5.341s] -- Up-to-date: /home/darudecookie/Documents/V2-Robot-Arm/software/ros2/src/install/v2_robot_arm_interfaces/include/v2_robot_arm_interfaces/v2_robot_arm_interfaces/srv/detail/target_ee_state__rosidl_typesupport_introspection_cpp.hpp
[5.341s] -- Up-to-date: /home/darudecookie/Documents/V2-Robot-Arm/software/ros2/src/install/v2_robot_arm_interfaces/include/v2_robot_arm_interfaces/v2_robot_arm_interfaces/srv/detail/microcontroller_parameter_dump__rosidl_typesupport_introspection_cpp.hpp
[5.342s] -- Up-to-date: /home/darudecookie/Documents/V2-Robot-Arm/software/ros2/src/install/v2_robot_arm_interfaces/lib/libv2_robot_arm_interfaces__rosidl_typesupport_introspection_cpp.so
[5.342s] -- Up-to-date: /home/darudecookie/Documents/V2-Robot-Arm/software/ros2/src/install/v2_robot_arm_interfaces/lib/libv2_robot_arm_interfaces__rosidl_typesupport_cpp.so
[5.342s] -- Up-to-date: /home/darudecookie/Documents/V2-Robot-Arm/software/ros2/src/install/v2_robot_arm_interfaces/share/v2_robot_arm_interfaces/environment/pythonpath.sh
[5.342s] -- Up-to-date: /home/darudecookie/Documents/V2-Robot-Arm/software/ros2/src/install/v2_robot_arm_interfaces/share/v2_robot_arm_interfaces/environment/pythonpath.dsv
[5.343s] -- Up-to-date: /home/darudecookie/Documents/V2-Robot-Arm/software/ros2/src/install/v2_robot_arm_interfaces/lib/python3.12/site-packages/v2_robot_arm_interfaces-0.0.1-py3.12.egg-info
[5.343s] -- Installing: /home/darudecookie/Documents/V2-Robot-Arm/software/ros2/src/install/v2_robot_arm_interfaces/lib/python3.12/site-packages/v2_robot_arm_interfaces-0.0.1-py3.12.egg-info/SOURCES.txt
[5.343s] -- Installing: /home/darudecookie/Documents/V2-Robot-Arm/software/ros2/src/install/v2_robot_arm_interfaces/lib/python3.12/site-packages/v2_robot_arm_interfaces-0.0.1-py3.12.egg-info/dependency_links.txt
[5.343s] -- Installing: /home/darudecookie/Documents/V2-Robot-Arm/software/ros2/src/install/v2_robot_arm_interfaces/lib/python3.12/site-packages/v2_robot_arm_interfaces-0.0.1-py3.12.egg-info/top_level.txt
[5.344s] -- Installing: /home/darudecookie/Documents/V2-Robot-Arm/software/ros2/src/install/v2_robot_arm_interfaces/lib/python3.12/site-packages/v2_robot_arm_interfaces-0.0.1-py3.12.egg-info/PKG-INFO
[5.344s] -- Up-to-date: /home/darudecookie/Documents/V2-Robot-Arm/software/ros2/src/install/v2_robot_arm_interfaces/lib/python3.12/site-packages/v2_robot_arm_interfaces
[5.344s] -- Up-to-date: /home/darudecookie/Documents/V2-Robot-Arm/software/ros2/src/install/v2_robot_arm_interfaces/lib/python3.12/site-packages/v2_robot_arm_interfaces/v2_robot_arm_interfaces_s__rosidl_typesupport_fastrtps_c.so
[5.344s] -- Up-to-date: /home/darudecookie/Documents/V2-Robot-Arm/software/ros2/src/install/v2_robot_arm_interfaces/lib/python3.12/site-packages/v2_robot_arm_interfaces/action
[5.345s] -- Up-to-date: /home/darudecookie/Documents/V2-Robot-Arm/software/ros2/src/install/v2_robot_arm_interfaces/lib/python3.12/site-packages/v2_robot_arm_interfaces/action/__init__.py
[5.345s] -- Up-to-date: /home/darudecookie/Documents/V2-Robot-Arm/software/ros2/src/install/v2_robot_arm_interfaces/lib/python3.12/site-packages/v2_robot_arm_interfaces/action/_parametric_trajectory_info_s.c
[5.345s] -- Up-to-date: /home/darudecookie/Documents/V2-Robot-Arm/software/ros2/src/install/v2_robot_arm_interfaces/lib/python3.12/site-packages/v2_robot_arm_interfaces/action/_parametric_trajectory_info.py
[5.345s] -- Up-to-date: /home/darudecookie/Documents/V2-Robot-Arm/software/ros2/src/install/v2_robot_arm_interfaces/lib/python3.12/site-packages/v2_robot_arm_interfaces/__init__.py
[5.346s] -- Up-to-date: /home/darudecookie/Documents/V2-Robot-Arm/software/ros2/src/install/v2_robot_arm_interfaces/lib/python3.12/site-packages/v2_robot_arm_interfaces/_v2_robot_arm_interfaces_s.ep.rosidl_typesupport_fastrtps_c.c
[5.346s] -- Up-to-date: /home/darudecookie/Documents/V2-Robot-Arm/software/ros2/src/install/v2_robot_arm_interfaces/lib/python3.12/site-packages/v2_robot_arm_interfaces/v2_robot_arm_interfaces_s__rosidl_typesupport_introspection_c.so
[5.346s] -- Up-to-date: /home/darudecookie/Documents/V2-Robot-Arm/software/ros2/src/install/v2_robot_arm_interfaces/lib/python3.12/site-packages/v2_robot_arm_interfaces/_v2_robot_arm_interfaces_s.ep.rosidl_typesupport_introspection_c.c
[5.347s] -- Up-to-date: /home/darudecookie/Documents/V2-Robot-Arm/software/ros2/src/install/v2_robot_arm_interfaces/lib/python3.12/site-packages/v2_robot_arm_interfaces/_v2_robot_arm_interfaces_s.ep.rosidl_typesupport_c.c
[5.347s] -- Up-to-date: /home/darudecookie/Documents/V2-Robot-Arm/software/ros2/src/install/v2_robot_arm_interfaces/lib/python3.12/site-packages/v2_robot_arm_interfaces/v2_robot_arm_interfaces_s__rosidl_typesupport_c.so
[5.347s] -- Up-to-date: /home/darudecookie/Documents/V2-Robot-Arm/software/ros2/src/install/v2_robot_arm_interfaces/lib/python3.12/site-packages/v2_robot_arm_interfaces/msg
[5.347s] -- Up-to-date: /home/darudecookie/Documents/V2-Robot-Arm/software/ros2/src/install/v2_robot_arm_interfaces/lib/python3.12/site-packages/v2_robot_arm_interfaces/msg/_peripheral_speed.py
[5.348s] -- Up-to-date: /home/darudecookie/Documents/V2-Robot-Arm/software/ros2/src/install/v2_robot_arm_interfaces/lib/python3.12/site-packages/v2_robot_arm_interfaces/msg/_target_joint_info_s.c
[5.348s] -- Up-to-date: /home/darudecookie/Documents/V2-Robot-Arm/software/ros2/src/install/v2_robot_arm_interfaces/lib/python3.12/site-packages/v2_robot_arm_interfaces/msg/_system_diagnostic_info_s.c
[5.348s] -- Up-to-date: /home/darudecookie/Documents/V2-Robot-Arm/software/ros2/src/install/v2_robot_arm_interfaces/lib/python3.12/site-packages/v2_robot_arm_interfaces/msg/_peripheral_speed_s.c
[5.348s] -- Up-to-date: /home/darudecookie/Documents/V2-Robot-Arm/software/ros2/src/install/v2_robot_arm_interfaces/lib/python3.12/site-packages/v2_robot_arm_interfaces/msg/_target_ee_info_s.c
[5.348s] -- Up-to-date: /home/darudecookie/Documents/V2-Robot-Arm/software/ros2/src/install/v2_robot_arm_interfaces/lib/python3.12/site-packages/v2_robot_arm_interfaces/msg/_current_cartesian_s.c
[5.349s] -- Up-to-date: /home/darudecookie/Documents/V2-Robot-Arm/software/ros2/src/install/v2_robot_arm_interfaces/lib/python3.12/site-packages/v2_robot_arm_interfaces/msg/_target_cartesian.py
[5.349s] -- Up-to-date: /home/darudecookie/Documents/V2-Robot-Arm/software/ros2/src/install/v2_robot_arm_interfaces/lib/python3.12/site-packages/v2_robot_arm_interfaces/msg/__init__.py
[5.349s] -- Up-to-date: /home/darudecookie/Documents/V2-Robot-Arm/software/ros2/src/install/v2_robot_arm_interfaces/lib/python3.12/site-packages/v2_robot_arm_interfaces/msg/_current_joint_info.py
[5.349s] -- Up-to-date: /home/darudecookie/Documents/V2-Robot-Arm/software/ros2/src/install/v2_robot_arm_interfaces/lib/python3.12/site-packages/v2_robot_arm_interfaces/msg/_control_status_s.c
[5.349s] -- Up-to-date: /home/darudecookie/Documents/V2-Robot-Arm/software/ros2/src/install/v2_robot_arm_interfaces/lib/python3.12/site-packages/v2_robot_arm_interfaces/msg/_system_diagnostic_info.py
[5.350s] -- Up-to-date: /home/darudecookie/Documents/V2-Robot-Arm/software/ros2/src/install/v2_robot_arm_interfaces/lib/python3.12/site-packages/v2_robot_arm_interfaces/msg/_current_ee_info.py
[5.350s] -- Up-to-date: /home/darudecookie/Documents/V2-Robot-Arm/software/ros2/src/install/v2_robot_arm_interfaces/lib/python3.12/site-packages/v2_robot_arm_interfaces/msg/_current_cartesian.py
[5.351s] -- Up-to-date: /home/darudecookie/Documents/V2-Robot-Arm/software/ros2/src/install/v2_robot_arm_interfaces/lib/python3.12/site-packages/v2_robot_arm_interfaces/msg/_current_joint_info_s.c
[5.351s] -- Up-to-date: /home/darudecookie/Documents/V2-Robot-Arm/software/ros2/src/install/v2_robot_arm_interfaces/lib/python3.12/site-packages/v2_robot_arm_interfaces/msg/_target_cartesian_s.c
[5.351s] -- Up-to-date: /home/darudecookie/Documents/V2-Robot-Arm/software/ros2/src/install/v2_robot_arm_interfaces/lib/python3.12/site-packages/v2_robot_arm_interfaces/msg/_target_ee_info.py
[5.351s] -- Up-to-date: /home/darudecookie/Documents/V2-Robot-Arm/software/ros2/src/install/v2_robot_arm_interfaces/lib/python3.12/site-packages/v2_robot_arm_interfaces/msg/_control_status.py
[5.352s] -- Up-to-date: /home/darudecookie/Documents/V2-Robot-Arm/software/ros2/src/install/v2_robot_arm_interfaces/lib/python3.12/site-packages/v2_robot_arm_interfaces/msg/_current_ee_info_s.c
[5.352s] -- Up-to-date: /home/darudecookie/Documents/V2-Robot-Arm/software/ros2/src/install/v2_robot_arm_interfaces/lib/python3.12/site-packages/v2_robot_arm_interfaces/msg/_target_joint_info.py
[5.352s] -- Up-to-date: /home/darudecookie/Documents/V2-Robot-Arm/software/ros2/src/install/v2_robot_arm_interfaces/lib/python3.12/site-packages/v2_robot_arm_interfaces/srv
[5.352s] -- Up-to-date: /home/darudecookie/Documents/V2-Robot-Arm/software/ros2/src/install/v2_robot_arm_interfaces/lib/python3.12/site-packages/v2_robot_arm_interfaces/srv/_microcontroller_parameter_dump_s.c
[5.353s] -- Up-to-date: /home/darudecookie/Documents/V2-Robot-Arm/software/ros2/src/install/v2_robot_arm_interfaces/lib/python3.12/site-packages/v2_robot_arm_interfaces/srv/_target_ee_state_s.c
[5.353s] -- Up-to-date: /home/darudecookie/Documents/V2-Robot-Arm/software/ros2/src/install/v2_robot_arm_interfaces/lib/python3.12/site-packages/v2_robot_arm_interfaces/srv/_system_status_s.c
[5.353s] -- Up-to-date: /home/darudecookie/Documents/V2-Robot-Arm/software/ros2/src/install/v2_robot_arm_interfaces/lib/python3.12/site-packages/v2_robot_arm_interfaces/srv/__init__.py
[5.353s] -- Up-to-date: /home/darudecookie/Documents/V2-Robot-Arm/software/ros2/src/install/v2_robot_arm_interfaces/lib/python3.12/site-packages/v2_robot_arm_interfaces/srv/_microcontroller_parameter_dump.py
[5.354s] -- Up-to-date: /home/darudecookie/Documents/V2-Robot-Arm/software/ros2/src/install/v2_robot_arm_interfaces/lib/python3.12/site-packages/v2_robot_arm_interfaces/srv/_system_status.py
[5.354s] -- Up-to-date: /home/darudecookie/Documents/V2-Robot-Arm/software/ros2/src/install/v2_robot_arm_interfaces/lib/python3.12/site-packages/v2_robot_arm_interfaces/srv/_target_ee_state.py
[5.455s] Listing '/home/darudecookie/Documents/V2-Robot-Arm/software/ros2/src/install/v2_robot_arm_interfaces/lib/python3.12/site-packages/v2_robot_arm_interfaces'...
[5.456s] Listing '/home/darudecookie/Documents/V2-Robot-Arm/software/ros2/src/install/v2_robot_arm_interfaces/lib/python3.12/site-packages/v2_robot_arm_interfaces/action'...
[5.456s] Listing '/home/darudecookie/Documents/V2-Robot-Arm/software/ros2/src/install/v2_robot_arm_interfaces/lib/python3.12/site-packages/v2_robot_arm_interfaces/msg'...
[5.456s] Listing '/home/darudecookie/Documents/V2-Robot-Arm/software/ros2/src/install/v2_robot_arm_interfaces/lib/python3.12/site-packages/v2_robot_arm_interfaces/srv'...
[5.473s] -- Up-to-date: /home/darudecookie/Documents/V2-Robot-Arm/software/ros2/src/install/v2_robot_arm_interfaces/lib/python3.12/site-packages/v2_robot_arm_interfaces/v2_robot_arm_interfaces_s__rosidl_typesupport_fastrtps_c.so
[5.475s] -- Up-to-date: /home/darudecookie/Documents/V2-Robot-Arm/software/ros2/src/install/v2_robot_arm_interfaces/lib/python3.12/site-packages/v2_robot_arm_interfaces/v2_robot_arm_interfaces_s__rosidl_typesupport_introspection_c.so
[5.484s] -- Up-to-date: /home/darudecookie/Documents/V2-Robot-Arm/software/ros2/src/install/v2_robot_arm_interfaces/lib/python3.12/site-packages/v2_robot_arm_interfaces/v2_robot_arm_interfaces_s__rosidl_typesupport_c.so
[5.487s] -- Up-to-date: /home/darudecookie/Documents/V2-Robot-Arm/software/ros2/src/install/v2_robot_arm_interfaces/lib/libv2_robot_arm_interfaces__rosidl_generator_py.so
[5.492s] -- Up-to-date: /home/darudecookie/Documents/V2-Robot-Arm/software/ros2/src/install/v2_robot_arm_interfaces/share/v2_robot_arm_interfaces/action/ParametricTrajectoryInfo.idl
[5.493s] -- Up-to-date: /home/darudecookie/Documents/V2-Robot-Arm/software/ros2/src/install/v2_robot_arm_interfaces/share/v2_robot_arm_interfaces/msg/ControlStatus.idl
[5.498s] -- Up-to-date: /home/darudecookie/Documents/V2-Robot-Arm/software/ros2/src/install/v2_robot_arm_interfaces/share/v2_robot_arm_interfaces/msg/CurrentEEInfo.idl
[5.499s] -- Up-to-date: /home/darudecookie/Documents/V2-Robot-Arm/software/ros2/src/install/v2_robot_arm_interfaces/share/v2_robot_arm_interfaces/msg/CurrentJointInfo.idl
[5.504s] -- Up-to-date: /home/darudecookie/Documents/V2-Robot-Arm/software/ros2/src/install/v2_robot_arm_interfaces/share/v2_robot_arm_interfaces/msg/CurrentCartesian.idl
[5.505s] -- Up-to-date: /home/darudecookie/Documents/V2-Robot-Arm/software/ros2/src/install/v2_robot_arm_interfaces/share/v2_robot_arm_interfaces/msg/PeripheralSpeed.idl
[5.506s] -- Up-to-date: /home/darudecookie/Documents/V2-Robot-Arm/software/ros2/src/install/v2_robot_arm_interfaces/share/v2_robot_arm_interfaces/msg/SystemDiagnosticInfo.idl
[5.508s] -- Up-to-date: /home/darudecookie/Documents/V2-Robot-Arm/software/ros2/src/install/v2_robot_arm_interfaces/share/v2_robot_arm_interfaces/msg/TargetCartesian.idl
[5.509s] -- Up-to-date: /home/darudecookie/Documents/V2-Robot-Arm/software/ros2/src/install/v2_robot_arm_interfaces/share/v2_robot_arm_interfaces/msg/TargetEEInfo.idl
[5.509s] -- Up-to-date: /home/darudecookie/Documents/V2-Robot-Arm/software/ros2/src/install/v2_robot_arm_interfaces/share/v2_robot_arm_interfaces/msg/TargetJointInfo.idl
[5.512s] -- Up-to-date: /home/darudecookie/Documents/V2-Robot-Arm/software/ros2/src/install/v2_robot_arm_interfaces/share/v2_robot_arm_interfaces/srv/MicrocontrollerParameterDump.idl
[5.512s] -- Up-to-date: /home/darudecookie/Documents/V2-Robot-Arm/software/ros2/src/install/v2_robot_arm_interfaces/share/v2_robot_arm_interfaces/srv/SystemStatus.idl
[5.519s] -- Up-to-date: /home/darudecookie/Documents/V2-Robot-Arm/software/ros2/src/install/v2_robot_arm_interfaces/share/v2_robot_arm_interfaces/srv/TargetEEState.idl
[5.519s] -- Up-to-date: /home/darudecookie/Documents/V2-Robot-Arm/software/ros2/src/install/v2_robot_arm_interfaces/share/v2_robot_arm_interfaces/action/ParametricTrajectoryInfo.action
[5.520s] -- Up-to-date: /home/darudecookie/Documents/V2-Robot-Arm/software/ros2/src/install/v2_robot_arm_interfaces/share/v2_robot_arm_interfaces/msg/ControlStatus.msg
[5.520s] -- Up-to-date: /home/darudecookie/Documents/V2-Robot-Arm/software/ros2/src/install/v2_robot_arm_interfaces/share/v2_robot_arm_interfaces/msg/CurrentEEInfo.msg
[5.520s] -- Up-to-date: /home/darudecookie/Documents/V2-Robot-Arm/software/ros2/src/install/v2_robot_arm_interfaces/share/v2_robot_arm_interfaces/msg/CurrentJointInfo.msg
[5.520s] -- Up-to-date: /home/darudecookie/Documents/V2-Robot-Arm/software/ros2/src/install/v2_robot_arm_interfaces/share/v2_robot_arm_interfaces/msg/CurrentCartesian.msg
[5.520s] -- Up-to-date: /home/darudecookie/Documents/V2-Robot-Arm/software/ros2/src/install/v2_robot_arm_interfaces/share/v2_robot_arm_interfaces/msg/PeripheralSpeed.msg
[5.524s] -- Up-to-date: /home/darudecookie/Documents/V2-Robot-Arm/software/ros2/src/install/v2_robot_arm_interfaces/share/v2_robot_arm_interfaces/msg/SystemDiagnosticInfo.msg
[5.524s] -- Up-to-date: /home/darudecookie/Documents/V2-Robot-Arm/software/ros2/src/install/v2_robot_arm_interfaces/share/v2_robot_arm_interfaces/msg/TargetCartesian.msg
[5.524s] -- Up-to-date: /home/darudecookie/Documents/V2-Robot-Arm/software/ros2/src/install/v2_robot_arm_interfaces/share/v2_robot_arm_interfaces/msg/TargetEEInfo.msg
[5.524s] -- Up-to-date: /home/darudecookie/Documents/V2-Robot-Arm/software/ros2/src/install/v2_robot_arm_interfaces/share/v2_robot_arm_interfaces/msg/TargetJointInfo.msg
[5.525s] -- Up-to-date: /home/darudecookie/Documents/V2-Robot-Arm/software/ros2/src/install/v2_robot_arm_interfaces/share/v2_robot_arm_interfaces/srv/MicrocontrollerParameterDump.srv
[5.525s] -- Up-to-date: /home/darudecookie/Documents/V2-Robot-Arm/software/ros2/src/install/v2_robot_arm_interfaces/share/v2_robot_arm_interfaces/srv/SystemStatus.srv
[5.529s] -- Up-to-date: /home/darudecookie/Documents/V2-Robot-Arm/software/ros2/src/install/v2_robot_arm_interfaces/share/v2_robot_arm_interfaces/srv/TargetEEState.srv
[5.529s] -- Up-to-date: /home/darudecookie/Documents/V2-Robot-Arm/software/ros2/src/install/v2_robot_arm_interfaces/share/ament_index/resource_index/package_run_dependencies/v2_robot_arm_interfaces
[5.529s] -- Up-to-date: /home/darudecookie/Documents/V2-Robot-Arm/software/ros2/src/install/v2_robot_arm_interfaces/share/ament_index/resource_index/parent_prefix_path/v2_robot_arm_interfaces
[5.529s] -- Up-to-date: /home/darudecookie/Documents/V2-Robot-Arm/software/ros2/src/install/v2_robot_arm_interfaces/share/v2_robot_arm_interfaces/environment/ament_prefix_path.sh
[5.529s] -- Up-to-date: /home/darudecookie/Documents/V2-Robot-Arm/software/ros2/src/install/v2_robot_arm_interfaces/share/v2_robot_arm_interfaces/environment/ament_prefix_path.dsv
[5.533s] -- Up-to-date: /home/darudecookie/Documents/V2-Robot-Arm/software/ros2/src/install/v2_robot_arm_interfaces/share/v2_robot_arm_interfaces/environment/path.sh
[5.533s] -- Up-to-date: /home/darudecookie/Documents/V2-Robot-Arm/software/ros2/src/install/v2_robot_arm_interfaces/share/v2_robot_arm_interfaces/environment/path.dsv
[5.536s] -- Up-to-date: /home/darudecookie/Documents/V2-Robot-Arm/software/ros2/src/install/v2_robot_arm_interfaces/share/v2_robot_arm_interfaces/local_setup.bash
[5.536s] -- Up-to-date: /home/darudecookie/Documents/V2-Robot-Arm/software/ros2/src/install/v2_robot_arm_interfaces/share/v2_robot_arm_interfaces/local_setup.sh
[5.536s] -- Up-to-date: /home/darudecookie/Documents/V2-Robot-Arm/software/ros2/src/install/v2_robot_arm_interfaces/share/v2_robot_arm_interfaces/local_setup.zsh
[5.539s] -- Up-to-date: /home/darudecookie/Documents/V2-Robot-Arm/software/ros2/src/install/v2_robot_arm_interfaces/share/v2_robot_arm_interfaces/local_setup.dsv
[5.539s] -- Installing: /home/darudecookie/Documents/V2-Robot-Arm/software/ros2/src/install/v2_robot_arm_interfaces/share/v2_robot_arm_interfaces/package.dsv
[5.541s] -- Up-to-date: /home/darudecookie/Documents/V2-Robot-Arm/software/ros2/src/install/v2_robot_arm_interfaces/share/ament_index/resource_index/packages/v2_robot_arm_interfaces
[5.543s] -- Up-to-date: /home/darudecookie/Documents/V2-Robot-Arm/software/ros2/src/install/v2_robot_arm_interfaces/share/v2_robot_arm_interfaces/cmake/export_v2_robot_arm_interfaces__rosidl_generator_cExport.cmake
[5.546s] -- Up-to-date: /home/darudecookie/Documents/V2-Robot-Arm/software/ros2/src/install/v2_robot_arm_interfaces/share/v2_robot_arm_interfaces/cmake/export_v2_robot_arm_interfaces__rosidl_generator_cExport-noconfig.cmake
[5.546s] -- Up-to-date: /home/darudecookie/Documents/V2-Robot-Arm/software/ros2/src/install/v2_robot_arm_interfaces/share/v2_robot_arm_interfaces/cmake/export_v2_robot_arm_interfaces__rosidl_typesupport_fastrtps_cExport.cmake
[5.548s] -- Up-to-date: /home/darudecookie/Documents/V2-Robot-Arm/software/ros2/src/install/v2_robot_arm_interfaces/share/v2_robot_arm_interfaces/cmake/export_v2_robot_arm_interfaces__rosidl_typesupport_fastrtps_cExport-noconfig.cmake
[5.549s] -- Up-to-date: /home/darudecookie/Documents/V2-Robot-Arm/software/ros2/src/install/v2_robot_arm_interfaces/share/v2_robot_arm_interfaces/cmake/export_v2_robot_arm_interfaces__rosidl_generator_cppExport.cmake
[5.550s] -- Up-to-date: /home/darudecookie/Documents/V2-Robot-Arm/software/ros2/src/install/v2_robot_arm_interfaces/share/v2_robot_arm_interfaces/cmake/export_v2_robot_arm_interfaces__rosidl_typesupport_fastrtps_cppExport.cmake
[5.551s] -- Up-to-date: /home/darudecookie/Documents/V2-Robot-Arm/software/ros2/src/install/v2_robot_arm_interfaces/share/v2_robot_arm_interfaces/cmake/export_v2_robot_arm_interfaces__rosidl_typesupport_fastrtps_cppExport-noconfig.cmake
[5.553s] -- Up-to-date: /home/darudecookie/Documents/V2-Robot-Arm/software/ros2/src/install/v2_robot_arm_interfaces/share/v2_robot_arm_interfaces/cmake/v2_robot_arm_interfaces__rosidl_typesupport_introspection_cExport.cmake
[5.553s] -- Up-to-date: /home/darudecookie/Documents/V2-Robot-Arm/software/ros2/src/install/v2_robot_arm_interfaces/share/v2_robot_arm_interfaces/cmake/v2_robot_arm_interfaces__rosidl_typesupport_introspection_cExport-noconfig.cmake
[5.556s] -- Up-to-date: /home/darudecookie/Documents/V2-Robot-Arm/software/ros2/src/install/v2_robot_arm_interfaces/share/v2_robot_arm_interfaces/cmake/v2_robot_arm_interfaces__rosidl_typesupport_cExport.cmake
[5.556s] -- Up-to-date: /home/darudecookie/Documents/V2-Robot-Arm/software/ros2/src/install/v2_robot_arm_interfaces/share/v2_robot_arm_interfaces/cmake/v2_robot_arm_interfaces__rosidl_typesupport_cExport-noconfig.cmake
[5.556s] -- Up-to-date: /home/darudecookie/Documents/V2-Robot-Arm/software/ros2/src/install/v2_robot_arm_interfaces/share/v2_robot_arm_interfaces/cmake/v2_robot_arm_interfaces__rosidl_typesupport_introspection_cppExport.cmake
[5.559s] -- Up-to-date: /home/darudecookie/Documents/V2-Robot-Arm/software/ros2/src/install/v2_robot_arm_interfaces/share/v2_robot_arm_interfaces/cmake/v2_robot_arm_interfaces__rosidl_typesupport_introspection_cppExport-noconfig.cmake
[5.559s] -- Up-to-date: /home/darudecookie/Documents/V2-Robot-Arm/software/ros2/src/install/v2_robot_arm_interfaces/share/v2_robot_arm_interfaces/cmake/v2_robot_arm_interfaces__rosidl_typesupport_cppExport.cmake
[5.563s] -- Up-to-date: /home/darudecookie/Documents/V2-Robot-Arm/software/ros2/src/install/v2_robot_arm_interfaces/share/v2_robot_arm_interfaces/cmake/v2_robot_arm_interfaces__rosidl_typesupport_cppExport-noconfig.cmake
[5.563s] -- Up-to-date: /home/darudecookie/Documents/V2-Robot-Arm/software/ros2/src/install/v2_robot_arm_interfaces/share/v2_robot_arm_interfaces/cmake/export_v2_robot_arm_interfaces__rosidl_generator_pyExport.cmake
[5.564s] -- Up-to-date: /home/darudecookie/Documents/V2-Robot-Arm/software/ros2/src/install/v2_robot_arm_interfaces/share/v2_robot_arm_interfaces/cmake/export_v2_robot_arm_interfaces__rosidl_generator_pyExport-noconfig.cmake
[5.564s] -- Up-to-date: /home/darudecookie/Documents/V2-Robot-Arm/software/ros2/src/install/v2_robot_arm_interfaces/share/v2_robot_arm_interfaces/cmake/rosidl_cmake-extras.cmake
[5.565s] -- Up-to-date: /home/darudecookie/Documents/V2-Robot-Arm/software/ros2/src/install/v2_robot_arm_interfaces/share/v2_robot_arm_interfaces/cmake/ament_cmake_export_dependencies-extras.cmake
[5.565s] -- Up-to-date: /home/darudecookie/Documents/V2-Robot-Arm/software/ros2/src/install/v2_robot_arm_interfaces/share/v2_robot_arm_interfaces/cmake/ament_cmake_export_include_directories-extras.cmake
[5.566s] -- Up-to-date: /home/darudecookie/Documents/V2-Robot-Arm/software/ros2/src/install/v2_robot_arm_interfaces/share/v2_robot_arm_interfaces/cmake/ament_cmake_export_libraries-extras.cmake
[5.566s] -- Up-to-date: /home/darudecookie/Documents/V2-Robot-Arm/software/ros2/src/install/v2_robot_arm_interfaces/share/v2_robot_arm_interfaces/cmake/ament_cmake_export_targets-extras.cmake
[5.571s] -- Up-to-date: /home/darudecookie/Documents/V2-Robot-Arm/software/ros2/src/install/v2_robot_arm_interfaces/share/v2_robot_arm_interfaces/cmake/rosidl_cmake_export_typesupport_targets-extras.cmake
[5.572s] -- Up-to-date: /home/darudecookie/Documents/V2-Robot-Arm/software/ros2/src/install/v2_robot_arm_interfaces/share/v2_robot_arm_interfaces/cmake/rosidl_cmake_export_typesupport_libraries-extras.cmake
[5.572s] -- Up-to-date: /home/darudecookie/Documents/V2-Robot-Arm/software/ros2/src/install/v2_robot_arm_interfaces/share/v2_robot_arm_interfaces/cmake/v2_robot_arm_interfacesConfig.cmake
[5.576s] -- Up-to-date: /home/darudecookie/Documents/V2-Robot-Arm/software/ros2/src/install/v2_robot_arm_interfaces/share/v2_robot_arm_interfaces/cmake/v2_robot_arm_interfacesConfig-version.cmake
[5.576s] -- Up-to-date: /home/darudecookie/Documents/V2-Robot-Arm/software/ros2/src/install/v2_robot_arm_interfaces/share/v2_robot_arm_interfaces/package.xml
[5.582s] Invoked command in '/home/darudecookie/Documents/V2-Robot-Arm/software/ros2/src/build/v2_robot_arm_interfaces' returned '0': CMAKE_PREFIX_PATH=${CMAKE_PREFIX_PATH}:/home/darudecookie/Documents/V2-Robot-Arm/software/ros2/src/install/movement_controllers:/home/darudecookie/Documents/V2-Robot-Arm/software/ros2/src/install/hardware_interface:/home/darudecookie/Documents/V2-Robot-Arm/software/ros2/src/install/ros_controller_interface:/opt/ros/rolling DEBUGINFOD_URLS=https://debuginfod.ubuntu.com /usr/bin/cmake --install /home/darudecookie/Documents/V2-Robot-Arm/software/ros2/src/build/v2_robot_arm_interfaces
