[3.514s] Invoking command in '/home/darudecookie/Documents/V2-Robot-Arm/software/ros2/src/movement_controllers': DEBUGINFOD_URLS=https://debuginfod.ubuntu.com PYTHONPATH=/home/darudecookie/Documents/V2-Robot-Arm/software/ros2/src/build/movement_controllers/prefix_override:/home/darudecookie/Documents/V2-Robot-Arm/software/ros2/src/install/movement_controllers/lib/python3.12/site-packages:/home/darudecookie/Documents/V2-Robot-Arm/software/ros2/src/install/v2_robot_arm_interfaces/lib/python3.12/site-packages:/home/darudecookie/Documents/V2-Robot-Arm/software/ros2/src/install/movement_controllers/lib/python3.12/site-packages:/home/darudecookie/Documents/V2-Robot-Arm/software/ros2/src/install/hardware_interface/lib/python3.12/site-packages:/home/darudecookie/Documents/V2-Robot-Arm/software/ros2/src/install/ros_controller_interface/lib/python3.12/site-packages:/opt/ros/rolling/lib/python3.12/site-packages /usr/bin/python3 -W ignore:setup.py install is deprecated setup.py egg_info --egg-base ../build/movement_controllers build --build-base /home/darudecookie/Documents/V2-Robot-Arm/software/ros2/src/build/movement_controllers/build install --record /home/darudecookie/Documents/V2-Robot-Arm/software/ros2/src/build/movement_controllers/install.log --single-version-externally-managed install_data
[4.305s] running egg_info
[4.420s] writing ../build/movement_controllers/movement_controllers.egg-info/PKG-INFO
[4.420s] writing dependency_links to ../build/movement_controllers/movement_controllers.egg-info/dependency_links.txt
[4.420s] writing entry points to ../build/movement_controllers/movement_controllers.egg-info/entry_points.txt
[4.421s] writing requirements to ../build/movement_controllers/movement_controllers.egg-info/requires.txt
[4.421s] writing top-level names to ../build/movement_controllers/movement_controllers.egg-info/top_level.txt
[4.538s] reading manifest file '../build/movement_controllers/movement_controllers.egg-info/SOURCES.txt'
[4.542s] writing manifest file '../build/movement_controllers/movement_controllers.egg-info/SOURCES.txt'
[4.543s] running build
[4.544s] running build_py
[4.544s] running install
[4.577s] running install_lib
[4.617s] running install_data
[4.617s] running install_egg_info
[4.656s] removing '/home/darudecookie/Documents/V2-Robot-Arm/software/ros2/src/install/movement_controllers/lib/python3.12/site-packages/movement_controllers-0.0.1-py3.12.egg-info' (and everything under it)
[4.658s] Copying ../build/movement_controllers/movement_controllers.egg-info to /home/darudecookie/Documents/V2-Robot-Arm/software/ros2/src/install/movement_controllers/lib/python3.12/site-packages/movement_controllers-0.0.1-py3.12.egg-info
[4.660s] running install_scripts
[4.883s] Installing IK_Solver_Node script to /home/darudecookie/Documents/V2-Robot-Arm/software/ros2/src/install/movement_controllers/lib/movement_controllers
[4.885s] Installing Peripheral_Interface_Node script to /home/darudecookie/Documents/V2-Robot-Arm/software/ros2/src/install/movement_controllers/lib/movement_controllers
[4.885s] Installing Trajectory_Controller_Node script to /home/darudecookie/Documents/V2-Robot-Arm/software/ros2/src/install/movement_controllers/lib/movement_controllers
[4.885s] writing list of installed files to '/home/darudecookie/Documents/V2-Robot-Arm/software/ros2/src/build/movement_controllers/install.log'
[4.927s] Invoked command in '/home/darudecookie/Documents/V2-Robot-Arm/software/ros2/src/movement_controllers' returned '0': DEBUGINFOD_URLS=https://debuginfod.ubuntu.com PYTHONPATH=/home/darudecookie/Documents/V2-Robot-Arm/software/ros2/src/build/movement_controllers/prefix_override:/home/darudecookie/Documents/V2-Robot-Arm/software/ros2/src/install/movement_controllers/lib/python3.12/site-packages:/home/darudecookie/Documents/V2-Robot-Arm/software/ros2/src/install/v2_robot_arm_interfaces/lib/python3.12/site-packages:/home/darudecookie/Documents/V2-Robot-Arm/software/ros2/src/install/movement_controllers/lib/python3.12/site-packages:/home/darudecookie/Documents/V2-Robot-Arm/software/ros2/src/install/hardware_interface/lib/python3.12/site-packages:/home/darudecookie/Documents/V2-Robot-Arm/software/ros2/src/install/ros_controller_interface/lib/python3.12/site-packages:/opt/ros/rolling/lib/python3.12/site-packages /usr/bin/python3 -W ignore:setup.py install is deprecated setup.py egg_info --egg-base ../build/movement_controllers build --build-base /home/darudecookie/Documents/V2-Robot-Arm/software/ros2/src/build/movement_controllers/build install --record /home/darudecookie/Documents/V2-Robot-Arm/software/ros2/src/build/movement_controllers/install.log --single-version-externally-managed install_data
