[  0%] Built target v2_robot_arm_interfaces__rosidl_generator_type_description
[  0%] Built target ament_cmake_python_copy_v2_robot_arm_interfaces
[  0%] Built target v2_robot_arm_interfaces__cpp
[ 26%] Built target v2_robot_arm_interfaces__rosidl_generator_c
[ 36%] Built target v2_robot_arm_interfaces__rosidl_typesupport_cpp
[ 45%] Built target v2_robot_arm_interfaces__rosidl_typesupport_fastrtps_c
[ 55%] Built target v2_robot_arm_interfaces__rosidl_typesupport_fastrtps_cpp
[ 65%] Built target v2_robot_arm_interfaces__rosidl_typesupport_c
[ 75%] Built target v2_robot_arm_interfaces__rosidl_typesupport_introspection_c
[ 85%] Built target v2_robot_arm_interfaces__rosidl_typesupport_introspection_cpp
[ 85%] Built target v2_robot_arm_interfaces
[ 86%] Built target v2_robot_arm_interfaces__py
[ 96%] Built target v2_robot_arm_interfaces__rosidl_generator_py
[ 97%] Built target v2_robot_arm_interfaces_s__rosidl_typesupport_c
[ 98%] Built target v2_robot_arm_interfaces_s__rosidl_typesupport_fastrtps_c
[100%] Built target v2_robot_arm_interfaces_s__rosidl_typesupport_introspection_c
running egg_info
writing v2_robot_arm_interfaces.egg-info/PKG-INFO
writing dependency_links to v2_robot_arm_interfaces.egg-info/dependency_links.txt
writing top-level names to v2_robot_arm_interfaces.egg-info/top_level.txt
reading manifest file 'v2_robot_arm_interfaces.egg-info/SOURCES.txt'
writing manifest file 'v2_robot_arm_interfaces.egg-info/SOURCES.txt'
[100%] Built target ament_cmake_python_build_v2_robot_arm_interfaces_egg
