[1.440s] Invoking command in '/home/darudecookie/Documents/V2-Robot-Arm/software/ros2/src/ros_controller_interface': DEBUGINFOD_URLS=https://debuginfod.ubuntu.com PYTHONPATH=/home/darudecookie/Documents/V2-Robot-Arm/software/ros2/src/build/ros_controller_interface/prefix_override:/home/darudecookie/Documents/V2-Robot-Arm/software/ros2/src/install/ros_controller_interface/lib/python3.12/site-packages:${PYTHONPATH} /usr/bin/python3 -W ignore:setup.py install is deprecated setup.py egg_info --egg-base ../build/ros_controller_interface build --build-base /home/darudecookie/Documents/V2-Robot-Arm/software/ros2/src/build/ros_controller_interface/build install --record /home/darudecookie/Documents/V2-Robot-Arm/software/ros2/src/build/ros_controller_interface/install.log --single-version-externally-managed install_data
[1.835s] running egg_info
[1.858s] writing ../build/ros_controller_interface/ros_controller_interface.egg-info/PKG-INFO
[1.860s] writing dependency_links to ../build/ros_controller_interface/ros_controller_interface.egg-info/dependency_links.txt
[1.860s] writing entry points to ../build/ros_controller_interface/ros_controller_interface.egg-info/entry_points.txt
[1.860s] writing requirements to ../build/ros_controller_interface/ros_controller_interface.egg-info/requires.txt
[1.861s] writing top-level names to ../build/ros_controller_interface/ros_controller_interface.egg-info/top_level.txt
[1.915s] reading manifest file '../build/ros_controller_interface/ros_controller_interface.egg-info/SOURCES.txt'
[1.916s] writing manifest file '../build/ros_controller_interface/ros_controller_interface.egg-info/SOURCES.txt'
[1.917s] running build
[1.917s] running build_py
[1.917s] running install
[1.923s] running install_lib
[1.949s] running install_data
[1.950s] running install_egg_info
[1.976s] removing '/home/darudecookie/Documents/V2-Robot-Arm/software/ros2/src/install/ros_controller_interface/lib/python3.12/site-packages/ros_controller_interface-0.0.1-py3.12.egg-info' (and everything under it)
[1.978s] Copying ../build/ros_controller_interface/ros_controller_interface.egg-info to /home/darudecookie/Documents/V2-Robot-Arm/software/ros2/src/install/ros_controller_interface/lib/python3.12/site-packages/ros_controller_interface-0.0.1-py3.12.egg-info
[1.979s] running install_scripts
[2.153s] Installing ROS_Controller_Node script to /home/darudecookie/Documents/V2-Robot-Arm/software/ros2/src/install/ros_controller_interface/lib/ros_controller_interface
[2.154s] writing list of installed files to '/home/darudecookie/Documents/V2-Robot-Arm/software/ros2/src/build/ros_controller_interface/install.log'
[2.205s] Invoked command in '/home/darudecookie/Documents/V2-Robot-Arm/software/ros2/src/ros_controller_interface' returned '0': DEBUGINFOD_URLS=https://debuginfod.ubuntu.com PYTHONPATH=/home/darudecookie/Documents/V2-Robot-Arm/software/ros2/src/build/ros_controller_interface/prefix_override:/home/darudecookie/Documents/V2-Robot-Arm/software/ros2/src/install/ros_controller_interface/lib/python3.12/site-packages:${PYTHONPATH} /usr/bin/python3 -W ignore:setup.py install is deprecated setup.py egg_info --egg-base ../build/ros_controller_interface build --build-base /home/darudecookie/Documents/V2-Robot-Arm/software/ros2/src/build/ros_controller_interface/build install --record /home/darudecookie/Documents/V2-Robot-Arm/software/ros2/src/build/ros_controller_interface/install.log --single-version-externally-managed install_data
