[1.396s] Invoking command in '/home/darudecookie/Documents/V2-Robot-Arm/software/ros2/src/hardware_interface': DEBUGINFOD_URLS=https://debuginfod.ubuntu.com PYTHONPATH=/home/darudecookie/Documents/V2-Robot-Arm/software/ros2/build/hardware_interface/prefix_override:/home/darudecookie/Documents/V2-Robot-Arm/software/ros2/install/hardware_interface/lib/python3.12/site-packages:/home/darudecookie/Documents/V2-Robot-Arm/software/ros2/install/v2_robot_arm_interfaces/lib/python3.12/site-packages:/home/darudecookie/Documents/V2-Robot-Arm/software/ros2/install/hardware_interface/lib/python3.12/site-packages:/home/darudecookie/Documents/V2-Robot-Arm/software/ros2/install/ros_controller_interface/lib/python3.12/site-packages:/home/darudecookie/Documents/V2-Robot-Arm/software/ros2/install/movement_controllers/lib/python3.12/site-packages:/opt/ros/rolling/lib/python3.12/site-packages /usr/bin/python3 -W ignore:setup.py install is deprecated setup.py egg_info --egg-base ../../build/hardware_interface build --build-base /home/darudecookie/Documents/V2-Robot-Arm/software/ros2/build/hardware_interface/build install --record /home/darudecookie/Documents/V2-Robot-Arm/software/ros2/build/hardware_interface/install.log --single-version-externally-managed install_data
[1.687s] running egg_info
[1.709s] writing ../../build/hardware_interface/hardware_interface.egg-info/PKG-INFO
[1.709s] writing dependency_links to ../../build/hardware_interface/hardware_interface.egg-info/dependency_links.txt
[1.709s] writing entry points to ../../build/hardware_interface/hardware_interface.egg-info/entry_points.txt
[1.709s] writing requirements to ../../build/hardware_interface/hardware_interface.egg-info/requires.txt
[1.710s] writing top-level names to ../../build/hardware_interface/hardware_interface.egg-info/top_level.txt
[1.757s] reading manifest file '../../build/hardware_interface/hardware_interface.egg-info/SOURCES.txt'
[1.758s] writing manifest file '../../build/hardware_interface/hardware_interface.egg-info/SOURCES.txt'
[1.759s] running build
[1.759s] running build_py
[1.759s] copying hardware_interface/End_Effector_Controller_Node.py -> /home/darudecookie/Documents/V2-Robot-Arm/software/ros2/build/hardware_interface/build/lib/hardware_interface
[1.759s] copying hardware_interface/Microcontroller_Interface_Node.py -> /home/darudecookie/Documents/V2-Robot-Arm/software/ros2/build/hardware_interface/build/lib/hardware_interface
[1.760s] running install
[1.769s] running install_lib
[1.792s] copying /home/darudecookie/Documents/V2-Robot-Arm/software/ros2/build/hardware_interface/build/lib/hardware_interface/End_Effector_Controller_Node.py -> /home/darudecookie/Documents/V2-Robot-Arm/software/ros2/install/hardware_interface/lib/python3.12/site-packages/hardware_interface
[1.792s] copying /home/darudecookie/Documents/V2-Robot-Arm/software/ros2/build/hardware_interface/build/lib/hardware_interface/Microcontroller_Interface_Node.py -> /home/darudecookie/Documents/V2-Robot-Arm/software/ros2/install/hardware_interface/lib/python3.12/site-packages/hardware_interface
[1.793s] byte-compiling /home/darudecookie/Documents/V2-Robot-Arm/software/ros2/install/hardware_interface/lib/python3.12/site-packages/hardware_interface/End_Effector_Controller_Node.py to End_Effector_Controller_Node.cpython-312.pyc
[1.794s] byte-compiling /home/darudecookie/Documents/V2-Robot-Arm/software/ros2/install/hardware_interface/lib/python3.12/site-packages/hardware_interface/Microcontroller_Interface_Node.py to Microcontroller_Interface_Node.cpython-312.pyc
[1.800s] running install_data
[1.800s] running install_egg_info
[1.825s] removing '/home/darudecookie/Documents/V2-Robot-Arm/software/ros2/install/hardware_interface/lib/python3.12/site-packages/hardware_interface-0.0.1-py3.12.egg-info' (and everything under it)
[1.825s] Copying ../../build/hardware_interface/hardware_interface.egg-info to /home/darudecookie/Documents/V2-Robot-Arm/software/ros2/install/hardware_interface/lib/python3.12/site-packages/hardware_interface-0.0.1-py3.12.egg-info
[1.827s] running install_scripts
[1.976s] Installing End_Effector_Controller_Node script to /home/darudecookie/Documents/V2-Robot-Arm/software/ros2/install/hardware_interface/lib/hardware_interface
[1.976s] Installing Microcontroller_Interface_Node script to /home/darudecookie/Documents/V2-Robot-Arm/software/ros2/install/hardware_interface/lib/hardware_interface
[1.977s] writing list of installed files to '/home/darudecookie/Documents/V2-Robot-Arm/software/ros2/build/hardware_interface/install.log'
[2.009s] Invoked command in '/home/darudecookie/Documents/V2-Robot-Arm/software/ros2/src/hardware_interface' returned '0': DEBUGINFOD_URLS=https://debuginfod.ubuntu.com PYTHONPATH=/home/darudecookie/Documents/V2-Robot-Arm/software/ros2/build/hardware_interface/prefix_override:/home/darudecookie/Documents/V2-Robot-Arm/software/ros2/install/hardware_interface/lib/python3.12/site-packages:/home/darudecookie/Documents/V2-Robot-Arm/software/ros2/install/v2_robot_arm_interfaces/lib/python3.12/site-packages:/home/darudecookie/Documents/V2-Robot-Arm/software/ros2/install/hardware_interface/lib/python3.12/site-packages:/home/darudecookie/Documents/V2-Robot-Arm/software/ros2/install/ros_controller_interface/lib/python3.12/site-packages:/home/darudecookie/Documents/V2-Robot-Arm/software/ros2/install/movement_controllers/lib/python3.12/site-packages:/opt/ros/rolling/lib/python3.12/site-packages /usr/bin/python3 -W ignore:setup.py install is deprecated setup.py egg_info --egg-base ../../build/hardware_interface build --build-base /home/darudecookie/Documents/V2-Robot-Arm/software/ros2/build/hardware_interface/build install --record /home/darudecookie/Documents/V2-Robot-Arm/software/ros2/build/hardware_interface/install.log --single-version-externally-managed install_data
