[2.643s] Invoking command in '/home/darudecookie/Documents/V2-Robot-Arm/software/ros2/src/hardware_interface': DEBUGINFOD_URLS=https://debuginfod.ubuntu.com PYTHONPATH=/home/darudecookie/Documents/V2-Robot-Arm/software/ros2/src/build/hardware_interface/prefix_override:/home/darudecookie/Documents/V2-Robot-Arm/software/ros2/src/install/hardware_interface/lib/python3.12/site-packages:${PYTHONPATH} /usr/bin/python3 -W ignore:setup.py install is deprecated setup.py egg_info --egg-base ../build/hardware_interface build --build-base /home/darudecookie/Documents/V2-Robot-Arm/software/ros2/src/build/hardware_interface/build install --record /home/darudecookie/Documents/V2-Robot-Arm/software/ros2/src/build/hardware_interface/install.log --single-version-externally-managed install_data
[3.198s] running egg_info
[3.200s] creating ../build/hardware_interface/hardware_interface.egg-info
[3.243s] writing ../build/hardware_interface/hardware_interface.egg-info/PKG-INFO
[3.244s] writing dependency_links to ../build/hardware_interface/hardware_interface.egg-info/dependency_links.txt
[3.244s] writing requirements to ../build/hardware_interface/hardware_interface.egg-info/requires.txt
[3.244s] writing top-level names to ../build/hardware_interface/hardware_interface.egg-info/top_level.txt
[3.246s] writing manifest file '../build/hardware_interface/hardware_interface.egg-info/SOURCES.txt'
[3.328s] reading manifest file '../build/hardware_interface/hardware_interface.egg-info/SOURCES.txt'
[3.330s] writing manifest file '../build/hardware_interface/hardware_interface.egg-info/SOURCES.txt'
[3.330s] running build
[3.330s] running build_py
[3.331s] creating /home/darudecookie/Documents/V2-Robot-Arm/software/ros2/src/build/hardware_interface/build
[3.331s] creating /home/darudecookie/Documents/V2-Robot-Arm/software/ros2/src/build/hardware_interface/build/lib
[3.331s] creating /home/darudecookie/Documents/V2-Robot-Arm/software/ros2/src/build/hardware_interface/build/lib/hardware_interface
[3.332s] copying hardware_interface/__init__.py -> /home/darudecookie/Documents/V2-Robot-Arm/software/ros2/src/build/hardware_interface/build/lib/hardware_interface
[3.332s] copying hardware_interface/End_Effector_Controller_Node.py -> /home/darudecookie/Documents/V2-Robot-Arm/software/ros2/src/build/hardware_interface/build/lib/hardware_interface
[3.332s] copying hardware_interface/Microcontroller_Interface_Node.py -> /home/darudecookie/Documents/V2-Robot-Arm/software/ros2/src/build/hardware_interface/build/lib/hardware_interface
[3.332s] running install
[3.348s] running install_lib
[3.385s] creating /home/darudecookie/Documents/V2-Robot-Arm/software/ros2/src/install/hardware_interface/lib/python3.12/site-packages/hardware_interface
[3.385s] copying /home/darudecookie/Documents/V2-Robot-Arm/software/ros2/src/build/hardware_interface/build/lib/hardware_interface/__init__.py -> /home/darudecookie/Documents/V2-Robot-Arm/software/ros2/src/install/hardware_interface/lib/python3.12/site-packages/hardware_interface
[3.385s] copying /home/darudecookie/Documents/V2-Robot-Arm/software/ros2/src/build/hardware_interface/build/lib/hardware_interface/End_Effector_Controller_Node.py -> /home/darudecookie/Documents/V2-Robot-Arm/software/ros2/src/install/hardware_interface/lib/python3.12/site-packages/hardware_interface
[3.385s] copying /home/darudecookie/Documents/V2-Robot-Arm/software/ros2/src/build/hardware_interface/build/lib/hardware_interface/Microcontroller_Interface_Node.py -> /home/darudecookie/Documents/V2-Robot-Arm/software/ros2/src/install/hardware_interface/lib/python3.12/site-packages/hardware_interface
[3.386s] byte-compiling /home/darudecookie/Documents/V2-Robot-Arm/software/ros2/src/install/hardware_interface/lib/python3.12/site-packages/hardware_interface/__init__.py to __init__.cpython-312.pyc
[3.387s] byte-compiling /home/darudecookie/Documents/V2-Robot-Arm/software/ros2/src/install/hardware_interface/lib/python3.12/site-packages/hardware_interface/End_Effector_Controller_Node.py to End_Effector_Controller_Node.cpython-312.pyc
[3.388s] byte-compiling /home/darudecookie/Documents/V2-Robot-Arm/software/ros2/src/install/hardware_interface/lib/python3.12/site-packages/hardware_interface/Microcontroller_Interface_Node.py to Microcontroller_Interface_Node.cpython-312.pyc
[3.388s] running install_data
[3.388s] creating /home/darudecookie/Documents/V2-Robot-Arm/software/ros2/src/install/hardware_interface/share/ament_index
[3.388s] creating /home/darudecookie/Documents/V2-Robot-Arm/software/ros2/src/install/hardware_interface/share/ament_index/resource_index
[3.388s] creating /home/darudecookie/Documents/V2-Robot-Arm/software/ros2/src/install/hardware_interface/share/ament_index/resource_index/packages
[3.389s] copying resource/hardware_interface -> /home/darudecookie/Documents/V2-Robot-Arm/software/ros2/src/install/hardware_interface/share/ament_index/resource_index/packages
[3.389s] copying package.xml -> /home/darudecookie/Documents/V2-Robot-Arm/software/ros2/src/install/hardware_interface/share/hardware_interface
[3.389s] running install_egg_info
[3.431s] Copying ../build/hardware_interface/hardware_interface.egg-info to /home/darudecookie/Documents/V2-Robot-Arm/software/ros2/src/install/hardware_interface/lib/python3.12/site-packages/hardware_interface-0.0.1-py3.12.egg-info
[3.433s] running install_scripts
[3.699s] writing list of installed files to '/home/darudecookie/Documents/V2-Robot-Arm/software/ros2/src/build/hardware_interface/install.log'
[3.734s] Invoked command in '/home/darudecookie/Documents/V2-Robot-Arm/software/ros2/src/hardware_interface' returned '0': DEBUGINFOD_URLS=https://debuginfod.ubuntu.com PYTHONPATH=/home/darudecookie/Documents/V2-Robot-Arm/software/ros2/src/build/hardware_interface/prefix_override:/home/darudecookie/Documents/V2-Robot-Arm/software/ros2/src/install/hardware_interface/lib/python3.12/site-packages:${PYTHONPATH} /usr/bin/python3 -W ignore:setup.py install is deprecated setup.py egg_info --egg-base ../build/hardware_interface build --build-base /home/darudecookie/Documents/V2-Robot-Arm/software/ros2/src/build/hardware_interface/build install --record /home/darudecookie/Documents/V2-Robot-Arm/software/ros2/src/build/hardware_interface/install.log --single-version-externally-managed install_data
