[1.598s] Invoking command in '/home/darudecookie/Documents/V2-Robot-Arm/software/ros2/src/movement_controllers': DEBUGINFOD_URLS=https://debuginfod.ubuntu.com PYTHONPATH=/home/darudecookie/Documents/V2-Robot-Arm/software/ros2/src/build/movement_controllers/prefix_override:/home/darudecookie/Documents/V2-Robot-Arm/software/ros2/src/install/movement_controllers/lib/python3.12/site-packages:/home/darudecookie/Documents/V2-Robot-Arm/software/ros2/src/install/v2_robot_arm_interfaces/lib/python3.12/site-packages:/home/darudecookie/Documents/V2-Robot-Arm/software/ros2/src/install/movement_controllers/lib/python3.12/site-packages:/home/darudecookie/Documents/V2-Robot-Arm/software/ros2/src/install/hardware_interface/lib/python3.12/site-packages:/home/darudecookie/Documents/V2-Robot-Arm/software/ros2/src/install/ros_controller_interface/lib/python3.12/site-packages:/opt/ros/rolling/lib/python3.12/site-packages /usr/bin/python3 -W ignore:setup.py install is deprecated setup.py egg_info --egg-base ../build/movement_controllers build --build-base /home/darudecookie/Documents/V2-Robot-Arm/software/ros2/src/build/movement_controllers/build install --record /home/darudecookie/Documents/V2-Robot-Arm/software/ros2/src/build/movement_controllers/install.log --single-version-externally-managed install_data
[1.989s] running egg_info
[2.019s] writing ../build/movement_controllers/movement_controllers.egg-info/PKG-INFO
[2.020s] writing dependency_links to ../build/movement_controllers/movement_controllers.egg-info/dependency_links.txt
[2.023s] writing entry points to ../build/movement_controllers/movement_controllers.egg-info/entry_points.txt
[2.023s] writing requirements to ../build/movement_controllers/movement_controllers.egg-info/requires.txt
[2.023s] writing top-level names to ../build/movement_controllers/movement_controllers.egg-info/top_level.txt
[2.092s] reading manifest file '../build/movement_controllers/movement_controllers.egg-info/SOURCES.txt'
[2.093s] writing manifest file '../build/movement_controllers/movement_controllers.egg-info/SOURCES.txt'
[2.094s] running build
[2.094s] running build_py
[2.094s] running install
[2.104s] running install_lib
[2.136s] running install_data
[2.137s] running install_egg_info
[2.173s] removing '/home/darudecookie/Documents/V2-Robot-Arm/software/ros2/src/install/movement_controllers/lib/python3.12/site-packages/movement_controllers-0.0.1-py3.12.egg-info' (and everything under it)
[2.174s] Copying ../build/movement_controllers/movement_controllers.egg-info to /home/darudecookie/Documents/V2-Robot-Arm/software/ros2/src/install/movement_controllers/lib/python3.12/site-packages/movement_controllers-0.0.1-py3.12.egg-info
[2.175s] running install_scripts
[2.371s] Installing IK_Solver_Node script to /home/darudecookie/Documents/V2-Robot-Arm/software/ros2/src/install/movement_controllers/lib/movement_controllers
[2.371s] Installing Peripheral_Interface_Node script to /home/darudecookie/Documents/V2-Robot-Arm/software/ros2/src/install/movement_controllers/lib/movement_controllers
[2.371s] Installing Trajectory_Controller_Node script to /home/darudecookie/Documents/V2-Robot-Arm/software/ros2/src/install/movement_controllers/lib/movement_controllers
[2.372s] writing list of installed files to '/home/darudecookie/Documents/V2-Robot-Arm/software/ros2/src/build/movement_controllers/install.log'
[2.421s] Invoked command in '/home/darudecookie/Documents/V2-Robot-Arm/software/ros2/src/movement_controllers' returned '0': DEBUGINFOD_URLS=https://debuginfod.ubuntu.com PYTHONPATH=/home/darudecookie/Documents/V2-Robot-Arm/software/ros2/src/build/movement_controllers/prefix_override:/home/darudecookie/Documents/V2-Robot-Arm/software/ros2/src/install/movement_controllers/lib/python3.12/site-packages:/home/darudecookie/Documents/V2-Robot-Arm/software/ros2/src/install/v2_robot_arm_interfaces/lib/python3.12/site-packages:/home/darudecookie/Documents/V2-Robot-Arm/software/ros2/src/install/movement_controllers/lib/python3.12/site-packages:/home/darudecookie/Documents/V2-Robot-Arm/software/ros2/src/install/hardware_interface/lib/python3.12/site-packages:/home/darudecookie/Documents/V2-Robot-Arm/software/ros2/src/install/ros_controller_interface/lib/python3.12/site-packages:/opt/ros/rolling/lib/python3.12/site-packages /usr/bin/python3 -W ignore:setup.py install is deprecated setup.py egg_info --egg-base ../build/movement_controllers build --build-base /home/darudecookie/Documents/V2-Robot-Arm/software/ros2/src/build/movement_controllers/build install --record /home/darudecookie/Documents/V2-Robot-Arm/software/ros2/src/build/movement_controllers/install.log --single-version-externally-managed install_data
