[3.906s] Invoking command in '/home/darudecookie/Documents/V2-Robot-Arm/software/ros2/src/hardware_interface': DEBUGINFOD_URLS=https://debuginfod.ubuntu.com PYTHONPATH=/home/darudecookie/Documents/V2-Robot-Arm/software/ros2/src/build/hardware_interface/prefix_override:/home/darudecookie/Documents/V2-Robot-Arm/software/ros2/src/install/hardware_interface/lib/python3.12/site-packages:/home/darudecookie/Documents/V2-Robot-Arm/software/ros2/src/install/v2_robot_arm_interfaces/lib/python3.12/site-packages:/home/darudecookie/Documents/V2-Robot-Arm/software/ros2/src/install/movement_controllers/lib/python3.12/site-packages:/home/darudecookie/Documents/V2-Robot-Arm/software/ros2/src/install/hardware_interface/lib/python3.12/site-packages:/home/darudecookie/Documents/V2-Robot-Arm/software/ros2/src/install/ros_controller_interface/lib/python3.12/site-packages:/opt/ros/rolling/lib/python3.12/site-packages /usr/bin/python3 -W ignore:setup.py install is deprecated setup.py egg_info --egg-base ../build/hardware_interface build --build-base /home/darudecookie/Documents/V2-Robot-Arm/software/ros2/src/build/hardware_interface/build install --record /home/darudecookie/Documents/V2-Robot-Arm/software/ros2/src/build/hardware_interface/install.log --single-version-externally-managed install_data
[5.072s] running egg_info
[5.168s] writing ../build/hardware_interface/hardware_interface.egg-info/PKG-INFO
[5.170s] writing dependency_links to ../build/hardware_interface/hardware_interface.egg-info/dependency_links.txt
[5.172s] writing entry points to ../build/hardware_interface/hardware_interface.egg-info/entry_points.txt
[5.174s] writing requirements to ../build/hardware_interface/hardware_interface.egg-info/requires.txt
[5.174s] writing top-level names to ../build/hardware_interface/hardware_interface.egg-info/top_level.txt
[5.380s] reading manifest file '../build/hardware_interface/hardware_interface.egg-info/SOURCES.txt'
[5.384s] writing manifest file '../build/hardware_interface/hardware_interface.egg-info/SOURCES.txt'
[5.385s] running build
[5.386s] running build_py
[5.388s] copying hardware_interface/Microcontroller_Interface_Node.py -> /home/darudecookie/Documents/V2-Robot-Arm/software/ros2/src/build/hardware_interface/build/lib/hardware_interface
[5.388s] running install
[5.421s] running install_lib
[5.513s] copying /home/darudecookie/Documents/V2-Robot-Arm/software/ros2/src/build/hardware_interface/build/lib/hardware_interface/Microcontroller_Interface_Node.py -> /home/darudecookie/Documents/V2-Robot-Arm/software/ros2/src/install/hardware_interface/lib/python3.12/site-packages/hardware_interface
[5.515s] byte-compiling /home/darudecookie/Documents/V2-Robot-Arm/software/ros2/src/install/hardware_interface/lib/python3.12/site-packages/hardware_interface/Microcontroller_Interface_Node.py to Microcontroller_Interface_Node.cpython-312.pyc
[5.531s] running install_data
[5.532s] running install_egg_info
[5.644s] removing '/home/darudecookie/Documents/V2-Robot-Arm/software/ros2/src/install/hardware_interface/lib/python3.12/site-packages/hardware_interface-0.0.1-py3.12.egg-info' (and everything under it)
[5.645s] Copying ../build/hardware_interface/hardware_interface.egg-info to /home/darudecookie/Documents/V2-Robot-Arm/software/ros2/src/install/hardware_interface/lib/python3.12/site-packages/hardware_interface-0.0.1-py3.12.egg-info
[5.650s] running install_scripts
[6.299s] Installing End_Effector_Controller_Node script to /home/darudecookie/Documents/V2-Robot-Arm/software/ros2/src/install/hardware_interface/lib/hardware_interface
[6.300s] Installing Microcontroller_Interface_Node script to /home/darudecookie/Documents/V2-Robot-Arm/software/ros2/src/install/hardware_interface/lib/hardware_interface
[6.300s] writing list of installed files to '/home/darudecookie/Documents/V2-Robot-Arm/software/ros2/src/build/hardware_interface/install.log'
[6.423s] Invoked command in '/home/darudecookie/Documents/V2-Robot-Arm/software/ros2/src/hardware_interface' returned '0': DEBUGINFOD_URLS=https://debuginfod.ubuntu.com PYTHONPATH=/home/darudecookie/Documents/V2-Robot-Arm/software/ros2/src/build/hardware_interface/prefix_override:/home/darudecookie/Documents/V2-Robot-Arm/software/ros2/src/install/hardware_interface/lib/python3.12/site-packages:/home/darudecookie/Documents/V2-Robot-Arm/software/ros2/src/install/v2_robot_arm_interfaces/lib/python3.12/site-packages:/home/darudecookie/Documents/V2-Robot-Arm/software/ros2/src/install/movement_controllers/lib/python3.12/site-packages:/home/darudecookie/Documents/V2-Robot-Arm/software/ros2/src/install/hardware_interface/lib/python3.12/site-packages:/home/darudecookie/Documents/V2-Robot-Arm/software/ros2/src/install/ros_controller_interface/lib/python3.12/site-packages:/opt/ros/rolling/lib/python3.12/site-packages /usr/bin/python3 -W ignore:setup.py install is deprecated setup.py egg_info --egg-base ../build/hardware_interface build --build-base /home/darudecookie/Documents/V2-Robot-Arm/software/ros2/src/build/hardware_interface/build install --record /home/darudecookie/Documents/V2-Robot-Arm/software/ros2/src/build/hardware_interface/install.log --single-version-externally-managed install_data
