[0.022s] Invoking command in '/home/darudecookie/Documents/V2-Robot-Arm/software/ros2/build/v2_robot_arm_interfaces': CMAKE_PREFIX_PATH=${CMAKE_PREFIX_PATH}:/home/darudecookie/Documents/V2-Robot-Arm/software/ros2/install/movement_controllers:/home/darudecookie/Documents/V2-Robot-Arm/software/ros2/install/hardware_interface:/home/darudecookie/Documents/V2-Robot-Arm/software/ros2/install/ros_controller_interface:/opt/ros/rolling DEBUGINFOD_URLS=https://debuginfod.ubuntu.com /usr/bin/cmake --build /home/darudecookie/Documents/V2-Robot-Arm/software/ros2/build/v2_robot_arm_interfaces -- -j4 -l4
[0.104s] [  0%] Built target v2_robot_arm_interfaces__rosidl_generator_type_description
[0.120s] [  0%] Built target ament_cmake_python_copy_v2_robot_arm_interfaces
[0.158s] [  0%] Built target v2_robot_arm_interfaces__cpp
[0.189s] [ 26%] Built target v2_robot_arm_interfaces__rosidl_generator_c
[0.275s] [ 35%] Built target v2_robot_arm_interfaces__rosidl_typesupport_fastrtps_c
[0.288s] [ 45%] Built target v2_robot_arm_interfaces__rosidl_typesupport_cpp
[0.294s] [ 55%] Built target v2_robot_arm_interfaces__rosidl_typesupport_fastrtps_cpp
[0.348s] [ 65%] Built target v2_robot_arm_interfaces__rosidl_typesupport_c
[0.359s] [ 75%] Built target v2_robot_arm_interfaces__rosidl_typesupport_introspection_c
[0.369s] [ 85%] Built target v2_robot_arm_interfaces__rosidl_typesupport_introspection_cpp
[0.396s] [ 85%] Built target v2_robot_arm_interfaces
[0.432s] [ 86%] Built target v2_robot_arm_interfaces__py
[0.487s] [ 96%] Built target v2_robot_arm_interfaces__rosidl_generator_py
[0.534s] [ 97%] Built target v2_robot_arm_interfaces_s__rosidl_typesupport_fastrtps_c
[0.546s] [ 99%] Built target v2_robot_arm_interfaces_s__rosidl_typesupport_introspection_c
[0.554s] [100%] Built target v2_robot_arm_interfaces_s__rosidl_typesupport_c
[0.621s] running egg_info
[0.650s] writing v2_robot_arm_interfaces.egg-info/PKG-INFO
[0.650s] writing dependency_links to v2_robot_arm_interfaces.egg-info/dependency_links.txt
[0.651s] writing top-level names to v2_robot_arm_interfaces.egg-info/top_level.txt
[0.740s] reading manifest file 'v2_robot_arm_interfaces.egg-info/SOURCES.txt'
[0.741s] writing manifest file 'v2_robot_arm_interfaces.egg-info/SOURCES.txt'
[0.777s] [100%] Built target ament_cmake_python_build_v2_robot_arm_interfaces_egg
[0.795s] Invoked command in '/home/darudecookie/Documents/V2-Robot-Arm/software/ros2/build/v2_robot_arm_interfaces' returned '0': CMAKE_PREFIX_PATH=${CMAKE_PREFIX_PATH}:/home/darudecookie/Documents/V2-Robot-Arm/software/ros2/install/movement_controllers:/home/darudecookie/Documents/V2-Robot-Arm/software/ros2/install/hardware_interface:/home/darudecookie/Documents/V2-Robot-Arm/software/ros2/install/ros_controller_interface:/opt/ros/rolling DEBUGINFOD_URLS=https://debuginfod.ubuntu.com /usr/bin/cmake --build /home/darudecookie/Documents/V2-Robot-Arm/software/ros2/build/v2_robot_arm_interfaces -- -j4 -l4
[1.180s] Invoking command in '/home/darudecookie/Documents/V2-Robot-Arm/software/ros2/build/v2_robot_arm_interfaces': CMAKE_PREFIX_PATH=${CMAKE_PREFIX_PATH}:/home/darudecookie/Documents/V2-Robot-Arm/software/ros2/install/movement_controllers:/home/darudecookie/Documents/V2-Robot-Arm/software/ros2/install/hardware_interface:/home/darudecookie/Documents/V2-Robot-Arm/software/ros2/install/ros_controller_interface:/opt/ros/rolling DEBUGINFOD_URLS=https://debuginfod.ubuntu.com /usr/bin/cmake --install /home/darudecookie/Documents/V2-Robot-Arm/software/ros2/build/v2_robot_arm_interfaces
[1.190s] -- Install configuration: ""
[1.190s] -- Up-to-date: /home/darudecookie/Documents/V2-Robot-Arm/software/ros2/install/v2_robot_arm_interfaces/share/ament_index/resource_index/rosidl_interfaces/v2_robot_arm_interfaces
[1.191s] -- Up-to-date: /home/darudecookie/Documents/V2-Robot-Arm/software/ros2/install/v2_robot_arm_interfaces/share/v2_robot_arm_interfaces/action/ParametricTrajectoryInfo.json
[1.191s] -- Up-to-date: /home/darudecookie/Documents/V2-Robot-Arm/software/ros2/install/v2_robot_arm_interfaces/share/v2_robot_arm_interfaces/msg/ControlStatus.json
[1.191s] -- Up-to-date: /home/darudecookie/Documents/V2-Robot-Arm/software/ros2/install/v2_robot_arm_interfaces/share/v2_robot_arm_interfaces/msg/CurrentEEInfo.json
[1.191s] -- Up-to-date: /home/darudecookie/Documents/V2-Robot-Arm/software/ros2/install/v2_robot_arm_interfaces/share/v2_robot_arm_interfaces/msg/CurrentJointInfo.json
[1.191s] -- Up-to-date: /home/darudecookie/Documents/V2-Robot-Arm/software/ros2/install/v2_robot_arm_interfaces/share/v2_robot_arm_interfaces/msg/CurrentCartesian.json
[1.192s] -- Up-to-date: /home/darudecookie/Documents/V2-Robot-Arm/software/ros2/install/v2_robot_arm_interfaces/share/v2_robot_arm_interfaces/msg/PeripheralSpeed.json
[1.193s] -- Up-to-date: /home/darudecookie/Documents/V2-Robot-Arm/software/ros2/install/v2_robot_arm_interfaces/share/v2_robot_arm_interfaces/msg/SystemDiagnosticInfo.json
[1.193s] -- Up-to-date: /home/darudecookie/Documents/V2-Robot-Arm/software/ros2/install/v2_robot_arm_interfaces/share/v2_robot_arm_interfaces/msg/TargetCartesian.json
[1.193s] -- Up-to-date: /home/darudecookie/Documents/V2-Robot-Arm/software/ros2/install/v2_robot_arm_interfaces/share/v2_robot_arm_interfaces/msg/TargetEEInfo.json
[1.194s] -- Up-to-date: /home/darudecookie/Documents/V2-Robot-Arm/software/ros2/install/v2_robot_arm_interfaces/share/v2_robot_arm_interfaces/msg/TargetJointInfo.json
[1.194s] -- Up-to-date: /home/darudecookie/Documents/V2-Robot-Arm/software/ros2/install/v2_robot_arm_interfaces/share/v2_robot_arm_interfaces/srv/MicrocontrollerParameterDump.json
[1.195s] -- Up-to-date: /home/darudecookie/Documents/V2-Robot-Arm/software/ros2/install/v2_robot_arm_interfaces/share/v2_robot_arm_interfaces/srv/SystemStatus.json
[1.195s] -- Up-to-date: /home/darudecookie/Documents/V2-Robot-Arm/software/ros2/install/v2_robot_arm_interfaces/share/v2_robot_arm_interfaces/srv/TargetEEState.json
[1.195s] -- Up-to-date: /home/darudecookie/Documents/V2-Robot-Arm/software/ros2/install/v2_robot_arm_interfaces/include/v2_robot_arm_interfaces/v2_robot_arm_interfaces
[1.195s] -- Up-to-date: /home/darudecookie/Documents/V2-Robot-Arm/software/ros2/install/v2_robot_arm_interfaces/include/v2_robot_arm_interfaces/v2_robot_arm_interfaces/action
[1.196s] -- Up-to-date: /home/darudecookie/Documents/V2-Robot-Arm/software/ros2/install/v2_robot_arm_interfaces/include/v2_robot_arm_interfaces/v2_robot_arm_interfaces/action/detail
[1.196s] -- Up-to-date: /home/darudecookie/Documents/V2-Robot-Arm/software/ros2/install/v2_robot_arm_interfaces/include/v2_robot_arm_interfaces/v2_robot_arm_interfaces/action/detail/parametric_trajectory_info__functions.h
[1.196s] -- Installing: /home/darudecookie/Documents/V2-Robot-Arm/software/ros2/install/v2_robot_arm_interfaces/include/v2_robot_arm_interfaces/v2_robot_arm_interfaces/action/detail/parametric_trajectory_info__type_support.c
[1.196s] -- Up-to-date: /home/darudecookie/Documents/V2-Robot-Arm/software/ros2/install/v2_robot_arm_interfaces/include/v2_robot_arm_interfaces/v2_robot_arm_interfaces/action/detail/parametric_trajectory_info__functions.c
[1.196s] -- Up-to-date: /home/darudecookie/Documents/V2-Robot-Arm/software/ros2/install/v2_robot_arm_interfaces/include/v2_robot_arm_interfaces/v2_robot_arm_interfaces/action/detail/parametric_trajectory_info__type_support.h
[1.197s] -- Up-to-date: /home/darudecookie/Documents/V2-Robot-Arm/software/ros2/install/v2_robot_arm_interfaces/include/v2_robot_arm_interfaces/v2_robot_arm_interfaces/action/detail/parametric_trajectory_info__description.c
[1.197s] -- Up-to-date: /home/darudecookie/Documents/V2-Robot-Arm/software/ros2/install/v2_robot_arm_interfaces/include/v2_robot_arm_interfaces/v2_robot_arm_interfaces/action/detail/parametric_trajectory_info__struct.h
[1.197s] -- Up-to-date: /home/darudecookie/Documents/V2-Robot-Arm/software/ros2/install/v2_robot_arm_interfaces/include/v2_robot_arm_interfaces/v2_robot_arm_interfaces/action/parametric_trajectory_info.h
[1.197s] -- Up-to-date: /home/darudecookie/Documents/V2-Robot-Arm/software/ros2/install/v2_robot_arm_interfaces/include/v2_robot_arm_interfaces/v2_robot_arm_interfaces/msg
[1.197s] -- Up-to-date: /home/darudecookie/Documents/V2-Robot-Arm/software/ros2/install/v2_robot_arm_interfaces/include/v2_robot_arm_interfaces/v2_robot_arm_interfaces/msg/rosidl_generator_c__visibility_control.h
[1.198s] -- Up-to-date: /home/darudecookie/Documents/V2-Robot-Arm/software/ros2/install/v2_robot_arm_interfaces/include/v2_robot_arm_interfaces/v2_robot_arm_interfaces/msg/current_ee_info.h
[1.199s] -- Up-to-date: /home/darudecookie/Documents/V2-Robot-Arm/software/ros2/install/v2_robot_arm_interfaces/include/v2_robot_arm_interfaces/v2_robot_arm_interfaces/msg/target_ee_info.h
[1.199s] -- Up-to-date: /home/darudecookie/Documents/V2-Robot-Arm/software/ros2/install/v2_robot_arm_interfaces/include/v2_robot_arm_interfaces/v2_robot_arm_interfaces/msg/current_cartesian.h
[1.200s] -- Up-to-date: /home/darudecookie/Documents/V2-Robot-Arm/software/ros2/install/v2_robot_arm_interfaces/include/v2_robot_arm_interfaces/v2_robot_arm_interfaces/msg/current_joint_info.h
[1.200s] -- Up-to-date: /home/darudecookie/Documents/V2-Robot-Arm/software/ros2/install/v2_robot_arm_interfaces/include/v2_robot_arm_interfaces/v2_robot_arm_interfaces/msg/detail
[1.200s] -- Installing: /home/darudecookie/Documents/V2-Robot-Arm/software/ros2/install/v2_robot_arm_interfaces/include/v2_robot_arm_interfaces/v2_robot_arm_interfaces/msg/detail/target_cartesian__type_support.c
[1.200s] -- Installing: /home/darudecookie/Documents/V2-Robot-Arm/software/ros2/install/v2_robot_arm_interfaces/include/v2_robot_arm_interfaces/v2_robot_arm_interfaces/msg/detail/current_joint_info__type_support.c
[1.201s] -- Up-to-date: /home/darudecookie/Documents/V2-Robot-Arm/software/ros2/install/v2_robot_arm_interfaces/include/v2_robot_arm_interfaces/v2_robot_arm_interfaces/msg/detail/current_joint_info__functions.c
[1.201s] -- Installing: /home/darudecookie/Documents/V2-Robot-Arm/software/ros2/install/v2_robot_arm_interfaces/include/v2_robot_arm_interfaces/v2_robot_arm_interfaces/msg/detail/system_diagnostic_info__type_support.c
[1.201s] -- Up-to-date: /home/darudecookie/Documents/V2-Robot-Arm/software/ros2/install/v2_robot_arm_interfaces/include/v2_robot_arm_interfaces/v2_robot_arm_interfaces/msg/detail/current_cartesian__type_support.h
[1.202s] -- Up-to-date: /home/darudecookie/Documents/V2-Robot-Arm/software/ros2/install/v2_robot_arm_interfaces/include/v2_robot_arm_interfaces/v2_robot_arm_interfaces/msg/detail/system_diagnostic_info__functions.h
[1.202s] -- Up-to-date: /home/darudecookie/Documents/V2-Robot-Arm/software/ros2/install/v2_robot_arm_interfaces/include/v2_robot_arm_interfaces/v2_robot_arm_interfaces/msg/detail/current_joint_info__struct.h
[1.202s] -- Up-to-date: /home/darudecookie/Documents/V2-Robot-Arm/software/ros2/install/v2_robot_arm_interfaces/include/v2_robot_arm_interfaces/v2_robot_arm_interfaces/msg/detail/current_cartesian__description.c
[1.203s] -- Up-to-date: /home/darudecookie/Documents/V2-Robot-Arm/software/ros2/install/v2_robot_arm_interfaces/include/v2_robot_arm_interfaces/v2_robot_arm_interfaces/msg/detail/system_diagnostic_info__functions.c
[1.203s] -- Up-to-date: /home/darudecookie/Documents/V2-Robot-Arm/software/ros2/install/v2_robot_arm_interfaces/include/v2_robot_arm_interfaces/v2_robot_arm_interfaces/msg/detail/current_cartesian__struct.h
[1.203s] -- Up-to-date: /home/darudecookie/Documents/V2-Robot-Arm/software/ros2/install/v2_robot_arm_interfaces/include/v2_robot_arm_interfaces/v2_robot_arm_interfaces/msg/detail/control_status__type_support.h
[1.204s] -- Up-to-date: /home/darudecookie/Documents/V2-Robot-Arm/software/ros2/install/v2_robot_arm_interfaces/include/v2_robot_arm_interfaces/v2_robot_arm_interfaces/msg/detail/current_ee_info__description.c
[1.204s] -- Up-to-date: /home/darudecookie/Documents/V2-Robot-Arm/software/ros2/install/v2_robot_arm_interfaces/include/v2_robot_arm_interfaces/v2_robot_arm_interfaces/msg/detail/target_joint_info__struct.h
[1.205s] -- Up-to-date: /home/darudecookie/Documents/V2-Robot-Arm/software/ros2/install/v2_robot_arm_interfaces/include/v2_robot_arm_interfaces/v2_robot_arm_interfaces/msg/detail/target_joint_info__functions.c
[1.206s] -- Up-to-date: /home/darudecookie/Documents/V2-Robot-Arm/software/ros2/install/v2_robot_arm_interfaces/include/v2_robot_arm_interfaces/v2_robot_arm_interfaces/msg/detail/system_diagnostic_info__description.c
[1.206s] -- Up-to-date: /home/darudecookie/Documents/V2-Robot-Arm/software/ros2/install/v2_robot_arm_interfaces/include/v2_robot_arm_interfaces/v2_robot_arm_interfaces/msg/detail/current_ee_info__type_support.h
[1.207s] -- Up-to-date: /home/darudecookie/Documents/V2-Robot-Arm/software/ros2/install/v2_robot_arm_interfaces/include/v2_robot_arm_interfaces/v2_robot_arm_interfaces/msg/detail/target_cartesian__type_support.h
[1.207s] -- Up-to-date: /home/darudecookie/Documents/V2-Robot-Arm/software/ros2/install/v2_robot_arm_interfaces/include/v2_robot_arm_interfaces/v2_robot_arm_interfaces/msg/detail/current_joint_info__functions.h
[1.208s] -- Installing: /home/darudecookie/Documents/V2-Robot-Arm/software/ros2/install/v2_robot_arm_interfaces/include/v2_robot_arm_interfaces/v2_robot_arm_interfaces/msg/detail/control_status__type_support.c
[1.208s] -- Up-to-date: /home/darudecookie/Documents/V2-Robot-Arm/software/ros2/install/v2_robot_arm_interfaces/include/v2_robot_arm_interfaces/v2_robot_arm_interfaces/msg/detail/peripheral_speed__struct.h
[1.208s] -- Up-to-date: /home/darudecookie/Documents/V2-Robot-Arm/software/ros2/install/v2_robot_arm_interfaces/include/v2_robot_arm_interfaces/v2_robot_arm_interfaces/msg/detail/target_ee_info__type_support.h
[1.208s] -- Up-to-date: /home/darudecookie/Documents/V2-Robot-Arm/software/ros2/install/v2_robot_arm_interfaces/include/v2_robot_arm_interfaces/v2_robot_arm_interfaces/msg/detail/control_status__functions.h
[1.209s] -- Installing: /home/darudecookie/Documents/V2-Robot-Arm/software/ros2/install/v2_robot_arm_interfaces/include/v2_robot_arm_interfaces/v2_robot_arm_interfaces/msg/detail/peripheral_speed__type_support.c
[1.209s] -- Up-to-date: /home/darudecookie/Documents/V2-Robot-Arm/software/ros2/install/v2_robot_arm_interfaces/include/v2_robot_arm_interfaces/v2_robot_arm_interfaces/msg/detail/current_cartesian__functions.h
[1.209s] -- Installing: /home/darudecookie/Documents/V2-Robot-Arm/software/ros2/install/v2_robot_arm_interfaces/include/v2_robot_arm_interfaces/v2_robot_arm_interfaces/msg/detail/target_joint_info__type_support.c
[1.209s] -- Up-to-date: /home/darudecookie/Documents/V2-Robot-Arm/software/ros2/install/v2_robot_arm_interfaces/include/v2_robot_arm_interfaces/v2_robot_arm_interfaces/msg/detail/current_joint_info__type_support.h
[1.209s] -- Installing: /home/darudecookie/Documents/V2-Robot-Arm/software/ros2/install/v2_robot_arm_interfaces/include/v2_robot_arm_interfaces/v2_robot_arm_interfaces/msg/detail/current_ee_info__type_support.c
[1.210s] -- Up-to-date: /home/darudecookie/Documents/V2-Robot-Arm/software/ros2/install/v2_robot_arm_interfaces/include/v2_robot_arm_interfaces/v2_robot_arm_interfaces/msg/detail/system_diagnostic_info__type_support.h
[1.211s] -- Up-to-date: /home/darudecookie/Documents/V2-Robot-Arm/software/ros2/install/v2_robot_arm_interfaces/include/v2_robot_arm_interfaces/v2_robot_arm_interfaces/msg/detail/peripheral_speed__functions.h
[1.211s] -- Up-to-date: /home/darudecookie/Documents/V2-Robot-Arm/software/ros2/install/v2_robot_arm_interfaces/include/v2_robot_arm_interfaces/v2_robot_arm_interfaces/msg/detail/target_joint_info__functions.h
[1.212s] -- Up-to-date: /home/darudecookie/Documents/V2-Robot-Arm/software/ros2/install/v2_robot_arm_interfaces/include/v2_robot_arm_interfaces/v2_robot_arm_interfaces/msg/detail/peripheral_speed__functions.c
[1.212s] -- Up-to-date: /home/darudecookie/Documents/V2-Robot-Arm/software/ros2/install/v2_robot_arm_interfaces/include/v2_robot_arm_interfaces/v2_robot_arm_interfaces/msg/detail/target_cartesian__description.c
[1.212s] -- Up-to-date: /home/darudecookie/Documents/V2-Robot-Arm/software/ros2/install/v2_robot_arm_interfaces/include/v2_robot_arm_interfaces/v2_robot_arm_interfaces/msg/detail/peripheral_speed__type_support.h
[1.212s] -- Up-to-date: /home/darudecookie/Documents/V2-Robot-Arm/software/ros2/install/v2_robot_arm_interfaces/include/v2_robot_arm_interfaces/v2_robot_arm_interfaces/msg/detail/target_ee_info__description.c
[1.212s] -- Up-to-date: /home/darudecookie/Documents/V2-Robot-Arm/software/ros2/install/v2_robot_arm_interfaces/include/v2_robot_arm_interfaces/v2_robot_arm_interfaces/msg/detail/current_cartesian__functions.c
[1.213s] -- Up-to-date: /home/darudecookie/Documents/V2-Robot-Arm/software/ros2/install/v2_robot_arm_interfaces/include/v2_robot_arm_interfaces/v2_robot_arm_interfaces/msg/detail/current_joint_info__description.c
[1.213s] -- Up-to-date: /home/darudecookie/Documents/V2-Robot-Arm/software/ros2/install/v2_robot_arm_interfaces/include/v2_robot_arm_interfaces/v2_robot_arm_interfaces/msg/detail/current_ee_info__struct.h
[1.213s] -- Up-to-date: /home/darudecookie/Documents/V2-Robot-Arm/software/ros2/install/v2_robot_arm_interfaces/include/v2_robot_arm_interfaces/v2_robot_arm_interfaces/msg/detail/target_cartesian__struct.h
[1.213s] -- Up-to-date: /home/darudecookie/Documents/V2-Robot-Arm/software/ros2/install/v2_robot_arm_interfaces/include/v2_robot_arm_interfaces/v2_robot_arm_interfaces/msg/detail/current_ee_info__functions.h
[1.213s] -- Up-to-date: /home/darudecookie/Documents/V2-Robot-Arm/software/ros2/install/v2_robot_arm_interfaces/include/v2_robot_arm_interfaces/v2_robot_arm_interfaces/msg/detail/control_status__description.c
[1.214s] -- Up-to-date: /home/darudecookie/Documents/V2-Robot-Arm/software/ros2/install/v2_robot_arm_interfaces/include/v2_robot_arm_interfaces/v2_robot_arm_interfaces/msg/detail/current_ee_info__functions.c
[1.214s] -- Up-to-date: /home/darudecookie/Documents/V2-Robot-Arm/software/ros2/install/v2_robot_arm_interfaces/include/v2_robot_arm_interfaces/v2_robot_arm_interfaces/msg/detail/control_status__functions.c
[1.214s] -- Up-to-date: /home/darudecookie/Documents/V2-Robot-Arm/software/ros2/install/v2_robot_arm_interfaces/include/v2_robot_arm_interfaces/v2_robot_arm_interfaces/msg/detail/target_joint_info__description.c
[1.214s] -- Up-to-date: /home/darudecookie/Documents/V2-Robot-Arm/software/ros2/install/v2_robot_arm_interfaces/include/v2_robot_arm_interfaces/v2_robot_arm_interfaces/msg/detail/target_joint_info__type_support.h
[1.214s] -- Installing: /home/darudecookie/Documents/V2-Robot-Arm/software/ros2/install/v2_robot_arm_interfaces/include/v2_robot_arm_interfaces/v2_robot_arm_interfaces/msg/detail/current_cartesian__type_support.c
[1.214s] -- Up-to-date: /home/darudecookie/Documents/V2-Robot-Arm/software/ros2/install/v2_robot_arm_interfaces/include/v2_robot_arm_interfaces/v2_robot_arm_interfaces/msg/detail/target_ee_info__functions.h
[1.215s] -- Up-to-date: /home/darudecookie/Documents/V2-Robot-Arm/software/ros2/install/v2_robot_arm_interfaces/include/v2_robot_arm_interfaces/v2_robot_arm_interfaces/msg/detail/control_status__struct.h
[1.215s] -- Up-to-date: /home/darudecookie/Documents/V2-Robot-Arm/software/ros2/install/v2_robot_arm_interfaces/include/v2_robot_arm_interfaces/v2_robot_arm_interfaces/msg/detail/target_cartesian__functions.h
[1.215s] -- Up-to-date: /home/darudecookie/Documents/V2-Robot-Arm/software/ros2/install/v2_robot_arm_interfaces/include/v2_robot_arm_interfaces/v2_robot_arm_interfaces/msg/detail/system_diagnostic_info__struct.h
[1.215s] -- Up-to-date: /home/darudecookie/Documents/V2-Robot-Arm/software/ros2/install/v2_robot_arm_interfaces/include/v2_robot_arm_interfaces/v2_robot_arm_interfaces/msg/detail/target_ee_info__struct.h
[1.215s] -- Up-to-date: /home/darudecookie/Documents/V2-Robot-Arm/software/ros2/install/v2_robot_arm_interfaces/include/v2_robot_arm_interfaces/v2_robot_arm_interfaces/msg/detail/target_ee_info__functions.c
[1.216s] -- Up-to-date: /home/darudecookie/Documents/V2-Robot-Arm/software/ros2/install/v2_robot_arm_interfaces/include/v2_robot_arm_interfaces/v2_robot_arm_interfaces/msg/detail/peripheral_speed__description.c
[1.216s] -- Installing: /home/darudecookie/Documents/V2-Robot-Arm/software/ros2/install/v2_robot_arm_interfaces/include/v2_robot_arm_interfaces/v2_robot_arm_interfaces/msg/detail/target_ee_info__type_support.c
[1.216s] -- Up-to-date: /home/darudecookie/Documents/V2-Robot-Arm/software/ros2/install/v2_robot_arm_interfaces/include/v2_robot_arm_interfaces/v2_robot_arm_interfaces/msg/detail/target_cartesian__functions.c
[1.217s] -- Up-to-date: /home/darudecookie/Documents/V2-Robot-Arm/software/ros2/install/v2_robot_arm_interfaces/include/v2_robot_arm_interfaces/v2_robot_arm_interfaces/msg/target_cartesian.h
[1.217s] -- Up-to-date: /home/darudecookie/Documents/V2-Robot-Arm/software/ros2/install/v2_robot_arm_interfaces/include/v2_robot_arm_interfaces/v2_robot_arm_interfaces/msg/peripheral_speed.h
[1.218s] -- Up-to-date: /home/darudecookie/Documents/V2-Robot-Arm/software/ros2/install/v2_robot_arm_interfaces/include/v2_robot_arm_interfaces/v2_robot_arm_interfaces/msg/target_joint_info.h
[1.218s] -- Up-to-date: /home/darudecookie/Documents/V2-Robot-Arm/software/ros2/install/v2_robot_arm_interfaces/include/v2_robot_arm_interfaces/v2_robot_arm_interfaces/msg/system_diagnostic_info.h
[1.218s] -- Up-to-date: /home/darudecookie/Documents/V2-Robot-Arm/software/ros2/install/v2_robot_arm_interfaces/include/v2_robot_arm_interfaces/v2_robot_arm_interfaces/msg/control_status.h
[1.218s] -- Up-to-date: /home/darudecookie/Documents/V2-Robot-Arm/software/ros2/install/v2_robot_arm_interfaces/include/v2_robot_arm_interfaces/v2_robot_arm_interfaces/srv
[1.218s] -- Up-to-date: /home/darudecookie/Documents/V2-Robot-Arm/software/ros2/install/v2_robot_arm_interfaces/include/v2_robot_arm_interfaces/v2_robot_arm_interfaces/srv/microcontroller_parameter_dump.h
[1.218s] -- Up-to-date: /home/darudecookie/Documents/V2-Robot-Arm/software/ros2/install/v2_robot_arm_interfaces/include/v2_robot_arm_interfaces/v2_robot_arm_interfaces/srv/target_ee_state.h
[1.219s] -- Up-to-date: /home/darudecookie/Documents/V2-Robot-Arm/software/ros2/install/v2_robot_arm_interfaces/include/v2_robot_arm_interfaces/v2_robot_arm_interfaces/srv/detail
[1.220s] -- Up-to-date: /home/darudecookie/Documents/V2-Robot-Arm/software/ros2/install/v2_robot_arm_interfaces/include/v2_robot_arm_interfaces/v2_robot_arm_interfaces/srv/detail/target_ee_state__functions.h
[1.220s] -- Up-to-date: /home/darudecookie/Documents/V2-Robot-Arm/software/ros2/install/v2_robot_arm_interfaces/include/v2_robot_arm_interfaces/v2_robot_arm_interfaces/srv/detail/microcontroller_parameter_dump__functions.h
[1.224s] -- Installing: /home/darudecookie/Documents/V2-Robot-Arm/software/ros2/install/v2_robot_arm_interfaces/include/v2_robot_arm_interfaces/v2_robot_arm_interfaces/srv/detail/microcontroller_parameter_dump__type_support.c
[1.224s] -- Up-to-date: /home/darudecookie/Documents/V2-Robot-Arm/software/ros2/install/v2_robot_arm_interfaces/include/v2_robot_arm_interfaces/v2_robot_arm_interfaces/srv/detail/target_ee_state__type_support.h
[1.226s] -- Installing: /home/darudecookie/Documents/V2-Robot-Arm/software/ros2/install/v2_robot_arm_interfaces/include/v2_robot_arm_interfaces/v2_robot_arm_interfaces/srv/detail/system_status__type_support.c
[1.226s] -- Up-to-date: /home/darudecookie/Documents/V2-Robot-Arm/software/ros2/install/v2_robot_arm_interfaces/include/v2_robot_arm_interfaces/v2_robot_arm_interfaces/srv/detail/system_status__functions.c
[1.227s] -- Up-to-date: /home/darudecookie/Documents/V2-Robot-Arm/software/ros2/install/v2_robot_arm_interfaces/include/v2_robot_arm_interfaces/v2_robot_arm_interfaces/srv/detail/microcontroller_parameter_dump__type_support.h
[1.227s] -- Up-to-date: /home/darudecookie/Documents/V2-Robot-Arm/software/ros2/install/v2_robot_arm_interfaces/include/v2_robot_arm_interfaces/v2_robot_arm_interfaces/srv/detail/system_status__description.c
[1.227s] -- Up-to-date: /home/darudecookie/Documents/V2-Robot-Arm/software/ros2/install/v2_robot_arm_interfaces/include/v2_robot_arm_interfaces/v2_robot_arm_interfaces/srv/detail/target_ee_state__functions.c
[1.228s] -- Up-to-date: /home/darudecookie/Documents/V2-Robot-Arm/software/ros2/install/v2_robot_arm_interfaces/include/v2_robot_arm_interfaces/v2_robot_arm_interfaces/srv/detail/system_status__functions.h
[1.228s] -- Installing: /home/darudecookie/Documents/V2-Robot-Arm/software/ros2/install/v2_robot_arm_interfaces/include/v2_robot_arm_interfaces/v2_robot_arm_interfaces/srv/detail/target_ee_state__type_support.c
[1.229s] -- Up-to-date: /home/darudecookie/Documents/V2-Robot-Arm/software/ros2/install/v2_robot_arm_interfaces/include/v2_robot_arm_interfaces/v2_robot_arm_interfaces/srv/detail/system_status__type_support.h
[1.229s] -- Up-to-date: /home/darudecookie/Documents/V2-Robot-Arm/software/ros2/install/v2_robot_arm_interfaces/include/v2_robot_arm_interfaces/v2_robot_arm_interfaces/srv/detail/system_status__struct.h
[1.229s] -- Up-to-date: /home/darudecookie/Documents/V2-Robot-Arm/software/ros2/install/v2_robot_arm_interfaces/include/v2_robot_arm_interfaces/v2_robot_arm_interfaces/srv/detail/target_ee_state__struct.h
[1.230s] -- Up-to-date: /home/darudecookie/Documents/V2-Robot-Arm/software/ros2/install/v2_robot_arm_interfaces/include/v2_robot_arm_interfaces/v2_robot_arm_interfaces/srv/detail/target_ee_state__description.c
[1.230s] -- Up-to-date: /home/darudecookie/Documents/V2-Robot-Arm/software/ros2/install/v2_robot_arm_interfaces/include/v2_robot_arm_interfaces/v2_robot_arm_interfaces/srv/detail/microcontroller_parameter_dump__description.c
[1.230s] -- Up-to-date: /home/darudecookie/Documents/V2-Robot-Arm/software/ros2/install/v2_robot_arm_interfaces/include/v2_robot_arm_interfaces/v2_robot_arm_interfaces/srv/detail/microcontroller_parameter_dump__struct.h
[1.231s] -- Up-to-date: /home/darudecookie/Documents/V2-Robot-Arm/software/ros2/install/v2_robot_arm_interfaces/include/v2_robot_arm_interfaces/v2_robot_arm_interfaces/srv/detail/microcontroller_parameter_dump__functions.c
[1.231s] -- Up-to-date: /home/darudecookie/Documents/V2-Robot-Arm/software/ros2/install/v2_robot_arm_interfaces/include/v2_robot_arm_interfaces/v2_robot_arm_interfaces/srv/system_status.h
[1.231s] -- Up-to-date: /home/darudecookie/Documents/V2-Robot-Arm/software/ros2/install/v2_robot_arm_interfaces/share/v2_robot_arm_interfaces/environment/library_path.sh
[1.231s] -- Up-to-date: /home/darudecookie/Documents/V2-Robot-Arm/software/ros2/install/v2_robot_arm_interfaces/share/v2_robot_arm_interfaces/environment/library_path.dsv
[1.231s] -- Up-to-date: /home/darudecookie/Documents/V2-Robot-Arm/software/ros2/install/v2_robot_arm_interfaces/lib/libv2_robot_arm_interfaces__rosidl_generator_c.so
[1.232s] -- Up-to-date: /home/darudecookie/Documents/V2-Robot-Arm/software/ros2/install/v2_robot_arm_interfaces/include/v2_robot_arm_interfaces/v2_robot_arm_interfaces
[1.232s] -- Up-to-date: /home/darudecookie/Documents/V2-Robot-Arm/software/ros2/install/v2_robot_arm_interfaces/include/v2_robot_arm_interfaces/v2_robot_arm_interfaces/action
[1.232s] -- Up-to-date: /home/darudecookie/Documents/V2-Robot-Arm/software/ros2/install/v2_robot_arm_interfaces/include/v2_robot_arm_interfaces/v2_robot_arm_interfaces/action/detail
[1.232s] -- Up-to-date: /home/darudecookie/Documents/V2-Robot-Arm/software/ros2/install/v2_robot_arm_interfaces/include/v2_robot_arm_interfaces/v2_robot_arm_interfaces/action/detail/parametric_trajectory_info__rosidl_typesupport_fastrtps_c.h
[1.232s] -- Up-to-date: /home/darudecookie/Documents/V2-Robot-Arm/software/ros2/install/v2_robot_arm_interfaces/include/v2_robot_arm_interfaces/v2_robot_arm_interfaces/msg
[1.233s] -- Up-to-date: /home/darudecookie/Documents/V2-Robot-Arm/software/ros2/install/v2_robot_arm_interfaces/include/v2_robot_arm_interfaces/v2_robot_arm_interfaces/msg/detail
[1.233s] -- Up-to-date: /home/darudecookie/Documents/V2-Robot-Arm/software/ros2/install/v2_robot_arm_interfaces/include/v2_robot_arm_interfaces/v2_robot_arm_interfaces/msg/detail/current_joint_info__rosidl_typesupport_fastrtps_c.h
[1.233s] -- Up-to-date: /home/darudecookie/Documents/V2-Robot-Arm/software/ros2/install/v2_robot_arm_interfaces/include/v2_robot_arm_interfaces/v2_robot_arm_interfaces/msg/detail/target_cartesian__rosidl_typesupport_fastrtps_c.h
[1.233s] -- Up-to-date: /home/darudecookie/Documents/V2-Robot-Arm/software/ros2/install/v2_robot_arm_interfaces/include/v2_robot_arm_interfaces/v2_robot_arm_interfaces/msg/detail/peripheral_speed__rosidl_typesupport_fastrtps_c.h
[1.233s] -- Up-to-date: /home/darudecookie/Documents/V2-Robot-Arm/software/ros2/install/v2_robot_arm_interfaces/include/v2_robot_arm_interfaces/v2_robot_arm_interfaces/msg/detail/current_cartesian__rosidl_typesupport_fastrtps_c.h
[1.234s] -- Up-to-date: /home/darudecookie/Documents/V2-Robot-Arm/software/ros2/install/v2_robot_arm_interfaces/include/v2_robot_arm_interfaces/v2_robot_arm_interfaces/msg/detail/target_joint_info__rosidl_typesupport_fastrtps_c.h
[1.234s] -- Up-to-date: /home/darudecookie/Documents/V2-Robot-Arm/software/ros2/install/v2_robot_arm_interfaces/include/v2_robot_arm_interfaces/v2_robot_arm_interfaces/msg/detail/system_diagnostic_info__rosidl_typesupport_fastrtps_c.h
[1.234s] -- Up-to-date: /home/darudecookie/Documents/V2-Robot-Arm/software/ros2/install/v2_robot_arm_interfaces/include/v2_robot_arm_interfaces/v2_robot_arm_interfaces/msg/detail/control_status__rosidl_typesupport_fastrtps_c.h
[1.234s] -- Up-to-date: /home/darudecookie/Documents/V2-Robot-Arm/software/ros2/install/v2_robot_arm_interfaces/include/v2_robot_arm_interfaces/v2_robot_arm_interfaces/msg/detail/current_ee_info__rosidl_typesupport_fastrtps_c.h
[1.234s] -- Up-to-date: /home/darudecookie/Documents/V2-Robot-Arm/software/ros2/install/v2_robot_arm_interfaces/include/v2_robot_arm_interfaces/v2_robot_arm_interfaces/msg/detail/target_ee_info__rosidl_typesupport_fastrtps_c.h
[1.235s] -- Up-to-date: /home/darudecookie/Documents/V2-Robot-Arm/software/ros2/install/v2_robot_arm_interfaces/include/v2_robot_arm_interfaces/v2_robot_arm_interfaces/msg/rosidl_typesupport_fastrtps_c__visibility_control.h
[1.235s] -- Up-to-date: /home/darudecookie/Documents/V2-Robot-Arm/software/ros2/install/v2_robot_arm_interfaces/include/v2_robot_arm_interfaces/v2_robot_arm_interfaces/srv
[1.235s] -- Up-to-date: /home/darudecookie/Documents/V2-Robot-Arm/software/ros2/install/v2_robot_arm_interfaces/include/v2_robot_arm_interfaces/v2_robot_arm_interfaces/srv/detail
[1.236s] -- Up-to-date: /home/darudecookie/Documents/V2-Robot-Arm/software/ros2/install/v2_robot_arm_interfaces/include/v2_robot_arm_interfaces/v2_robot_arm_interfaces/srv/detail/target_ee_state__rosidl_typesupport_fastrtps_c.h
[1.236s] -- Up-to-date: /home/darudecookie/Documents/V2-Robot-Arm/software/ros2/install/v2_robot_arm_interfaces/include/v2_robot_arm_interfaces/v2_robot_arm_interfaces/srv/detail/microcontroller_parameter_dump__rosidl_typesupport_fastrtps_c.h
[1.236s] -- Up-to-date: /home/darudecookie/Documents/V2-Robot-Arm/software/ros2/install/v2_robot_arm_interfaces/include/v2_robot_arm_interfaces/v2_robot_arm_interfaces/srv/detail/system_status__rosidl_typesupport_fastrtps_c.h
[1.236s] -- Up-to-date: /home/darudecookie/Documents/V2-Robot-Arm/software/ros2/install/v2_robot_arm_interfaces/lib/libv2_robot_arm_interfaces__rosidl_typesupport_fastrtps_c.so
[1.240s] -- Up-to-date: /home/darudecookie/Documents/V2-Robot-Arm/software/ros2/install/v2_robot_arm_interfaces/include/v2_robot_arm_interfaces/v2_robot_arm_interfaces
[1.241s] -- Up-to-date: /home/darudecookie/Documents/V2-Robot-Arm/software/ros2/install/v2_robot_arm_interfaces/include/v2_robot_arm_interfaces/v2_robot_arm_interfaces/action
[1.241s] -- Up-to-date: /home/darudecookie/Documents/V2-Robot-Arm/software/ros2/install/v2_robot_arm_interfaces/include/v2_robot_arm_interfaces/v2_robot_arm_interfaces/action/detail
[1.241s] -- Up-to-date: /home/darudecookie/Documents/V2-Robot-Arm/software/ros2/install/v2_robot_arm_interfaces/include/v2_robot_arm_interfaces/v2_robot_arm_interfaces/action/detail/parametric_trajectory_info__type_support.hpp
[1.241s] -- Up-to-date: /home/darudecookie/Documents/V2-Robot-Arm/software/ros2/install/v2_robot_arm_interfaces/include/v2_robot_arm_interfaces/v2_robot_arm_interfaces/action/detail/parametric_trajectory_info__traits.hpp
[1.241s] -- Up-to-date: /home/darudecookie/Documents/V2-Robot-Arm/software/ros2/install/v2_robot_arm_interfaces/include/v2_robot_arm_interfaces/v2_robot_arm_interfaces/action/detail/parametric_trajectory_info__struct.hpp
[1.242s] -- Up-to-date: /home/darudecookie/Documents/V2-Robot-Arm/software/ros2/install/v2_robot_arm_interfaces/include/v2_robot_arm_interfaces/v2_robot_arm_interfaces/action/detail/parametric_trajectory_info__builder.hpp
[1.242s] -- Up-to-date: /home/darudecookie/Documents/V2-Robot-Arm/software/ros2/install/v2_robot_arm_interfaces/include/v2_robot_arm_interfaces/v2_robot_arm_interfaces/action/parametric_trajectory_info.hpp
[1.244s] -- Up-to-date: /home/darudecookie/Documents/V2-Robot-Arm/software/ros2/install/v2_robot_arm_interfaces/include/v2_robot_arm_interfaces/v2_robot_arm_interfaces/msg
[1.244s] -- Up-to-date: /home/darudecookie/Documents/V2-Robot-Arm/software/ros2/install/v2_robot_arm_interfaces/include/v2_robot_arm_interfaces/v2_robot_arm_interfaces/msg/control_status.hpp
[1.244s] -- Up-to-date: /home/darudecookie/Documents/V2-Robot-Arm/software/ros2/install/v2_robot_arm_interfaces/include/v2_robot_arm_interfaces/v2_robot_arm_interfaces/msg/peripheral_speed.hpp
[1.244s] -- Up-to-date: /home/darudecookie/Documents/V2-Robot-Arm/software/ros2/install/v2_robot_arm_interfaces/include/v2_robot_arm_interfaces/v2_robot_arm_interfaces/msg/detail
[1.244s] -- Up-to-date: /home/darudecookie/Documents/V2-Robot-Arm/software/ros2/install/v2_robot_arm_interfaces/include/v2_robot_arm_interfaces/v2_robot_arm_interfaces/msg/detail/current_cartesian__struct.hpp
[1.245s] -- Up-to-date: /home/darudecookie/Documents/V2-Robot-Arm/software/ros2/install/v2_robot_arm_interfaces/include/v2_robot_arm_interfaces/v2_robot_arm_interfaces/msg/detail/target_joint_info__traits.hpp
[1.245s] -- Up-to-date: /home/darudecookie/Documents/V2-Robot-Arm/software/ros2/install/v2_robot_arm_interfaces/include/v2_robot_arm_interfaces/v2_robot_arm_interfaces/msg/detail/peripheral_speed__struct.hpp
[1.245s] -- Up-to-date: /home/darudecookie/Documents/V2-Robot-Arm/software/ros2/install/v2_robot_arm_interfaces/include/v2_robot_arm_interfaces/v2_robot_arm_interfaces/msg/detail/current_cartesian__builder.hpp
[1.245s] -- Up-to-date: /home/darudecookie/Documents/V2-Robot-Arm/software/ros2/install/v2_robot_arm_interfaces/include/v2_robot_arm_interfaces/v2_robot_arm_interfaces/msg/detail/target_cartesian__traits.hpp
[1.245s] -- Up-to-date: /home/darudecookie/Documents/V2-Robot-Arm/software/ros2/install/v2_robot_arm_interfaces/include/v2_robot_arm_interfaces/v2_robot_arm_interfaces/msg/detail/target_joint_info__type_support.hpp
[1.245s] -- Up-to-date: /home/darudecookie/Documents/V2-Robot-Arm/software/ros2/install/v2_robot_arm_interfaces/include/v2_robot_arm_interfaces/v2_robot_arm_interfaces/msg/detail/peripheral_speed__traits.hpp
[1.246s] -- Up-to-date: /home/darudecookie/Documents/V2-Robot-Arm/software/ros2/install/v2_robot_arm_interfaces/include/v2_robot_arm_interfaces/v2_robot_arm_interfaces/msg/detail/current_ee_info__type_support.hpp
[1.249s] -- Up-to-date: /home/darudecookie/Documents/V2-Robot-Arm/software/ros2/install/v2_robot_arm_interfaces/include/v2_robot_arm_interfaces/v2_robot_arm_interfaces/msg/detail/current_joint_info__builder.hpp
[1.250s] -- Up-to-date: /home/darudecookie/Documents/V2-Robot-Arm/software/ros2/install/v2_robot_arm_interfaces/include/v2_robot_arm_interfaces/v2_robot_arm_interfaces/msg/detail/system_diagnostic_info__traits.hpp
[1.250s] -- Up-to-date: /home/darudecookie/Documents/V2-Robot-Arm/software/ros2/install/v2_robot_arm_interfaces/include/v2_robot_arm_interfaces/v2_robot_arm_interfaces/msg/detail/peripheral_speed__type_support.hpp
[1.250s] -- Up-to-date: /home/darudecookie/Documents/V2-Robot-Arm/software/ros2/install/v2_robot_arm_interfaces/include/v2_robot_arm_interfaces/v2_robot_arm_interfaces/msg/detail/target_ee_info__traits.hpp
[1.250s] -- Up-to-date: /home/darudecookie/Documents/V2-Robot-Arm/software/ros2/install/v2_robot_arm_interfaces/include/v2_robot_arm_interfaces/v2_robot_arm_interfaces/msg/detail/control_status__builder.hpp
[1.250s] -- Up-to-date: /home/darudecookie/Documents/V2-Robot-Arm/software/ros2/install/v2_robot_arm_interfaces/include/v2_robot_arm_interfaces/v2_robot_arm_interfaces/msg/detail/current_cartesian__traits.hpp
[1.251s] -- Up-to-date: /home/darudecookie/Documents/V2-Robot-Arm/software/ros2/install/v2_robot_arm_interfaces/include/v2_robot_arm_interfaces/v2_robot_arm_interfaces/msg/detail/control_status__struct.hpp
[1.251s] -- Up-to-date: /home/darudecookie/Documents/V2-Robot-Arm/software/ros2/install/v2_robot_arm_interfaces/include/v2_robot_arm_interfaces/v2_robot_arm_interfaces/msg/detail/system_diagnostic_info__type_support.hpp
[1.251s] -- Up-to-date: /home/darudecookie/Documents/V2-Robot-Arm/software/ros2/install/v2_robot_arm_interfaces/include/v2_robot_arm_interfaces/v2_robot_arm_interfaces/msg/detail/target_joint_info__struct.hpp
[1.251s] -- Up-to-date: /home/darudecookie/Documents/V2-Robot-Arm/software/ros2/install/v2_robot_arm_interfaces/include/v2_robot_arm_interfaces/v2_robot_arm_interfaces/msg/detail/target_cartesian__type_support.hpp
[1.251s] -- Up-to-date: /home/darudecookie/Documents/V2-Robot-Arm/software/ros2/install/v2_robot_arm_interfaces/include/v2_robot_arm_interfaces/v2_robot_arm_interfaces/msg/detail/current_joint_info__struct.hpp
[1.251s] -- Up-to-date: /home/darudecookie/Documents/V2-Robot-Arm/software/ros2/install/v2_robot_arm_interfaces/include/v2_robot_arm_interfaces/v2_robot_arm_interfaces/msg/detail/target_joint_info__builder.hpp
[1.252s] -- Up-to-date: /home/darudecookie/Documents/V2-Robot-Arm/software/ros2/install/v2_robot_arm_interfaces/include/v2_robot_arm_interfaces/v2_robot_arm_interfaces/msg/detail/target_ee_info__builder.hpp
[1.252s] -- Up-to-date: /home/darudecookie/Documents/V2-Robot-Arm/software/ros2/install/v2_robot_arm_interfaces/include/v2_robot_arm_interfaces/v2_robot_arm_interfaces/msg/detail/control_status__type_support.hpp
[1.252s] -- Up-to-date: /home/darudecookie/Documents/V2-Robot-Arm/software/ros2/install/v2_robot_arm_interfaces/include/v2_robot_arm_interfaces/v2_robot_arm_interfaces/msg/detail/control_status__traits.hpp
[1.252s] -- Up-to-date: /home/darudecookie/Documents/V2-Robot-Arm/software/ros2/install/v2_robot_arm_interfaces/include/v2_robot_arm_interfaces/v2_robot_arm_interfaces/msg/detail/target_cartesian__struct.hpp
[1.252s] -- Up-to-date: /home/darudecookie/Documents/V2-Robot-Arm/software/ros2/install/v2_robot_arm_interfaces/include/v2_robot_arm_interfaces/v2_robot_arm_interfaces/msg/detail/current_ee_info__struct.hpp
[1.252s] -- Up-to-date: /home/darudecookie/Documents/V2-Robot-Arm/software/ros2/install/v2_robot_arm_interfaces/include/v2_robot_arm_interfaces/v2_robot_arm_interfaces/msg/detail/system_diagnostic_info__builder.hpp
[1.252s] -- Up-to-date: /home/darudecookie/Documents/V2-Robot-Arm/software/ros2/install/v2_robot_arm_interfaces/include/v2_robot_arm_interfaces/v2_robot_arm_interfaces/msg/detail/target_cartesian__builder.hpp
[1.253s] -- Up-to-date: /home/darudecookie/Documents/V2-Robot-Arm/software/ros2/install/v2_robot_arm_interfaces/include/v2_robot_arm_interfaces/v2_robot_arm_interfaces/msg/detail/current_joint_info__type_support.hpp
[1.253s] -- Up-to-date: /home/darudecookie/Documents/V2-Robot-Arm/software/ros2/install/v2_robot_arm_interfaces/include/v2_robot_arm_interfaces/v2_robot_arm_interfaces/msg/detail/current_ee_info__traits.hpp
[1.253s] -- Up-to-date: /home/darudecookie/Documents/V2-Robot-Arm/software/ros2/install/v2_robot_arm_interfaces/include/v2_robot_arm_interfaces/v2_robot_arm_interfaces/msg/detail/current_joint_info__traits.hpp
[1.253s] -- Up-to-date: /home/darudecookie/Documents/V2-Robot-Arm/software/ros2/install/v2_robot_arm_interfaces/include/v2_robot_arm_interfaces/v2_robot_arm_interfaces/msg/detail/current_ee_info__builder.hpp
[1.253s] -- Up-to-date: /home/darudecookie/Documents/V2-Robot-Arm/software/ros2/install/v2_robot_arm_interfaces/include/v2_robot_arm_interfaces/v2_robot_arm_interfaces/msg/detail/peripheral_speed__builder.hpp
[1.253s] -- Up-to-date: /home/darudecookie/Documents/V2-Robot-Arm/software/ros2/install/v2_robot_arm_interfaces/include/v2_robot_arm_interfaces/v2_robot_arm_interfaces/msg/detail/target_ee_info__type_support.hpp
[1.254s] -- Up-to-date: /home/darudecookie/Documents/V2-Robot-Arm/software/ros2/install/v2_robot_arm_interfaces/include/v2_robot_arm_interfaces/v2_robot_arm_interfaces/msg/detail/system_diagnostic_info__struct.hpp
[1.254s] -- Up-to-date: /home/darudecookie/Documents/V2-Robot-Arm/software/ros2/install/v2_robot_arm_interfaces/include/v2_robot_arm_interfaces/v2_robot_arm_interfaces/msg/detail/target_ee_info__struct.hpp
[1.254s] -- Up-to-date: /home/darudecookie/Documents/V2-Robot-Arm/software/ros2/install/v2_robot_arm_interfaces/include/v2_robot_arm_interfaces/v2_robot_arm_interfaces/msg/detail/current_cartesian__type_support.hpp
[1.254s] -- Up-to-date: /home/darudecookie/Documents/V2-Robot-Arm/software/ros2/install/v2_robot_arm_interfaces/include/v2_robot_arm_interfaces/v2_robot_arm_interfaces/msg/target_joint_info.hpp
[1.254s] -- Up-to-date: /home/darudecookie/Documents/V2-Robot-Arm/software/ros2/install/v2_robot_arm_interfaces/include/v2_robot_arm_interfaces/v2_robot_arm_interfaces/msg/target_cartesian.hpp
[1.254s] -- Up-to-date: /home/darudecookie/Documents/V2-Robot-Arm/software/ros2/install/v2_robot_arm_interfaces/include/v2_robot_arm_interfaces/v2_robot_arm_interfaces/msg/rosidl_generator_cpp__visibility_control.hpp
[1.255s] -- Up-to-date: /home/darudecookie/Documents/V2-Robot-Arm/software/ros2/install/v2_robot_arm_interfaces/include/v2_robot_arm_interfaces/v2_robot_arm_interfaces/msg/system_diagnostic_info.hpp
[1.255s] -- Up-to-date: /home/darudecookie/Documents/V2-Robot-Arm/software/ros2/install/v2_robot_arm_interfaces/include/v2_robot_arm_interfaces/v2_robot_arm_interfaces/msg/current_joint_info.hpp
[1.255s] -- Up-to-date: /home/darudecookie/Documents/V2-Robot-Arm/software/ros2/install/v2_robot_arm_interfaces/include/v2_robot_arm_interfaces/v2_robot_arm_interfaces/msg/current_ee_info.hpp
[1.255s] -- Up-to-date: /home/darudecookie/Documents/V2-Robot-Arm/software/ros2/install/v2_robot_arm_interfaces/include/v2_robot_arm_interfaces/v2_robot_arm_interfaces/msg/target_ee_info.hpp
[1.255s] -- Up-to-date: /home/darudecookie/Documents/V2-Robot-Arm/software/ros2/install/v2_robot_arm_interfaces/include/v2_robot_arm_interfaces/v2_robot_arm_interfaces/msg/current_cartesian.hpp
[1.255s] -- Up-to-date: /home/darudecookie/Documents/V2-Robot-Arm/software/ros2/install/v2_robot_arm_interfaces/include/v2_robot_arm_interfaces/v2_robot_arm_interfaces/srv
[1.256s] -- Up-to-date: /home/darudecookie/Documents/V2-Robot-Arm/software/ros2/install/v2_robot_arm_interfaces/include/v2_robot_arm_interfaces/v2_robot_arm_interfaces/srv/detail
[1.256s] -- Up-to-date: /home/darudecookie/Documents/V2-Robot-Arm/software/ros2/install/v2_robot_arm_interfaces/include/v2_robot_arm_interfaces/v2_robot_arm_interfaces/srv/detail/microcontroller_parameter_dump__struct.hpp
[1.256s] -- Up-to-date: /home/darudecookie/Documents/V2-Robot-Arm/software/ros2/install/v2_robot_arm_interfaces/include/v2_robot_arm_interfaces/v2_robot_arm_interfaces/srv/detail/target_ee_state__struct.hpp
[1.256s] -- Up-to-date: /home/darudecookie/Documents/V2-Robot-Arm/software/ros2/install/v2_robot_arm_interfaces/include/v2_robot_arm_interfaces/v2_robot_arm_interfaces/srv/detail/microcontroller_parameter_dump__traits.hpp
[1.256s] -- Up-to-date: /home/darudecookie/Documents/V2-Robot-Arm/software/ros2/install/v2_robot_arm_interfaces/include/v2_robot_arm_interfaces/v2_robot_arm_interfaces/srv/detail/microcontroller_parameter_dump__type_support.hpp
[1.257s] -- Up-to-date: /home/darudecookie/Documents/V2-Robot-Arm/software/ros2/install/v2_robot_arm_interfaces/include/v2_robot_arm_interfaces/v2_robot_arm_interfaces/srv/detail/target_ee_state__type_support.hpp
[1.257s] -- Up-to-date: /home/darudecookie/Documents/V2-Robot-Arm/software/ros2/install/v2_robot_arm_interfaces/include/v2_robot_arm_interfaces/v2_robot_arm_interfaces/srv/detail/system_status__type_support.hpp
[1.257s] -- Up-to-date: /home/darudecookie/Documents/V2-Robot-Arm/software/ros2/install/v2_robot_arm_interfaces/include/v2_robot_arm_interfaces/v2_robot_arm_interfaces/srv/detail/target_ee_state__builder.hpp
[1.257s] -- Up-to-date: /home/darudecookie/Documents/V2-Robot-Arm/software/ros2/install/v2_robot_arm_interfaces/include/v2_robot_arm_interfaces/v2_robot_arm_interfaces/srv/detail/system_status__builder.hpp
[1.257s] -- Up-to-date: /home/darudecookie/Documents/V2-Robot-Arm/software/ros2/install/v2_robot_arm_interfaces/include/v2_robot_arm_interfaces/v2_robot_arm_interfaces/srv/detail/system_status__traits.hpp
[1.257s] -- Up-to-date: /home/darudecookie/Documents/V2-Robot-Arm/software/ros2/install/v2_robot_arm_interfaces/include/v2_robot_arm_interfaces/v2_robot_arm_interfaces/srv/detail/target_ee_state__traits.hpp
[1.257s] -- Up-to-date: /home/darudecookie/Documents/V2-Robot-Arm/software/ros2/install/v2_robot_arm_interfaces/include/v2_robot_arm_interfaces/v2_robot_arm_interfaces/srv/detail/system_status__struct.hpp
[1.258s] -- Up-to-date: /home/darudecookie/Documents/V2-Robot-Arm/software/ros2/install/v2_robot_arm_interfaces/include/v2_robot_arm_interfaces/v2_robot_arm_interfaces/srv/detail/microcontroller_parameter_dump__builder.hpp
[1.258s] -- Up-to-date: /home/darudecookie/Documents/V2-Robot-Arm/software/ros2/install/v2_robot_arm_interfaces/include/v2_robot_arm_interfaces/v2_robot_arm_interfaces/srv/target_ee_state.hpp
[1.258s] -- Up-to-date: /home/darudecookie/Documents/V2-Robot-Arm/software/ros2/install/v2_robot_arm_interfaces/include/v2_robot_arm_interfaces/v2_robot_arm_interfaces/srv/system_status.hpp
[1.258s] -- Up-to-date: /home/darudecookie/Documents/V2-Robot-Arm/software/ros2/install/v2_robot_arm_interfaces/include/v2_robot_arm_interfaces/v2_robot_arm_interfaces/srv/microcontroller_parameter_dump.hpp
[1.258s] -- Up-to-date: /home/darudecookie/Documents/V2-Robot-Arm/software/ros2/install/v2_robot_arm_interfaces/include/v2_robot_arm_interfaces/v2_robot_arm_interfaces
[1.258s] -- Up-to-date: /home/darudecookie/Documents/V2-Robot-Arm/software/ros2/install/v2_robot_arm_interfaces/include/v2_robot_arm_interfaces/v2_robot_arm_interfaces/action
[1.259s] -- Up-to-date: /home/darudecookie/Documents/V2-Robot-Arm/software/ros2/install/v2_robot_arm_interfaces/include/v2_robot_arm_interfaces/v2_robot_arm_interfaces/action/detail
[1.259s] -- Up-to-date: /home/darudecookie/Documents/V2-Robot-Arm/software/ros2/install/v2_robot_arm_interfaces/include/v2_robot_arm_interfaces/v2_robot_arm_interfaces/action/detail/dds_fastrtps
[1.259s] -- Up-to-date: /home/darudecookie/Documents/V2-Robot-Arm/software/ros2/install/v2_robot_arm_interfaces/include/v2_robot_arm_interfaces/v2_robot_arm_interfaces/action/detail/parametric_trajectory_info__rosidl_typesupport_fastrtps_cpp.hpp
[1.259s] -- Up-to-date: /home/darudecookie/Documents/V2-Robot-Arm/software/ros2/install/v2_robot_arm_interfaces/include/v2_robot_arm_interfaces/v2_robot_arm_interfaces/msg
[1.259s] -- Up-to-date: /home/darudecookie/Documents/V2-Robot-Arm/software/ros2/install/v2_robot_arm_interfaces/include/v2_robot_arm_interfaces/v2_robot_arm_interfaces/msg/detail
[1.259s] -- Up-to-date: /home/darudecookie/Documents/V2-Robot-Arm/software/ros2/install/v2_robot_arm_interfaces/include/v2_robot_arm_interfaces/v2_robot_arm_interfaces/msg/detail/target_ee_info__rosidl_typesupport_fastrtps_cpp.hpp
[1.260s] -- Up-to-date: /home/darudecookie/Documents/V2-Robot-Arm/software/ros2/install/v2_robot_arm_interfaces/include/v2_robot_arm_interfaces/v2_robot_arm_interfaces/msg/detail/dds_fastrtps
[1.260s] -- Up-to-date: /home/darudecookie/Documents/V2-Robot-Arm/software/ros2/install/v2_robot_arm_interfaces/include/v2_robot_arm_interfaces/v2_robot_arm_interfaces/msg/detail/target_cartesian__rosidl_typesupport_fastrtps_cpp.hpp
[1.260s] -- Up-to-date: /home/darudecookie/Documents/V2-Robot-Arm/software/ros2/install/v2_robot_arm_interfaces/include/v2_robot_arm_interfaces/v2_robot_arm_interfaces/msg/detail/control_status__rosidl_typesupport_fastrtps_cpp.hpp
[1.260s] -- Up-to-date: /home/darudecookie/Documents/V2-Robot-Arm/software/ros2/install/v2_robot_arm_interfaces/include/v2_robot_arm_interfaces/v2_robot_arm_interfaces/msg/detail/current_joint_info__rosidl_typesupport_fastrtps_cpp.hpp
[1.260s] -- Up-to-date: /home/darudecookie/Documents/V2-Robot-Arm/software/ros2/install/v2_robot_arm_interfaces/include/v2_robot_arm_interfaces/v2_robot_arm_interfaces/msg/detail/target_joint_info__rosidl_typesupport_fastrtps_cpp.hpp
[1.261s] -- Up-to-date: /home/darudecookie/Documents/V2-Robot-Arm/software/ros2/install/v2_robot_arm_interfaces/include/v2_robot_arm_interfaces/v2_robot_arm_interfaces/msg/detail/peripheral_speed__rosidl_typesupport_fastrtps_cpp.hpp
[1.261s] -- Up-to-date: /home/darudecookie/Documents/V2-Robot-Arm/software/ros2/install/v2_robot_arm_interfaces/include/v2_robot_arm_interfaces/v2_robot_arm_interfaces/msg/detail/current_ee_info__rosidl_typesupport_fastrtps_cpp.hpp
[1.263s] -- Up-to-date: /home/darudecookie/Documents/V2-Robot-Arm/software/ros2/install/v2_robot_arm_interfaces/include/v2_robot_arm_interfaces/v2_robot_arm_interfaces/msg/detail/system_diagnostic_info__rosidl_typesupport_fastrtps_cpp.hpp
[1.263s] -- Up-to-date: /home/darudecookie/Documents/V2-Robot-Arm/software/ros2/install/v2_robot_arm_interfaces/include/v2_robot_arm_interfaces/v2_robot_arm_interfaces/msg/detail/current_cartesian__rosidl_typesupport_fastrtps_cpp.hpp
[1.263s] -- Up-to-date: /home/darudecookie/Documents/V2-Robot-Arm/software/ros2/install/v2_robot_arm_interfaces/include/v2_robot_arm_interfaces/v2_robot_arm_interfaces/msg/rosidl_typesupport_fastrtps_cpp__visibility_control.h
[1.263s] -- Up-to-date: /home/darudecookie/Documents/V2-Robot-Arm/software/ros2/install/v2_robot_arm_interfaces/include/v2_robot_arm_interfaces/v2_robot_arm_interfaces/srv
[1.263s] -- Up-to-date: /home/darudecookie/Documents/V2-Robot-Arm/software/ros2/install/v2_robot_arm_interfaces/include/v2_robot_arm_interfaces/v2_robot_arm_interfaces/srv/detail
[1.264s] -- Up-to-date: /home/darudecookie/Documents/V2-Robot-Arm/software/ros2/install/v2_robot_arm_interfaces/include/v2_robot_arm_interfaces/v2_robot_arm_interfaces/srv/detail/dds_fastrtps
[1.264s] -- Up-to-date: /home/darudecookie/Documents/V2-Robot-Arm/software/ros2/install/v2_robot_arm_interfaces/include/v2_robot_arm_interfaces/v2_robot_arm_interfaces/srv/detail/system_status__rosidl_typesupport_fastrtps_cpp.hpp
[1.264s] -- Up-to-date: /home/darudecookie/Documents/V2-Robot-Arm/software/ros2/install/v2_robot_arm_interfaces/include/v2_robot_arm_interfaces/v2_robot_arm_interfaces/srv/detail/microcontroller_parameter_dump__rosidl_typesupport_fastrtps_cpp.hpp
[1.264s] -- Up-to-date: /home/darudecookie/Documents/V2-Robot-Arm/software/ros2/install/v2_robot_arm_interfaces/include/v2_robot_arm_interfaces/v2_robot_arm_interfaces/srv/detail/target_ee_state__rosidl_typesupport_fastrtps_cpp.hpp
[1.264s] -- Up-to-date: /home/darudecookie/Documents/V2-Robot-Arm/software/ros2/install/v2_robot_arm_interfaces/lib/libv2_robot_arm_interfaces__rosidl_typesupport_fastrtps_cpp.so
[1.264s] -- Up-to-date: /home/darudecookie/Documents/V2-Robot-Arm/software/ros2/install/v2_robot_arm_interfaces/include/v2_robot_arm_interfaces/v2_robot_arm_interfaces
[1.265s] -- Up-to-date: /home/darudecookie/Documents/V2-Robot-Arm/software/ros2/install/v2_robot_arm_interfaces/include/v2_robot_arm_interfaces/v2_robot_arm_interfaces/action
[1.265s] -- Up-to-date: /home/darudecookie/Documents/V2-Robot-Arm/software/ros2/install/v2_robot_arm_interfaces/include/v2_robot_arm_interfaces/v2_robot_arm_interfaces/action/detail
[1.265s] -- Up-to-date: /home/darudecookie/Documents/V2-Robot-Arm/software/ros2/install/v2_robot_arm_interfaces/include/v2_robot_arm_interfaces/v2_robot_arm_interfaces/action/detail/parametric_trajectory_info__rosidl_typesupport_introspection_c.h
[1.265s] -- Installing: /home/darudecookie/Documents/V2-Robot-Arm/software/ros2/install/v2_robot_arm_interfaces/include/v2_robot_arm_interfaces/v2_robot_arm_interfaces/action/detail/parametric_trajectory_info__type_support.c
[1.266s] -- Up-to-date: /home/darudecookie/Documents/V2-Robot-Arm/software/ros2/install/v2_robot_arm_interfaces/include/v2_robot_arm_interfaces/v2_robot_arm_interfaces/msg
[1.266s] -- Up-to-date: /home/darudecookie/Documents/V2-Robot-Arm/software/ros2/install/v2_robot_arm_interfaces/include/v2_robot_arm_interfaces/v2_robot_arm_interfaces/msg/detail
[1.266s] -- Installing: /home/darudecookie/Documents/V2-Robot-Arm/software/ros2/install/v2_robot_arm_interfaces/include/v2_robot_arm_interfaces/v2_robot_arm_interfaces/msg/detail/target_cartesian__type_support.c
[1.266s] -- Installing: /home/darudecookie/Documents/V2-Robot-Arm/software/ros2/install/v2_robot_arm_interfaces/include/v2_robot_arm_interfaces/v2_robot_arm_interfaces/msg/detail/current_joint_info__type_support.c
[1.266s] -- Installing: /home/darudecookie/Documents/V2-Robot-Arm/software/ros2/install/v2_robot_arm_interfaces/include/v2_robot_arm_interfaces/v2_robot_arm_interfaces/msg/detail/system_diagnostic_info__type_support.c
[1.267s] -- Up-to-date: /home/darudecookie/Documents/V2-Robot-Arm/software/ros2/install/v2_robot_arm_interfaces/include/v2_robot_arm_interfaces/v2_robot_arm_interfaces/msg/detail/current_joint_info__rosidl_typesupport_introspection_c.h
[1.267s] -- Up-to-date: /home/darudecookie/Documents/V2-Robot-Arm/software/ros2/install/v2_robot_arm_interfaces/include/v2_robot_arm_interfaces/v2_robot_arm_interfaces/msg/detail/peripheral_speed__rosidl_typesupport_introspection_c.h
[1.267s] -- Installing: /home/darudecookie/Documents/V2-Robot-Arm/software/ros2/install/v2_robot_arm_interfaces/include/v2_robot_arm_interfaces/v2_robot_arm_interfaces/msg/detail/control_status__type_support.c
[1.267s] -- Installing: /home/darudecookie/Documents/V2-Robot-Arm/software/ros2/install/v2_robot_arm_interfaces/include/v2_robot_arm_interfaces/v2_robot_arm_interfaces/msg/detail/peripheral_speed__type_support.c
[1.267s] -- Installing: /home/darudecookie/Documents/V2-Robot-Arm/software/ros2/install/v2_robot_arm_interfaces/include/v2_robot_arm_interfaces/v2_robot_arm_interfaces/msg/detail/target_joint_info__type_support.c
[1.268s] -- Installing: /home/darudecookie/Documents/V2-Robot-Arm/software/ros2/install/v2_robot_arm_interfaces/include/v2_robot_arm_interfaces/v2_robot_arm_interfaces/msg/detail/current_ee_info__type_support.c
[1.268s] -- Up-to-date: /home/darudecookie/Documents/V2-Robot-Arm/software/ros2/install/v2_robot_arm_interfaces/include/v2_robot_arm_interfaces/v2_robot_arm_interfaces/msg/detail/target_joint_info__rosidl_typesupport_introspection_c.h
[1.268s] -- Up-to-date: /home/darudecookie/Documents/V2-Robot-Arm/software/ros2/install/v2_robot_arm_interfaces/include/v2_robot_arm_interfaces/v2_robot_arm_interfaces/msg/detail/current_ee_info__rosidl_typesupport_introspection_c.h
[1.268s] -- Up-to-date: /home/darudecookie/Documents/V2-Robot-Arm/software/ros2/install/v2_robot_arm_interfaces/include/v2_robot_arm_interfaces/v2_robot_arm_interfaces/msg/detail/target_ee_info__rosidl_typesupport_introspection_c.h
[1.268s] -- Up-to-date: /home/darudecookie/Documents/V2-Robot-Arm/software/ros2/install/v2_robot_arm_interfaces/include/v2_robot_arm_interfaces/v2_robot_arm_interfaces/msg/detail/current_cartesian__rosidl_typesupport_introspection_c.h
[1.268s] -- Installing: /home/darudecookie/Documents/V2-Robot-Arm/software/ros2/install/v2_robot_arm_interfaces/include/v2_robot_arm_interfaces/v2_robot_arm_interfaces/msg/detail/current_cartesian__type_support.c
[1.269s] -- Up-to-date: /home/darudecookie/Documents/V2-Robot-Arm/software/ros2/install/v2_robot_arm_interfaces/include/v2_robot_arm_interfaces/v2_robot_arm_interfaces/msg/detail/control_status__rosidl_typesupport_introspection_c.h
[1.269s] -- Up-to-date: /home/darudecookie/Documents/V2-Robot-Arm/software/ros2/install/v2_robot_arm_interfaces/include/v2_robot_arm_interfaces/v2_robot_arm_interfaces/msg/detail/target_cartesian__rosidl_typesupport_introspection_c.h
[1.269s] -- Up-to-date: /home/darudecookie/Documents/V2-Robot-Arm/software/ros2/install/v2_robot_arm_interfaces/include/v2_robot_arm_interfaces/v2_robot_arm_interfaces/msg/detail/system_diagnostic_info__rosidl_typesupport_introspection_c.h
[1.269s] -- Installing: /home/darudecookie/Documents/V2-Robot-Arm/software/ros2/install/v2_robot_arm_interfaces/include/v2_robot_arm_interfaces/v2_robot_arm_interfaces/msg/detail/target_ee_info__type_support.c
[1.269s] -- Up-to-date: /home/darudecookie/Documents/V2-Robot-Arm/software/ros2/install/v2_robot_arm_interfaces/include/v2_robot_arm_interfaces/v2_robot_arm_interfaces/msg/rosidl_typesupport_introspection_c__visibility_control.h
[1.270s] -- Up-to-date: /home/darudecookie/Documents/V2-Robot-Arm/software/ros2/install/v2_robot_arm_interfaces/include/v2_robot_arm_interfaces/v2_robot_arm_interfaces/srv
[1.270s] -- Up-to-date: /home/darudecookie/Documents/V2-Robot-Arm/software/ros2/install/v2_robot_arm_interfaces/include/v2_robot_arm_interfaces/v2_robot_arm_interfaces/srv/detail
[1.270s] -- Up-to-date: /home/darudecookie/Documents/V2-Robot-Arm/software/ros2/install/v2_robot_arm_interfaces/include/v2_robot_arm_interfaces/v2_robot_arm_interfaces/srv/detail/system_status__rosidl_typesupport_introspection_c.h
[1.270s] -- Installing: /home/darudecookie/Documents/V2-Robot-Arm/software/ros2/install/v2_robot_arm_interfaces/include/v2_robot_arm_interfaces/v2_robot_arm_interfaces/srv/detail/microcontroller_parameter_dump__type_support.c
[1.270s] -- Up-to-date: /home/darudecookie/Documents/V2-Robot-Arm/software/ros2/install/v2_robot_arm_interfaces/include/v2_robot_arm_interfaces/v2_robot_arm_interfaces/srv/detail/target_ee_state__rosidl_typesupport_introspection_c.h
[1.270s] -- Installing: /home/darudecookie/Documents/V2-Robot-Arm/software/ros2/install/v2_robot_arm_interfaces/include/v2_robot_arm_interfaces/v2_robot_arm_interfaces/srv/detail/system_status__type_support.c
[1.271s] -- Installing: /home/darudecookie/Documents/V2-Robot-Arm/software/ros2/install/v2_robot_arm_interfaces/include/v2_robot_arm_interfaces/v2_robot_arm_interfaces/srv/detail/target_ee_state__type_support.c
[1.271s] -- Up-to-date: /home/darudecookie/Documents/V2-Robot-Arm/software/ros2/install/v2_robot_arm_interfaces/include/v2_robot_arm_interfaces/v2_robot_arm_interfaces/srv/detail/microcontroller_parameter_dump__rosidl_typesupport_introspection_c.h
[1.271s] -- Up-to-date: /home/darudecookie/Documents/V2-Robot-Arm/software/ros2/install/v2_robot_arm_interfaces/lib/libv2_robot_arm_interfaces__rosidl_typesupport_introspection_c.so
[1.271s] -- Up-to-date: /home/darudecookie/Documents/V2-Robot-Arm/software/ros2/install/v2_robot_arm_interfaces/lib/libv2_robot_arm_interfaces__rosidl_typesupport_c.so
[1.271s] -- Up-to-date: /home/darudecookie/Documents/V2-Robot-Arm/software/ros2/install/v2_robot_arm_interfaces/include/v2_robot_arm_interfaces/v2_robot_arm_interfaces
[1.272s] -- Up-to-date: /home/darudecookie/Documents/V2-Robot-Arm/software/ros2/install/v2_robot_arm_interfaces/include/v2_robot_arm_interfaces/v2_robot_arm_interfaces/action
[1.272s] -- Up-to-date: /home/darudecookie/Documents/V2-Robot-Arm/software/ros2/install/v2_robot_arm_interfaces/include/v2_robot_arm_interfaces/v2_robot_arm_interfaces/action/detail
[1.272s] -- Up-to-date: /home/darudecookie/Documents/V2-Robot-Arm/software/ros2/install/v2_robot_arm_interfaces/include/v2_robot_arm_interfaces/v2_robot_arm_interfaces/action/detail/parametric_trajectory_info__rosidl_typesupport_introspection_cpp.hpp
[1.272s] -- Up-to-date: /home/darudecookie/Documents/V2-Robot-Arm/software/ros2/install/v2_robot_arm_interfaces/include/v2_robot_arm_interfaces/v2_robot_arm_interfaces/action/detail/parametric_trajectory_info__type_support.cpp
[1.272s] -- Up-to-date: /home/darudecookie/Documents/V2-Robot-Arm/software/ros2/install/v2_robot_arm_interfaces/include/v2_robot_arm_interfaces/v2_robot_arm_interfaces/msg
[1.272s] -- Up-to-date: /home/darudecookie/Documents/V2-Robot-Arm/software/ros2/install/v2_robot_arm_interfaces/include/v2_robot_arm_interfaces/v2_robot_arm_interfaces/msg/detail
[1.273s] -- Up-to-date: /home/darudecookie/Documents/V2-Robot-Arm/software/ros2/install/v2_robot_arm_interfaces/include/v2_robot_arm_interfaces/v2_robot_arm_interfaces/msg/detail/system_diagnostic_info__rosidl_typesupport_introspection_cpp.hpp
[1.273s] -- Up-to-date: /home/darudecookie/Documents/V2-Robot-Arm/software/ros2/install/v2_robot_arm_interfaces/include/v2_robot_arm_interfaces/v2_robot_arm_interfaces/msg/detail/current_cartesian__type_support.cpp
[1.273s] -- Up-to-date: /home/darudecookie/Documents/V2-Robot-Arm/software/ros2/install/v2_robot_arm_interfaces/include/v2_robot_arm_interfaces/v2_robot_arm_interfaces/msg/detail/current_ee_info__rosidl_typesupport_introspection_cpp.hpp
[1.273s] -- Up-to-date: /home/darudecookie/Documents/V2-Robot-Arm/software/ros2/install/v2_robot_arm_interfaces/include/v2_robot_arm_interfaces/v2_robot_arm_interfaces/msg/detail/peripheral_speed__type_support.cpp
[1.273s] -- Up-to-date: /home/darudecookie/Documents/V2-Robot-Arm/software/ros2/install/v2_robot_arm_interfaces/include/v2_robot_arm_interfaces/v2_robot_arm_interfaces/msg/detail/system_diagnostic_info__type_support.cpp
[1.274s] -- Up-to-date: /home/darudecookie/Documents/V2-Robot-Arm/software/ros2/install/v2_robot_arm_interfaces/include/v2_robot_arm_interfaces/v2_robot_arm_interfaces/msg/detail/peripheral_speed__rosidl_typesupport_introspection_cpp.hpp
[1.274s] -- Up-to-date: /home/darudecookie/Documents/V2-Robot-Arm/software/ros2/install/v2_robot_arm_interfaces/include/v2_robot_arm_interfaces/v2_robot_arm_interfaces/msg/detail/target_ee_info__rosidl_typesupport_introspection_cpp.hpp
[1.274s] -- Up-to-date: /home/darudecookie/Documents/V2-Robot-Arm/software/ros2/install/v2_robot_arm_interfaces/include/v2_robot_arm_interfaces/v2_robot_arm_interfaces/msg/detail/target_joint_info__type_support.cpp
[1.274s] -- Up-to-date: /home/darudecookie/Documents/V2-Robot-Arm/software/ros2/install/v2_robot_arm_interfaces/include/v2_robot_arm_interfaces/v2_robot_arm_interfaces/msg/detail/control_status__rosidl_typesupport_introspection_cpp.hpp
[1.274s] -- Up-to-date: /home/darudecookie/Documents/V2-Robot-Arm/software/ros2/install/v2_robot_arm_interfaces/include/v2_robot_arm_interfaces/v2_robot_arm_interfaces/msg/detail/target_joint_info__rosidl_typesupport_introspection_cpp.hpp
[1.274s] -- Up-to-date: /home/darudecookie/Documents/V2-Robot-Arm/software/ros2/install/v2_robot_arm_interfaces/include/v2_robot_arm_interfaces/v2_robot_arm_interfaces/msg/detail/target_cartesian__rosidl_typesupport_introspection_cpp.hpp
[1.275s] -- Up-to-date: /home/darudecookie/Documents/V2-Robot-Arm/software/ros2/install/v2_robot_arm_interfaces/include/v2_robot_arm_interfaces/v2_robot_arm_interfaces/msg/detail/current_joint_info__rosidl_typesupport_introspection_cpp.hpp
[1.275s] -- Up-to-date: /home/darudecookie/Documents/V2-Robot-Arm/software/ros2/install/v2_robot_arm_interfaces/include/v2_robot_arm_interfaces/v2_robot_arm_interfaces/msg/detail/target_cartesian__type_support.cpp
[1.275s] -- Up-to-date: /home/darudecookie/Documents/V2-Robot-Arm/software/ros2/install/v2_robot_arm_interfaces/include/v2_robot_arm_interfaces/v2_robot_arm_interfaces/msg/detail/current_cartesian__rosidl_typesupport_introspection_cpp.hpp
[1.275s] -- Up-to-date: /home/darudecookie/Documents/V2-Robot-Arm/software/ros2/install/v2_robot_arm_interfaces/include/v2_robot_arm_interfaces/v2_robot_arm_interfaces/msg/detail/target_ee_info__type_support.cpp
[1.275s] -- Up-to-date: /home/darudecookie/Documents/V2-Robot-Arm/software/ros2/install/v2_robot_arm_interfaces/include/v2_robot_arm_interfaces/v2_robot_arm_interfaces/msg/detail/control_status__type_support.cpp
[1.275s] -- Up-to-date: /home/darudecookie/Documents/V2-Robot-Arm/software/ros2/install/v2_robot_arm_interfaces/include/v2_robot_arm_interfaces/v2_robot_arm_interfaces/msg/detail/current_ee_info__type_support.cpp
[1.276s] -- Up-to-date: /home/darudecookie/Documents/V2-Robot-Arm/software/ros2/install/v2_robot_arm_interfaces/include/v2_robot_arm_interfaces/v2_robot_arm_interfaces/msg/detail/current_joint_info__type_support.cpp
[1.276s] -- Up-to-date: /home/darudecookie/Documents/V2-Robot-Arm/software/ros2/install/v2_robot_arm_interfaces/include/v2_robot_arm_interfaces/v2_robot_arm_interfaces/srv
[1.276s] -- Up-to-date: /home/darudecookie/Documents/V2-Robot-Arm/software/ros2/install/v2_robot_arm_interfaces/include/v2_robot_arm_interfaces/v2_robot_arm_interfaces/srv/detail
[1.276s] -- Up-to-date: /home/darudecookie/Documents/V2-Robot-Arm/software/ros2/install/v2_robot_arm_interfaces/include/v2_robot_arm_interfaces/v2_robot_arm_interfaces/srv/detail/system_status__rosidl_typesupport_introspection_cpp.hpp
[1.276s] -- Up-to-date: /home/darudecookie/Documents/V2-Robot-Arm/software/ros2/install/v2_robot_arm_interfaces/include/v2_robot_arm_interfaces/v2_robot_arm_interfaces/srv/detail/microcontroller_parameter_dump__type_support.cpp
[1.277s] -- Up-to-date: /home/darudecookie/Documents/V2-Robot-Arm/software/ros2/install/v2_robot_arm_interfaces/include/v2_robot_arm_interfaces/v2_robot_arm_interfaces/srv/detail/system_status__type_support.cpp
[1.277s] -- Up-to-date: /home/darudecookie/Documents/V2-Robot-Arm/software/ros2/install/v2_robot_arm_interfaces/include/v2_robot_arm_interfaces/v2_robot_arm_interfaces/srv/detail/target_ee_state__type_support.cpp
[1.277s] -- Up-to-date: /home/darudecookie/Documents/V2-Robot-Arm/software/ros2/install/v2_robot_arm_interfaces/include/v2_robot_arm_interfaces/v2_robot_arm_interfaces/srv/detail/target_ee_state__rosidl_typesupport_introspection_cpp.hpp
[1.277s] -- Up-to-date: /home/darudecookie/Documents/V2-Robot-Arm/software/ros2/install/v2_robot_arm_interfaces/include/v2_robot_arm_interfaces/v2_robot_arm_interfaces/srv/detail/microcontroller_parameter_dump__rosidl_typesupport_introspection_cpp.hpp
[1.277s] -- Up-to-date: /home/darudecookie/Documents/V2-Robot-Arm/software/ros2/install/v2_robot_arm_interfaces/lib/libv2_robot_arm_interfaces__rosidl_typesupport_introspection_cpp.so
[1.277s] -- Up-to-date: /home/darudecookie/Documents/V2-Robot-Arm/software/ros2/install/v2_robot_arm_interfaces/lib/libv2_robot_arm_interfaces__rosidl_typesupport_cpp.so
[1.278s] -- Up-to-date: /home/darudecookie/Documents/V2-Robot-Arm/software/ros2/install/v2_robot_arm_interfaces/share/v2_robot_arm_interfaces/environment/pythonpath.sh
[1.278s] -- Up-to-date: /home/darudecookie/Documents/V2-Robot-Arm/software/ros2/install/v2_robot_arm_interfaces/share/v2_robot_arm_interfaces/environment/pythonpath.dsv
[1.278s] -- Up-to-date: /home/darudecookie/Documents/V2-Robot-Arm/software/ros2/install/v2_robot_arm_interfaces/lib/python3.12/site-packages/v2_robot_arm_interfaces-0.0.1-py3.12.egg-info
[1.278s] -- Installing: /home/darudecookie/Documents/V2-Robot-Arm/software/ros2/install/v2_robot_arm_interfaces/lib/python3.12/site-packages/v2_robot_arm_interfaces-0.0.1-py3.12.egg-info/SOURCES.txt
[1.278s] -- Installing: /home/darudecookie/Documents/V2-Robot-Arm/software/ros2/install/v2_robot_arm_interfaces/lib/python3.12/site-packages/v2_robot_arm_interfaces-0.0.1-py3.12.egg-info/dependency_links.txt
[1.278s] -- Installing: /home/darudecookie/Documents/V2-Robot-Arm/software/ros2/install/v2_robot_arm_interfaces/lib/python3.12/site-packages/v2_robot_arm_interfaces-0.0.1-py3.12.egg-info/top_level.txt
[1.279s] -- Installing: /home/darudecookie/Documents/V2-Robot-Arm/software/ros2/install/v2_robot_arm_interfaces/lib/python3.12/site-packages/v2_robot_arm_interfaces-0.0.1-py3.12.egg-info/PKG-INFO
[1.279s] -- Up-to-date: /home/darudecookie/Documents/V2-Robot-Arm/software/ros2/install/v2_robot_arm_interfaces/lib/python3.12/site-packages/v2_robot_arm_interfaces
[1.279s] -- Up-to-date: /home/darudecookie/Documents/V2-Robot-Arm/software/ros2/install/v2_robot_arm_interfaces/lib/python3.12/site-packages/v2_robot_arm_interfaces/v2_robot_arm_interfaces_s__rosidl_typesupport_fastrtps_c.so
[1.279s] -- Up-to-date: /home/darudecookie/Documents/V2-Robot-Arm/software/ros2/install/v2_robot_arm_interfaces/lib/python3.12/site-packages/v2_robot_arm_interfaces/action
[1.279s] -- Up-to-date: /home/darudecookie/Documents/V2-Robot-Arm/software/ros2/install/v2_robot_arm_interfaces/lib/python3.12/site-packages/v2_robot_arm_interfaces/action/__init__.py
[1.279s] -- Up-to-date: /home/darudecookie/Documents/V2-Robot-Arm/software/ros2/install/v2_robot_arm_interfaces/lib/python3.12/site-packages/v2_robot_arm_interfaces/action/_parametric_trajectory_info_s.c
[1.280s] -- Up-to-date: /home/darudecookie/Documents/V2-Robot-Arm/software/ros2/install/v2_robot_arm_interfaces/lib/python3.12/site-packages/v2_robot_arm_interfaces/action/_parametric_trajectory_info.py
[1.280s] -- Up-to-date: /home/darudecookie/Documents/V2-Robot-Arm/software/ros2/install/v2_robot_arm_interfaces/lib/python3.12/site-packages/v2_robot_arm_interfaces/__init__.py
[1.280s] -- Up-to-date: /home/darudecookie/Documents/V2-Robot-Arm/software/ros2/install/v2_robot_arm_interfaces/lib/python3.12/site-packages/v2_robot_arm_interfaces/_v2_robot_arm_interfaces_s.ep.rosidl_typesupport_fastrtps_c.c
[1.280s] -- Up-to-date: /home/darudecookie/Documents/V2-Robot-Arm/software/ros2/install/v2_robot_arm_interfaces/lib/python3.12/site-packages/v2_robot_arm_interfaces/v2_robot_arm_interfaces_s__rosidl_typesupport_introspection_c.so
[1.280s] -- Up-to-date: /home/darudecookie/Documents/V2-Robot-Arm/software/ros2/install/v2_robot_arm_interfaces/lib/python3.12/site-packages/v2_robot_arm_interfaces/_v2_robot_arm_interfaces_s.ep.rosidl_typesupport_introspection_c.c
[1.281s] -- Up-to-date: /home/darudecookie/Documents/V2-Robot-Arm/software/ros2/install/v2_robot_arm_interfaces/lib/python3.12/site-packages/v2_robot_arm_interfaces/_v2_robot_arm_interfaces_s.ep.rosidl_typesupport_c.c
[1.281s] -- Up-to-date: /home/darudecookie/Documents/V2-Robot-Arm/software/ros2/install/v2_robot_arm_interfaces/lib/python3.12/site-packages/v2_robot_arm_interfaces/v2_robot_arm_interfaces_s__rosidl_typesupport_c.so
[1.281s] -- Up-to-date: /home/darudecookie/Documents/V2-Robot-Arm/software/ros2/install/v2_robot_arm_interfaces/lib/python3.12/site-packages/v2_robot_arm_interfaces/msg
[1.281s] -- Up-to-date: /home/darudecookie/Documents/V2-Robot-Arm/software/ros2/install/v2_robot_arm_interfaces/lib/python3.12/site-packages/v2_robot_arm_interfaces/msg/_peripheral_speed.py
[1.281s] -- Up-to-date: /home/darudecookie/Documents/V2-Robot-Arm/software/ros2/install/v2_robot_arm_interfaces/lib/python3.12/site-packages/v2_robot_arm_interfaces/msg/_target_joint_info_s.c
[1.281s] -- Up-to-date: /home/darudecookie/Documents/V2-Robot-Arm/software/ros2/install/v2_robot_arm_interfaces/lib/python3.12/site-packages/v2_robot_arm_interfaces/msg/_system_diagnostic_info_s.c
[1.282s] -- Up-to-date: /home/darudecookie/Documents/V2-Robot-Arm/software/ros2/install/v2_robot_arm_interfaces/lib/python3.12/site-packages/v2_robot_arm_interfaces/msg/_peripheral_speed_s.c
[1.282s] -- Up-to-date: /home/darudecookie/Documents/V2-Robot-Arm/software/ros2/install/v2_robot_arm_interfaces/lib/python3.12/site-packages/v2_robot_arm_interfaces/msg/_target_ee_info_s.c
[1.282s] -- Up-to-date: /home/darudecookie/Documents/V2-Robot-Arm/software/ros2/install/v2_robot_arm_interfaces/lib/python3.12/site-packages/v2_robot_arm_interfaces/msg/_current_cartesian_s.c
[1.282s] -- Up-to-date: /home/darudecookie/Documents/V2-Robot-Arm/software/ros2/install/v2_robot_arm_interfaces/lib/python3.12/site-packages/v2_robot_arm_interfaces/msg/_target_cartesian.py
[1.282s] -- Up-to-date: /home/darudecookie/Documents/V2-Robot-Arm/software/ros2/install/v2_robot_arm_interfaces/lib/python3.12/site-packages/v2_robot_arm_interfaces/msg/__init__.py
[1.282s] -- Up-to-date: /home/darudecookie/Documents/V2-Robot-Arm/software/ros2/install/v2_robot_arm_interfaces/lib/python3.12/site-packages/v2_robot_arm_interfaces/msg/_current_joint_info.py
[1.283s] -- Up-to-date: /home/darudecookie/Documents/V2-Robot-Arm/software/ros2/install/v2_robot_arm_interfaces/lib/python3.12/site-packages/v2_robot_arm_interfaces/msg/_control_status_s.c
[1.283s] -- Up-to-date: /home/darudecookie/Documents/V2-Robot-Arm/software/ros2/install/v2_robot_arm_interfaces/lib/python3.12/site-packages/v2_robot_arm_interfaces/msg/_system_diagnostic_info.py
[1.283s] -- Up-to-date: /home/darudecookie/Documents/V2-Robot-Arm/software/ros2/install/v2_robot_arm_interfaces/lib/python3.12/site-packages/v2_robot_arm_interfaces/msg/_current_ee_info.py
[1.283s] -- Up-to-date: /home/darudecookie/Documents/V2-Robot-Arm/software/ros2/install/v2_robot_arm_interfaces/lib/python3.12/site-packages/v2_robot_arm_interfaces/msg/_current_cartesian.py
[1.283s] -- Up-to-date: /home/darudecookie/Documents/V2-Robot-Arm/software/ros2/install/v2_robot_arm_interfaces/lib/python3.12/site-packages/v2_robot_arm_interfaces/msg/_current_joint_info_s.c
[1.283s] -- Up-to-date: /home/darudecookie/Documents/V2-Robot-Arm/software/ros2/install/v2_robot_arm_interfaces/lib/python3.12/site-packages/v2_robot_arm_interfaces/msg/_target_cartesian_s.c
[1.283s] -- Up-to-date: /home/darudecookie/Documents/V2-Robot-Arm/software/ros2/install/v2_robot_arm_interfaces/lib/python3.12/site-packages/v2_robot_arm_interfaces/msg/_target_ee_info.py
[1.284s] -- Up-to-date: /home/darudecookie/Documents/V2-Robot-Arm/software/ros2/install/v2_robot_arm_interfaces/lib/python3.12/site-packages/v2_robot_arm_interfaces/msg/_control_status.py
[1.284s] -- Up-to-date: /home/darudecookie/Documents/V2-Robot-Arm/software/ros2/install/v2_robot_arm_interfaces/lib/python3.12/site-packages/v2_robot_arm_interfaces/msg/_current_ee_info_s.c
[1.284s] -- Up-to-date: /home/darudecookie/Documents/V2-Robot-Arm/software/ros2/install/v2_robot_arm_interfaces/lib/python3.12/site-packages/v2_robot_arm_interfaces/msg/_target_joint_info.py
[1.284s] -- Up-to-date: /home/darudecookie/Documents/V2-Robot-Arm/software/ros2/install/v2_robot_arm_interfaces/lib/python3.12/site-packages/v2_robot_arm_interfaces/srv
[1.284s] -- Up-to-date: /home/darudecookie/Documents/V2-Robot-Arm/software/ros2/install/v2_robot_arm_interfaces/lib/python3.12/site-packages/v2_robot_arm_interfaces/srv/_microcontroller_parameter_dump_s.c
[1.284s] -- Up-to-date: /home/darudecookie/Documents/V2-Robot-Arm/software/ros2/install/v2_robot_arm_interfaces/lib/python3.12/site-packages/v2_robot_arm_interfaces/srv/_target_ee_state_s.c
[1.285s] -- Up-to-date: /home/darudecookie/Documents/V2-Robot-Arm/software/ros2/install/v2_robot_arm_interfaces/lib/python3.12/site-packages/v2_robot_arm_interfaces/srv/_system_status_s.c
[1.285s] -- Up-to-date: /home/darudecookie/Documents/V2-Robot-Arm/software/ros2/install/v2_robot_arm_interfaces/lib/python3.12/site-packages/v2_robot_arm_interfaces/srv/__init__.py
[1.285s] -- Up-to-date: /home/darudecookie/Documents/V2-Robot-Arm/software/ros2/install/v2_robot_arm_interfaces/lib/python3.12/site-packages/v2_robot_arm_interfaces/srv/_microcontroller_parameter_dump.py
[1.285s] -- Up-to-date: /home/darudecookie/Documents/V2-Robot-Arm/software/ros2/install/v2_robot_arm_interfaces/lib/python3.12/site-packages/v2_robot_arm_interfaces/srv/_system_status.py
[1.285s] -- Up-to-date: /home/darudecookie/Documents/V2-Robot-Arm/software/ros2/install/v2_robot_arm_interfaces/lib/python3.12/site-packages/v2_robot_arm_interfaces/srv/_target_ee_state.py
[1.301s] Listing '/home/darudecookie/Documents/V2-Robot-Arm/software/ros2/install/v2_robot_arm_interfaces/lib/python3.12/site-packages/v2_robot_arm_interfaces'...
[1.302s] Listing '/home/darudecookie/Documents/V2-Robot-Arm/software/ros2/install/v2_robot_arm_interfaces/lib/python3.12/site-packages/v2_robot_arm_interfaces/action'...
[1.302s] Listing '/home/darudecookie/Documents/V2-Robot-Arm/software/ros2/install/v2_robot_arm_interfaces/lib/python3.12/site-packages/v2_robot_arm_interfaces/msg'...
[1.302s] Listing '/home/darudecookie/Documents/V2-Robot-Arm/software/ros2/install/v2_robot_arm_interfaces/lib/python3.12/site-packages/v2_robot_arm_interfaces/srv'...
[1.310s] -- Up-to-date: /home/darudecookie/Documents/V2-Robot-Arm/software/ros2/install/v2_robot_arm_interfaces/lib/python3.12/site-packages/v2_robot_arm_interfaces/v2_robot_arm_interfaces_s__rosidl_typesupport_fastrtps_c.so
[1.310s] -- Up-to-date: /home/darudecookie/Documents/V2-Robot-Arm/software/ros2/install/v2_robot_arm_interfaces/lib/python3.12/site-packages/v2_robot_arm_interfaces/v2_robot_arm_interfaces_s__rosidl_typesupport_introspection_c.so
[1.311s] -- Up-to-date: /home/darudecookie/Documents/V2-Robot-Arm/software/ros2/install/v2_robot_arm_interfaces/lib/python3.12/site-packages/v2_robot_arm_interfaces/v2_robot_arm_interfaces_s__rosidl_typesupport_c.so
[1.313s] -- Up-to-date: /home/darudecookie/Documents/V2-Robot-Arm/software/ros2/install/v2_robot_arm_interfaces/lib/libv2_robot_arm_interfaces__rosidl_generator_py.so
[1.314s] -- Up-to-date: /home/darudecookie/Documents/V2-Robot-Arm/software/ros2/install/v2_robot_arm_interfaces/share/v2_robot_arm_interfaces/action/ParametricTrajectoryInfo.idl
[1.314s] -- Up-to-date: /home/darudecookie/Documents/V2-Robot-Arm/software/ros2/install/v2_robot_arm_interfaces/share/v2_robot_arm_interfaces/msg/ControlStatus.idl
[1.315s] -- Up-to-date: /home/darudecookie/Documents/V2-Robot-Arm/software/ros2/install/v2_robot_arm_interfaces/share/v2_robot_arm_interfaces/msg/CurrentEEInfo.idl
[1.316s] -- Up-to-date: /home/darudecookie/Documents/V2-Robot-Arm/software/ros2/install/v2_robot_arm_interfaces/share/v2_robot_arm_interfaces/msg/CurrentJointInfo.idl
[1.316s] -- Up-to-date: /home/darudecookie/Documents/V2-Robot-Arm/software/ros2/install/v2_robot_arm_interfaces/share/v2_robot_arm_interfaces/msg/CurrentCartesian.idl
[1.317s] -- Up-to-date: /home/darudecookie/Documents/V2-Robot-Arm/software/ros2/install/v2_robot_arm_interfaces/share/v2_robot_arm_interfaces/msg/PeripheralSpeed.idl
[1.318s] -- Up-to-date: /home/darudecookie/Documents/V2-Robot-Arm/software/ros2/install/v2_robot_arm_interfaces/share/v2_robot_arm_interfaces/msg/SystemDiagnosticInfo.idl
[1.319s] -- Up-to-date: /home/darudecookie/Documents/V2-Robot-Arm/software/ros2/install/v2_robot_arm_interfaces/share/v2_robot_arm_interfaces/msg/TargetCartesian.idl
[1.319s] -- Up-to-date: /home/darudecookie/Documents/V2-Robot-Arm/software/ros2/install/v2_robot_arm_interfaces/share/v2_robot_arm_interfaces/msg/TargetEEInfo.idl
[1.320s] -- Up-to-date: /home/darudecookie/Documents/V2-Robot-Arm/software/ros2/install/v2_robot_arm_interfaces/share/v2_robot_arm_interfaces/msg/TargetJointInfo.idl
[1.321s] -- Up-to-date: /home/darudecookie/Documents/V2-Robot-Arm/software/ros2/install/v2_robot_arm_interfaces/share/v2_robot_arm_interfaces/srv/MicrocontrollerParameterDump.idl
[1.322s] -- Up-to-date: /home/darudecookie/Documents/V2-Robot-Arm/software/ros2/install/v2_robot_arm_interfaces/share/v2_robot_arm_interfaces/srv/SystemStatus.idl
[1.326s] -- Up-to-date: /home/darudecookie/Documents/V2-Robot-Arm/software/ros2/install/v2_robot_arm_interfaces/share/v2_robot_arm_interfaces/srv/TargetEEState.idl
[1.326s] -- Up-to-date: /home/darudecookie/Documents/V2-Robot-Arm/software/ros2/install/v2_robot_arm_interfaces/share/v2_robot_arm_interfaces/action/ParametricTrajectoryInfo.action
[1.326s] -- Up-to-date: /home/darudecookie/Documents/V2-Robot-Arm/software/ros2/install/v2_robot_arm_interfaces/share/v2_robot_arm_interfaces/msg/ControlStatus.msg
[1.326s] -- Up-to-date: /home/darudecookie/Documents/V2-Robot-Arm/software/ros2/install/v2_robot_arm_interfaces/share/v2_robot_arm_interfaces/msg/CurrentEEInfo.msg
[1.327s] -- Up-to-date: /home/darudecookie/Documents/V2-Robot-Arm/software/ros2/install/v2_robot_arm_interfaces/share/v2_robot_arm_interfaces/msg/CurrentJointInfo.msg
[1.327s] -- Up-to-date: /home/darudecookie/Documents/V2-Robot-Arm/software/ros2/install/v2_robot_arm_interfaces/share/v2_robot_arm_interfaces/msg/CurrentCartesian.msg
[1.328s] -- Up-to-date: /home/darudecookie/Documents/V2-Robot-Arm/software/ros2/install/v2_robot_arm_interfaces/share/v2_robot_arm_interfaces/msg/PeripheralSpeed.msg
[1.328s] -- Up-to-date: /home/darudecookie/Documents/V2-Robot-Arm/software/ros2/install/v2_robot_arm_interfaces/share/v2_robot_arm_interfaces/msg/SystemDiagnosticInfo.msg
[1.329s] -- Up-to-date: /home/darudecookie/Documents/V2-Robot-Arm/software/ros2/install/v2_robot_arm_interfaces/share/v2_robot_arm_interfaces/msg/TargetCartesian.msg
[1.329s] -- Up-to-date: /home/darudecookie/Documents/V2-Robot-Arm/software/ros2/install/v2_robot_arm_interfaces/share/v2_robot_arm_interfaces/msg/TargetEEInfo.msg
[1.330s] -- Up-to-date: /home/darudecookie/Documents/V2-Robot-Arm/software/ros2/install/v2_robot_arm_interfaces/share/v2_robot_arm_interfaces/msg/TargetJointInfo.msg
[1.330s] -- Up-to-date: /home/darudecookie/Documents/V2-Robot-Arm/software/ros2/install/v2_robot_arm_interfaces/share/v2_robot_arm_interfaces/srv/MicrocontrollerParameterDump.srv
[1.330s] -- Up-to-date: /home/darudecookie/Documents/V2-Robot-Arm/software/ros2/install/v2_robot_arm_interfaces/share/v2_robot_arm_interfaces/srv/SystemStatus.srv
[1.330s] -- Up-to-date: /home/darudecookie/Documents/V2-Robot-Arm/software/ros2/install/v2_robot_arm_interfaces/share/v2_robot_arm_interfaces/srv/TargetEEState.srv
[1.331s] -- Up-to-date: /home/darudecookie/Documents/V2-Robot-Arm/software/ros2/install/v2_robot_arm_interfaces/share/ament_index/resource_index/package_run_dependencies/v2_robot_arm_interfaces
[1.331s] -- Up-to-date: /home/darudecookie/Documents/V2-Robot-Arm/software/ros2/install/v2_robot_arm_interfaces/share/ament_index/resource_index/parent_prefix_path/v2_robot_arm_interfaces
[1.331s] -- Up-to-date: /home/darudecookie/Documents/V2-Robot-Arm/software/ros2/install/v2_robot_arm_interfaces/share/v2_robot_arm_interfaces/environment/ament_prefix_path.sh
[1.332s] -- Up-to-date: /home/darudecookie/Documents/V2-Robot-Arm/software/ros2/install/v2_robot_arm_interfaces/share/v2_robot_arm_interfaces/environment/ament_prefix_path.dsv
[1.332s] -- Up-to-date: /home/darudecookie/Documents/V2-Robot-Arm/software/ros2/install/v2_robot_arm_interfaces/share/v2_robot_arm_interfaces/environment/path.sh
[1.332s] -- Up-to-date: /home/darudecookie/Documents/V2-Robot-Arm/software/ros2/install/v2_robot_arm_interfaces/share/v2_robot_arm_interfaces/environment/path.dsv
[1.332s] -- Up-to-date: /home/darudecookie/Documents/V2-Robot-Arm/software/ros2/install/v2_robot_arm_interfaces/share/v2_robot_arm_interfaces/local_setup.bash
[1.333s] -- Up-to-date: /home/darudecookie/Documents/V2-Robot-Arm/software/ros2/install/v2_robot_arm_interfaces/share/v2_robot_arm_interfaces/local_setup.sh
[1.333s] -- Up-to-date: /home/darudecookie/Documents/V2-Robot-Arm/software/ros2/install/v2_robot_arm_interfaces/share/v2_robot_arm_interfaces/local_setup.zsh
[1.333s] -- Up-to-date: /home/darudecookie/Documents/V2-Robot-Arm/software/ros2/install/v2_robot_arm_interfaces/share/v2_robot_arm_interfaces/local_setup.dsv
[1.334s] -- Installing: /home/darudecookie/Documents/V2-Robot-Arm/software/ros2/install/v2_robot_arm_interfaces/share/v2_robot_arm_interfaces/package.dsv
[1.334s] -- Up-to-date: /home/darudecookie/Documents/V2-Robot-Arm/software/ros2/install/v2_robot_arm_interfaces/share/ament_index/resource_index/packages/v2_robot_arm_interfaces
[1.334s] -- Up-to-date: /home/darudecookie/Documents/V2-Robot-Arm/software/ros2/install/v2_robot_arm_interfaces/share/v2_robot_arm_interfaces/cmake/export_v2_robot_arm_interfaces__rosidl_generator_cExport.cmake
[1.334s] -- Up-to-date: /home/darudecookie/Documents/V2-Robot-Arm/software/ros2/install/v2_robot_arm_interfaces/share/v2_robot_arm_interfaces/cmake/export_v2_robot_arm_interfaces__rosidl_generator_cExport-noconfig.cmake
[1.334s] -- Up-to-date: /home/darudecookie/Documents/V2-Robot-Arm/software/ros2/install/v2_robot_arm_interfaces/share/v2_robot_arm_interfaces/cmake/export_v2_robot_arm_interfaces__rosidl_typesupport_fastrtps_cExport.cmake
[1.335s] -- Up-to-date: /home/darudecookie/Documents/V2-Robot-Arm/software/ros2/install/v2_robot_arm_interfaces/share/v2_robot_arm_interfaces/cmake/export_v2_robot_arm_interfaces__rosidl_typesupport_fastrtps_cExport-noconfig.cmake
[1.335s] -- Up-to-date: /home/darudecookie/Documents/V2-Robot-Arm/software/ros2/install/v2_robot_arm_interfaces/share/v2_robot_arm_interfaces/cmake/export_v2_robot_arm_interfaces__rosidl_generator_cppExport.cmake
[1.335s] -- Up-to-date: /home/darudecookie/Documents/V2-Robot-Arm/software/ros2/install/v2_robot_arm_interfaces/share/v2_robot_arm_interfaces/cmake/export_v2_robot_arm_interfaces__rosidl_typesupport_fastrtps_cppExport.cmake
[1.335s] -- Up-to-date: /home/darudecookie/Documents/V2-Robot-Arm/software/ros2/install/v2_robot_arm_interfaces/share/v2_robot_arm_interfaces/cmake/export_v2_robot_arm_interfaces__rosidl_typesupport_fastrtps_cppExport-noconfig.cmake
[1.336s] -- Up-to-date: /home/darudecookie/Documents/V2-Robot-Arm/software/ros2/install/v2_robot_arm_interfaces/share/v2_robot_arm_interfaces/cmake/v2_robot_arm_interfaces__rosidl_typesupport_introspection_cExport.cmake
[1.336s] -- Up-to-date: /home/darudecookie/Documents/V2-Robot-Arm/software/ros2/install/v2_robot_arm_interfaces/share/v2_robot_arm_interfaces/cmake/v2_robot_arm_interfaces__rosidl_typesupport_introspection_cExport-noconfig.cmake
[1.336s] -- Up-to-date: /home/darudecookie/Documents/V2-Robot-Arm/software/ros2/install/v2_robot_arm_interfaces/share/v2_robot_arm_interfaces/cmake/v2_robot_arm_interfaces__rosidl_typesupport_cExport.cmake
[1.336s] -- Up-to-date: /home/darudecookie/Documents/V2-Robot-Arm/software/ros2/install/v2_robot_arm_interfaces/share/v2_robot_arm_interfaces/cmake/v2_robot_arm_interfaces__rosidl_typesupport_cExport-noconfig.cmake
[1.337s] -- Up-to-date: /home/darudecookie/Documents/V2-Robot-Arm/software/ros2/install/v2_robot_arm_interfaces/share/v2_robot_arm_interfaces/cmake/v2_robot_arm_interfaces__rosidl_typesupport_introspection_cppExport.cmake
[1.337s] -- Up-to-date: /home/darudecookie/Documents/V2-Robot-Arm/software/ros2/install/v2_robot_arm_interfaces/share/v2_robot_arm_interfaces/cmake/v2_robot_arm_interfaces__rosidl_typesupport_introspection_cppExport-noconfig.cmake
[1.337s] -- Up-to-date: /home/darudecookie/Documents/V2-Robot-Arm/software/ros2/install/v2_robot_arm_interfaces/share/v2_robot_arm_interfaces/cmake/v2_robot_arm_interfaces__rosidl_typesupport_cppExport.cmake
[1.337s] -- Up-to-date: /home/darudecookie/Documents/V2-Robot-Arm/software/ros2/install/v2_robot_arm_interfaces/share/v2_robot_arm_interfaces/cmake/v2_robot_arm_interfaces__rosidl_typesupport_cppExport-noconfig.cmake
[1.338s] -- Up-to-date: /home/darudecookie/Documents/V2-Robot-Arm/software/ros2/install/v2_robot_arm_interfaces/share/v2_robot_arm_interfaces/cmake/export_v2_robot_arm_interfaces__rosidl_generator_pyExport.cmake
[1.338s] -- Up-to-date: /home/darudecookie/Documents/V2-Robot-Arm/software/ros2/install/v2_robot_arm_interfaces/share/v2_robot_arm_interfaces/cmake/export_v2_robot_arm_interfaces__rosidl_generator_pyExport-noconfig.cmake
[1.339s] -- Up-to-date: /home/darudecookie/Documents/V2-Robot-Arm/software/ros2/install/v2_robot_arm_interfaces/share/v2_robot_arm_interfaces/cmake/rosidl_cmake-extras.cmake
[1.339s] -- Up-to-date: /home/darudecookie/Documents/V2-Robot-Arm/software/ros2/install/v2_robot_arm_interfaces/share/v2_robot_arm_interfaces/cmake/ament_cmake_export_dependencies-extras.cmake
[1.339s] -- Up-to-date: /home/darudecookie/Documents/V2-Robot-Arm/software/ros2/install/v2_robot_arm_interfaces/share/v2_robot_arm_interfaces/cmake/ament_cmake_export_include_directories-extras.cmake
[1.339s] -- Up-to-date: /home/darudecookie/Documents/V2-Robot-Arm/software/ros2/install/v2_robot_arm_interfaces/share/v2_robot_arm_interfaces/cmake/ament_cmake_export_libraries-extras.cmake
[1.339s] -- Up-to-date: /home/darudecookie/Documents/V2-Robot-Arm/software/ros2/install/v2_robot_arm_interfaces/share/v2_robot_arm_interfaces/cmake/ament_cmake_export_targets-extras.cmake
[1.340s] -- Up-to-date: /home/darudecookie/Documents/V2-Robot-Arm/software/ros2/install/v2_robot_arm_interfaces/share/v2_robot_arm_interfaces/cmake/rosidl_cmake_export_typesupport_targets-extras.cmake
[1.340s] -- Up-to-date: /home/darudecookie/Documents/V2-Robot-Arm/software/ros2/install/v2_robot_arm_interfaces/share/v2_robot_arm_interfaces/cmake/rosidl_cmake_export_typesupport_libraries-extras.cmake
[1.340s] -- Up-to-date: /home/darudecookie/Documents/V2-Robot-Arm/software/ros2/install/v2_robot_arm_interfaces/share/v2_robot_arm_interfaces/cmake/v2_robot_arm_interfacesConfig.cmake
[1.340s] -- Up-to-date: /home/darudecookie/Documents/V2-Robot-Arm/software/ros2/install/v2_robot_arm_interfaces/share/v2_robot_arm_interfaces/cmake/v2_robot_arm_interfacesConfig-version.cmake
[1.340s] -- Up-to-date: /home/darudecookie/Documents/V2-Robot-Arm/software/ros2/install/v2_robot_arm_interfaces/share/v2_robot_arm_interfaces/package.xml
[1.341s] Invoked command in '/home/darudecookie/Documents/V2-Robot-Arm/software/ros2/build/v2_robot_arm_interfaces' returned '0': CMAKE_PREFIX_PATH=${CMAKE_PREFIX_PATH}:/home/darudecookie/Documents/V2-Robot-Arm/software/ros2/install/movement_controllers:/home/darudecookie/Documents/V2-Robot-Arm/software/ros2/install/hardware_interface:/home/darudecookie/Documents/V2-Robot-Arm/software/ros2/install/ros_controller_interface:/opt/ros/rolling DEBUGINFOD_URLS=https://debuginfod.ubuntu.com /usr/bin/cmake --install /home/darudecookie/Documents/V2-Robot-Arm/software/ros2/build/v2_robot_arm_interfaces
