[0.125s] DEBUG:colcon:Command line arguments: ['/usr/bin/colcon', 'build']
[0.125s] DEBUG:colcon:Parsed command line arguments: Namespace(log_base=None, log_level=None, verb_name='build', build_base='build', install_base='install', merge_install=False, symlink_install=False, test_result_base=None, continue_on_error=False, executor='parallel', parallel_workers=4, event_handlers=None, ignore_user_meta=False, metas=['./colcon.meta'], base_paths=['.'], packages_ignore=None, packages_ignore_regex=None, paths=None, packages_up_to=None, packages_up_to_regex=None, packages_above=None, packages_above_and_dependencies=None, packages_above_depth=None, packages_select_by_dep=None, packages_skip_by_dep=None, packages_skip_up_to=None, packages_select_build_failed=False, packages_skip_build_finished=False, packages_select_test_failures=False, packages_skip_test_passed=False, packages_select=None, packages_skip=None, packages_select_regex=None, packages_skip_regex=None, packages_start=None, packages_end=None, allow_overriding=[], cmake_args=None, cmake_target=None, cmake_target_skip_unavailable=False, cmake_clean_cache=False, cmake_clean_first=False, cmake_force_configure=False, ament_cmake_args=None, catkin_cmake_args=None, catkin_skip_building_tests=False, mixin_files=None, mixin=None, verb_parser=<colcon_mixin.mixin.mixin_argument.MixinArgumentDecorator object at 0x7445ab481eb0>, verb_extension=<colcon_core.verb.build.BuildVerb object at 0x7445ab5f6510>, main=<bound method BuildVerb.main of <colcon_core.verb.build.BuildVerb object at 0x7445ab5f6510>>, mixin_verb=('build',))
[0.181s] Level 1:colcon.colcon_core.package_discovery:discover_packages(colcon_meta) check parameters
[0.182s] Level 1:colcon.colcon_core.package_discovery:discover_packages(recursive) check parameters
[0.182s] Level 1:colcon.colcon_core.package_discovery:discover_packages(ignore) check parameters
[0.182s] Level 1:colcon.colcon_core.package_discovery:discover_packages(path) check parameters
[0.182s] Level 1:colcon.colcon_core.package_discovery:discover_packages(colcon_meta) discover
[0.182s] Level 1:colcon.colcon_core.package_discovery:discover_packages(recursive) discover
[0.182s] INFO:colcon.colcon_core.package_discovery:Crawling recursively for packages in '/home/darudecookie/Documents/V2-Robot-Arm/software/ros2'
[0.182s] Level 1:colcon.colcon_core.package_identification:_identify(.) by extensions ['ignore', 'ignore_ament_install']
[0.183s] Level 1:colcon.colcon_core.package_identification:_identify(.) by extension 'ignore'
[0.183s] Level 1:colcon.colcon_core.package_identification:_identify(.) by extension 'ignore_ament_install'
[0.183s] Level 1:colcon.colcon_core.package_identification:_identify(.) by extensions ['colcon_pkg']
[0.183s] Level 1:colcon.colcon_core.package_identification:_identify(.) by extension 'colcon_pkg'
[0.183s] Level 1:colcon.colcon_core.package_identification:_identify(.) by extensions ['colcon_meta']
[0.183s] Level 1:colcon.colcon_core.package_identification:_identify(.) by extension 'colcon_meta'
[0.183s] Level 1:colcon.colcon_core.package_identification:_identify(.) by extensions ['ros']
[0.183s] Level 1:colcon.colcon_core.package_identification:_identify(.) by extension 'ros'
[0.224s] Level 1:colcon.colcon_core.package_identification:_identify(.) by extensions ['cmake', 'python']
[0.224s] Level 1:colcon.colcon_core.package_identification:_identify(.) by extension 'cmake'
[0.224s] Level 1:colcon.colcon_core.package_identification:_identify(.) by extension 'python'
[0.224s] Level 1:colcon.colcon_core.package_identification:_identify(.) by extensions ['python_setup_py']
[0.224s] Level 1:colcon.colcon_core.package_identification:_identify(.) by extension 'python_setup_py'
[0.224s] Level 1:colcon.colcon_core.package_identification:_identify(build) by extensions ['ignore', 'ignore_ament_install']
[0.224s] Level 1:colcon.colcon_core.package_identification:_identify(build) by extension 'ignore'
[0.224s] Level 1:colcon.colcon_core.package_identification:_identify(build) ignored
[0.225s] Level 1:colcon.colcon_core.package_identification:_identify(install) by extensions ['ignore', 'ignore_ament_install']
[0.225s] Level 1:colcon.colcon_core.package_identification:_identify(install) by extension 'ignore'
[0.225s] Level 1:colcon.colcon_core.package_identification:_identify(install) ignored
[0.225s] Level 1:colcon.colcon_core.package_identification:_identify(log) by extensions ['ignore', 'ignore_ament_install']
[0.225s] Level 1:colcon.colcon_core.package_identification:_identify(log) by extension 'ignore'
[0.225s] Level 1:colcon.colcon_core.package_identification:_identify(log) ignored
[0.225s] Level 1:colcon.colcon_core.package_identification:_identify(src) by extensions ['ignore', 'ignore_ament_install']
[0.225s] Level 1:colcon.colcon_core.package_identification:_identify(src) by extension 'ignore'
[0.226s] Level 1:colcon.colcon_core.package_identification:_identify(src) by extension 'ignore_ament_install'
[0.226s] Level 1:colcon.colcon_core.package_identification:_identify(src) by extensions ['colcon_pkg']
[0.226s] Level 1:colcon.colcon_core.package_identification:_identify(src) by extension 'colcon_pkg'
[0.226s] Level 1:colcon.colcon_core.package_identification:_identify(src) by extensions ['colcon_meta']
[0.226s] Level 1:colcon.colcon_core.package_identification:_identify(src) by extension 'colcon_meta'
[0.226s] Level 1:colcon.colcon_core.package_identification:_identify(src) by extensions ['ros']
[0.226s] Level 1:colcon.colcon_core.package_identification:_identify(src) by extension 'ros'
[0.226s] Level 1:colcon.colcon_core.package_identification:_identify(src) by extensions ['cmake', 'python']
[0.226s] Level 1:colcon.colcon_core.package_identification:_identify(src) by extension 'cmake'
[0.226s] Level 1:colcon.colcon_core.package_identification:_identify(src) by extension 'python'
[0.226s] Level 1:colcon.colcon_core.package_identification:_identify(src) by extensions ['python_setup_py']
[0.226s] Level 1:colcon.colcon_core.package_identification:_identify(src) by extension 'python_setup_py'
[0.226s] Level 1:colcon.colcon_core.package_identification:_identify(src/hardware_interface) by extensions ['ignore', 'ignore_ament_install']
[0.227s] Level 1:colcon.colcon_core.package_identification:_identify(src/hardware_interface) by extension 'ignore'
[0.227s] Level 1:colcon.colcon_core.package_identification:_identify(src/hardware_interface) by extension 'ignore_ament_install'
[0.227s] Level 1:colcon.colcon_core.package_identification:_identify(src/hardware_interface) by extensions ['colcon_pkg']
[0.227s] Level 1:colcon.colcon_core.package_identification:_identify(src/hardware_interface) by extension 'colcon_pkg'
[0.227s] Level 1:colcon.colcon_core.package_identification:_identify(src/hardware_interface) by extensions ['colcon_meta']
[0.227s] Level 1:colcon.colcon_core.package_identification:_identify(src/hardware_interface) by extension 'colcon_meta'
[0.227s] Level 1:colcon.colcon_core.package_identification:_identify(src/hardware_interface) by extensions ['ros']
[0.227s] Level 1:colcon.colcon_core.package_identification:_identify(src/hardware_interface) by extension 'ros'
[0.230s] DEBUG:colcon.colcon_core.package_identification:Package 'src/hardware_interface' with type 'ros.ament_python' and name 'hardware_interface'
[0.230s] Level 1:colcon.colcon_core.package_identification:_identify(src/movement_controllers) by extensions ['ignore', 'ignore_ament_install']
[0.230s] Level 1:colcon.colcon_core.package_identification:_identify(src/movement_controllers) by extension 'ignore'
[0.230s] Level 1:colcon.colcon_core.package_identification:_identify(src/movement_controllers) by extension 'ignore_ament_install'
[0.230s] Level 1:colcon.colcon_core.package_identification:_identify(src/movement_controllers) by extensions ['colcon_pkg']
[0.230s] Level 1:colcon.colcon_core.package_identification:_identify(src/movement_controllers) by extension 'colcon_pkg'
[0.230s] Level 1:colcon.colcon_core.package_identification:_identify(src/movement_controllers) by extensions ['colcon_meta']
[0.230s] Level 1:colcon.colcon_core.package_identification:_identify(src/movement_controllers) by extension 'colcon_meta'
[0.230s] Level 1:colcon.colcon_core.package_identification:_identify(src/movement_controllers) by extensions ['ros']
[0.231s] Level 1:colcon.colcon_core.package_identification:_identify(src/movement_controllers) by extension 'ros'
[0.231s] DEBUG:colcon.colcon_core.package_identification:Package 'src/movement_controllers' with type 'ros.ament_python' and name 'movement_controllers'
[0.231s] Level 1:colcon.colcon_core.package_identification:_identify(src/ros_controller_interface) by extensions ['ignore', 'ignore_ament_install']
[0.231s] Level 1:colcon.colcon_core.package_identification:_identify(src/ros_controller_interface) by extension 'ignore'
[0.231s] Level 1:colcon.colcon_core.package_identification:_identify(src/ros_controller_interface) by extension 'ignore_ament_install'
[0.232s] Level 1:colcon.colcon_core.package_identification:_identify(src/ros_controller_interface) by extensions ['colcon_pkg']
[0.232s] Level 1:colcon.colcon_core.package_identification:_identify(src/ros_controller_interface) by extension 'colcon_pkg'
[0.232s] Level 1:colcon.colcon_core.package_identification:_identify(src/ros_controller_interface) by extensions ['colcon_meta']
[0.232s] Level 1:colcon.colcon_core.package_identification:_identify(src/ros_controller_interface) by extension 'colcon_meta'
[0.232s] Level 1:colcon.colcon_core.package_identification:_identify(src/ros_controller_interface) by extensions ['ros']
[0.232s] Level 1:colcon.colcon_core.package_identification:_identify(src/ros_controller_interface) by extension 'ros'
[0.232s] DEBUG:colcon.colcon_core.package_identification:Package 'src/ros_controller_interface' with type 'ros.ament_python' and name 'ros_controller_interface'
[0.232s] Level 1:colcon.colcon_core.package_identification:_identify(src/v2_robot_arm_interfaces) by extensions ['ignore', 'ignore_ament_install']
[0.233s] Level 1:colcon.colcon_core.package_identification:_identify(src/v2_robot_arm_interfaces) by extension 'ignore'
[0.233s] Level 1:colcon.colcon_core.package_identification:_identify(src/v2_robot_arm_interfaces) by extension 'ignore_ament_install'
[0.233s] Level 1:colcon.colcon_core.package_identification:_identify(src/v2_robot_arm_interfaces) by extensions ['colcon_pkg']
[0.233s] Level 1:colcon.colcon_core.package_identification:_identify(src/v2_robot_arm_interfaces) by extension 'colcon_pkg'
[0.233s] Level 1:colcon.colcon_core.package_identification:_identify(src/v2_robot_arm_interfaces) by extensions ['colcon_meta']
[0.233s] Level 1:colcon.colcon_core.package_identification:_identify(src/v2_robot_arm_interfaces) by extension 'colcon_meta'
[0.233s] Level 1:colcon.colcon_core.package_identification:_identify(src/v2_robot_arm_interfaces) by extensions ['ros']
[0.233s] Level 1:colcon.colcon_core.package_identification:_identify(src/v2_robot_arm_interfaces) by extension 'ros'
[0.234s] DEBUG:colcon.colcon_core.package_identification:Package 'src/v2_robot_arm_interfaces' with type 'ros.ament_cmake' and name 'v2_robot_arm_interfaces'
[0.234s] Level 1:colcon.colcon_core.package_discovery:discover_packages(recursive) using defaults
[0.234s] Level 1:colcon.colcon_core.package_discovery:discover_packages(ignore) discover
[0.234s] Level 1:colcon.colcon_core.package_discovery:discover_packages(ignore) using defaults
[0.234s] Level 1:colcon.colcon_core.package_discovery:discover_packages(path) discover
[0.234s] Level 1:colcon.colcon_core.package_discovery:discover_packages(path) using defaults
[0.254s] Level 1:colcon.colcon_core.package_discovery:discover_packages(prefix_path) check parameters
[0.254s] Level 1:colcon.colcon_core.package_discovery:discover_packages(prefix_path) discover
[0.255s] WARNING:colcon.colcon_core.prefix_path.colcon:The path '/home/darudecookie/Documents/V2-Robot-Arm/software/ros2/src/install' in the environment variable COLCON_PREFIX_PATH doesn't exist
[0.255s] WARNING:colcon.colcon_ros.prefix_path.ament:The path '/home/darudecookie/Documents/V2-Robot-Arm/software/ros2/src/install/hardware_interface' in the environment variable AMENT_PREFIX_PATH doesn't exist
[0.255s] WARNING:colcon.colcon_ros.prefix_path.ament:The path '/home/darudecookie/Documents/V2-Robot-Arm/software/ros2/src/install/v2_robot_arm_interfaces' in the environment variable AMENT_PREFIX_PATH doesn't exist
[0.255s] WARNING:colcon.colcon_ros.prefix_path.ament:The path '/home/darudecookie/Documents/V2-Robot-Arm/software/ros2/src/install/v2-robot-arm_interfaces' in the environment variable AMENT_PREFIX_PATH doesn't exist
[0.256s] WARNING:colcon.colcon_ros.prefix_path.ament:The path '/home/darudecookie/Documents/V2-Robot-Arm/software/ros2/src/install/ros_controller_interface' in the environment variable AMENT_PREFIX_PATH doesn't exist
[0.256s] WARNING:colcon.colcon_ros.prefix_path.ament:The path '/home/darudecookie/Documents/V2-Robot-Arm/software/ros2/src/install/movement_controllers' in the environment variable AMENT_PREFIX_PATH doesn't exist
[0.256s] WARNING:colcon.colcon_ros.prefix_path.catkin:The path '/home/darudecookie/Documents/V2-Robot-Arm/software/ros2/src/install/v2_robot_arm_interfaces' in the environment variable CMAKE_PREFIX_PATH doesn't exist
[0.256s] WARNING:colcon.colcon_ros.prefix_path.catkin:The path '/home/darudecookie/Documents/V2-Robot-Arm/software/ros2/src/install/v2-robot-arm_interfaces' in the environment variable CMAKE_PREFIX_PATH doesn't exist
[0.257s] DEBUG:colcon.colcon_installed_package_information.package_discovery:Found 4 installed packages in /home/darudecookie/Documents/V2-Robot-Arm/software/ros2/install
[0.259s] DEBUG:colcon.colcon_installed_package_information.package_discovery:Found 285 installed packages in /opt/ros/rolling
[0.260s] Level 1:colcon.colcon_core.package_discovery:discover_packages(prefix_path) using defaults
[0.315s] Level 5:colcon.colcon_core.verb:set package 'movement_controllers' build argument 'cmake_args' from command line to 'None'
[0.315s] Level 5:colcon.colcon_core.verb:set package 'movement_controllers' build argument 'cmake_target' from command line to 'None'
[0.315s] Level 5:colcon.colcon_core.verb:set package 'movement_controllers' build argument 'cmake_target_skip_unavailable' from command line to 'False'
[0.315s] Level 5:colcon.colcon_core.verb:set package 'movement_controllers' build argument 'cmake_clean_cache' from command line to 'False'
[0.315s] Level 5:colcon.colcon_core.verb:set package 'movement_controllers' build argument 'cmake_clean_first' from command line to 'False'
[0.315s] Level 5:colcon.colcon_core.verb:set package 'movement_controllers' build argument 'cmake_force_configure' from command line to 'False'
[0.316s] Level 5:colcon.colcon_core.verb:set package 'movement_controllers' build argument 'ament_cmake_args' from command line to 'None'
[0.316s] Level 5:colcon.colcon_core.verb:set package 'movement_controllers' build argument 'catkin_cmake_args' from command line to 'None'
[0.316s] Level 5:colcon.colcon_core.verb:set package 'movement_controllers' build argument 'catkin_skip_building_tests' from command line to 'False'
[0.316s] DEBUG:colcon.colcon_core.verb:Building package 'movement_controllers' with the following arguments: {'ament_cmake_args': None, 'build_base': '/home/darudecookie/Documents/V2-Robot-Arm/software/ros2/build/movement_controllers', 'catkin_cmake_args': None, 'catkin_skip_building_tests': False, 'cmake_args': None, 'cmake_clean_cache': False, 'cmake_clean_first': False, 'cmake_force_configure': False, 'cmake_target': None, 'cmake_target_skip_unavailable': False, 'install_base': '/home/darudecookie/Documents/V2-Robot-Arm/software/ros2/install/movement_controllers', 'merge_install': False, 'path': '/home/darudecookie/Documents/V2-Robot-Arm/software/ros2/src/movement_controllers', 'symlink_install': False, 'test_result_base': None}
[0.316s] Level 5:colcon.colcon_core.verb:set package 'ros_controller_interface' build argument 'cmake_args' from command line to 'None'
[0.316s] Level 5:colcon.colcon_core.verb:set package 'ros_controller_interface' build argument 'cmake_target' from command line to 'None'
[0.316s] Level 5:colcon.colcon_core.verb:set package 'ros_controller_interface' build argument 'cmake_target_skip_unavailable' from command line to 'False'
[0.316s] Level 5:colcon.colcon_core.verb:set package 'ros_controller_interface' build argument 'cmake_clean_cache' from command line to 'False'
[0.316s] Level 5:colcon.colcon_core.verb:set package 'ros_controller_interface' build argument 'cmake_clean_first' from command line to 'False'
[0.316s] Level 5:colcon.colcon_core.verb:set package 'ros_controller_interface' build argument 'cmake_force_configure' from command line to 'False'
[0.316s] Level 5:colcon.colcon_core.verb:set package 'ros_controller_interface' build argument 'ament_cmake_args' from command line to 'None'
[0.316s] Level 5:colcon.colcon_core.verb:set package 'ros_controller_interface' build argument 'catkin_cmake_args' from command line to 'None'
[0.316s] Level 5:colcon.colcon_core.verb:set package 'ros_controller_interface' build argument 'catkin_skip_building_tests' from command line to 'False'
[0.317s] DEBUG:colcon.colcon_core.verb:Building package 'ros_controller_interface' with the following arguments: {'ament_cmake_args': None, 'build_base': '/home/darudecookie/Documents/V2-Robot-Arm/software/ros2/build/ros_controller_interface', 'catkin_cmake_args': None, 'catkin_skip_building_tests': False, 'cmake_args': None, 'cmake_clean_cache': False, 'cmake_clean_first': False, 'cmake_force_configure': False, 'cmake_target': None, 'cmake_target_skip_unavailable': False, 'install_base': '/home/darudecookie/Documents/V2-Robot-Arm/software/ros2/install/ros_controller_interface', 'merge_install': False, 'path': '/home/darudecookie/Documents/V2-Robot-Arm/software/ros2/src/ros_controller_interface', 'symlink_install': False, 'test_result_base': None}
[0.317s] Level 5:colcon.colcon_core.verb:set package 'v2_robot_arm_interfaces' build argument 'cmake_args' from command line to 'None'
[0.317s] Level 5:colcon.colcon_core.verb:set package 'v2_robot_arm_interfaces' build argument 'cmake_target' from command line to 'None'
[0.317s] Level 5:colcon.colcon_core.verb:set package 'v2_robot_arm_interfaces' build argument 'cmake_target_skip_unavailable' from command line to 'False'
[0.317s] Level 5:colcon.colcon_core.verb:set package 'v2_robot_arm_interfaces' build argument 'cmake_clean_cache' from command line to 'False'
[0.317s] Level 5:colcon.colcon_core.verb:set package 'v2_robot_arm_interfaces' build argument 'cmake_clean_first' from command line to 'False'
[0.317s] Level 5:colcon.colcon_core.verb:set package 'v2_robot_arm_interfaces' build argument 'cmake_force_configure' from command line to 'False'
[0.317s] Level 5:colcon.colcon_core.verb:set package 'v2_robot_arm_interfaces' build argument 'ament_cmake_args' from command line to 'None'
[0.317s] Level 5:colcon.colcon_core.verb:set package 'v2_robot_arm_interfaces' build argument 'catkin_cmake_args' from command line to 'None'
[0.317s] Level 5:colcon.colcon_core.verb:set package 'v2_robot_arm_interfaces' build argument 'catkin_skip_building_tests' from command line to 'False'
[0.317s] DEBUG:colcon.colcon_core.verb:Building package 'v2_robot_arm_interfaces' with the following arguments: {'ament_cmake_args': None, 'build_base': '/home/darudecookie/Documents/V2-Robot-Arm/software/ros2/build/v2_robot_arm_interfaces', 'catkin_cmake_args': None, 'catkin_skip_building_tests': False, 'cmake_args': None, 'cmake_clean_cache': False, 'cmake_clean_first': False, 'cmake_force_configure': False, 'cmake_target': None, 'cmake_target_skip_unavailable': False, 'install_base': '/home/darudecookie/Documents/V2-Robot-Arm/software/ros2/install/v2_robot_arm_interfaces', 'merge_install': False, 'path': '/home/darudecookie/Documents/V2-Robot-Arm/software/ros2/src/v2_robot_arm_interfaces', 'symlink_install': False, 'test_result_base': None}
[0.318s] Level 5:colcon.colcon_core.verb:set package 'hardware_interface' build argument 'cmake_args' from command line to 'None'
[0.318s] Level 5:colcon.colcon_core.verb:set package 'hardware_interface' build argument 'cmake_target' from command line to 'None'
[0.318s] Level 5:colcon.colcon_core.verb:set package 'hardware_interface' build argument 'cmake_target_skip_unavailable' from command line to 'False'
[0.318s] Level 5:colcon.colcon_core.verb:set package 'hardware_interface' build argument 'cmake_clean_cache' from command line to 'False'
[0.318s] Level 5:colcon.colcon_core.verb:set package 'hardware_interface' build argument 'cmake_clean_first' from command line to 'False'
[0.318s] Level 5:colcon.colcon_core.verb:set package 'hardware_interface' build argument 'cmake_force_configure' from command line to 'False'
[0.318s] Level 5:colcon.colcon_core.verb:set package 'hardware_interface' build argument 'ament_cmake_args' from command line to 'None'
[0.318s] Level 5:colcon.colcon_core.verb:set package 'hardware_interface' build argument 'catkin_cmake_args' from command line to 'None'
[0.318s] Level 5:colcon.colcon_core.verb:set package 'hardware_interface' build argument 'catkin_skip_building_tests' from command line to 'False'
[0.318s] DEBUG:colcon.colcon_core.verb:Building package 'hardware_interface' with the following arguments: {'ament_cmake_args': None, 'build_base': '/home/darudecookie/Documents/V2-Robot-Arm/software/ros2/build/hardware_interface', 'catkin_cmake_args': None, 'catkin_skip_building_tests': False, 'cmake_args': None, 'cmake_clean_cache': False, 'cmake_clean_first': False, 'cmake_force_configure': False, 'cmake_target': None, 'cmake_target_skip_unavailable': False, 'install_base': '/home/darudecookie/Documents/V2-Robot-Arm/software/ros2/install/hardware_interface', 'merge_install': False, 'path': '/home/darudecookie/Documents/V2-Robot-Arm/software/ros2/src/hardware_interface', 'symlink_install': False, 'test_result_base': None}
[0.318s] INFO:colcon.colcon_core.executor:Executing jobs using 'parallel' executor
[0.319s] DEBUG:colcon.colcon_parallel_executor.executor.parallel:run_until_complete
[0.320s] INFO:colcon.colcon_ros.task.ament_cmake.build:Building ROS package in '/home/darudecookie/Documents/V2-Robot-Arm/software/ros2/src/v2_robot_arm_interfaces' with build type 'ament_cmake'
[0.320s] INFO:colcon.colcon_cmake.task.cmake.build:Building CMake package in '/home/darudecookie/Documents/V2-Robot-Arm/software/ros2/src/v2_robot_arm_interfaces'
[0.323s] INFO:colcon.colcon_core.plugin_system:Skipping extension 'colcon_core.shell.bat': Not used on non-Windows systems
[0.323s] INFO:colcon.colcon_core.shell:Skip shell extension 'powershell' for command environment: Not usable outside of PowerShell
[0.323s] DEBUG:colcon.colcon_core.shell:Skip shell extension 'dsv' for command environment
[0.327s] INFO:colcon.colcon_ros.task.ament_python.build:Building ROS package in '/home/darudecookie/Documents/V2-Robot-Arm/software/ros2/src/movement_controllers' with build type 'ament_python'
[0.328s] Level 1:colcon.colcon_core.shell:create_environment_hook('movement_controllers', 'ament_prefix_path')
[0.329s] INFO:colcon.colcon_core.shell:Creating environment hook '/home/darudecookie/Documents/V2-Robot-Arm/software/ros2/install/movement_controllers/share/movement_controllers/hook/ament_prefix_path.ps1'
[0.330s] INFO:colcon.colcon_core.shell:Creating environment descriptor '/home/darudecookie/Documents/V2-Robot-Arm/software/ros2/install/movement_controllers/share/movement_controllers/hook/ament_prefix_path.dsv'
[0.331s] INFO:colcon.colcon_core.shell:Creating environment hook '/home/darudecookie/Documents/V2-Robot-Arm/software/ros2/install/movement_controllers/share/movement_controllers/hook/ament_prefix_path.sh'
[0.332s] INFO:colcon.colcon_core.shell:Skip shell extension 'powershell' for command environment: Not usable outside of PowerShell
[0.332s] DEBUG:colcon.colcon_core.shell:Skip shell extension 'dsv' for command environment
[0.337s] INFO:colcon.colcon_ros.task.ament_python.build:Building ROS package in '/home/darudecookie/Documents/V2-Robot-Arm/software/ros2/src/ros_controller_interface' with build type 'ament_python'
[0.337s] Level 1:colcon.colcon_core.shell:create_environment_hook('ros_controller_interface', 'ament_prefix_path')
[0.337s] INFO:colcon.colcon_core.shell:Creating environment hook '/home/darudecookie/Documents/V2-Robot-Arm/software/ros2/install/ros_controller_interface/share/ros_controller_interface/hook/ament_prefix_path.ps1'
[0.338s] INFO:colcon.colcon_core.shell:Creating environment descriptor '/home/darudecookie/Documents/V2-Robot-Arm/software/ros2/install/ros_controller_interface/share/ros_controller_interface/hook/ament_prefix_path.dsv'
[0.339s] INFO:colcon.colcon_core.shell:Creating environment hook '/home/darudecookie/Documents/V2-Robot-Arm/software/ros2/install/ros_controller_interface/share/ros_controller_interface/hook/ament_prefix_path.sh'
[0.340s] INFO:colcon.colcon_core.shell:Skip shell extension 'powershell' for command environment: Not usable outside of PowerShell
[0.340s] DEBUG:colcon.colcon_core.shell:Skip shell extension 'dsv' for command environment
[0.352s] DEBUG:colcon.colcon_core.event_handler.log_command:Invoking command in '/home/darudecookie/Documents/V2-Robot-Arm/software/ros2/build/v2_robot_arm_interfaces': CMAKE_PREFIX_PATH=${CMAKE_PREFIX_PATH}:/home/darudecookie/Documents/V2-Robot-Arm/software/ros2/src/install/hardware_interface:/home/darudecookie/Documents/V2-Robot-Arm/software/ros2/src/install/ros_controller_interface:/home/darudecookie/Documents/V2-Robot-Arm/software/ros2/src/install/movement_controllers:/home/darudecookie/Documents/V2-Robot-Arm/software/ros2/install/hardware_interface:/home/darudecookie/Documents/V2-Robot-Arm/software/ros2/install/ros_controller_interface:/home/darudecookie/Documents/V2-Robot-Arm/software/ros2/install/movement_controllers:/opt/ros/rolling DEBUGINFOD_URLS=https://debuginfod.ubuntu.com /usr/bin/cmake --build /home/darudecookie/Documents/V2-Robot-Arm/software/ros2/build/v2_robot_arm_interfaces -- -j4 -l4
[0.783s] INFO:colcon.colcon_core.task.python.build:Building Python package in '/home/darudecookie/Documents/V2-Robot-Arm/software/ros2/src/movement_controllers'
[0.783s] INFO:colcon.colcon_core.shell:Skip shell extension 'powershell' for command environment: Not usable outside of PowerShell
[0.783s] DEBUG:colcon.colcon_core.shell:Skip shell extension 'dsv' for command environment
[1.125s] INFO:colcon.colcon_core.task.python.build:Building Python package in '/home/darudecookie/Documents/V2-Robot-Arm/software/ros2/src/ros_controller_interface'
[1.126s] INFO:colcon.colcon_core.shell:Skip shell extension 'powershell' for command environment: Not usable outside of PowerShell
[1.126s] DEBUG:colcon.colcon_core.shell:Skip shell extension 'dsv' for command environment
[1.140s] DEBUG:colcon.colcon_core.event_handler.log_command:Invoked command in '/home/darudecookie/Documents/V2-Robot-Arm/software/ros2/build/v2_robot_arm_interfaces' returned '0': CMAKE_PREFIX_PATH=${CMAKE_PREFIX_PATH}:/home/darudecookie/Documents/V2-Robot-Arm/software/ros2/src/install/hardware_interface:/home/darudecookie/Documents/V2-Robot-Arm/software/ros2/src/install/ros_controller_interface:/home/darudecookie/Documents/V2-Robot-Arm/software/ros2/src/install/movement_controllers:/home/darudecookie/Documents/V2-Robot-Arm/software/ros2/install/hardware_interface:/home/darudecookie/Documents/V2-Robot-Arm/software/ros2/install/ros_controller_interface:/home/darudecookie/Documents/V2-Robot-Arm/software/ros2/install/movement_controllers:/opt/ros/rolling DEBUGINFOD_URLS=https://debuginfod.ubuntu.com /usr/bin/cmake --build /home/darudecookie/Documents/V2-Robot-Arm/software/ros2/build/v2_robot_arm_interfaces -- -j4 -l4
[1.594s] DEBUG:colcon.colcon_core.event_handler.log_command:Invoking command in '/home/darudecookie/Documents/V2-Robot-Arm/software/ros2/build/v2_robot_arm_interfaces': CMAKE_PREFIX_PATH=${CMAKE_PREFIX_PATH}:/home/darudecookie/Documents/V2-Robot-Arm/software/ros2/src/install/hardware_interface:/home/darudecookie/Documents/V2-Robot-Arm/software/ros2/src/install/ros_controller_interface:/home/darudecookie/Documents/V2-Robot-Arm/software/ros2/src/install/movement_controllers:/home/darudecookie/Documents/V2-Robot-Arm/software/ros2/install/hardware_interface:/home/darudecookie/Documents/V2-Robot-Arm/software/ros2/install/ros_controller_interface:/home/darudecookie/Documents/V2-Robot-Arm/software/ros2/install/movement_controllers:/opt/ros/rolling DEBUGINFOD_URLS=https://debuginfod.ubuntu.com /usr/bin/cmake --install /home/darudecookie/Documents/V2-Robot-Arm/software/ros2/build/v2_robot_arm_interfaces
[1.788s] Level 1:colcon.colcon_core.environment:create_environment_scripts_only(v2_robot_arm_interfaces)
[1.793s] Level 1:colcon.colcon_core.environment:checking '/home/darudecookie/Documents/V2-Robot-Arm/software/ros2/install/v2_robot_arm_interfaces' for CMake module files
[1.797s] Level 1:colcon.colcon_core.environment:checking '/home/darudecookie/Documents/V2-Robot-Arm/software/ros2/install/v2_robot_arm_interfaces' for CMake config files
[1.797s] Level 1:colcon.colcon_core.shell:create_environment_hook('v2_robot_arm_interfaces', 'cmake_prefix_path')
[1.797s] INFO:colcon.colcon_core.shell:Creating environment hook '/home/darudecookie/Documents/V2-Robot-Arm/software/ros2/install/v2_robot_arm_interfaces/share/v2_robot_arm_interfaces/hook/cmake_prefix_path.ps1'
[1.798s] INFO:colcon.colcon_core.shell:Creating environment descriptor '/home/darudecookie/Documents/V2-Robot-Arm/software/ros2/install/v2_robot_arm_interfaces/share/v2_robot_arm_interfaces/hook/cmake_prefix_path.dsv'
[1.800s] DEBUG:colcon.colcon_core.event_handler.log_command:Invoked command in '/home/darudecookie/Documents/V2-Robot-Arm/software/ros2/build/v2_robot_arm_interfaces' returned '0': CMAKE_PREFIX_PATH=${CMAKE_PREFIX_PATH}:/home/darudecookie/Documents/V2-Robot-Arm/software/ros2/src/install/hardware_interface:/home/darudecookie/Documents/V2-Robot-Arm/software/ros2/src/install/ros_controller_interface:/home/darudecookie/Documents/V2-Robot-Arm/software/ros2/src/install/movement_controllers:/home/darudecookie/Documents/V2-Robot-Arm/software/ros2/install/hardware_interface:/home/darudecookie/Documents/V2-Robot-Arm/software/ros2/install/ros_controller_interface:/home/darudecookie/Documents/V2-Robot-Arm/software/ros2/install/movement_controllers:/opt/ros/rolling DEBUGINFOD_URLS=https://debuginfod.ubuntu.com /usr/bin/cmake --install /home/darudecookie/Documents/V2-Robot-Arm/software/ros2/build/v2_robot_arm_interfaces
[1.800s] INFO:colcon.colcon_core.shell:Creating environment hook '/home/darudecookie/Documents/V2-Robot-Arm/software/ros2/install/v2_robot_arm_interfaces/share/v2_robot_arm_interfaces/hook/cmake_prefix_path.sh'
[1.801s] Level 1:colcon.colcon_core.environment:checking '/home/darudecookie/Documents/V2-Robot-Arm/software/ros2/install/v2_robot_arm_interfaces/lib'
[1.802s] Level 1:colcon.colcon_core.shell:create_environment_hook('v2_robot_arm_interfaces', 'ld_library_path_lib')
[1.802s] INFO:colcon.colcon_core.shell:Creating environment hook '/home/darudecookie/Documents/V2-Robot-Arm/software/ros2/install/v2_robot_arm_interfaces/share/v2_robot_arm_interfaces/hook/ld_library_path_lib.ps1'
[1.802s] INFO:colcon.colcon_core.shell:Creating environment descriptor '/home/darudecookie/Documents/V2-Robot-Arm/software/ros2/install/v2_robot_arm_interfaces/share/v2_robot_arm_interfaces/hook/ld_library_path_lib.dsv'
[1.803s] INFO:colcon.colcon_core.shell:Creating environment hook '/home/darudecookie/Documents/V2-Robot-Arm/software/ros2/install/v2_robot_arm_interfaces/share/v2_robot_arm_interfaces/hook/ld_library_path_lib.sh'
[1.803s] Level 1:colcon.colcon_core.environment:checking '/home/darudecookie/Documents/V2-Robot-Arm/software/ros2/install/v2_robot_arm_interfaces/bin'
[1.804s] Level 1:colcon.colcon_core.environment:checking '/home/darudecookie/Documents/V2-Robot-Arm/software/ros2/install/v2_robot_arm_interfaces/lib/pkgconfig/v2_robot_arm_interfaces.pc'
[1.804s] Level 1:colcon.colcon_core.environment:checking '/home/darudecookie/Documents/V2-Robot-Arm/software/ros2/install/v2_robot_arm_interfaces/lib/python3.12/site-packages'
[1.804s] Level 1:colcon.colcon_core.shell:create_environment_hook('v2_robot_arm_interfaces', 'pythonpath')
[1.805s] INFO:colcon.colcon_core.shell:Creating environment hook '/home/darudecookie/Documents/V2-Robot-Arm/software/ros2/install/v2_robot_arm_interfaces/share/v2_robot_arm_interfaces/hook/pythonpath.ps1'
[1.805s] INFO:colcon.colcon_core.shell:Creating environment descriptor '/home/darudecookie/Documents/V2-Robot-Arm/software/ros2/install/v2_robot_arm_interfaces/share/v2_robot_arm_interfaces/hook/pythonpath.dsv'
[1.806s] INFO:colcon.colcon_core.shell:Creating environment hook '/home/darudecookie/Documents/V2-Robot-Arm/software/ros2/install/v2_robot_arm_interfaces/share/v2_robot_arm_interfaces/hook/pythonpath.sh'
[1.807s] Level 1:colcon.colcon_core.environment:checking '/home/darudecookie/Documents/V2-Robot-Arm/software/ros2/install/v2_robot_arm_interfaces/bin'
[1.807s] INFO:colcon.colcon_core.shell:Creating package script '/home/darudecookie/Documents/V2-Robot-Arm/software/ros2/install/v2_robot_arm_interfaces/share/v2_robot_arm_interfaces/package.ps1'
[1.808s] INFO:colcon.colcon_core.shell:Creating package descriptor '/home/darudecookie/Documents/V2-Robot-Arm/software/ros2/install/v2_robot_arm_interfaces/share/v2_robot_arm_interfaces/package.dsv'
[1.809s] INFO:colcon.colcon_core.shell:Creating package script '/home/darudecookie/Documents/V2-Robot-Arm/software/ros2/install/v2_robot_arm_interfaces/share/v2_robot_arm_interfaces/package.sh'
[1.811s] INFO:colcon.colcon_core.shell:Creating package script '/home/darudecookie/Documents/V2-Robot-Arm/software/ros2/install/v2_robot_arm_interfaces/share/v2_robot_arm_interfaces/package.bash'
[1.812s] INFO:colcon.colcon_core.shell:Creating package script '/home/darudecookie/Documents/V2-Robot-Arm/software/ros2/install/v2_robot_arm_interfaces/share/v2_robot_arm_interfaces/package.zsh'
[1.813s] Level 1:colcon.colcon_core.environment:create_file_with_runtime_dependencies(/home/darudecookie/Documents/V2-Robot-Arm/software/ros2/install/v2_robot_arm_interfaces/share/colcon-core/packages/v2_robot_arm_interfaces)
[2.315s] DEBUG:colcon.colcon_core.event_handler.log_command:Invoking command in '/home/darudecookie/Documents/V2-Robot-Arm/software/ros2/src/ros_controller_interface': DEBUGINFOD_URLS=https://debuginfod.ubuntu.com PYTHONPATH=/home/darudecookie/Documents/V2-Robot-Arm/software/ros2/build/ros_controller_interface/prefix_override:/home/darudecookie/Documents/V2-Robot-Arm/software/ros2/install/ros_controller_interface/lib/python3.12/site-packages:${PYTHONPATH} /usr/bin/python3 -W ignore:setup.py install is deprecated setup.py egg_info --egg-base ../../build/ros_controller_interface build --build-base /home/darudecookie/Documents/V2-Robot-Arm/software/ros2/build/ros_controller_interface/build install --record /home/darudecookie/Documents/V2-Robot-Arm/software/ros2/build/ros_controller_interface/install.log --single-version-externally-managed install_data
[2.387s] Level 1:colcon.colcon_core.environment:create_environment_scripts_only(v2_robot_arm_interfaces)
[2.387s] Level 1:colcon.colcon_core.environment:checking '/home/darudecookie/Documents/V2-Robot-Arm/software/ros2/install/v2_robot_arm_interfaces' for CMake module files
[2.389s] Level 1:colcon.colcon_core.environment:checking '/home/darudecookie/Documents/V2-Robot-Arm/software/ros2/install/v2_robot_arm_interfaces' for CMake config files
[2.389s] Level 1:colcon.colcon_core.shell:create_environment_hook('v2_robot_arm_interfaces', 'cmake_prefix_path')
[2.389s] INFO:colcon.colcon_core.shell:Creating environment hook '/home/darudecookie/Documents/V2-Robot-Arm/software/ros2/install/v2_robot_arm_interfaces/share/v2_robot_arm_interfaces/hook/cmake_prefix_path.ps1'
[2.390s] INFO:colcon.colcon_core.shell:Creating environment descriptor '/home/darudecookie/Documents/V2-Robot-Arm/software/ros2/install/v2_robot_arm_interfaces/share/v2_robot_arm_interfaces/hook/cmake_prefix_path.dsv'
[2.390s] INFO:colcon.colcon_core.shell:Creating environment hook '/home/darudecookie/Documents/V2-Robot-Arm/software/ros2/install/v2_robot_arm_interfaces/share/v2_robot_arm_interfaces/hook/cmake_prefix_path.sh'
[2.391s] Level 1:colcon.colcon_core.environment:checking '/home/darudecookie/Documents/V2-Robot-Arm/software/ros2/install/v2_robot_arm_interfaces/lib'
[2.391s] Level 1:colcon.colcon_core.shell:create_environment_hook('v2_robot_arm_interfaces', 'ld_library_path_lib')
[2.392s] INFO:colcon.colcon_core.shell:Creating environment hook '/home/darudecookie/Documents/V2-Robot-Arm/software/ros2/install/v2_robot_arm_interfaces/share/v2_robot_arm_interfaces/hook/ld_library_path_lib.ps1'
[2.393s] INFO:colcon.colcon_core.shell:Creating environment descriptor '/home/darudecookie/Documents/V2-Robot-Arm/software/ros2/install/v2_robot_arm_interfaces/share/v2_robot_arm_interfaces/hook/ld_library_path_lib.dsv'
[2.393s] INFO:colcon.colcon_core.shell:Creating environment hook '/home/darudecookie/Documents/V2-Robot-Arm/software/ros2/install/v2_robot_arm_interfaces/share/v2_robot_arm_interfaces/hook/ld_library_path_lib.sh'
[2.394s] Level 1:colcon.colcon_core.environment:checking '/home/darudecookie/Documents/V2-Robot-Arm/software/ros2/install/v2_robot_arm_interfaces/bin'
[2.394s] Level 1:colcon.colcon_core.environment:checking '/home/darudecookie/Documents/V2-Robot-Arm/software/ros2/install/v2_robot_arm_interfaces/lib/pkgconfig/v2_robot_arm_interfaces.pc'
[2.394s] Level 1:colcon.colcon_core.environment:checking '/home/darudecookie/Documents/V2-Robot-Arm/software/ros2/install/v2_robot_arm_interfaces/lib/python3.12/site-packages'
[2.394s] Level 1:colcon.colcon_core.shell:create_environment_hook('v2_robot_arm_interfaces', 'pythonpath')
[2.395s] INFO:colcon.colcon_core.shell:Creating environment hook '/home/darudecookie/Documents/V2-Robot-Arm/software/ros2/install/v2_robot_arm_interfaces/share/v2_robot_arm_interfaces/hook/pythonpath.ps1'
[2.395s] INFO:colcon.colcon_core.shell:Creating environment descriptor '/home/darudecookie/Documents/V2-Robot-Arm/software/ros2/install/v2_robot_arm_interfaces/share/v2_robot_arm_interfaces/hook/pythonpath.dsv'
[2.396s] INFO:colcon.colcon_core.shell:Creating environment hook '/home/darudecookie/Documents/V2-Robot-Arm/software/ros2/install/v2_robot_arm_interfaces/share/v2_robot_arm_interfaces/hook/pythonpath.sh'
[2.397s] Level 1:colcon.colcon_core.environment:checking '/home/darudecookie/Documents/V2-Robot-Arm/software/ros2/install/v2_robot_arm_interfaces/bin'
[2.397s] INFO:colcon.colcon_core.shell:Creating package script '/home/darudecookie/Documents/V2-Robot-Arm/software/ros2/install/v2_robot_arm_interfaces/share/v2_robot_arm_interfaces/package.ps1'
[2.398s] INFO:colcon.colcon_core.shell:Creating package descriptor '/home/darudecookie/Documents/V2-Robot-Arm/software/ros2/install/v2_robot_arm_interfaces/share/v2_robot_arm_interfaces/package.dsv'
[2.399s] INFO:colcon.colcon_core.shell:Creating package script '/home/darudecookie/Documents/V2-Robot-Arm/software/ros2/install/v2_robot_arm_interfaces/share/v2_robot_arm_interfaces/package.sh'
[2.400s] INFO:colcon.colcon_core.shell:Creating package script '/home/darudecookie/Documents/V2-Robot-Arm/software/ros2/install/v2_robot_arm_interfaces/share/v2_robot_arm_interfaces/package.bash'
[2.400s] INFO:colcon.colcon_core.shell:Creating package script '/home/darudecookie/Documents/V2-Robot-Arm/software/ros2/install/v2_robot_arm_interfaces/share/v2_robot_arm_interfaces/package.zsh'
[2.401s] Level 1:colcon.colcon_core.environment:create_file_with_runtime_dependencies(/home/darudecookie/Documents/V2-Robot-Arm/software/ros2/install/v2_robot_arm_interfaces/share/colcon-core/packages/v2_robot_arm_interfaces)
[2.402s] INFO:colcon.colcon_ros.task.ament_python.build:Building ROS package in '/home/darudecookie/Documents/V2-Robot-Arm/software/ros2/src/hardware_interface' with build type 'ament_python'
[2.402s] Level 1:colcon.colcon_core.shell:create_environment_hook('hardware_interface', 'ament_prefix_path')
[2.402s] INFO:colcon.colcon_core.shell:Creating environment hook '/home/darudecookie/Documents/V2-Robot-Arm/software/ros2/install/hardware_interface/share/hardware_interface/hook/ament_prefix_path.ps1'
[2.405s] INFO:colcon.colcon_core.shell:Creating environment descriptor '/home/darudecookie/Documents/V2-Robot-Arm/software/ros2/install/hardware_interface/share/hardware_interface/hook/ament_prefix_path.dsv'
[2.406s] INFO:colcon.colcon_core.shell:Creating environment hook '/home/darudecookie/Documents/V2-Robot-Arm/software/ros2/install/hardware_interface/share/hardware_interface/hook/ament_prefix_path.sh'
[2.407s] INFO:colcon.colcon_core.shell:Skip shell extension 'powershell' for command environment: Not usable outside of PowerShell
[2.407s] DEBUG:colcon.colcon_core.shell:Skip shell extension 'dsv' for command environment
[2.781s] INFO:colcon.colcon_core.task.python.build:Building Python package in '/home/darudecookie/Documents/V2-Robot-Arm/software/ros2/src/hardware_interface'
[2.781s] INFO:colcon.colcon_core.shell:Skip shell extension 'powershell' for command environment: Not usable outside of PowerShell
[2.781s] DEBUG:colcon.colcon_core.shell:Skip shell extension 'dsv' for command environment
[2.788s] DEBUG:colcon.colcon_core.event_handler.log_command:Invoking command in '/home/darudecookie/Documents/V2-Robot-Arm/software/ros2/src/movement_controllers': DEBUGINFOD_URLS=https://debuginfod.ubuntu.com PYTHONPATH=/home/darudecookie/Documents/V2-Robot-Arm/software/ros2/build/movement_controllers/prefix_override:/home/darudecookie/Documents/V2-Robot-Arm/software/ros2/install/movement_controllers/lib/python3.12/site-packages:${PYTHONPATH} /usr/bin/python3 -W ignore:setup.py install is deprecated setup.py egg_info --egg-base ../../build/movement_controllers build --build-base /home/darudecookie/Documents/V2-Robot-Arm/software/ros2/build/movement_controllers/build install --record /home/darudecookie/Documents/V2-Robot-Arm/software/ros2/build/movement_controllers/install.log --single-version-externally-managed install_data
[3.313s] Level 1:colcon.colcon_core.environment:checking '/home/darudecookie/Documents/V2-Robot-Arm/software/ros2/install/ros_controller_interface' for CMake module files
[3.314s] DEBUG:colcon.colcon_core.event_handler.log_command:Invoked command in '/home/darudecookie/Documents/V2-Robot-Arm/software/ros2/src/ros_controller_interface' returned '0': DEBUGINFOD_URLS=https://debuginfod.ubuntu.com PYTHONPATH=/home/darudecookie/Documents/V2-Robot-Arm/software/ros2/build/ros_controller_interface/prefix_override:/home/darudecookie/Documents/V2-Robot-Arm/software/ros2/install/ros_controller_interface/lib/python3.12/site-packages:${PYTHONPATH} /usr/bin/python3 -W ignore:setup.py install is deprecated setup.py egg_info --egg-base ../../build/ros_controller_interface build --build-base /home/darudecookie/Documents/V2-Robot-Arm/software/ros2/build/ros_controller_interface/build install --record /home/darudecookie/Documents/V2-Robot-Arm/software/ros2/build/ros_controller_interface/install.log --single-version-externally-managed install_data
[3.315s] Level 1:colcon.colcon_core.environment:checking '/home/darudecookie/Documents/V2-Robot-Arm/software/ros2/install/ros_controller_interface' for CMake config files
[3.315s] Level 1:colcon.colcon_core.environment:checking '/home/darudecookie/Documents/V2-Robot-Arm/software/ros2/install/ros_controller_interface/lib'
[3.316s] Level 1:colcon.colcon_core.environment:checking '/home/darudecookie/Documents/V2-Robot-Arm/software/ros2/install/ros_controller_interface/bin'
[3.316s] Level 1:colcon.colcon_core.environment:checking '/home/darudecookie/Documents/V2-Robot-Arm/software/ros2/install/ros_controller_interface/lib/pkgconfig/ros_controller_interface.pc'
[3.316s] Level 1:colcon.colcon_core.environment:checking '/home/darudecookie/Documents/V2-Robot-Arm/software/ros2/install/ros_controller_interface/lib/python3.12/site-packages'
[3.316s] Level 1:colcon.colcon_core.shell:create_environment_hook('ros_controller_interface', 'pythonpath')
[3.316s] INFO:colcon.colcon_core.shell:Creating environment hook '/home/darudecookie/Documents/V2-Robot-Arm/software/ros2/install/ros_controller_interface/share/ros_controller_interface/hook/pythonpath.ps1'
[3.317s] INFO:colcon.colcon_core.shell:Creating environment descriptor '/home/darudecookie/Documents/V2-Robot-Arm/software/ros2/install/ros_controller_interface/share/ros_controller_interface/hook/pythonpath.dsv'
[3.317s] INFO:colcon.colcon_core.shell:Creating environment hook '/home/darudecookie/Documents/V2-Robot-Arm/software/ros2/install/ros_controller_interface/share/ros_controller_interface/hook/pythonpath.sh'
[3.318s] Level 1:colcon.colcon_core.environment:checking '/home/darudecookie/Documents/V2-Robot-Arm/software/ros2/install/ros_controller_interface/bin'
[3.318s] Level 1:colcon.colcon_core.environment:create_environment_scripts_only(ros_controller_interface)
[3.319s] INFO:colcon.colcon_core.shell:Creating package script '/home/darudecookie/Documents/V2-Robot-Arm/software/ros2/install/ros_controller_interface/share/ros_controller_interface/package.ps1'
[3.320s] INFO:colcon.colcon_core.shell:Creating package descriptor '/home/darudecookie/Documents/V2-Robot-Arm/software/ros2/install/ros_controller_interface/share/ros_controller_interface/package.dsv'
[3.320s] INFO:colcon.colcon_core.shell:Creating package script '/home/darudecookie/Documents/V2-Robot-Arm/software/ros2/install/ros_controller_interface/share/ros_controller_interface/package.sh'
[3.321s] INFO:colcon.colcon_core.shell:Creating package script '/home/darudecookie/Documents/V2-Robot-Arm/software/ros2/install/ros_controller_interface/share/ros_controller_interface/package.bash'
[3.322s] INFO:colcon.colcon_core.shell:Creating package script '/home/darudecookie/Documents/V2-Robot-Arm/software/ros2/install/ros_controller_interface/share/ros_controller_interface/package.zsh'
[3.322s] Level 1:colcon.colcon_core.environment:create_file_with_runtime_dependencies(/home/darudecookie/Documents/V2-Robot-Arm/software/ros2/install/ros_controller_interface/share/colcon-core/packages/ros_controller_interface)
[3.732s] Level 1:colcon.colcon_core.environment:checking '/home/darudecookie/Documents/V2-Robot-Arm/software/ros2/install/movement_controllers' for CMake module files
[3.733s] DEBUG:colcon.colcon_core.event_handler.log_command:Invoked command in '/home/darudecookie/Documents/V2-Robot-Arm/software/ros2/src/movement_controllers' returned '0': DEBUGINFOD_URLS=https://debuginfod.ubuntu.com PYTHONPATH=/home/darudecookie/Documents/V2-Robot-Arm/software/ros2/build/movement_controllers/prefix_override:/home/darudecookie/Documents/V2-Robot-Arm/software/ros2/install/movement_controllers/lib/python3.12/site-packages:${PYTHONPATH} /usr/bin/python3 -W ignore:setup.py install is deprecated setup.py egg_info --egg-base ../../build/movement_controllers build --build-base /home/darudecookie/Documents/V2-Robot-Arm/software/ros2/build/movement_controllers/build install --record /home/darudecookie/Documents/V2-Robot-Arm/software/ros2/build/movement_controllers/install.log --single-version-externally-managed install_data
[3.733s] Level 1:colcon.colcon_core.environment:checking '/home/darudecookie/Documents/V2-Robot-Arm/software/ros2/install/movement_controllers' for CMake config files
[3.734s] Level 1:colcon.colcon_core.environment:checking '/home/darudecookie/Documents/V2-Robot-Arm/software/ros2/install/movement_controllers/lib'
[3.734s] Level 1:colcon.colcon_core.environment:checking '/home/darudecookie/Documents/V2-Robot-Arm/software/ros2/install/movement_controllers/bin'
[3.734s] Level 1:colcon.colcon_core.environment:checking '/home/darudecookie/Documents/V2-Robot-Arm/software/ros2/install/movement_controllers/lib/pkgconfig/movement_controllers.pc'
[3.735s] Level 1:colcon.colcon_core.environment:checking '/home/darudecookie/Documents/V2-Robot-Arm/software/ros2/install/movement_controllers/lib/python3.12/site-packages'
[3.735s] Level 1:colcon.colcon_core.shell:create_environment_hook('movement_controllers', 'pythonpath')
[3.735s] INFO:colcon.colcon_core.shell:Creating environment hook '/home/darudecookie/Documents/V2-Robot-Arm/software/ros2/install/movement_controllers/share/movement_controllers/hook/pythonpath.ps1'
[3.736s] INFO:colcon.colcon_core.shell:Creating environment descriptor '/home/darudecookie/Documents/V2-Robot-Arm/software/ros2/install/movement_controllers/share/movement_controllers/hook/pythonpath.dsv'
[3.736s] INFO:colcon.colcon_core.shell:Creating environment hook '/home/darudecookie/Documents/V2-Robot-Arm/software/ros2/install/movement_controllers/share/movement_controllers/hook/pythonpath.sh'
[3.737s] Level 1:colcon.colcon_core.environment:checking '/home/darudecookie/Documents/V2-Robot-Arm/software/ros2/install/movement_controllers/bin'
[3.737s] Level 1:colcon.colcon_core.environment:create_environment_scripts_only(movement_controllers)
[3.737s] INFO:colcon.colcon_core.shell:Creating package script '/home/darudecookie/Documents/V2-Robot-Arm/software/ros2/install/movement_controllers/share/movement_controllers/package.ps1'
[3.738s] INFO:colcon.colcon_core.shell:Creating package descriptor '/home/darudecookie/Documents/V2-Robot-Arm/software/ros2/install/movement_controllers/share/movement_controllers/package.dsv'
[3.739s] INFO:colcon.colcon_core.shell:Creating package script '/home/darudecookie/Documents/V2-Robot-Arm/software/ros2/install/movement_controllers/share/movement_controllers/package.sh'
[3.739s] INFO:colcon.colcon_core.shell:Creating package script '/home/darudecookie/Documents/V2-Robot-Arm/software/ros2/install/movement_controllers/share/movement_controllers/package.bash'
[3.740s] INFO:colcon.colcon_core.shell:Creating package script '/home/darudecookie/Documents/V2-Robot-Arm/software/ros2/install/movement_controllers/share/movement_controllers/package.zsh'
[3.740s] Level 1:colcon.colcon_core.environment:create_file_with_runtime_dependencies(/home/darudecookie/Documents/V2-Robot-Arm/software/ros2/install/movement_controllers/share/colcon-core/packages/movement_controllers)
[3.801s] DEBUG:colcon.colcon_core.event_handler.log_command:Invoking command in '/home/darudecookie/Documents/V2-Robot-Arm/software/ros2/src/hardware_interface': CMAKE_PREFIX_PATH=/home/darudecookie/Documents/V2-Robot-Arm/software/ros2/install/v2_robot_arm_interfaces:/home/darudecookie/Documents/V2-Robot-Arm/software/ros2/src/install/v2_robot_arm_interfaces:/home/darudecookie/Documents/V2-Robot-Arm/software/ros2/src/install/v2-robot-arm_interfaces:/opt/ros/rolling/opt/gz_math_vendor:/opt/ros/rolling/opt/gz_utils_vendor:/opt/ros/rolling/opt/gz_cmake_vendor DEBUGINFOD_URLS=https://debuginfod.ubuntu.com LD_LIBRARY_PATH=/home/darudecookie/Documents/V2-Robot-Arm/software/ros2/install/v2_robot_arm_interfaces/lib:/home/darudecookie/Documents/V2-Robot-Arm/software/ros2/src/install/v2_robot_arm_interfaces/lib:/opt/ros/rolling/opt/rviz_ogre_vendor/lib:/opt/ros/rolling/lib/x86_64-linux-gnu:/opt/ros/rolling/opt/gz_math_vendor/lib:/opt/ros/rolling/opt/gz_utils_vendor/lib:/opt/ros/rolling/opt/gz_cmake_vendor/lib:/opt/ros/rolling/lib PYTHONPATH=/home/darudecookie/Documents/V2-Robot-Arm/software/ros2/build/hardware_interface/prefix_override:/home/darudecookie/Documents/V2-Robot-Arm/software/ros2/install/hardware_interface/lib/python3.12/site-packages:/home/darudecookie/Documents/V2-Robot-Arm/software/ros2/install/v2_robot_arm_interfaces/lib/python3.12/site-packages:/home/darudecookie/Documents/V2-Robot-Arm/software/ros2/src/install/hardware_interface/lib/python3.12/site-packages:/home/darudecookie/Documents/V2-Robot-Arm/software/ros2/src/install/v2_robot_arm_interfaces/lib/python3.12/site-packages:/home/darudecookie/Documents/V2-Robot-Arm/software/ros2/src/install/ros_controller_interface/lib/python3.12/site-packages:/home/darudecookie/Documents/V2-Robot-Arm/software/ros2/src/install/movement_controllers/lib/python3.12/site-packages:/home/darudecookie/Documents/V2-Robot-Arm/software/ros2/install/hardware_interface/lib/python3.12/site-packages:/home/darudecookie/Documents/V2-Robot-Arm/software/ros2/install/ros_controller_interface/lib/python3.12/site-packages:/home/darudecookie/Documents/V2-Robot-Arm/software/ros2/install/movement_controllers/lib/python3.12/site-packages:/opt/ros/rolling/lib/python3.12/site-packages /usr/bin/python3 -W ignore:setup.py install is deprecated setup.py egg_info --egg-base ../../build/hardware_interface build --build-base /home/darudecookie/Documents/V2-Robot-Arm/software/ros2/build/hardware_interface/build install --record /home/darudecookie/Documents/V2-Robot-Arm/software/ros2/build/hardware_interface/install.log --single-version-externally-managed install_data
[4.449s] Level 1:colcon.colcon_core.environment:checking '/home/darudecookie/Documents/V2-Robot-Arm/software/ros2/install/hardware_interface' for CMake module files
[4.450s] DEBUG:colcon.colcon_core.event_handler.log_command:Invoked command in '/home/darudecookie/Documents/V2-Robot-Arm/software/ros2/src/hardware_interface' returned '0': CMAKE_PREFIX_PATH=/home/darudecookie/Documents/V2-Robot-Arm/software/ros2/install/v2_robot_arm_interfaces:/home/darudecookie/Documents/V2-Robot-Arm/software/ros2/src/install/v2_robot_arm_interfaces:/home/darudecookie/Documents/V2-Robot-Arm/software/ros2/src/install/v2-robot-arm_interfaces:/opt/ros/rolling/opt/gz_math_vendor:/opt/ros/rolling/opt/gz_utils_vendor:/opt/ros/rolling/opt/gz_cmake_vendor DEBUGINFOD_URLS=https://debuginfod.ubuntu.com LD_LIBRARY_PATH=/home/darudecookie/Documents/V2-Robot-Arm/software/ros2/install/v2_robot_arm_interfaces/lib:/home/darudecookie/Documents/V2-Robot-Arm/software/ros2/src/install/v2_robot_arm_interfaces/lib:/opt/ros/rolling/opt/rviz_ogre_vendor/lib:/opt/ros/rolling/lib/x86_64-linux-gnu:/opt/ros/rolling/opt/gz_math_vendor/lib:/opt/ros/rolling/opt/gz_utils_vendor/lib:/opt/ros/rolling/opt/gz_cmake_vendor/lib:/opt/ros/rolling/lib PYTHONPATH=/home/darudecookie/Documents/V2-Robot-Arm/software/ros2/build/hardware_interface/prefix_override:/home/darudecookie/Documents/V2-Robot-Arm/software/ros2/install/hardware_interface/lib/python3.12/site-packages:/home/darudecookie/Documents/V2-Robot-Arm/software/ros2/install/v2_robot_arm_interfaces/lib/python3.12/site-packages:/home/darudecookie/Documents/V2-Robot-Arm/software/ros2/src/install/hardware_interface/lib/python3.12/site-packages:/home/darudecookie/Documents/V2-Robot-Arm/software/ros2/src/install/v2_robot_arm_interfaces/lib/python3.12/site-packages:/home/darudecookie/Documents/V2-Robot-Arm/software/ros2/src/install/ros_controller_interface/lib/python3.12/site-packages:/home/darudecookie/Documents/V2-Robot-Arm/software/ros2/src/install/movement_controllers/lib/python3.12/site-packages:/home/darudecookie/Documents/V2-Robot-Arm/software/ros2/install/hardware_interface/lib/python3.12/site-packages:/home/darudecookie/Documents/V2-Robot-Arm/software/ros2/install/ros_controller_interface/lib/python3.12/site-packages:/home/darudecookie/Documents/V2-Robot-Arm/software/ros2/install/movement_controllers/lib/python3.12/site-packages:/opt/ros/rolling/lib/python3.12/site-packages /usr/bin/python3 -W ignore:setup.py install is deprecated setup.py egg_info --egg-base ../../build/hardware_interface build --build-base /home/darudecookie/Documents/V2-Robot-Arm/software/ros2/build/hardware_interface/build install --record /home/darudecookie/Documents/V2-Robot-Arm/software/ros2/build/hardware_interface/install.log --single-version-externally-managed install_data
[4.451s] Level 1:colcon.colcon_core.environment:checking '/home/darudecookie/Documents/V2-Robot-Arm/software/ros2/install/hardware_interface' for CMake config files
[4.451s] Level 1:colcon.colcon_core.environment:checking '/home/darudecookie/Documents/V2-Robot-Arm/software/ros2/install/hardware_interface/lib'
[4.451s] Level 1:colcon.colcon_core.environment:checking '/home/darudecookie/Documents/V2-Robot-Arm/software/ros2/install/hardware_interface/bin'
[4.452s] Level 1:colcon.colcon_core.environment:checking '/home/darudecookie/Documents/V2-Robot-Arm/software/ros2/install/hardware_interface/lib/pkgconfig/hardware_interface.pc'
[4.452s] Level 1:colcon.colcon_core.environment:checking '/home/darudecookie/Documents/V2-Robot-Arm/software/ros2/install/hardware_interface/lib/python3.12/site-packages'
[4.452s] Level 1:colcon.colcon_core.shell:create_environment_hook('hardware_interface', 'pythonpath')
[4.452s] INFO:colcon.colcon_core.shell:Creating environment hook '/home/darudecookie/Documents/V2-Robot-Arm/software/ros2/install/hardware_interface/share/hardware_interface/hook/pythonpath.ps1'
[4.453s] INFO:colcon.colcon_core.shell:Creating environment descriptor '/home/darudecookie/Documents/V2-Robot-Arm/software/ros2/install/hardware_interface/share/hardware_interface/hook/pythonpath.dsv'
[4.453s] INFO:colcon.colcon_core.shell:Creating environment hook '/home/darudecookie/Documents/V2-Robot-Arm/software/ros2/install/hardware_interface/share/hardware_interface/hook/pythonpath.sh'
[4.454s] Level 1:colcon.colcon_core.environment:checking '/home/darudecookie/Documents/V2-Robot-Arm/software/ros2/install/hardware_interface/bin'
[4.454s] Level 1:colcon.colcon_core.environment:create_environment_scripts_only(hardware_interface)
[4.455s] INFO:colcon.colcon_core.shell:Creating package script '/home/darudecookie/Documents/V2-Robot-Arm/software/ros2/install/hardware_interface/share/hardware_interface/package.ps1'
[4.455s] INFO:colcon.colcon_core.shell:Creating package descriptor '/home/darudecookie/Documents/V2-Robot-Arm/software/ros2/install/hardware_interface/share/hardware_interface/package.dsv'
[4.456s] INFO:colcon.colcon_core.shell:Creating package script '/home/darudecookie/Documents/V2-Robot-Arm/software/ros2/install/hardware_interface/share/hardware_interface/package.sh'
[4.457s] INFO:colcon.colcon_core.shell:Creating package script '/home/darudecookie/Documents/V2-Robot-Arm/software/ros2/install/hardware_interface/share/hardware_interface/package.bash'
[4.457s] INFO:colcon.colcon_core.shell:Creating package script '/home/darudecookie/Documents/V2-Robot-Arm/software/ros2/install/hardware_interface/share/hardware_interface/package.zsh'
[4.457s] Level 1:colcon.colcon_core.environment:create_file_with_runtime_dependencies(/home/darudecookie/Documents/V2-Robot-Arm/software/ros2/install/hardware_interface/share/colcon-core/packages/hardware_interface)
[4.458s] DEBUG:colcon.colcon_parallel_executor.executor.parallel:closing loop
[4.459s] DEBUG:colcon.colcon_parallel_executor.executor.parallel:loop closed
[4.459s] DEBUG:colcon.colcon_parallel_executor.executor.parallel:run_until_complete finished with '0'
[4.460s] DEBUG:colcon.colcon_core.event_reactor:joining thread
[4.468s] INFO:colcon.colcon_core.plugin_system:Skipping extension 'colcon_notification.desktop_notification.terminal_notifier': Not used on non-Darwin systems
[4.468s] INFO:colcon.colcon_core.plugin_system:Skipping extension 'colcon_notification.desktop_notification.win32': Not used on non-Windows systems
[4.468s] INFO:colcon.colcon_notification.desktop_notification:Sending desktop notification using 'notify2'
[4.485s] DEBUG:colcon.colcon_core.event_reactor:joined thread
[4.485s] INFO:colcon.colcon_core.shell:Creating prefix script '/home/darudecookie/Documents/V2-Robot-Arm/software/ros2/install/local_setup.ps1'
[4.487s] INFO:colcon.colcon_core.shell:Creating prefix util module '/home/darudecookie/Documents/V2-Robot-Arm/software/ros2/install/_local_setup_util_ps1.py'
[4.488s] INFO:colcon.colcon_core.shell:Creating prefix chain script '/home/darudecookie/Documents/V2-Robot-Arm/software/ros2/install/setup.ps1'
[4.489s] INFO:colcon.colcon_core.shell:Creating prefix script '/home/darudecookie/Documents/V2-Robot-Arm/software/ros2/install/local_setup.sh'
[4.489s] INFO:colcon.colcon_core.shell:Creating prefix util module '/home/darudecookie/Documents/V2-Robot-Arm/software/ros2/install/_local_setup_util_sh.py'
[4.490s] INFO:colcon.colcon_core.shell:Creating prefix chain script '/home/darudecookie/Documents/V2-Robot-Arm/software/ros2/install/setup.sh'
[4.491s] INFO:colcon.colcon_core.shell:Creating prefix script '/home/darudecookie/Documents/V2-Robot-Arm/software/ros2/install/local_setup.bash'
[4.491s] INFO:colcon.colcon_core.shell:Creating prefix chain script '/home/darudecookie/Documents/V2-Robot-Arm/software/ros2/install/setup.bash'
[4.492s] INFO:colcon.colcon_core.shell:Creating prefix script '/home/darudecookie/Documents/V2-Robot-Arm/software/ros2/install/local_setup.zsh'
[4.493s] INFO:colcon.colcon_core.shell:Creating prefix chain script '/home/darudecookie/Documents/V2-Robot-Arm/software/ros2/install/setup.zsh'
