[1.394s] Invoking command in '/home/darudecookie/Documents/V2-Robot-Arm/software/ros2/src/movement_controllers': DEBUGINFOD_URLS=https://debuginfod.ubuntu.com PYTHONPATH=/home/darudecookie/Documents/V2-Robot-Arm/software/ros2/src/build/movement_controllers/prefix_override:/home/darudecookie/Documents/V2-Robot-Arm/software/ros2/src/install/movement_controllers/lib/python3.12/site-packages:/home/darudecookie/Documents/V2-Robot-Arm/software/ros2/src/install/v2_robot_arm_interfaces/lib/python3.12/site-packages:/home/darudecookie/Documents/V2-Robot-Arm/software/ros2/src/install/movement_controllers/lib/python3.12/site-packages:/home/darudecookie/Documents/V2-Robot-Arm/software/ros2/src/install/hardware_interface/lib/python3.12/site-packages:/home/darudecookie/Documents/V2-Robot-Arm/software/ros2/src/install/ros_controller_interface/lib/python3.12/site-packages:/opt/ros/rolling/lib/python3.12/site-packages /usr/bin/python3 -W ignore:setup.py install is deprecated setup.py egg_info --egg-base ../build/movement_controllers build --build-base /home/darudecookie/Documents/V2-Robot-Arm/software/ros2/src/build/movement_controllers/build install --record /home/darudecookie/Documents/V2-Robot-Arm/software/ros2/src/build/movement_controllers/install.log --single-version-externally-managed install_data
[1.731s] running egg_info
[1.757s] writing ../build/movement_controllers/movement_controllers.egg-info/PKG-INFO
[1.758s] writing dependency_links to ../build/movement_controllers/movement_controllers.egg-info/dependency_links.txt
[1.758s] writing entry points to ../build/movement_controllers/movement_controllers.egg-info/entry_points.txt
[1.758s] writing requirements to ../build/movement_controllers/movement_controllers.egg-info/requires.txt
[1.759s] writing top-level names to ../build/movement_controllers/movement_controllers.egg-info/top_level.txt
[1.817s] reading manifest file '../build/movement_controllers/movement_controllers.egg-info/SOURCES.txt'
[1.818s] writing manifest file '../build/movement_controllers/movement_controllers.egg-info/SOURCES.txt'
[1.818s] running build
[1.818s] running build_py
[1.819s] running install
[1.831s] running install_lib
[1.867s] running install_data
[1.867s] running install_egg_info
[1.900s] removing '/home/darudecookie/Documents/V2-Robot-Arm/software/ros2/src/install/movement_controllers/lib/python3.12/site-packages/movement_controllers-0.0.1-py3.12.egg-info' (and everything under it)
[1.901s] Copying ../build/movement_controllers/movement_controllers.egg-info to /home/darudecookie/Documents/V2-Robot-Arm/software/ros2/src/install/movement_controllers/lib/python3.12/site-packages/movement_controllers-0.0.1-py3.12.egg-info
[1.902s] running install_scripts
[2.094s] Installing IK_Solver_Node script to /home/darudecookie/Documents/V2-Robot-Arm/software/ros2/src/install/movement_controllers/lib/movement_controllers
[2.094s] Installing Peripheral_Interface_Node script to /home/darudecookie/Documents/V2-Robot-Arm/software/ros2/src/install/movement_controllers/lib/movement_controllers
[2.094s] Installing Trajectory_Controller_Node script to /home/darudecookie/Documents/V2-Robot-Arm/software/ros2/src/install/movement_controllers/lib/movement_controllers
[2.094s] writing list of installed files to '/home/darudecookie/Documents/V2-Robot-Arm/software/ros2/src/build/movement_controllers/install.log'
[2.139s] Invoked command in '/home/darudecookie/Documents/V2-Robot-Arm/software/ros2/src/movement_controllers' returned '0': DEBUGINFOD_URLS=https://debuginfod.ubuntu.com PYTHONPATH=/home/darudecookie/Documents/V2-Robot-Arm/software/ros2/src/build/movement_controllers/prefix_override:/home/darudecookie/Documents/V2-Robot-Arm/software/ros2/src/install/movement_controllers/lib/python3.12/site-packages:/home/darudecookie/Documents/V2-Robot-Arm/software/ros2/src/install/v2_robot_arm_interfaces/lib/python3.12/site-packages:/home/darudecookie/Documents/V2-Robot-Arm/software/ros2/src/install/movement_controllers/lib/python3.12/site-packages:/home/darudecookie/Documents/V2-Robot-Arm/software/ros2/src/install/hardware_interface/lib/python3.12/site-packages:/home/darudecookie/Documents/V2-Robot-Arm/software/ros2/src/install/ros_controller_interface/lib/python3.12/site-packages:/opt/ros/rolling/lib/python3.12/site-packages /usr/bin/python3 -W ignore:setup.py install is deprecated setup.py egg_info --egg-base ../build/movement_controllers build --build-base /home/darudecookie/Documents/V2-Robot-Arm/software/ros2/src/build/movement_controllers/build install --record /home/darudecookie/Documents/V2-Robot-Arm/software/ros2/src/build/movement_controllers/install.log --single-version-externally-managed install_data
