[0.137s] DEBUG:colcon:Command line arguments: ['/usr/bin/colcon', 'build']
[0.137s] DEBUG:colcon:Parsed command line arguments: Namespace(log_base=None, log_level=None, verb_name='build', build_base='build', install_base='install', merge_install=False, symlink_install=False, test_result_base=None, continue_on_error=False, executor='parallel', parallel_workers=4, event_handlers=None, ignore_user_meta=False, metas=['./colcon.meta'], base_paths=['.'], packages_ignore=None, packages_ignore_regex=None, paths=None, packages_up_to=None, packages_up_to_regex=None, packages_above=None, packages_above_and_dependencies=None, packages_above_depth=None, packages_select_by_dep=None, packages_skip_by_dep=None, packages_skip_up_to=None, packages_select_build_failed=False, packages_skip_build_finished=False, packages_select_test_failures=False, packages_skip_test_passed=False, packages_select=None, packages_skip=None, packages_select_regex=None, packages_skip_regex=None, packages_start=None, packages_end=None, allow_overriding=[], cmake_args=None, cmake_target=None, cmake_target_skip_unavailable=False, cmake_clean_cache=False, cmake_clean_first=False, cmake_force_configure=False, ament_cmake_args=None, catkin_cmake_args=None, catkin_skip_building_tests=False, mixin_files=None, mixin=None, verb_parser=<colcon_mixin.mixin.mixin_argument.MixinArgumentDecorator object at 0x7892d2b9a210>, verb_extension=<colcon_core.verb.build.BuildVerb object at 0x7892d2b13380>, main=<bound method BuildVerb.main of <colcon_core.verb.build.BuildVerb object at 0x7892d2b13380>>, mixin_verb=('build',))
[0.182s] Level 1:colcon.colcon_core.package_discovery:discover_packages(colcon_meta) check parameters
[0.182s] Level 1:colcon.colcon_core.package_discovery:discover_packages(recursive) check parameters
[0.182s] Level 1:colcon.colcon_core.package_discovery:discover_packages(ignore) check parameters
[0.182s] Level 1:colcon.colcon_core.package_discovery:discover_packages(path) check parameters
[0.182s] Level 1:colcon.colcon_core.package_discovery:discover_packages(colcon_meta) discover
[0.182s] Level 1:colcon.colcon_core.package_discovery:discover_packages(recursive) discover
[0.182s] INFO:colcon.colcon_core.package_discovery:Crawling recursively for packages in '/home/darudecookie/Documents/V2-Robot-Arm/software/ros2/src'
[0.182s] Level 1:colcon.colcon_core.package_identification:_identify(.) by extensions ['ignore', 'ignore_ament_install']
[0.183s] Level 1:colcon.colcon_core.package_identification:_identify(.) by extension 'ignore'
[0.183s] Level 1:colcon.colcon_core.package_identification:_identify(.) by extension 'ignore_ament_install'
[0.183s] Level 1:colcon.colcon_core.package_identification:_identify(.) by extensions ['colcon_pkg']
[0.183s] Level 1:colcon.colcon_core.package_identification:_identify(.) by extension 'colcon_pkg'
[0.183s] Level 1:colcon.colcon_core.package_identification:_identify(.) by extensions ['colcon_meta']
[0.183s] Level 1:colcon.colcon_core.package_identification:_identify(.) by extension 'colcon_meta'
[0.183s] Level 1:colcon.colcon_core.package_identification:_identify(.) by extensions ['ros']
[0.183s] Level 1:colcon.colcon_core.package_identification:_identify(.) by extension 'ros'
[0.214s] Level 1:colcon.colcon_core.package_identification:_identify(.) by extensions ['cmake', 'python']
[0.214s] Level 1:colcon.colcon_core.package_identification:_identify(.) by extension 'cmake'
[0.214s] Level 1:colcon.colcon_core.package_identification:_identify(.) by extension 'python'
[0.214s] Level 1:colcon.colcon_core.package_identification:_identify(.) by extensions ['python_setup_py']
[0.214s] Level 1:colcon.colcon_core.package_identification:_identify(.) by extension 'python_setup_py'
[0.214s] Level 1:colcon.colcon_core.package_identification:_identify(build) by extensions ['ignore', 'ignore_ament_install']
[0.214s] Level 1:colcon.colcon_core.package_identification:_identify(build) by extension 'ignore'
[0.215s] Level 1:colcon.colcon_core.package_identification:_identify(build) ignored
[0.215s] Level 1:colcon.colcon_core.package_identification:_identify(hardware_interface) by extensions ['ignore', 'ignore_ament_install']
[0.215s] Level 1:colcon.colcon_core.package_identification:_identify(hardware_interface) by extension 'ignore'
[0.215s] Level 1:colcon.colcon_core.package_identification:_identify(hardware_interface) by extension 'ignore_ament_install'
[0.215s] Level 1:colcon.colcon_core.package_identification:_identify(hardware_interface) by extensions ['colcon_pkg']
[0.215s] Level 1:colcon.colcon_core.package_identification:_identify(hardware_interface) by extension 'colcon_pkg'
[0.215s] Level 1:colcon.colcon_core.package_identification:_identify(hardware_interface) by extensions ['colcon_meta']
[0.215s] Level 1:colcon.colcon_core.package_identification:_identify(hardware_interface) by extension 'colcon_meta'
[0.215s] Level 1:colcon.colcon_core.package_identification:_identify(hardware_interface) by extensions ['ros']
[0.215s] Level 1:colcon.colcon_core.package_identification:_identify(hardware_interface) by extension 'ros'
[0.218s] DEBUG:colcon.colcon_core.package_identification:Package 'hardware_interface' with type 'ros.ament_python' and name 'hardware_interface'
[0.218s] Level 1:colcon.colcon_core.package_identification:_identify(install) by extensions ['ignore', 'ignore_ament_install']
[0.218s] Level 1:colcon.colcon_core.package_identification:_identify(install) by extension 'ignore'
[0.218s] Level 1:colcon.colcon_core.package_identification:_identify(install) ignored
[0.218s] Level 1:colcon.colcon_core.package_identification:_identify(log) by extensions ['ignore', 'ignore_ament_install']
[0.218s] Level 1:colcon.colcon_core.package_identification:_identify(log) by extension 'ignore'
[0.218s] Level 1:colcon.colcon_core.package_identification:_identify(log) ignored
[0.218s] Level 1:colcon.colcon_core.package_identification:_identify(movement_controllers) by extensions ['ignore', 'ignore_ament_install']
[0.218s] Level 1:colcon.colcon_core.package_identification:_identify(movement_controllers) by extension 'ignore'
[0.219s] Level 1:colcon.colcon_core.package_identification:_identify(movement_controllers) by extension 'ignore_ament_install'
[0.219s] Level 1:colcon.colcon_core.package_identification:_identify(movement_controllers) by extensions ['colcon_pkg']
[0.219s] Level 1:colcon.colcon_core.package_identification:_identify(movement_controllers) by extension 'colcon_pkg'
[0.219s] Level 1:colcon.colcon_core.package_identification:_identify(movement_controllers) by extensions ['colcon_meta']
[0.219s] Level 1:colcon.colcon_core.package_identification:_identify(movement_controllers) by extension 'colcon_meta'
[0.219s] Level 1:colcon.colcon_core.package_identification:_identify(movement_controllers) by extensions ['ros']
[0.219s] Level 1:colcon.colcon_core.package_identification:_identify(movement_controllers) by extension 'ros'
[0.219s] DEBUG:colcon.colcon_core.package_identification:Package 'movement_controllers' with type 'ros.ament_python' and name 'movement_controllers'
[0.219s] Level 1:colcon.colcon_core.package_identification:_identify(ros_controller_interface) by extensions ['ignore', 'ignore_ament_install']
[0.220s] Level 1:colcon.colcon_core.package_identification:_identify(ros_controller_interface) by extension 'ignore'
[0.220s] Level 1:colcon.colcon_core.package_identification:_identify(ros_controller_interface) by extension 'ignore_ament_install'
[0.220s] Level 1:colcon.colcon_core.package_identification:_identify(ros_controller_interface) by extensions ['colcon_pkg']
[0.220s] Level 1:colcon.colcon_core.package_identification:_identify(ros_controller_interface) by extension 'colcon_pkg'
[0.220s] Level 1:colcon.colcon_core.package_identification:_identify(ros_controller_interface) by extensions ['colcon_meta']
[0.220s] Level 1:colcon.colcon_core.package_identification:_identify(ros_controller_interface) by extension 'colcon_meta'
[0.220s] Level 1:colcon.colcon_core.package_identification:_identify(ros_controller_interface) by extensions ['ros']
[0.220s] Level 1:colcon.colcon_core.package_identification:_identify(ros_controller_interface) by extension 'ros'
[0.220s] DEBUG:colcon.colcon_core.package_identification:Package 'ros_controller_interface' with type 'ros.ament_python' and name 'ros_controller_interface'
[0.220s] Level 1:colcon.colcon_core.package_identification:_identify(v2_robot_arm_interfaces) by extensions ['ignore', 'ignore_ament_install']
[0.220s] Level 1:colcon.colcon_core.package_identification:_identify(v2_robot_arm_interfaces) by extension 'ignore'
[0.221s] Level 1:colcon.colcon_core.package_identification:_identify(v2_robot_arm_interfaces) by extension 'ignore_ament_install'
[0.221s] Level 1:colcon.colcon_core.package_identification:_identify(v2_robot_arm_interfaces) by extensions ['colcon_pkg']
[0.221s] Level 1:colcon.colcon_core.package_identification:_identify(v2_robot_arm_interfaces) by extension 'colcon_pkg'
[0.221s] Level 1:colcon.colcon_core.package_identification:_identify(v2_robot_arm_interfaces) by extensions ['colcon_meta']
[0.221s] Level 1:colcon.colcon_core.package_identification:_identify(v2_robot_arm_interfaces) by extension 'colcon_meta'
[0.221s] Level 1:colcon.colcon_core.package_identification:_identify(v2_robot_arm_interfaces) by extensions ['ros']
[0.221s] Level 1:colcon.colcon_core.package_identification:_identify(v2_robot_arm_interfaces) by extension 'ros'
[0.221s] DEBUG:colcon.colcon_core.package_identification:Package 'v2_robot_arm_interfaces' with type 'ros.ament_cmake' and name 'v2_robot_arm_interfaces'
[0.221s] Level 1:colcon.colcon_core.package_discovery:discover_packages(recursive) using defaults
[0.221s] Level 1:colcon.colcon_core.package_discovery:discover_packages(ignore) discover
[0.221s] Level 1:colcon.colcon_core.package_discovery:discover_packages(ignore) using defaults
[0.221s] Level 1:colcon.colcon_core.package_discovery:discover_packages(path) discover
[0.221s] Level 1:colcon.colcon_core.package_discovery:discover_packages(path) using defaults
[0.243s] Level 1:colcon.colcon_core.package_discovery:discover_packages(prefix_path) check parameters
[0.243s] Level 1:colcon.colcon_core.package_discovery:discover_packages(prefix_path) discover
[0.245s] DEBUG:colcon.colcon_installed_package_information.package_discovery:Found 5 installed packages in /home/darudecookie/Documents/V2-Robot-Arm/software/ros2/src/install
[0.247s] DEBUG:colcon.colcon_installed_package_information.package_discovery:Found 285 installed packages in /opt/ros/rolling
[0.249s] Level 1:colcon.colcon_core.package_discovery:discover_packages(prefix_path) using defaults
[0.303s] Level 5:colcon.colcon_core.verb:set package 'ros_controller_interface' build argument 'cmake_args' from command line to 'None'
[0.303s] Level 5:colcon.colcon_core.verb:set package 'ros_controller_interface' build argument 'cmake_target' from command line to 'None'
[0.303s] Level 5:colcon.colcon_core.verb:set package 'ros_controller_interface' build argument 'cmake_target_skip_unavailable' from command line to 'False'
[0.303s] Level 5:colcon.colcon_core.verb:set package 'ros_controller_interface' build argument 'cmake_clean_cache' from command line to 'False'
[0.303s] Level 5:colcon.colcon_core.verb:set package 'ros_controller_interface' build argument 'cmake_clean_first' from command line to 'False'
[0.303s] Level 5:colcon.colcon_core.verb:set package 'ros_controller_interface' build argument 'cmake_force_configure' from command line to 'False'
[0.303s] Level 5:colcon.colcon_core.verb:set package 'ros_controller_interface' build argument 'ament_cmake_args' from command line to 'None'
[0.303s] Level 5:colcon.colcon_core.verb:set package 'ros_controller_interface' build argument 'catkin_cmake_args' from command line to 'None'
[0.303s] Level 5:colcon.colcon_core.verb:set package 'ros_controller_interface' build argument 'catkin_skip_building_tests' from command line to 'False'
[0.303s] DEBUG:colcon.colcon_core.verb:Building package 'ros_controller_interface' with the following arguments: {'ament_cmake_args': None, 'build_base': '/home/darudecookie/Documents/V2-Robot-Arm/software/ros2/src/build/ros_controller_interface', 'catkin_cmake_args': None, 'catkin_skip_building_tests': False, 'cmake_args': None, 'cmake_clean_cache': False, 'cmake_clean_first': False, 'cmake_force_configure': False, 'cmake_target': None, 'cmake_target_skip_unavailable': False, 'install_base': '/home/darudecookie/Documents/V2-Robot-Arm/software/ros2/src/install/ros_controller_interface', 'merge_install': False, 'path': '/home/darudecookie/Documents/V2-Robot-Arm/software/ros2/src/ros_controller_interface', 'symlink_install': False, 'test_result_base': None}
[0.304s] Level 5:colcon.colcon_core.verb:set package 'v2_robot_arm_interfaces' build argument 'cmake_args' from command line to 'None'
[0.304s] Level 5:colcon.colcon_core.verb:set package 'v2_robot_arm_interfaces' build argument 'cmake_target' from command line to 'None'
[0.304s] Level 5:colcon.colcon_core.verb:set package 'v2_robot_arm_interfaces' build argument 'cmake_target_skip_unavailable' from command line to 'False'
[0.304s] Level 5:colcon.colcon_core.verb:set package 'v2_robot_arm_interfaces' build argument 'cmake_clean_cache' from command line to 'False'
[0.304s] Level 5:colcon.colcon_core.verb:set package 'v2_robot_arm_interfaces' build argument 'cmake_clean_first' from command line to 'False'
[0.304s] Level 5:colcon.colcon_core.verb:set package 'v2_robot_arm_interfaces' build argument 'cmake_force_configure' from command line to 'False'
[0.304s] Level 5:colcon.colcon_core.verb:set package 'v2_robot_arm_interfaces' build argument 'ament_cmake_args' from command line to 'None'
[0.304s] Level 5:colcon.colcon_core.verb:set package 'v2_robot_arm_interfaces' build argument 'catkin_cmake_args' from command line to 'None'
[0.304s] Level 5:colcon.colcon_core.verb:set package 'v2_robot_arm_interfaces' build argument 'catkin_skip_building_tests' from command line to 'False'
[0.304s] DEBUG:colcon.colcon_core.verb:Building package 'v2_robot_arm_interfaces' with the following arguments: {'ament_cmake_args': None, 'build_base': '/home/darudecookie/Documents/V2-Robot-Arm/software/ros2/src/build/v2_robot_arm_interfaces', 'catkin_cmake_args': None, 'catkin_skip_building_tests': False, 'cmake_args': None, 'cmake_clean_cache': False, 'cmake_clean_first': False, 'cmake_force_configure': False, 'cmake_target': None, 'cmake_target_skip_unavailable': False, 'install_base': '/home/darudecookie/Documents/V2-Robot-Arm/software/ros2/src/install/v2_robot_arm_interfaces', 'merge_install': False, 'path': '/home/darudecookie/Documents/V2-Robot-Arm/software/ros2/src/v2_robot_arm_interfaces', 'symlink_install': False, 'test_result_base': None}
[0.304s] Level 5:colcon.colcon_core.verb:set package 'hardware_interface' build argument 'cmake_args' from command line to 'None'
[0.304s] Level 5:colcon.colcon_core.verb:set package 'hardware_interface' build argument 'cmake_target' from command line to 'None'
[0.305s] Level 5:colcon.colcon_core.verb:set package 'hardware_interface' build argument 'cmake_target_skip_unavailable' from command line to 'False'
[0.305s] Level 5:colcon.colcon_core.verb:set package 'hardware_interface' build argument 'cmake_clean_cache' from command line to 'False'
[0.305s] Level 5:colcon.colcon_core.verb:set package 'hardware_interface' build argument 'cmake_clean_first' from command line to 'False'
[0.305s] Level 5:colcon.colcon_core.verb:set package 'hardware_interface' build argument 'cmake_force_configure' from command line to 'False'
[0.305s] Level 5:colcon.colcon_core.verb:set package 'hardware_interface' build argument 'ament_cmake_args' from command line to 'None'
[0.305s] Level 5:colcon.colcon_core.verb:set package 'hardware_interface' build argument 'catkin_cmake_args' from command line to 'None'
[0.305s] Level 5:colcon.colcon_core.verb:set package 'hardware_interface' build argument 'catkin_skip_building_tests' from command line to 'False'
[0.305s] DEBUG:colcon.colcon_core.verb:Building package 'hardware_interface' with the following arguments: {'ament_cmake_args': None, 'build_base': '/home/darudecookie/Documents/V2-Robot-Arm/software/ros2/src/build/hardware_interface', 'catkin_cmake_args': None, 'catkin_skip_building_tests': False, 'cmake_args': None, 'cmake_clean_cache': False, 'cmake_clean_first': False, 'cmake_force_configure': False, 'cmake_target': None, 'cmake_target_skip_unavailable': False, 'install_base': '/home/darudecookie/Documents/V2-Robot-Arm/software/ros2/src/install/hardware_interface', 'merge_install': False, 'path': '/home/darudecookie/Documents/V2-Robot-Arm/software/ros2/src/hardware_interface', 'symlink_install': False, 'test_result_base': None}
[0.305s] Level 5:colcon.colcon_core.verb:set package 'movement_controllers' build argument 'cmake_args' from command line to 'None'
[0.305s] Level 5:colcon.colcon_core.verb:set package 'movement_controllers' build argument 'cmake_target' from command line to 'None'
[0.305s] Level 5:colcon.colcon_core.verb:set package 'movement_controllers' build argument 'cmake_target_skip_unavailable' from command line to 'False'
[0.305s] Level 5:colcon.colcon_core.verb:set package 'movement_controllers' build argument 'cmake_clean_cache' from command line to 'False'
[0.305s] Level 5:colcon.colcon_core.verb:set package 'movement_controllers' build argument 'cmake_clean_first' from command line to 'False'
[0.305s] Level 5:colcon.colcon_core.verb:set package 'movement_controllers' build argument 'cmake_force_configure' from command line to 'False'
[0.305s] Level 5:colcon.colcon_core.verb:set package 'movement_controllers' build argument 'ament_cmake_args' from command line to 'None'
[0.305s] Level 5:colcon.colcon_core.verb:set package 'movement_controllers' build argument 'catkin_cmake_args' from command line to 'None'
[0.305s] Level 5:colcon.colcon_core.verb:set package 'movement_controllers' build argument 'catkin_skip_building_tests' from command line to 'False'
[0.305s] DEBUG:colcon.colcon_core.verb:Building package 'movement_controllers' with the following arguments: {'ament_cmake_args': None, 'build_base': '/home/darudecookie/Documents/V2-Robot-Arm/software/ros2/src/build/movement_controllers', 'catkin_cmake_args': None, 'catkin_skip_building_tests': False, 'cmake_args': None, 'cmake_clean_cache': False, 'cmake_clean_first': False, 'cmake_force_configure': False, 'cmake_target': None, 'cmake_target_skip_unavailable': False, 'install_base': '/home/darudecookie/Documents/V2-Robot-Arm/software/ros2/src/install/movement_controllers', 'merge_install': False, 'path': '/home/darudecookie/Documents/V2-Robot-Arm/software/ros2/src/movement_controllers', 'symlink_install': False, 'test_result_base': None}
[0.305s] INFO:colcon.colcon_core.executor:Executing jobs using 'parallel' executor
[0.306s] DEBUG:colcon.colcon_parallel_executor.executor.parallel:run_until_complete
[0.307s] INFO:colcon.colcon_ros.task.ament_cmake.build:Building ROS package in '/home/darudecookie/Documents/V2-Robot-Arm/software/ros2/src/v2_robot_arm_interfaces' with build type 'ament_cmake'
[0.307s] INFO:colcon.colcon_cmake.task.cmake.build:Building CMake package in '/home/darudecookie/Documents/V2-Robot-Arm/software/ros2/src/v2_robot_arm_interfaces'
[0.309s] INFO:colcon.colcon_core.plugin_system:Skipping extension 'colcon_core.shell.bat': Not used on non-Windows systems
[0.310s] INFO:colcon.colcon_core.shell:Skip shell extension 'powershell' for command environment: Not usable outside of PowerShell
[0.310s] DEBUG:colcon.colcon_core.shell:Skip shell extension 'dsv' for command environment
[0.314s] INFO:colcon.colcon_ros.task.ament_python.build:Building ROS package in '/home/darudecookie/Documents/V2-Robot-Arm/software/ros2/src/ros_controller_interface' with build type 'ament_python'
[0.314s] Level 1:colcon.colcon_core.shell:create_environment_hook('ros_controller_interface', 'ament_prefix_path')
[0.315s] INFO:colcon.colcon_core.shell:Creating environment hook '/home/darudecookie/Documents/V2-Robot-Arm/software/ros2/src/install/ros_controller_interface/share/ros_controller_interface/hook/ament_prefix_path.ps1'
[0.316s] INFO:colcon.colcon_core.shell:Creating environment descriptor '/home/darudecookie/Documents/V2-Robot-Arm/software/ros2/src/install/ros_controller_interface/share/ros_controller_interface/hook/ament_prefix_path.dsv'
[0.317s] INFO:colcon.colcon_core.shell:Creating environment hook '/home/darudecookie/Documents/V2-Robot-Arm/software/ros2/src/install/ros_controller_interface/share/ros_controller_interface/hook/ament_prefix_path.sh'
[0.318s] INFO:colcon.colcon_core.shell:Skip shell extension 'powershell' for command environment: Not usable outside of PowerShell
[0.318s] DEBUG:colcon.colcon_core.shell:Skip shell extension 'dsv' for command environment
[0.332s] DEBUG:colcon.colcon_core.event_handler.log_command:Invoking command in '/home/darudecookie/Documents/V2-Robot-Arm/software/ros2/src/build/v2_robot_arm_interfaces': CMAKE_PREFIX_PATH=${CMAKE_PREFIX_PATH}:/home/darudecookie/Documents/V2-Robot-Arm/software/ros2/src/install/movement_controllers:/home/darudecookie/Documents/V2-Robot-Arm/software/ros2/src/install/hardware_interface:/home/darudecookie/Documents/V2-Robot-Arm/software/ros2/src/install/ros_controller_interface:/opt/ros/rolling DEBUGINFOD_URLS=https://debuginfod.ubuntu.com /usr/bin/cmake --build /home/darudecookie/Documents/V2-Robot-Arm/software/ros2/src/build/v2_robot_arm_interfaces -- -j4 -l4
[0.872s] INFO:colcon.colcon_core.task.python.build:Building Python package in '/home/darudecookie/Documents/V2-Robot-Arm/software/ros2/src/ros_controller_interface'
[0.872s] INFO:colcon.colcon_core.shell:Skip shell extension 'powershell' for command environment: Not usable outside of PowerShell
[0.872s] DEBUG:colcon.colcon_core.shell:Skip shell extension 'dsv' for command environment
[1.273s] DEBUG:colcon.colcon_core.event_handler.log_command:Invoked command in '/home/darudecookie/Documents/V2-Robot-Arm/software/ros2/src/build/v2_robot_arm_interfaces' returned '0': CMAKE_PREFIX_PATH=${CMAKE_PREFIX_PATH}:/home/darudecookie/Documents/V2-Robot-Arm/software/ros2/src/install/movement_controllers:/home/darudecookie/Documents/V2-Robot-Arm/software/ros2/src/install/hardware_interface:/home/darudecookie/Documents/V2-Robot-Arm/software/ros2/src/install/ros_controller_interface:/opt/ros/rolling DEBUGINFOD_URLS=https://debuginfod.ubuntu.com /usr/bin/cmake --build /home/darudecookie/Documents/V2-Robot-Arm/software/ros2/src/build/v2_robot_arm_interfaces -- -j4 -l4
[1.732s] DEBUG:colcon.colcon_core.event_handler.log_command:Invoking command in '/home/darudecookie/Documents/V2-Robot-Arm/software/ros2/src/build/v2_robot_arm_interfaces': CMAKE_PREFIX_PATH=${CMAKE_PREFIX_PATH}:/home/darudecookie/Documents/V2-Robot-Arm/software/ros2/src/install/movement_controllers:/home/darudecookie/Documents/V2-Robot-Arm/software/ros2/src/install/hardware_interface:/home/darudecookie/Documents/V2-Robot-Arm/software/ros2/src/install/ros_controller_interface:/opt/ros/rolling DEBUGINFOD_URLS=https://debuginfod.ubuntu.com /usr/bin/cmake --install /home/darudecookie/Documents/V2-Robot-Arm/software/ros2/src/build/v2_robot_arm_interfaces
[1.906s] Level 1:colcon.colcon_core.environment:create_environment_scripts_only(v2_robot_arm_interfaces)
[1.910s] DEBUG:colcon.colcon_core.event_handler.log_command:Invoked command in '/home/darudecookie/Documents/V2-Robot-Arm/software/ros2/src/build/v2_robot_arm_interfaces' returned '0': CMAKE_PREFIX_PATH=${CMAKE_PREFIX_PATH}:/home/darudecookie/Documents/V2-Robot-Arm/software/ros2/src/install/movement_controllers:/home/darudecookie/Documents/V2-Robot-Arm/software/ros2/src/install/hardware_interface:/home/darudecookie/Documents/V2-Robot-Arm/software/ros2/src/install/ros_controller_interface:/opt/ros/rolling DEBUGINFOD_URLS=https://debuginfod.ubuntu.com /usr/bin/cmake --install /home/darudecookie/Documents/V2-Robot-Arm/software/ros2/src/build/v2_robot_arm_interfaces
[1.914s] Level 1:colcon.colcon_core.environment:checking '/home/darudecookie/Documents/V2-Robot-Arm/software/ros2/src/install/v2_robot_arm_interfaces' for CMake module files
[1.915s] Level 1:colcon.colcon_core.environment:checking '/home/darudecookie/Documents/V2-Robot-Arm/software/ros2/src/install/v2_robot_arm_interfaces' for CMake config files
[1.916s] Level 1:colcon.colcon_core.shell:create_environment_hook('v2_robot_arm_interfaces', 'cmake_prefix_path')
[1.916s] INFO:colcon.colcon_core.shell:Creating environment hook '/home/darudecookie/Documents/V2-Robot-Arm/software/ros2/src/install/v2_robot_arm_interfaces/share/v2_robot_arm_interfaces/hook/cmake_prefix_path.ps1'
[1.917s] INFO:colcon.colcon_core.shell:Creating environment descriptor '/home/darudecookie/Documents/V2-Robot-Arm/software/ros2/src/install/v2_robot_arm_interfaces/share/v2_robot_arm_interfaces/hook/cmake_prefix_path.dsv'
[1.917s] INFO:colcon.colcon_core.shell:Creating environment hook '/home/darudecookie/Documents/V2-Robot-Arm/software/ros2/src/install/v2_robot_arm_interfaces/share/v2_robot_arm_interfaces/hook/cmake_prefix_path.sh'
[1.918s] Level 1:colcon.colcon_core.environment:checking '/home/darudecookie/Documents/V2-Robot-Arm/software/ros2/src/install/v2_robot_arm_interfaces/lib'
[1.918s] Level 1:colcon.colcon_core.shell:create_environment_hook('v2_robot_arm_interfaces', 'ld_library_path_lib')
[1.919s] INFO:colcon.colcon_core.shell:Creating environment hook '/home/darudecookie/Documents/V2-Robot-Arm/software/ros2/src/install/v2_robot_arm_interfaces/share/v2_robot_arm_interfaces/hook/ld_library_path_lib.ps1'
[1.919s] INFO:colcon.colcon_core.shell:Creating environment descriptor '/home/darudecookie/Documents/V2-Robot-Arm/software/ros2/src/install/v2_robot_arm_interfaces/share/v2_robot_arm_interfaces/hook/ld_library_path_lib.dsv'
[1.921s] INFO:colcon.colcon_core.shell:Creating environment hook '/home/darudecookie/Documents/V2-Robot-Arm/software/ros2/src/install/v2_robot_arm_interfaces/share/v2_robot_arm_interfaces/hook/ld_library_path_lib.sh'
[1.921s] Level 1:colcon.colcon_core.environment:checking '/home/darudecookie/Documents/V2-Robot-Arm/software/ros2/src/install/v2_robot_arm_interfaces/bin'
[1.921s] Level 1:colcon.colcon_core.environment:checking '/home/darudecookie/Documents/V2-Robot-Arm/software/ros2/src/install/v2_robot_arm_interfaces/lib/pkgconfig/v2_robot_arm_interfaces.pc'
[1.922s] Level 1:colcon.colcon_core.environment:checking '/home/darudecookie/Documents/V2-Robot-Arm/software/ros2/src/install/v2_robot_arm_interfaces/lib/python3.12/site-packages'
[1.922s] Level 1:colcon.colcon_core.shell:create_environment_hook('v2_robot_arm_interfaces', 'pythonpath')
[1.922s] INFO:colcon.colcon_core.shell:Creating environment hook '/home/darudecookie/Documents/V2-Robot-Arm/software/ros2/src/install/v2_robot_arm_interfaces/share/v2_robot_arm_interfaces/hook/pythonpath.ps1'
[1.923s] INFO:colcon.colcon_core.shell:Creating environment descriptor '/home/darudecookie/Documents/V2-Robot-Arm/software/ros2/src/install/v2_robot_arm_interfaces/share/v2_robot_arm_interfaces/hook/pythonpath.dsv'
[1.924s] INFO:colcon.colcon_core.shell:Creating environment hook '/home/darudecookie/Documents/V2-Robot-Arm/software/ros2/src/install/v2_robot_arm_interfaces/share/v2_robot_arm_interfaces/hook/pythonpath.sh'
[1.925s] Level 1:colcon.colcon_core.environment:checking '/home/darudecookie/Documents/V2-Robot-Arm/software/ros2/src/install/v2_robot_arm_interfaces/bin'
[1.926s] INFO:colcon.colcon_core.shell:Creating package script '/home/darudecookie/Documents/V2-Robot-Arm/software/ros2/src/install/v2_robot_arm_interfaces/share/v2_robot_arm_interfaces/package.ps1'
[1.927s] INFO:colcon.colcon_core.shell:Creating package descriptor '/home/darudecookie/Documents/V2-Robot-Arm/software/ros2/src/install/v2_robot_arm_interfaces/share/v2_robot_arm_interfaces/package.dsv'
[1.928s] INFO:colcon.colcon_core.shell:Creating package script '/home/darudecookie/Documents/V2-Robot-Arm/software/ros2/src/install/v2_robot_arm_interfaces/share/v2_robot_arm_interfaces/package.sh'
[1.930s] INFO:colcon.colcon_core.shell:Creating package script '/home/darudecookie/Documents/V2-Robot-Arm/software/ros2/src/install/v2_robot_arm_interfaces/share/v2_robot_arm_interfaces/package.bash'
[1.931s] INFO:colcon.colcon_core.shell:Creating package script '/home/darudecookie/Documents/V2-Robot-Arm/software/ros2/src/install/v2_robot_arm_interfaces/share/v2_robot_arm_interfaces/package.zsh'
[1.932s] Level 1:colcon.colcon_core.environment:create_file_with_runtime_dependencies(/home/darudecookie/Documents/V2-Robot-Arm/software/ros2/src/install/v2_robot_arm_interfaces/share/colcon-core/packages/v2_robot_arm_interfaces)
[2.021s] DEBUG:colcon.colcon_core.event_handler.log_command:Invoking command in '/home/darudecookie/Documents/V2-Robot-Arm/software/ros2/src/ros_controller_interface': DEBUGINFOD_URLS=https://debuginfod.ubuntu.com PYTHONPATH=/home/darudecookie/Documents/V2-Robot-Arm/software/ros2/src/build/ros_controller_interface/prefix_override:/home/darudecookie/Documents/V2-Robot-Arm/software/ros2/src/install/ros_controller_interface/lib/python3.12/site-packages:${PYTHONPATH} /usr/bin/python3 -W ignore:setup.py install is deprecated setup.py egg_info --egg-base ../build/ros_controller_interface build --build-base /home/darudecookie/Documents/V2-Robot-Arm/software/ros2/src/build/ros_controller_interface/build install --record /home/darudecookie/Documents/V2-Robot-Arm/software/ros2/src/build/ros_controller_interface/install.log --single-version-externally-managed install_data
[2.476s] Level 1:colcon.colcon_core.environment:create_environment_scripts_only(v2_robot_arm_interfaces)
[2.477s] Level 1:colcon.colcon_core.environment:checking '/home/darudecookie/Documents/V2-Robot-Arm/software/ros2/src/install/v2_robot_arm_interfaces' for CMake module files
[2.478s] Level 1:colcon.colcon_core.environment:checking '/home/darudecookie/Documents/V2-Robot-Arm/software/ros2/src/install/v2_robot_arm_interfaces' for CMake config files
[2.478s] Level 1:colcon.colcon_core.shell:create_environment_hook('v2_robot_arm_interfaces', 'cmake_prefix_path')
[2.478s] INFO:colcon.colcon_core.shell:Creating environment hook '/home/darudecookie/Documents/V2-Robot-Arm/software/ros2/src/install/v2_robot_arm_interfaces/share/v2_robot_arm_interfaces/hook/cmake_prefix_path.ps1'
[2.479s] INFO:colcon.colcon_core.shell:Creating environment descriptor '/home/darudecookie/Documents/V2-Robot-Arm/software/ros2/src/install/v2_robot_arm_interfaces/share/v2_robot_arm_interfaces/hook/cmake_prefix_path.dsv'
[2.479s] INFO:colcon.colcon_core.shell:Creating environment hook '/home/darudecookie/Documents/V2-Robot-Arm/software/ros2/src/install/v2_robot_arm_interfaces/share/v2_robot_arm_interfaces/hook/cmake_prefix_path.sh'
[2.480s] Level 1:colcon.colcon_core.environment:checking '/home/darudecookie/Documents/V2-Robot-Arm/software/ros2/src/install/v2_robot_arm_interfaces/lib'
[2.480s] Level 1:colcon.colcon_core.shell:create_environment_hook('v2_robot_arm_interfaces', 'ld_library_path_lib')
[2.480s] INFO:colcon.colcon_core.shell:Creating environment hook '/home/darudecookie/Documents/V2-Robot-Arm/software/ros2/src/install/v2_robot_arm_interfaces/share/v2_robot_arm_interfaces/hook/ld_library_path_lib.ps1'
[2.481s] INFO:colcon.colcon_core.shell:Creating environment descriptor '/home/darudecookie/Documents/V2-Robot-Arm/software/ros2/src/install/v2_robot_arm_interfaces/share/v2_robot_arm_interfaces/hook/ld_library_path_lib.dsv'
[2.481s] INFO:colcon.colcon_core.shell:Creating environment hook '/home/darudecookie/Documents/V2-Robot-Arm/software/ros2/src/install/v2_robot_arm_interfaces/share/v2_robot_arm_interfaces/hook/ld_library_path_lib.sh'
[2.482s] Level 1:colcon.colcon_core.environment:checking '/home/darudecookie/Documents/V2-Robot-Arm/software/ros2/src/install/v2_robot_arm_interfaces/bin'
[2.482s] Level 1:colcon.colcon_core.environment:checking '/home/darudecookie/Documents/V2-Robot-Arm/software/ros2/src/install/v2_robot_arm_interfaces/lib/pkgconfig/v2_robot_arm_interfaces.pc'
[2.482s] Level 1:colcon.colcon_core.environment:checking '/home/darudecookie/Documents/V2-Robot-Arm/software/ros2/src/install/v2_robot_arm_interfaces/lib/python3.12/site-packages'
[2.483s] Level 1:colcon.colcon_core.shell:create_environment_hook('v2_robot_arm_interfaces', 'pythonpath')
[2.483s] INFO:colcon.colcon_core.shell:Creating environment hook '/home/darudecookie/Documents/V2-Robot-Arm/software/ros2/src/install/v2_robot_arm_interfaces/share/v2_robot_arm_interfaces/hook/pythonpath.ps1'
[2.483s] INFO:colcon.colcon_core.shell:Creating environment descriptor '/home/darudecookie/Documents/V2-Robot-Arm/software/ros2/src/install/v2_robot_arm_interfaces/share/v2_robot_arm_interfaces/hook/pythonpath.dsv'
[2.484s] INFO:colcon.colcon_core.shell:Creating environment hook '/home/darudecookie/Documents/V2-Robot-Arm/software/ros2/src/install/v2_robot_arm_interfaces/share/v2_robot_arm_interfaces/hook/pythonpath.sh'
[2.485s] Level 1:colcon.colcon_core.environment:checking '/home/darudecookie/Documents/V2-Robot-Arm/software/ros2/src/install/v2_robot_arm_interfaces/bin'
[2.485s] INFO:colcon.colcon_core.shell:Creating package script '/home/darudecookie/Documents/V2-Robot-Arm/software/ros2/src/install/v2_robot_arm_interfaces/share/v2_robot_arm_interfaces/package.ps1'
[2.486s] INFO:colcon.colcon_core.shell:Creating package descriptor '/home/darudecookie/Documents/V2-Robot-Arm/software/ros2/src/install/v2_robot_arm_interfaces/share/v2_robot_arm_interfaces/package.dsv'
[2.486s] INFO:colcon.colcon_core.shell:Creating package script '/home/darudecookie/Documents/V2-Robot-Arm/software/ros2/src/install/v2_robot_arm_interfaces/share/v2_robot_arm_interfaces/package.sh'
[2.487s] INFO:colcon.colcon_core.shell:Creating package script '/home/darudecookie/Documents/V2-Robot-Arm/software/ros2/src/install/v2_robot_arm_interfaces/share/v2_robot_arm_interfaces/package.bash'
[2.488s] INFO:colcon.colcon_core.shell:Creating package script '/home/darudecookie/Documents/V2-Robot-Arm/software/ros2/src/install/v2_robot_arm_interfaces/share/v2_robot_arm_interfaces/package.zsh'
[2.488s] Level 1:colcon.colcon_core.environment:create_file_with_runtime_dependencies(/home/darudecookie/Documents/V2-Robot-Arm/software/ros2/src/install/v2_robot_arm_interfaces/share/colcon-core/packages/v2_robot_arm_interfaces)
[2.489s] INFO:colcon.colcon_ros.task.ament_python.build:Building ROS package in '/home/darudecookie/Documents/V2-Robot-Arm/software/ros2/src/hardware_interface' with build type 'ament_python'
[2.489s] Level 1:colcon.colcon_core.shell:create_environment_hook('hardware_interface', 'ament_prefix_path')
[2.489s] INFO:colcon.colcon_core.shell:Creating environment hook '/home/darudecookie/Documents/V2-Robot-Arm/software/ros2/src/install/hardware_interface/share/hardware_interface/hook/ament_prefix_path.ps1'
[2.490s] INFO:colcon.colcon_core.shell:Creating environment descriptor '/home/darudecookie/Documents/V2-Robot-Arm/software/ros2/src/install/hardware_interface/share/hardware_interface/hook/ament_prefix_path.dsv'
[2.491s] INFO:colcon.colcon_core.shell:Creating environment hook '/home/darudecookie/Documents/V2-Robot-Arm/software/ros2/src/install/hardware_interface/share/hardware_interface/hook/ament_prefix_path.sh'
[2.492s] INFO:colcon.colcon_core.shell:Skip shell extension 'powershell' for command environment: Not usable outside of PowerShell
[2.492s] DEBUG:colcon.colcon_core.shell:Skip shell extension 'dsv' for command environment
[2.498s] INFO:colcon.colcon_ros.task.ament_python.build:Building ROS package in '/home/darudecookie/Documents/V2-Robot-Arm/software/ros2/src/movement_controllers' with build type 'ament_python'
[2.498s] Level 1:colcon.colcon_core.shell:create_environment_hook('movement_controllers', 'ament_prefix_path')
[2.499s] INFO:colcon.colcon_core.shell:Creating environment hook '/home/darudecookie/Documents/V2-Robot-Arm/software/ros2/src/install/movement_controllers/share/movement_controllers/hook/ament_prefix_path.ps1'
[2.499s] INFO:colcon.colcon_core.shell:Creating environment descriptor '/home/darudecookie/Documents/V2-Robot-Arm/software/ros2/src/install/movement_controllers/share/movement_controllers/hook/ament_prefix_path.dsv'
[2.500s] INFO:colcon.colcon_core.shell:Creating environment hook '/home/darudecookie/Documents/V2-Robot-Arm/software/ros2/src/install/movement_controllers/share/movement_controllers/hook/ament_prefix_path.sh'
[2.501s] INFO:colcon.colcon_core.shell:Skip shell extension 'powershell' for command environment: Not usable outside of PowerShell
[2.501s] DEBUG:colcon.colcon_core.shell:Skip shell extension 'dsv' for command environment
[2.960s] INFO:colcon.colcon_core.task.python.build:Building Python package in '/home/darudecookie/Documents/V2-Robot-Arm/software/ros2/src/hardware_interface'
[2.961s] INFO:colcon.colcon_core.shell:Skip shell extension 'powershell' for command environment: Not usable outside of PowerShell
[2.961s] DEBUG:colcon.colcon_core.shell:Skip shell extension 'dsv' for command environment
[3.293s] INFO:colcon.colcon_core.task.python.build:Building Python package in '/home/darudecookie/Documents/V2-Robot-Arm/software/ros2/src/movement_controllers'
[3.294s] INFO:colcon.colcon_core.shell:Skip shell extension 'powershell' for command environment: Not usable outside of PowerShell
[3.294s] DEBUG:colcon.colcon_core.shell:Skip shell extension 'dsv' for command environment
[3.302s] Level 1:colcon.colcon_core.environment:checking '/home/darudecookie/Documents/V2-Robot-Arm/software/ros2/src/install/ros_controller_interface' for CMake module files
[3.304s] Level 1:colcon.colcon_core.environment:checking '/home/darudecookie/Documents/V2-Robot-Arm/software/ros2/src/install/ros_controller_interface' for CMake config files
[3.302s] DEBUG:colcon.colcon_core.event_handler.log_command:Invoked command in '/home/darudecookie/Documents/V2-Robot-Arm/software/ros2/src/ros_controller_interface' returned '0': DEBUGINFOD_URLS=https://debuginfod.ubuntu.com PYTHONPATH=/home/darudecookie/Documents/V2-Robot-Arm/software/ros2/src/build/ros_controller_interface/prefix_override:/home/darudecookie/Documents/V2-Robot-Arm/software/ros2/src/install/ros_controller_interface/lib/python3.12/site-packages:${PYTHONPATH} /usr/bin/python3 -W ignore:setup.py install is deprecated setup.py egg_info --egg-base ../build/ros_controller_interface build --build-base /home/darudecookie/Documents/V2-Robot-Arm/software/ros2/src/build/ros_controller_interface/build install --record /home/darudecookie/Documents/V2-Robot-Arm/software/ros2/src/build/ros_controller_interface/install.log --single-version-externally-managed install_data
[3.305s] Level 1:colcon.colcon_core.environment:checking '/home/darudecookie/Documents/V2-Robot-Arm/software/ros2/src/install/ros_controller_interface/lib'
[3.305s] Level 1:colcon.colcon_core.environment:checking '/home/darudecookie/Documents/V2-Robot-Arm/software/ros2/src/install/ros_controller_interface/bin'
[3.305s] Level 1:colcon.colcon_core.environment:checking '/home/darudecookie/Documents/V2-Robot-Arm/software/ros2/src/install/ros_controller_interface/lib/pkgconfig/ros_controller_interface.pc'
[3.306s] Level 1:colcon.colcon_core.environment:checking '/home/darudecookie/Documents/V2-Robot-Arm/software/ros2/src/install/ros_controller_interface/lib/python3.12/site-packages'
[3.306s] Level 1:colcon.colcon_core.shell:create_environment_hook('ros_controller_interface', 'pythonpath')
[3.306s] INFO:colcon.colcon_core.shell:Creating environment hook '/home/darudecookie/Documents/V2-Robot-Arm/software/ros2/src/install/ros_controller_interface/share/ros_controller_interface/hook/pythonpath.ps1'
[3.307s] INFO:colcon.colcon_core.shell:Creating environment descriptor '/home/darudecookie/Documents/V2-Robot-Arm/software/ros2/src/install/ros_controller_interface/share/ros_controller_interface/hook/pythonpath.dsv'
[3.307s] INFO:colcon.colcon_core.shell:Creating environment hook '/home/darudecookie/Documents/V2-Robot-Arm/software/ros2/src/install/ros_controller_interface/share/ros_controller_interface/hook/pythonpath.sh'
[3.308s] Level 1:colcon.colcon_core.environment:checking '/home/darudecookie/Documents/V2-Robot-Arm/software/ros2/src/install/ros_controller_interface/bin'
[3.308s] Level 1:colcon.colcon_core.environment:create_environment_scripts_only(ros_controller_interface)
[3.309s] INFO:colcon.colcon_core.shell:Creating package script '/home/darudecookie/Documents/V2-Robot-Arm/software/ros2/src/install/ros_controller_interface/share/ros_controller_interface/package.ps1'
[3.310s] INFO:colcon.colcon_core.shell:Creating package descriptor '/home/darudecookie/Documents/V2-Robot-Arm/software/ros2/src/install/ros_controller_interface/share/ros_controller_interface/package.dsv'
[3.310s] INFO:colcon.colcon_core.shell:Creating package script '/home/darudecookie/Documents/V2-Robot-Arm/software/ros2/src/install/ros_controller_interface/share/ros_controller_interface/package.sh'
[3.311s] INFO:colcon.colcon_core.shell:Creating package script '/home/darudecookie/Documents/V2-Robot-Arm/software/ros2/src/install/ros_controller_interface/share/ros_controller_interface/package.bash'
[3.312s] INFO:colcon.colcon_core.shell:Creating package script '/home/darudecookie/Documents/V2-Robot-Arm/software/ros2/src/install/ros_controller_interface/share/ros_controller_interface/package.zsh'
[3.312s] Level 1:colcon.colcon_core.environment:create_file_with_runtime_dependencies(/home/darudecookie/Documents/V2-Robot-Arm/software/ros2/src/install/ros_controller_interface/share/colcon-core/packages/ros_controller_interface)
[4.259s] DEBUG:colcon.colcon_core.event_handler.log_command:Invoking command in '/home/darudecookie/Documents/V2-Robot-Arm/software/ros2/src/movement_controllers': DEBUGINFOD_URLS=https://debuginfod.ubuntu.com PYTHONPATH=/home/darudecookie/Documents/V2-Robot-Arm/software/ros2/src/build/movement_controllers/prefix_override:/home/darudecookie/Documents/V2-Robot-Arm/software/ros2/src/install/movement_controllers/lib/python3.12/site-packages:/home/darudecookie/Documents/V2-Robot-Arm/software/ros2/src/install/v2_robot_arm_interfaces/lib/python3.12/site-packages:/home/darudecookie/Documents/V2-Robot-Arm/software/ros2/src/install/movement_controllers/lib/python3.12/site-packages:/home/darudecookie/Documents/V2-Robot-Arm/software/ros2/src/install/hardware_interface/lib/python3.12/site-packages:/home/darudecookie/Documents/V2-Robot-Arm/software/ros2/src/install/ros_controller_interface/lib/python3.12/site-packages:/opt/ros/rolling/lib/python3.12/site-packages /usr/bin/python3 -W ignore:setup.py install is deprecated setup.py egg_info --egg-base ../build/movement_controllers build --build-base /home/darudecookie/Documents/V2-Robot-Arm/software/ros2/src/build/movement_controllers/build install --record /home/darudecookie/Documents/V2-Robot-Arm/software/ros2/src/build/movement_controllers/install.log --single-version-externally-managed install_data
[4.280s] DEBUG:colcon.colcon_core.event_handler.log_command:Invoking command in '/home/darudecookie/Documents/V2-Robot-Arm/software/ros2/src/hardware_interface': DEBUGINFOD_URLS=https://debuginfod.ubuntu.com PYTHONPATH=/home/darudecookie/Documents/V2-Robot-Arm/software/ros2/src/build/hardware_interface/prefix_override:/home/darudecookie/Documents/V2-Robot-Arm/software/ros2/src/install/hardware_interface/lib/python3.12/site-packages:/home/darudecookie/Documents/V2-Robot-Arm/software/ros2/src/install/v2_robot_arm_interfaces/lib/python3.12/site-packages:/home/darudecookie/Documents/V2-Robot-Arm/software/ros2/src/install/movement_controllers/lib/python3.12/site-packages:/home/darudecookie/Documents/V2-Robot-Arm/software/ros2/src/install/hardware_interface/lib/python3.12/site-packages:/home/darudecookie/Documents/V2-Robot-Arm/software/ros2/src/install/ros_controller_interface/lib/python3.12/site-packages:/opt/ros/rolling/lib/python3.12/site-packages /usr/bin/python3 -W ignore:setup.py install is deprecated setup.py egg_info --egg-base ../build/hardware_interface build --build-base /home/darudecookie/Documents/V2-Robot-Arm/software/ros2/src/build/hardware_interface/build install --record /home/darudecookie/Documents/V2-Robot-Arm/software/ros2/src/build/hardware_interface/install.log --single-version-externally-managed install_data
[5.202s] Level 1:colcon.colcon_core.environment:checking '/home/darudecookie/Documents/V2-Robot-Arm/software/ros2/src/install/movement_controllers' for CMake module files
[5.202s] DEBUG:colcon.colcon_core.event_handler.log_command:Invoked command in '/home/darudecookie/Documents/V2-Robot-Arm/software/ros2/src/movement_controllers' returned '0': DEBUGINFOD_URLS=https://debuginfod.ubuntu.com PYTHONPATH=/home/darudecookie/Documents/V2-Robot-Arm/software/ros2/src/build/movement_controllers/prefix_override:/home/darudecookie/Documents/V2-Robot-Arm/software/ros2/src/install/movement_controllers/lib/python3.12/site-packages:/home/darudecookie/Documents/V2-Robot-Arm/software/ros2/src/install/v2_robot_arm_interfaces/lib/python3.12/site-packages:/home/darudecookie/Documents/V2-Robot-Arm/software/ros2/src/install/movement_controllers/lib/python3.12/site-packages:/home/darudecookie/Documents/V2-Robot-Arm/software/ros2/src/install/hardware_interface/lib/python3.12/site-packages:/home/darudecookie/Documents/V2-Robot-Arm/software/ros2/src/install/ros_controller_interface/lib/python3.12/site-packages:/opt/ros/rolling/lib/python3.12/site-packages /usr/bin/python3 -W ignore:setup.py install is deprecated setup.py egg_info --egg-base ../build/movement_controllers build --build-base /home/darudecookie/Documents/V2-Robot-Arm/software/ros2/src/build/movement_controllers/build install --record /home/darudecookie/Documents/V2-Robot-Arm/software/ros2/src/build/movement_controllers/install.log --single-version-externally-managed install_data
[5.203s] Level 1:colcon.colcon_core.environment:checking '/home/darudecookie/Documents/V2-Robot-Arm/software/ros2/src/install/movement_controllers' for CMake config files
[5.204s] Level 1:colcon.colcon_core.environment:checking '/home/darudecookie/Documents/V2-Robot-Arm/software/ros2/src/install/movement_controllers/lib'
[5.204s] Level 1:colcon.colcon_core.environment:checking '/home/darudecookie/Documents/V2-Robot-Arm/software/ros2/src/install/movement_controllers/bin'
[5.204s] Level 1:colcon.colcon_core.environment:checking '/home/darudecookie/Documents/V2-Robot-Arm/software/ros2/src/install/movement_controllers/lib/pkgconfig/movement_controllers.pc'
[5.205s] Level 1:colcon.colcon_core.environment:checking '/home/darudecookie/Documents/V2-Robot-Arm/software/ros2/src/install/movement_controllers/lib/python3.12/site-packages'
[5.205s] Level 1:colcon.colcon_core.shell:create_environment_hook('movement_controllers', 'pythonpath')
[5.205s] INFO:colcon.colcon_core.shell:Creating environment hook '/home/darudecookie/Documents/V2-Robot-Arm/software/ros2/src/install/movement_controllers/share/movement_controllers/hook/pythonpath.ps1'
[5.206s] INFO:colcon.colcon_core.shell:Creating environment descriptor '/home/darudecookie/Documents/V2-Robot-Arm/software/ros2/src/install/movement_controllers/share/movement_controllers/hook/pythonpath.dsv'
[5.206s] INFO:colcon.colcon_core.shell:Creating environment hook '/home/darudecookie/Documents/V2-Robot-Arm/software/ros2/src/install/movement_controllers/share/movement_controllers/hook/pythonpath.sh'
[5.207s] Level 1:colcon.colcon_core.environment:checking '/home/darudecookie/Documents/V2-Robot-Arm/software/ros2/src/install/movement_controllers/bin'
[5.207s] Level 1:colcon.colcon_core.environment:create_environment_scripts_only(movement_controllers)
[5.208s] INFO:colcon.colcon_core.shell:Creating package script '/home/darudecookie/Documents/V2-Robot-Arm/software/ros2/src/install/movement_controllers/share/movement_controllers/package.ps1'
[5.208s] INFO:colcon.colcon_core.shell:Creating package descriptor '/home/darudecookie/Documents/V2-Robot-Arm/software/ros2/src/install/movement_controllers/share/movement_controllers/package.dsv'
[5.209s] INFO:colcon.colcon_core.shell:Creating package script '/home/darudecookie/Documents/V2-Robot-Arm/software/ros2/src/install/movement_controllers/share/movement_controllers/package.sh'
[5.210s] INFO:colcon.colcon_core.shell:Creating package script '/home/darudecookie/Documents/V2-Robot-Arm/software/ros2/src/install/movement_controllers/share/movement_controllers/package.bash'
[5.210s] INFO:colcon.colcon_core.shell:Creating package script '/home/darudecookie/Documents/V2-Robot-Arm/software/ros2/src/install/movement_controllers/share/movement_controllers/package.zsh'
[5.211s] Level 1:colcon.colcon_core.environment:create_file_with_runtime_dependencies(/home/darudecookie/Documents/V2-Robot-Arm/software/ros2/src/install/movement_controllers/share/colcon-core/packages/movement_controllers)
[5.212s] Level 1:colcon.colcon_core.environment:checking '/home/darudecookie/Documents/V2-Robot-Arm/software/ros2/src/install/hardware_interface' for CMake module files
[5.213s] DEBUG:colcon.colcon_core.event_handler.log_command:Invoked command in '/home/darudecookie/Documents/V2-Robot-Arm/software/ros2/src/hardware_interface' returned '0': DEBUGINFOD_URLS=https://debuginfod.ubuntu.com PYTHONPATH=/home/darudecookie/Documents/V2-Robot-Arm/software/ros2/src/build/hardware_interface/prefix_override:/home/darudecookie/Documents/V2-Robot-Arm/software/ros2/src/install/hardware_interface/lib/python3.12/site-packages:/home/darudecookie/Documents/V2-Robot-Arm/software/ros2/src/install/v2_robot_arm_interfaces/lib/python3.12/site-packages:/home/darudecookie/Documents/V2-Robot-Arm/software/ros2/src/install/movement_controllers/lib/python3.12/site-packages:/home/darudecookie/Documents/V2-Robot-Arm/software/ros2/src/install/hardware_interface/lib/python3.12/site-packages:/home/darudecookie/Documents/V2-Robot-Arm/software/ros2/src/install/ros_controller_interface/lib/python3.12/site-packages:/opt/ros/rolling/lib/python3.12/site-packages /usr/bin/python3 -W ignore:setup.py install is deprecated setup.py egg_info --egg-base ../build/hardware_interface build --build-base /home/darudecookie/Documents/V2-Robot-Arm/software/ros2/src/build/hardware_interface/build install --record /home/darudecookie/Documents/V2-Robot-Arm/software/ros2/src/build/hardware_interface/install.log --single-version-externally-managed install_data
[5.214s] Level 1:colcon.colcon_core.environment:checking '/home/darudecookie/Documents/V2-Robot-Arm/software/ros2/src/install/hardware_interface' for CMake config files
[5.214s] Level 1:colcon.colcon_core.environment:checking '/home/darudecookie/Documents/V2-Robot-Arm/software/ros2/src/install/hardware_interface/lib'
[5.215s] Level 1:colcon.colcon_core.environment:checking '/home/darudecookie/Documents/V2-Robot-Arm/software/ros2/src/install/hardware_interface/bin'
[5.215s] Level 1:colcon.colcon_core.environment:checking '/home/darudecookie/Documents/V2-Robot-Arm/software/ros2/src/install/hardware_interface/lib/pkgconfig/hardware_interface.pc'
[5.215s] Level 1:colcon.colcon_core.environment:checking '/home/darudecookie/Documents/V2-Robot-Arm/software/ros2/src/install/hardware_interface/lib/python3.12/site-packages'
[5.215s] Level 1:colcon.colcon_core.shell:create_environment_hook('hardware_interface', 'pythonpath')
[5.215s] INFO:colcon.colcon_core.shell:Creating environment hook '/home/darudecookie/Documents/V2-Robot-Arm/software/ros2/src/install/hardware_interface/share/hardware_interface/hook/pythonpath.ps1'
[5.216s] INFO:colcon.colcon_core.shell:Creating environment descriptor '/home/darudecookie/Documents/V2-Robot-Arm/software/ros2/src/install/hardware_interface/share/hardware_interface/hook/pythonpath.dsv'
[5.216s] INFO:colcon.colcon_core.shell:Creating environment hook '/home/darudecookie/Documents/V2-Robot-Arm/software/ros2/src/install/hardware_interface/share/hardware_interface/hook/pythonpath.sh'
[5.217s] Level 1:colcon.colcon_core.environment:checking '/home/darudecookie/Documents/V2-Robot-Arm/software/ros2/src/install/hardware_interface/bin'
[5.217s] Level 1:colcon.colcon_core.environment:create_environment_scripts_only(hardware_interface)
[5.217s] INFO:colcon.colcon_core.shell:Creating package script '/home/darudecookie/Documents/V2-Robot-Arm/software/ros2/src/install/hardware_interface/share/hardware_interface/package.ps1'
[5.218s] INFO:colcon.colcon_core.shell:Creating package descriptor '/home/darudecookie/Documents/V2-Robot-Arm/software/ros2/src/install/hardware_interface/share/hardware_interface/package.dsv'
[5.219s] INFO:colcon.colcon_core.shell:Creating package script '/home/darudecookie/Documents/V2-Robot-Arm/software/ros2/src/install/hardware_interface/share/hardware_interface/package.sh'
[5.220s] INFO:colcon.colcon_core.shell:Creating package script '/home/darudecookie/Documents/V2-Robot-Arm/software/ros2/src/install/hardware_interface/share/hardware_interface/package.bash'
[5.220s] INFO:colcon.colcon_core.shell:Creating package script '/home/darudecookie/Documents/V2-Robot-Arm/software/ros2/src/install/hardware_interface/share/hardware_interface/package.zsh'
[5.221s] Level 1:colcon.colcon_core.environment:create_file_with_runtime_dependencies(/home/darudecookie/Documents/V2-Robot-Arm/software/ros2/src/install/hardware_interface/share/colcon-core/packages/hardware_interface)
[5.221s] DEBUG:colcon.colcon_parallel_executor.executor.parallel:closing loop
[5.222s] DEBUG:colcon.colcon_parallel_executor.executor.parallel:loop closed
[5.222s] DEBUG:colcon.colcon_parallel_executor.executor.parallel:run_until_complete finished with '0'
[5.222s] DEBUG:colcon.colcon_core.event_reactor:joining thread
[5.232s] INFO:colcon.colcon_core.plugin_system:Skipping extension 'colcon_notification.desktop_notification.terminal_notifier': Not used on non-Darwin systems
[5.232s] INFO:colcon.colcon_core.plugin_system:Skipping extension 'colcon_notification.desktop_notification.win32': Not used on non-Windows systems
[5.232s] INFO:colcon.colcon_notification.desktop_notification:Sending desktop notification using 'notify2'
[5.255s] DEBUG:colcon.colcon_core.event_reactor:joined thread
[5.255s] INFO:colcon.colcon_core.shell:Creating prefix script '/home/darudecookie/Documents/V2-Robot-Arm/software/ros2/src/install/local_setup.ps1'
[5.256s] INFO:colcon.colcon_core.shell:Creating prefix util module '/home/darudecookie/Documents/V2-Robot-Arm/software/ros2/src/install/_local_setup_util_ps1.py'
[5.258s] INFO:colcon.colcon_core.shell:Creating prefix chain script '/home/darudecookie/Documents/V2-Robot-Arm/software/ros2/src/install/setup.ps1'
[5.260s] INFO:colcon.colcon_core.shell:Creating prefix script '/home/darudecookie/Documents/V2-Robot-Arm/software/ros2/src/install/local_setup.sh'
[5.261s] INFO:colcon.colcon_core.shell:Creating prefix util module '/home/darudecookie/Documents/V2-Robot-Arm/software/ros2/src/install/_local_setup_util_sh.py'
[5.262s] INFO:colcon.colcon_core.shell:Creating prefix chain script '/home/darudecookie/Documents/V2-Robot-Arm/software/ros2/src/install/setup.sh'
[5.264s] INFO:colcon.colcon_core.shell:Creating prefix script '/home/darudecookie/Documents/V2-Robot-Arm/software/ros2/src/install/local_setup.bash'
[5.265s] INFO:colcon.colcon_core.shell:Creating prefix chain script '/home/darudecookie/Documents/V2-Robot-Arm/software/ros2/src/install/setup.bash'
[5.267s] INFO:colcon.colcon_core.shell:Creating prefix script '/home/darudecookie/Documents/V2-Robot-Arm/software/ros2/src/install/local_setup.zsh'
[5.268s] INFO:colcon.colcon_core.shell:Creating prefix chain script '/home/darudecookie/Documents/V2-Robot-Arm/software/ros2/src/install/setup.zsh'
