[0.905s] Invoking command in '/home/darudecookie/Documents/V2-Robot-Arm/software/ros2/src/hardware_interface': AMENT_PREFIX_PATH=/home/darudecookie/Documents/V2-Robot-Arm/software/ros2/install/v2_robot_arm_interfaces:${AMENT_PREFIX_PATH} CMAKE_PREFIX_PATH=/home/darudecookie/Documents/V2-Robot-Arm/software/ros2/install/v2_robot_arm_interfaces:${CMAKE_PREFIX_PATH} DEBUGINFOD_URLS=https://debuginfod.ubuntu.com LD_LIBRARY_PATH=/home/darudecookie/Documents/V2-Robot-Arm/software/ros2/install/v2_robot_arm_interfaces/lib:${LD_LIBRARY_PATH} PYTHONPATH=/home/darudecookie/Documents/V2-Robot-Arm/software/ros2/build/hardware_interface/prefix_override:/home/darudecookie/Documents/V2-Robot-Arm/software/ros2/install/hardware_interface/lib/python3.12/site-packages:/home/darudecookie/Documents/V2-Robot-Arm/software/ros2/install/v2_robot_arm_interfaces/lib/python3.12/site-packages:${PYTHONPATH} /usr/bin/python3 -W ignore:setup.py install is deprecated setup.py egg_info --egg-base ../../build/hardware_interface build --build-base /home/darudecookie/Documents/V2-Robot-Arm/software/ros2/build/hardware_interface/build install --record /home/darudecookie/Documents/V2-Robot-Arm/software/ros2/build/hardware_interface/install.log --single-version-externally-managed install_data
[1.212s] running egg_info
[1.236s] writing ../../build/hardware_interface/hardware_interface.egg-info/PKG-INFO
[1.239s] writing dependency_links to ../../build/hardware_interface/hardware_interface.egg-info/dependency_links.txt
[1.240s] writing entry points to ../../build/hardware_interface/hardware_interface.egg-info/entry_points.txt
[1.240s] writing requirements to ../../build/hardware_interface/hardware_interface.egg-info/requires.txt
[1.240s] writing top-level names to ../../build/hardware_interface/hardware_interface.egg-info/top_level.txt
[1.286s] reading manifest file '../../build/hardware_interface/hardware_interface.egg-info/SOURCES.txt'
[1.287s] writing manifest file '../../build/hardware_interface/hardware_interface.egg-info/SOURCES.txt'
[1.288s] running build
[1.288s] running build_py
[1.288s] copying hardware_interface/End_Effector_Controller_Node.py -> /home/darudecookie/Documents/V2-Robot-Arm/software/ros2/build/hardware_interface/build/lib/hardware_interface
[1.288s] copying hardware_interface/Microcontroller_Interface_Node.py -> /home/darudecookie/Documents/V2-Robot-Arm/software/ros2/build/hardware_interface/build/lib/hardware_interface
[1.289s] running install
[1.296s] running install_lib
[1.322s] copying /home/darudecookie/Documents/V2-Robot-Arm/software/ros2/build/hardware_interface/build/lib/hardware_interface/End_Effector_Controller_Node.py -> /home/darudecookie/Documents/V2-Robot-Arm/software/ros2/install/hardware_interface/lib/python3.12/site-packages/hardware_interface
[1.322s] copying /home/darudecookie/Documents/V2-Robot-Arm/software/ros2/build/hardware_interface/build/lib/hardware_interface/Microcontroller_Interface_Node.py -> /home/darudecookie/Documents/V2-Robot-Arm/software/ros2/install/hardware_interface/lib/python3.12/site-packages/hardware_interface
[1.323s] byte-compiling /home/darudecookie/Documents/V2-Robot-Arm/software/ros2/install/hardware_interface/lib/python3.12/site-packages/hardware_interface/End_Effector_Controller_Node.py to End_Effector_Controller_Node.cpython-312.pyc
[1.324s] byte-compiling /home/darudecookie/Documents/V2-Robot-Arm/software/ros2/install/hardware_interface/lib/python3.12/site-packages/hardware_interface/Microcontroller_Interface_Node.py to Microcontroller_Interface_Node.cpython-312.pyc
[1.327s] running install_data
[1.328s] running install_egg_info
[1.353s] removing '/home/darudecookie/Documents/V2-Robot-Arm/software/ros2/install/hardware_interface/lib/python3.12/site-packages/hardware_interface-0.0.1-py3.12.egg-info' (and everything under it)
[1.353s] Copying ../../build/hardware_interface/hardware_interface.egg-info to /home/darudecookie/Documents/V2-Robot-Arm/software/ros2/install/hardware_interface/lib/python3.12/site-packages/hardware_interface-0.0.1-py3.12.egg-info
[1.354s] running install_scripts
[1.508s] Installing End_Effector_Controller_Node script to /home/darudecookie/Documents/V2-Robot-Arm/software/ros2/install/hardware_interface/lib/hardware_interface
[1.510s] Installing Microcontroller_Interface_Node script to /home/darudecookie/Documents/V2-Robot-Arm/software/ros2/install/hardware_interface/lib/hardware_interface
[1.510s] writing list of installed files to '/home/darudecookie/Documents/V2-Robot-Arm/software/ros2/build/hardware_interface/install.log'
[1.544s] Invoked command in '/home/darudecookie/Documents/V2-Robot-Arm/software/ros2/src/hardware_interface' returned '0': AMENT_PREFIX_PATH=/home/darudecookie/Documents/V2-Robot-Arm/software/ros2/install/v2_robot_arm_interfaces:${AMENT_PREFIX_PATH} CMAKE_PREFIX_PATH=/home/darudecookie/Documents/V2-Robot-Arm/software/ros2/install/v2_robot_arm_interfaces:${CMAKE_PREFIX_PATH} DEBUGINFOD_URLS=https://debuginfod.ubuntu.com LD_LIBRARY_PATH=/home/darudecookie/Documents/V2-Robot-Arm/software/ros2/install/v2_robot_arm_interfaces/lib:${LD_LIBRARY_PATH} PYTHONPATH=/home/darudecookie/Documents/V2-Robot-Arm/software/ros2/build/hardware_interface/prefix_override:/home/darudecookie/Documents/V2-Robot-Arm/software/ros2/install/hardware_interface/lib/python3.12/site-packages:/home/darudecookie/Documents/V2-Robot-Arm/software/ros2/install/v2_robot_arm_interfaces/lib/python3.12/site-packages:${PYTHONPATH} /usr/bin/python3 -W ignore:setup.py install is deprecated setup.py egg_info --egg-base ../../build/hardware_interface build --build-base /home/darudecookie/Documents/V2-Robot-Arm/software/ros2/build/hardware_interface/build install --record /home/darudecookie/Documents/V2-Robot-Arm/software/ros2/build/hardware_interface/install.log --single-version-externally-managed install_data
